[2023-12-04T16:28:27.749+0700] {processor.py:153} INFO - Started process (PID=35519) to work on /opt/anaconda3/lib/python3.8/site-packages/airflow/example_dags/example_python_operator.py
[2023-12-04T16:28:27.749+0700] {processor.py:743} INFO - Processing file /opt/anaconda3/lib/python3.8/site-packages/airflow/example_dags/example_python_operator.py for tasks to queue
[2023-12-04T16:28:27.750+0700] {logging_mixin.py:137} INFO - [2023-12-04T16:28:27.750+0700] {dagbag.py:538} INFO - Filling up the DagBag from /opt/anaconda3/lib/python3.8/site-packages/airflow/example_dags/example_python_operator.py
[2023-12-04T16:28:27.800+0700] {logging_mixin.py:137} INFO - [2023-12-04T16:28:27.800+0700] {taskmixin.py:205} WARNING - Dependency <Task(_PythonDecoratedOperator): print_the_context>, log_sql_query already registered for DAG: example_python_operator
[2023-12-04T16:28:27.801+0700] {logging_mixin.py:137} INFO - [2023-12-04T16:28:27.800+0700] {taskmixin.py:205} WARNING - Dependency <Task(_PythonDecoratedOperator): log_sql_query>, print_the_context already registered for DAG: example_python_operator
[2023-12-04T16:28:27.801+0700] {logging_mixin.py:137} INFO - [2023-12-04T16:28:27.801+0700] {taskmixin.py:205} WARNING - Dependency <Task(_PythonDecoratedOperator): print_the_context>, log_sql_query already registered for DAG: example_python_operator
[2023-12-04T16:28:27.801+0700] {logging_mixin.py:137} INFO - [2023-12-04T16:28:27.801+0700] {taskmixin.py:205} WARNING - Dependency <Task(_PythonDecoratedOperator): log_sql_query>, print_the_context already registered for DAG: example_python_operator
[2023-12-04T16:28:27.802+0700] {logging_mixin.py:137} INFO - [2023-12-04T16:28:27.802+0700] {taskmixin.py:205} WARNING - Dependency <Task(_PythonDecoratedOperator): print_the_context>, log_sql_query already registered for DAG: example_python_operator
[2023-12-04T16:28:27.802+0700] {logging_mixin.py:137} INFO - [2023-12-04T16:28:27.802+0700] {taskmixin.py:205} WARNING - Dependency <Task(_PythonDecoratedOperator): log_sql_query>, print_the_context already registered for DAG: example_python_operator
[2023-12-04T16:28:27.803+0700] {logging_mixin.py:137} INFO - [2023-12-04T16:28:27.803+0700] {taskmixin.py:205} WARNING - Dependency <Task(_PythonDecoratedOperator): print_the_context>, log_sql_query already registered for DAG: example_python_operator
[2023-12-04T16:28:27.803+0700] {logging_mixin.py:137} INFO - [2023-12-04T16:28:27.803+0700] {taskmixin.py:205} WARNING - Dependency <Task(_PythonDecoratedOperator): log_sql_query>, print_the_context already registered for DAG: example_python_operator
[2023-12-04T16:28:27.810+0700] {processor.py:753} INFO - DAG(s) dict_keys(['example_python_operator']) retrieved from /opt/anaconda3/lib/python3.8/site-packages/airflow/example_dags/example_python_operator.py
[2023-12-04T16:28:28.753+0700] {logging_mixin.py:137} INFO - [2023-12-04T16:28:28.753+0700] {dag.py:2676} INFO - Sync 1 DAGs
[2023-12-04T16:28:28.783+0700] {logging_mixin.py:137} INFO - [2023-12-04T16:28:28.782+0700] {dag.py:3423} INFO - Setting next_dagrun for example_python_operator to None, run_after=None
[2023-12-04T16:28:28.817+0700] {processor.py:175} INFO - Processing /opt/anaconda3/lib/python3.8/site-packages/airflow/example_dags/example_python_operator.py took 1.069 seconds
[2023-12-04T16:34:03.246+0700] {processor.py:153} INFO - Started process (PID=39294) to work on /opt/anaconda3/lib/python3.8/site-packages/airflow/example_dags/example_python_operator.py
[2023-12-04T16:34:03.247+0700] {processor.py:743} INFO - Processing file /opt/anaconda3/lib/python3.8/site-packages/airflow/example_dags/example_python_operator.py for tasks to queue
[2023-12-04T16:34:03.248+0700] {logging_mixin.py:137} INFO - [2023-12-04T16:34:03.248+0700] {dagbag.py:538} INFO - Filling up the DagBag from /opt/anaconda3/lib/python3.8/site-packages/airflow/example_dags/example_python_operator.py
[2023-12-04T16:34:03.311+0700] {logging_mixin.py:137} INFO - [2023-12-04T16:34:03.311+0700] {taskmixin.py:205} WARNING - Dependency <Task(_PythonDecoratedOperator): print_the_context>, log_sql_query already registered for DAG: example_python_operator
[2023-12-04T16:34:03.312+0700] {logging_mixin.py:137} INFO - [2023-12-04T16:34:03.311+0700] {taskmixin.py:205} WARNING - Dependency <Task(_PythonDecoratedOperator): log_sql_query>, print_the_context already registered for DAG: example_python_operator
[2023-12-04T16:34:03.312+0700] {logging_mixin.py:137} INFO - [2023-12-04T16:34:03.312+0700] {taskmixin.py:205} WARNING - Dependency <Task(_PythonDecoratedOperator): print_the_context>, log_sql_query already registered for DAG: example_python_operator
[2023-12-04T16:34:03.313+0700] {logging_mixin.py:137} INFO - [2023-12-04T16:34:03.312+0700] {taskmixin.py:205} WARNING - Dependency <Task(_PythonDecoratedOperator): log_sql_query>, print_the_context already registered for DAG: example_python_operator
[2023-12-04T16:34:03.314+0700] {logging_mixin.py:137} INFO - [2023-12-04T16:34:03.313+0700] {taskmixin.py:205} WARNING - Dependency <Task(_PythonDecoratedOperator): print_the_context>, log_sql_query already registered for DAG: example_python_operator
[2023-12-04T16:34:03.314+0700] {logging_mixin.py:137} INFO - [2023-12-04T16:34:03.314+0700] {taskmixin.py:205} WARNING - Dependency <Task(_PythonDecoratedOperator): log_sql_query>, print_the_context already registered for DAG: example_python_operator
[2023-12-04T16:34:03.315+0700] {logging_mixin.py:137} INFO - [2023-12-04T16:34:03.315+0700] {taskmixin.py:205} WARNING - Dependency <Task(_PythonDecoratedOperator): print_the_context>, log_sql_query already registered for DAG: example_python_operator
[2023-12-04T16:34:03.315+0700] {logging_mixin.py:137} INFO - [2023-12-04T16:34:03.315+0700] {taskmixin.py:205} WARNING - Dependency <Task(_PythonDecoratedOperator): log_sql_query>, print_the_context already registered for DAG: example_python_operator
[2023-12-04T16:34:03.324+0700] {processor.py:753} INFO - DAG(s) dict_keys(['example_python_operator']) retrieved from /opt/anaconda3/lib/python3.8/site-packages/airflow/example_dags/example_python_operator.py
[2023-12-04T16:34:04.186+0700] {logging_mixin.py:137} INFO - [2023-12-04T16:34:04.186+0700] {dag.py:2676} INFO - Sync 1 DAGs
[2023-12-04T16:34:04.208+0700] {logging_mixin.py:137} INFO - [2023-12-04T16:34:04.208+0700] {dag.py:3423} INFO - Setting next_dagrun for example_python_operator to None, run_after=None
[2023-12-04T16:34:04.228+0700] {processor.py:175} INFO - Processing /opt/anaconda3/lib/python3.8/site-packages/airflow/example_dags/example_python_operator.py took 0.983 seconds
