[2023-12-04T16:27:51.347+0700] {processor.py:153} INFO - Started process (PID=35179) to work on /opt/anaconda3/lib/python3.8/site-packages/airflow/example_dags/example_subdag_operator.py
[2023-12-04T16:27:51.349+0700] {processor.py:743} INFO - Processing file /opt/anaconda3/lib/python3.8/site-packages/airflow/example_dags/example_subdag_operator.py for tasks to queue
[2023-12-04T16:27:51.349+0700] {logging_mixin.py:137} INFO - [2023-12-04T16:27:51.349+0700] {dagbag.py:538} INFO - Filling up the DagBag from /opt/anaconda3/lib/python3.8/site-packages/airflow/example_dags/example_subdag_operator.py
[2023-12-04T16:27:52.226+0700] {processor.py:753} INFO - DAG(s) dict_keys(['example_subdag_operator.section-1', 'example_subdag_operator.section-2', 'example_subdag_operator']) retrieved from /opt/anaconda3/lib/python3.8/site-packages/airflow/example_dags/example_subdag_operator.py
[2023-12-04T16:27:52.827+0700] {logging_mixin.py:137} INFO - [2023-12-04T16:27:52.826+0700] {dag.py:2676} INFO - Sync 3 DAGs
[2023-12-04T16:27:52.843+0700] {logging_mixin.py:137} INFO - [2023-12-04T16:27:52.843+0700] {dag.py:3423} INFO - Setting next_dagrun for example_subdag_operator to 2022-01-01T00:00:00+00:00, run_after=2022-01-01T00:00:00+00:00
[2023-12-04T16:27:52.846+0700] {logging_mixin.py:137} INFO - [2023-12-04T16:27:52.846+0700] {dag.py:3423} INFO - Setting next_dagrun for example_subdag_operator.section-1 to None, run_after=None
[2023-12-04T16:27:52.847+0700] {logging_mixin.py:137} INFO - [2023-12-04T16:27:52.847+0700] {dag.py:3423} INFO - Setting next_dagrun for example_subdag_operator.section-2 to None, run_after=None
[2023-12-04T16:27:52.853+0700] {logging_mixin.py:137} INFO - [2023-12-04T16:27:52.853+0700] {dag.py:2676} INFO - Sync 2 DAGs
[2023-12-04T16:27:52.857+0700] {logging_mixin.py:137} INFO - [2023-12-04T16:27:52.857+0700] {dag.py:3423} INFO - Setting next_dagrun for example_subdag_operator.section-1 to None, run_after=None
[2023-12-04T16:27:52.857+0700] {logging_mixin.py:137} INFO - [2023-12-04T16:27:52.857+0700] {dag.py:3423} INFO - Setting next_dagrun for example_subdag_operator.section-2 to None, run_after=None
[2023-12-04T16:27:52.869+0700] {processor.py:175} INFO - Processing /opt/anaconda3/lib/python3.8/site-packages/airflow/example_dags/example_subdag_operator.py took 1.523 seconds
[2023-12-04T16:33:23.600+0700] {processor.py:153} INFO - Started process (PID=38746) to work on /opt/anaconda3/lib/python3.8/site-packages/airflow/example_dags/example_subdag_operator.py
[2023-12-04T16:33:23.602+0700] {processor.py:743} INFO - Processing file /opt/anaconda3/lib/python3.8/site-packages/airflow/example_dags/example_subdag_operator.py for tasks to queue
[2023-12-04T16:33:23.602+0700] {logging_mixin.py:137} INFO - [2023-12-04T16:33:23.602+0700] {dagbag.py:538} INFO - Filling up the DagBag from /opt/anaconda3/lib/python3.8/site-packages/airflow/example_dags/example_subdag_operator.py
[2023-12-04T16:33:24.638+0700] {processor.py:753} INFO - DAG(s) dict_keys(['example_subdag_operator.section-1', 'example_subdag_operator.section-2', 'example_subdag_operator']) retrieved from /opt/anaconda3/lib/python3.8/site-packages/airflow/example_dags/example_subdag_operator.py
[2023-12-04T16:33:25.466+0700] {logging_mixin.py:137} INFO - [2023-12-04T16:33:25.466+0700] {dag.py:2676} INFO - Sync 3 DAGs
[2023-12-04T16:33:25.495+0700] {logging_mixin.py:137} INFO - [2023-12-04T16:33:25.494+0700] {dag.py:3423} INFO - Setting next_dagrun for example_subdag_operator to 2022-01-01T00:00:00+00:00, run_after=2022-01-01T00:00:00+00:00
[2023-12-04T16:33:25.500+0700] {logging_mixin.py:137} INFO - [2023-12-04T16:33:25.499+0700] {dag.py:3423} INFO - Setting next_dagrun for example_subdag_operator.section-1 to None, run_after=None
[2023-12-04T16:33:25.502+0700] {logging_mixin.py:137} INFO - [2023-12-04T16:33:25.501+0700] {dag.py:3423} INFO - Setting next_dagrun for example_subdag_operator.section-2 to None, run_after=None
[2023-12-04T16:33:25.512+0700] {logging_mixin.py:137} INFO - [2023-12-04T16:33:25.511+0700] {dag.py:2676} INFO - Sync 2 DAGs
[2023-12-04T16:33:25.517+0700] {logging_mixin.py:137} INFO - [2023-12-04T16:33:25.517+0700] {dag.py:3423} INFO - Setting next_dagrun for example_subdag_operator.section-1 to None, run_after=None
[2023-12-04T16:33:25.518+0700] {logging_mixin.py:137} INFO - [2023-12-04T16:33:25.518+0700] {dag.py:3423} INFO - Setting next_dagrun for example_subdag_operator.section-2 to None, run_after=None
[2023-12-04T16:33:25.536+0700] {processor.py:175} INFO - Processing /opt/anaconda3/lib/python3.8/site-packages/airflow/example_dags/example_subdag_operator.py took 1.937 seconds
