[2023-12-04T16:27:32.704+0700] {processor.py:153} INFO - Started process (PID=34950) to work on /opt/anaconda3/lib/python3.8/site-packages/airflow/example_dags/example_trigger_controller_dag.py
[2023-12-04T16:27:32.705+0700] {processor.py:743} INFO - Processing file /opt/anaconda3/lib/python3.8/site-packages/airflow/example_dags/example_trigger_controller_dag.py for tasks to queue
[2023-12-04T16:27:32.706+0700] {logging_mixin.py:137} INFO - [2023-12-04T16:27:32.706+0700] {dagbag.py:538} INFO - Filling up the DagBag from /opt/anaconda3/lib/python3.8/site-packages/airflow/example_dags/example_trigger_controller_dag.py
[2023-12-04T16:27:32.746+0700] {processor.py:753} INFO - DAG(s) dict_keys(['example_trigger_controller_dag']) retrieved from /opt/anaconda3/lib/python3.8/site-packages/airflow/example_dags/example_trigger_controller_dag.py
[2023-12-04T16:27:33.858+0700] {logging_mixin.py:137} INFO - [2023-12-04T16:27:33.858+0700] {dag.py:2676} INFO - Sync 1 DAGs
[2023-12-04T16:27:33.879+0700] {logging_mixin.py:137} INFO - [2023-12-04T16:27:33.878+0700] {dag.py:3423} INFO - Setting next_dagrun for example_trigger_controller_dag to 2021-01-01T00:00:00+00:00, run_after=2021-01-01T00:00:00+00:00
[2023-12-04T16:27:33.902+0700] {processor.py:175} INFO - Processing /opt/anaconda3/lib/python3.8/site-packages/airflow/example_dags/example_trigger_controller_dag.py took 1.199 seconds
[2023-12-04T16:30:28.991+0700] {processor.py:153} INFO - Started process (PID=36887) to work on /opt/anaconda3/lib/python3.8/site-packages/airflow/example_dags/example_trigger_controller_dag.py
[2023-12-04T16:30:28.993+0700] {processor.py:743} INFO - Processing file /opt/anaconda3/lib/python3.8/site-packages/airflow/example_dags/example_trigger_controller_dag.py for tasks to queue
[2023-12-04T16:30:28.993+0700] {logging_mixin.py:137} INFO - [2023-12-04T16:30:28.993+0700] {dagbag.py:538} INFO - Filling up the DagBag from /opt/anaconda3/lib/python3.8/site-packages/airflow/example_dags/example_trigger_controller_dag.py
[2023-12-04T16:30:29.021+0700] {processor.py:753} INFO - DAG(s) dict_keys(['example_trigger_controller_dag']) retrieved from /opt/anaconda3/lib/python3.8/site-packages/airflow/example_dags/example_trigger_controller_dag.py
[2023-12-04T16:30:30.018+0700] {logging_mixin.py:137} INFO - [2023-12-04T16:30:30.018+0700] {dag.py:2676} INFO - Sync 1 DAGs
[2023-12-04T16:30:30.047+0700] {logging_mixin.py:137} INFO - [2023-12-04T16:30:30.046+0700] {dag.py:3423} INFO - Setting next_dagrun for example_trigger_controller_dag to 2021-01-01T00:00:00+00:00, run_after=2021-01-01T00:00:00+00:00
[2023-12-04T16:30:30.075+0700] {processor.py:175} INFO - Processing /opt/anaconda3/lib/python3.8/site-packages/airflow/example_dags/example_trigger_controller_dag.py took 1.085 seconds
[2023-12-04T16:33:04.131+0700] {processor.py:153} INFO - Started process (PID=38522) to work on /opt/anaconda3/lib/python3.8/site-packages/airflow/example_dags/example_trigger_controller_dag.py
[2023-12-04T16:33:04.133+0700] {processor.py:743} INFO - Processing file /opt/anaconda3/lib/python3.8/site-packages/airflow/example_dags/example_trigger_controller_dag.py for tasks to queue
[2023-12-04T16:33:04.134+0700] {logging_mixin.py:137} INFO - [2023-12-04T16:33:04.133+0700] {dagbag.py:538} INFO - Filling up the DagBag from /opt/anaconda3/lib/python3.8/site-packages/airflow/example_dags/example_trigger_controller_dag.py
[2023-12-04T16:33:04.163+0700] {processor.py:753} INFO - DAG(s) dict_keys(['example_trigger_controller_dag']) retrieved from /opt/anaconda3/lib/python3.8/site-packages/airflow/example_dags/example_trigger_controller_dag.py
[2023-12-04T16:33:05.011+0700] {logging_mixin.py:137} INFO - [2023-12-04T16:33:05.010+0700] {dag.py:2676} INFO - Sync 1 DAGs
[2023-12-04T16:33:05.027+0700] {logging_mixin.py:137} INFO - [2023-12-04T16:33:05.027+0700] {dag.py:3423} INFO - Setting next_dagrun for example_trigger_controller_dag to 2021-01-01T00:00:00+00:00, run_after=2021-01-01T00:00:00+00:00
[2023-12-04T16:33:05.045+0700] {processor.py:175} INFO - Processing /opt/anaconda3/lib/python3.8/site-packages/airflow/example_dags/example_trigger_controller_dag.py took 0.915 seconds
