[2023-12-06T10:16:06.913+0700] {processor.py:153} INFO - Started process (PID=90614) to work on /opt/anaconda3/lib/python3.8/site-packages/airflow/example_dags/plugins/workday.py
[2023-12-06T10:16:06.915+0700] {processor.py:743} INFO - Processing file /opt/anaconda3/lib/python3.8/site-packages/airflow/example_dags/plugins/workday.py for tasks to queue
[2023-12-06T10:16:06.916+0700] {logging_mixin.py:137} INFO - [2023-12-06T10:16:06.915+0700] {dagbag.py:538} INFO - Filling up the DagBag from /opt/anaconda3/lib/python3.8/site-packages/airflow/example_dags/plugins/workday.py
[2023-12-06T10:16:06.939+0700] {processor.py:755} WARNING - No viable dags retrieved from /opt/anaconda3/lib/python3.8/site-packages/airflow/example_dags/plugins/workday.py
[2023-12-06T10:16:07.680+0700] {processor.py:175} INFO - Processing /opt/anaconda3/lib/python3.8/site-packages/airflow/example_dags/plugins/workday.py took 0.768 seconds
[2023-12-06T10:18:58.517+0700] {processor.py:153} INFO - Started process (PID=92520) to work on /opt/anaconda3/lib/python3.8/site-packages/airflow/example_dags/plugins/workday.py
[2023-12-06T10:18:58.519+0700] {processor.py:743} INFO - Processing file /opt/anaconda3/lib/python3.8/site-packages/airflow/example_dags/plugins/workday.py for tasks to queue
[2023-12-06T10:18:58.519+0700] {logging_mixin.py:137} INFO - [2023-12-06T10:18:58.519+0700] {dagbag.py:538} INFO - Filling up the DagBag from /opt/anaconda3/lib/python3.8/site-packages/airflow/example_dags/plugins/workday.py
[2023-12-06T10:18:58.541+0700] {processor.py:755} WARNING - No viable dags retrieved from /opt/anaconda3/lib/python3.8/site-packages/airflow/example_dags/plugins/workday.py
[2023-12-06T10:18:59.349+0700] {processor.py:175} INFO - Processing /opt/anaconda3/lib/python3.8/site-packages/airflow/example_dags/plugins/workday.py took 0.832 seconds
[2023-12-06T10:22:17.447+0700] {processor.py:153} INFO - Started process (PID=94599) to work on /opt/anaconda3/lib/python3.8/site-packages/airflow/example_dags/plugins/workday.py
[2023-12-06T10:22:17.449+0700] {processor.py:743} INFO - Processing file /opt/anaconda3/lib/python3.8/site-packages/airflow/example_dags/plugins/workday.py for tasks to queue
[2023-12-06T10:22:17.449+0700] {logging_mixin.py:137} INFO - [2023-12-06T10:22:17.449+0700] {dagbag.py:538} INFO - Filling up the DagBag from /opt/anaconda3/lib/python3.8/site-packages/airflow/example_dags/plugins/workday.py
[2023-12-06T10:22:17.469+0700] {processor.py:755} WARNING - No viable dags retrieved from /opt/anaconda3/lib/python3.8/site-packages/airflow/example_dags/plugins/workday.py
[2023-12-06T10:22:18.373+0700] {processor.py:175} INFO - Processing /opt/anaconda3/lib/python3.8/site-packages/airflow/example_dags/plugins/workday.py took 0.927 seconds
[2023-12-06T10:24:32.087+0700] {processor.py:153} INFO - Started process (PID=96179) to work on /opt/anaconda3/lib/python3.8/site-packages/airflow/example_dags/plugins/workday.py
[2023-12-06T10:24:32.088+0700] {processor.py:743} INFO - Processing file /opt/anaconda3/lib/python3.8/site-packages/airflow/example_dags/plugins/workday.py for tasks to queue
[2023-12-06T10:24:32.089+0700] {logging_mixin.py:137} INFO - [2023-12-06T10:24:32.089+0700] {dagbag.py:538} INFO - Filling up the DagBag from /opt/anaconda3/lib/python3.8/site-packages/airflow/example_dags/plugins/workday.py
[2023-12-06T10:24:32.106+0700] {processor.py:755} WARNING - No viable dags retrieved from /opt/anaconda3/lib/python3.8/site-packages/airflow/example_dags/plugins/workday.py
[2023-12-06T10:24:32.870+0700] {processor.py:175} INFO - Processing /opt/anaconda3/lib/python3.8/site-packages/airflow/example_dags/plugins/workday.py took 0.784 seconds
[2023-12-06T10:26:46.398+0700] {processor.py:153} INFO - Started process (PID=97756) to work on /opt/anaconda3/lib/python3.8/site-packages/airflow/example_dags/plugins/workday.py
[2023-12-06T10:26:46.400+0700] {processor.py:743} INFO - Processing file /opt/anaconda3/lib/python3.8/site-packages/airflow/example_dags/plugins/workday.py for tasks to queue
[2023-12-06T10:26:46.401+0700] {logging_mixin.py:137} INFO - [2023-12-06T10:26:46.401+0700] {dagbag.py:538} INFO - Filling up the DagBag from /opt/anaconda3/lib/python3.8/site-packages/airflow/example_dags/plugins/workday.py
[2023-12-06T10:26:46.418+0700] {processor.py:755} WARNING - No viable dags retrieved from /opt/anaconda3/lib/python3.8/site-packages/airflow/example_dags/plugins/workday.py
[2023-12-06T10:26:47.152+0700] {processor.py:175} INFO - Processing /opt/anaconda3/lib/python3.8/site-packages/airflow/example_dags/plugins/workday.py took 0.754 seconds
[2023-12-06T10:29:26.846+0700] {processor.py:153} INFO - Started process (PID=99479) to work on /opt/anaconda3/lib/python3.8/site-packages/airflow/example_dags/plugins/workday.py
[2023-12-06T10:29:26.847+0700] {processor.py:743} INFO - Processing file /opt/anaconda3/lib/python3.8/site-packages/airflow/example_dags/plugins/workday.py for tasks to queue
[2023-12-06T10:29:26.848+0700] {logging_mixin.py:137} INFO - [2023-12-06T10:29:26.848+0700] {dagbag.py:538} INFO - Filling up the DagBag from /opt/anaconda3/lib/python3.8/site-packages/airflow/example_dags/plugins/workday.py
[2023-12-06T10:29:26.866+0700] {processor.py:755} WARNING - No viable dags retrieved from /opt/anaconda3/lib/python3.8/site-packages/airflow/example_dags/plugins/workday.py
[2023-12-06T10:29:27.633+0700] {processor.py:175} INFO - Processing /opt/anaconda3/lib/python3.8/site-packages/airflow/example_dags/plugins/workday.py took 0.788 seconds
[2023-12-06T10:42:05.183+0700] {processor.py:153} INFO - Started process (PID=5641) to work on /opt/anaconda3/lib/python3.8/site-packages/airflow/example_dags/plugins/workday.py
[2023-12-06T10:42:05.184+0700] {processor.py:743} INFO - Processing file /opt/anaconda3/lib/python3.8/site-packages/airflow/example_dags/plugins/workday.py for tasks to queue
[2023-12-06T10:42:05.185+0700] {logging_mixin.py:137} INFO - [2023-12-06T10:42:05.185+0700] {dagbag.py:538} INFO - Filling up the DagBag from /opt/anaconda3/lib/python3.8/site-packages/airflow/example_dags/plugins/workday.py
[2023-12-06T10:42:05.215+0700] {processor.py:755} WARNING - No viable dags retrieved from /opt/anaconda3/lib/python3.8/site-packages/airflow/example_dags/plugins/workday.py
[2023-12-06T10:42:06.448+0700] {processor.py:175} INFO - Processing /opt/anaconda3/lib/python3.8/site-packages/airflow/example_dags/plugins/workday.py took 1.266 seconds
[2023-12-06T10:45:57.697+0700] {processor.py:153} INFO - Started process (PID=8194) to work on /opt/anaconda3/lib/python3.8/site-packages/airflow/example_dags/plugins/workday.py
[2023-12-06T10:45:57.699+0700] {processor.py:743} INFO - Processing file /opt/anaconda3/lib/python3.8/site-packages/airflow/example_dags/plugins/workday.py for tasks to queue
[2023-12-06T10:45:57.700+0700] {logging_mixin.py:137} INFO - [2023-12-06T10:45:57.700+0700] {dagbag.py:538} INFO - Filling up the DagBag from /opt/anaconda3/lib/python3.8/site-packages/airflow/example_dags/plugins/workday.py
[2023-12-06T10:45:57.732+0700] {processor.py:755} WARNING - No viable dags retrieved from /opt/anaconda3/lib/python3.8/site-packages/airflow/example_dags/plugins/workday.py
[2023-12-06T10:45:58.762+0700] {processor.py:175} INFO - Processing /opt/anaconda3/lib/python3.8/site-packages/airflow/example_dags/plugins/workday.py took 1.067 seconds
[2023-12-06T10:48:45.740+0700] {processor.py:153} INFO - Started process (PID=9933) to work on /opt/anaconda3/lib/python3.8/site-packages/airflow/example_dags/plugins/workday.py
[2023-12-06T10:48:45.742+0700] {processor.py:743} INFO - Processing file /opt/anaconda3/lib/python3.8/site-packages/airflow/example_dags/plugins/workday.py for tasks to queue
[2023-12-06T10:48:45.744+0700] {logging_mixin.py:137} INFO - [2023-12-06T10:48:45.744+0700] {dagbag.py:538} INFO - Filling up the DagBag from /opt/anaconda3/lib/python3.8/site-packages/airflow/example_dags/plugins/workday.py
[2023-12-06T10:48:45.827+0700] {processor.py:755} WARNING - No viable dags retrieved from /opt/anaconda3/lib/python3.8/site-packages/airflow/example_dags/plugins/workday.py
[2023-12-06T10:48:50.770+0700] {processor.py:175} INFO - Processing /opt/anaconda3/lib/python3.8/site-packages/airflow/example_dags/plugins/workday.py took 5.032 seconds
[2023-12-06T10:53:18.865+0700] {processor.py:153} INFO - Started process (PID=13110) to work on /opt/anaconda3/lib/python3.8/site-packages/airflow/example_dags/plugins/workday.py
[2023-12-06T10:53:18.867+0700] {processor.py:743} INFO - Processing file /opt/anaconda3/lib/python3.8/site-packages/airflow/example_dags/plugins/workday.py for tasks to queue
[2023-12-06T10:53:18.867+0700] {logging_mixin.py:137} INFO - [2023-12-06T10:53:18.867+0700] {dagbag.py:538} INFO - Filling up the DagBag from /opt/anaconda3/lib/python3.8/site-packages/airflow/example_dags/plugins/workday.py
[2023-12-06T10:53:18.886+0700] {processor.py:755} WARNING - No viable dags retrieved from /opt/anaconda3/lib/python3.8/site-packages/airflow/example_dags/plugins/workday.py
[2023-12-06T10:53:19.784+0700] {processor.py:175} INFO - Processing /opt/anaconda3/lib/python3.8/site-packages/airflow/example_dags/plugins/workday.py took 0.921 seconds
[2023-12-06T10:56:10.284+0700] {processor.py:153} INFO - Started process (PID=14943) to work on /opt/anaconda3/lib/python3.8/site-packages/airflow/example_dags/plugins/workday.py
[2023-12-06T10:56:10.285+0700] {processor.py:743} INFO - Processing file /opt/anaconda3/lib/python3.8/site-packages/airflow/example_dags/plugins/workday.py for tasks to queue
[2023-12-06T10:56:10.286+0700] {logging_mixin.py:137} INFO - [2023-12-06T10:56:10.286+0700] {dagbag.py:538} INFO - Filling up the DagBag from /opt/anaconda3/lib/python3.8/site-packages/airflow/example_dags/plugins/workday.py
[2023-12-06T10:56:10.305+0700] {processor.py:755} WARNING - No viable dags retrieved from /opt/anaconda3/lib/python3.8/site-packages/airflow/example_dags/plugins/workday.py
[2023-12-06T10:56:11.191+0700] {processor.py:175} INFO - Processing /opt/anaconda3/lib/python3.8/site-packages/airflow/example_dags/plugins/workday.py took 0.908 seconds
[2023-12-06T10:59:41.000+0700] {processor.py:153} INFO - Started process (PID=17189) to work on /opt/anaconda3/lib/python3.8/site-packages/airflow/example_dags/plugins/workday.py
[2023-12-06T10:59:41.004+0700] {processor.py:743} INFO - Processing file /opt/anaconda3/lib/python3.8/site-packages/airflow/example_dags/plugins/workday.py for tasks to queue
[2023-12-06T10:59:41.005+0700] {logging_mixin.py:137} INFO - [2023-12-06T10:59:41.004+0700] {dagbag.py:538} INFO - Filling up the DagBag from /opt/anaconda3/lib/python3.8/site-packages/airflow/example_dags/plugins/workday.py
[2023-12-06T10:59:41.036+0700] {processor.py:755} WARNING - No viable dags retrieved from /opt/anaconda3/lib/python3.8/site-packages/airflow/example_dags/plugins/workday.py
[2023-12-06T10:59:42.541+0700] {processor.py:175} INFO - Processing /opt/anaconda3/lib/python3.8/site-packages/airflow/example_dags/plugins/workday.py took 1.541 seconds
[2023-12-06T11:05:40.201+0700] {processor.py:153} INFO - Started process (PID=20976) to work on /opt/anaconda3/lib/python3.8/site-packages/airflow/example_dags/plugins/workday.py
[2023-12-06T11:05:40.204+0700] {processor.py:743} INFO - Processing file /opt/anaconda3/lib/python3.8/site-packages/airflow/example_dags/plugins/workday.py for tasks to queue
[2023-12-06T11:05:40.206+0700] {logging_mixin.py:137} INFO - [2023-12-06T11:05:40.205+0700] {dagbag.py:538} INFO - Filling up the DagBag from /opt/anaconda3/lib/python3.8/site-packages/airflow/example_dags/plugins/workday.py
[2023-12-06T11:05:40.244+0700] {processor.py:755} WARNING - No viable dags retrieved from /opt/anaconda3/lib/python3.8/site-packages/airflow/example_dags/plugins/workday.py
[2023-12-06T11:05:41.431+0700] {processor.py:175} INFO - Processing /opt/anaconda3/lib/python3.8/site-packages/airflow/example_dags/plugins/workday.py took 1.231 seconds
[2023-12-06T11:09:01.902+0700] {processor.py:153} INFO - Started process (PID=23161) to work on /opt/anaconda3/lib/python3.8/site-packages/airflow/example_dags/plugins/workday.py
[2023-12-06T11:09:01.904+0700] {processor.py:743} INFO - Processing file /opt/anaconda3/lib/python3.8/site-packages/airflow/example_dags/plugins/workday.py for tasks to queue
[2023-12-06T11:09:01.904+0700] {logging_mixin.py:137} INFO - [2023-12-06T11:09:01.904+0700] {dagbag.py:538} INFO - Filling up the DagBag from /opt/anaconda3/lib/python3.8/site-packages/airflow/example_dags/plugins/workday.py
[2023-12-06T11:09:01.928+0700] {processor.py:755} WARNING - No viable dags retrieved from /opt/anaconda3/lib/python3.8/site-packages/airflow/example_dags/plugins/workday.py
[2023-12-06T11:09:03.185+0700] {processor.py:175} INFO - Processing /opt/anaconda3/lib/python3.8/site-packages/airflow/example_dags/plugins/workday.py took 1.283 seconds
[2023-12-06T11:12:27.045+0700] {processor.py:153} INFO - Started process (PID=25534) to work on /opt/anaconda3/lib/python3.8/site-packages/airflow/example_dags/plugins/workday.py
[2023-12-06T11:12:27.047+0700] {processor.py:743} INFO - Processing file /opt/anaconda3/lib/python3.8/site-packages/airflow/example_dags/plugins/workday.py for tasks to queue
[2023-12-06T11:12:27.047+0700] {logging_mixin.py:137} INFO - [2023-12-06T11:12:27.047+0700] {dagbag.py:538} INFO - Filling up the DagBag from /opt/anaconda3/lib/python3.8/site-packages/airflow/example_dags/plugins/workday.py
[2023-12-06T11:12:27.067+0700] {processor.py:755} WARNING - No viable dags retrieved from /opt/anaconda3/lib/python3.8/site-packages/airflow/example_dags/plugins/workday.py
[2023-12-06T11:12:27.989+0700] {processor.py:175} INFO - Processing /opt/anaconda3/lib/python3.8/site-packages/airflow/example_dags/plugins/workday.py took 0.945 seconds
[2023-12-06T11:16:56.604+0700] {processor.py:153} INFO - Started process (PID=28371) to work on /opt/anaconda3/lib/python3.8/site-packages/airflow/example_dags/plugins/workday.py
[2023-12-06T11:16:56.606+0700] {processor.py:743} INFO - Processing file /opt/anaconda3/lib/python3.8/site-packages/airflow/example_dags/plugins/workday.py for tasks to queue
[2023-12-06T11:16:56.606+0700] {logging_mixin.py:137} INFO - [2023-12-06T11:16:56.606+0700] {dagbag.py:538} INFO - Filling up the DagBag from /opt/anaconda3/lib/python3.8/site-packages/airflow/example_dags/plugins/workday.py
[2023-12-06T11:16:56.628+0700] {processor.py:755} WARNING - No viable dags retrieved from /opt/anaconda3/lib/python3.8/site-packages/airflow/example_dags/plugins/workday.py
[2023-12-06T11:16:57.687+0700] {processor.py:175} INFO - Processing /opt/anaconda3/lib/python3.8/site-packages/airflow/example_dags/plugins/workday.py took 1.084 seconds
[2023-12-06T11:19:57.943+0700] {processor.py:153} INFO - Started process (PID=30302) to work on /opt/anaconda3/lib/python3.8/site-packages/airflow/example_dags/plugins/workday.py
[2023-12-06T11:19:57.946+0700] {processor.py:743} INFO - Processing file /opt/anaconda3/lib/python3.8/site-packages/airflow/example_dags/plugins/workday.py for tasks to queue
[2023-12-06T11:19:57.947+0700] {logging_mixin.py:137} INFO - [2023-12-06T11:19:57.947+0700] {dagbag.py:538} INFO - Filling up the DagBag from /opt/anaconda3/lib/python3.8/site-packages/airflow/example_dags/plugins/workday.py
[2023-12-06T11:19:57.975+0700] {processor.py:755} WARNING - No viable dags retrieved from /opt/anaconda3/lib/python3.8/site-packages/airflow/example_dags/plugins/workday.py
[2023-12-06T11:19:59.002+0700] {processor.py:175} INFO - Processing /opt/anaconda3/lib/python3.8/site-packages/airflow/example_dags/plugins/workday.py took 1.060 seconds
[2023-12-06T11:22:51.114+0700] {processor.py:153} INFO - Started process (PID=32221) to work on /opt/anaconda3/lib/python3.8/site-packages/airflow/example_dags/plugins/workday.py
[2023-12-06T11:22:51.116+0700] {processor.py:743} INFO - Processing file /opt/anaconda3/lib/python3.8/site-packages/airflow/example_dags/plugins/workday.py for tasks to queue
[2023-12-06T11:22:51.117+0700] {logging_mixin.py:137} INFO - [2023-12-06T11:22:51.117+0700] {dagbag.py:538} INFO - Filling up the DagBag from /opt/anaconda3/lib/python3.8/site-packages/airflow/example_dags/plugins/workday.py
[2023-12-06T11:22:51.146+0700] {processor.py:755} WARNING - No viable dags retrieved from /opt/anaconda3/lib/python3.8/site-packages/airflow/example_dags/plugins/workday.py
[2023-12-06T11:22:52.667+0700] {processor.py:175} INFO - Processing /opt/anaconda3/lib/python3.8/site-packages/airflow/example_dags/plugins/workday.py took 1.554 seconds
[2023-12-06T11:25:56.513+0700] {processor.py:153} INFO - Started process (PID=34147) to work on /opt/anaconda3/lib/python3.8/site-packages/airflow/example_dags/plugins/workday.py
[2023-12-06T11:25:56.514+0700] {processor.py:743} INFO - Processing file /opt/anaconda3/lib/python3.8/site-packages/airflow/example_dags/plugins/workday.py for tasks to queue
[2023-12-06T11:25:56.515+0700] {logging_mixin.py:137} INFO - [2023-12-06T11:25:56.515+0700] {dagbag.py:538} INFO - Filling up the DagBag from /opt/anaconda3/lib/python3.8/site-packages/airflow/example_dags/plugins/workday.py
[2023-12-06T11:25:56.539+0700] {processor.py:755} WARNING - No viable dags retrieved from /opt/anaconda3/lib/python3.8/site-packages/airflow/example_dags/plugins/workday.py
[2023-12-06T11:25:57.416+0700] {processor.py:175} INFO - Processing /opt/anaconda3/lib/python3.8/site-packages/airflow/example_dags/plugins/workday.py took 0.904 seconds
[2023-12-06T11:28:49.314+0700] {processor.py:153} INFO - Started process (PID=35950) to work on /opt/anaconda3/lib/python3.8/site-packages/airflow/example_dags/plugins/workday.py
[2023-12-06T11:28:49.316+0700] {processor.py:743} INFO - Processing file /opt/anaconda3/lib/python3.8/site-packages/airflow/example_dags/plugins/workday.py for tasks to queue
[2023-12-06T11:28:49.316+0700] {logging_mixin.py:137} INFO - [2023-12-06T11:28:49.316+0700] {dagbag.py:538} INFO - Filling up the DagBag from /opt/anaconda3/lib/python3.8/site-packages/airflow/example_dags/plugins/workday.py
[2023-12-06T11:28:49.338+0700] {processor.py:755} WARNING - No viable dags retrieved from /opt/anaconda3/lib/python3.8/site-packages/airflow/example_dags/plugins/workday.py
[2023-12-06T11:28:50.200+0700] {processor.py:175} INFO - Processing /opt/anaconda3/lib/python3.8/site-packages/airflow/example_dags/plugins/workday.py took 0.887 seconds
[2023-12-06T11:31:51.375+0700] {processor.py:153} INFO - Started process (PID=37890) to work on /opt/anaconda3/lib/python3.8/site-packages/airflow/example_dags/plugins/workday.py
[2023-12-06T11:31:51.377+0700] {processor.py:743} INFO - Processing file /opt/anaconda3/lib/python3.8/site-packages/airflow/example_dags/plugins/workday.py for tasks to queue
[2023-12-06T11:31:51.378+0700] {logging_mixin.py:137} INFO - [2023-12-06T11:31:51.377+0700] {dagbag.py:538} INFO - Filling up the DagBag from /opt/anaconda3/lib/python3.8/site-packages/airflow/example_dags/plugins/workday.py
[2023-12-06T11:31:51.399+0700] {processor.py:755} WARNING - No viable dags retrieved from /opt/anaconda3/lib/python3.8/site-packages/airflow/example_dags/plugins/workday.py
[2023-12-06T11:31:54.766+0700] {processor.py:175} INFO - Processing /opt/anaconda3/lib/python3.8/site-packages/airflow/example_dags/plugins/workday.py took 3.392 seconds
[2023-12-06T11:36:49.720+0700] {processor.py:153} INFO - Started process (PID=41046) to work on /opt/anaconda3/lib/python3.8/site-packages/airflow/example_dags/plugins/workday.py
[2023-12-06T11:36:49.726+0700] {processor.py:743} INFO - Processing file /opt/anaconda3/lib/python3.8/site-packages/airflow/example_dags/plugins/workday.py for tasks to queue
[2023-12-06T11:36:49.728+0700] {logging_mixin.py:137} INFO - [2023-12-06T11:36:49.727+0700] {dagbag.py:538} INFO - Filling up the DagBag from /opt/anaconda3/lib/python3.8/site-packages/airflow/example_dags/plugins/workday.py
[2023-12-06T11:36:49.838+0700] {processor.py:755} WARNING - No viable dags retrieved from /opt/anaconda3/lib/python3.8/site-packages/airflow/example_dags/plugins/workday.py
[2023-12-06T11:36:56.713+0700] {processor.py:175} INFO - Processing /opt/anaconda3/lib/python3.8/site-packages/airflow/example_dags/plugins/workday.py took 6.998 seconds
[2023-12-06T11:41:22.655+0700] {processor.py:153} INFO - Started process (PID=44119) to work on /opt/anaconda3/lib/python3.8/site-packages/airflow/example_dags/plugins/workday.py
[2023-12-06T11:41:22.656+0700] {processor.py:743} INFO - Processing file /opt/anaconda3/lib/python3.8/site-packages/airflow/example_dags/plugins/workday.py for tasks to queue
[2023-12-06T11:41:22.657+0700] {logging_mixin.py:137} INFO - [2023-12-06T11:41:22.657+0700] {dagbag.py:538} INFO - Filling up the DagBag from /opt/anaconda3/lib/python3.8/site-packages/airflow/example_dags/plugins/workday.py
[2023-12-06T11:41:22.679+0700] {processor.py:755} WARNING - No viable dags retrieved from /opt/anaconda3/lib/python3.8/site-packages/airflow/example_dags/plugins/workday.py
[2023-12-06T11:41:23.461+0700] {processor.py:175} INFO - Processing /opt/anaconda3/lib/python3.8/site-packages/airflow/example_dags/plugins/workday.py took 0.807 seconds
[2023-12-06T11:44:28.111+0700] {processor.py:153} INFO - Started process (PID=46034) to work on /opt/anaconda3/lib/python3.8/site-packages/airflow/example_dags/plugins/workday.py
[2023-12-06T11:44:28.113+0700] {processor.py:743} INFO - Processing file /opt/anaconda3/lib/python3.8/site-packages/airflow/example_dags/plugins/workday.py for tasks to queue
[2023-12-06T11:44:28.114+0700] {logging_mixin.py:137} INFO - [2023-12-06T11:44:28.114+0700] {dagbag.py:538} INFO - Filling up the DagBag from /opt/anaconda3/lib/python3.8/site-packages/airflow/example_dags/plugins/workday.py
[2023-12-06T11:44:28.142+0700] {processor.py:755} WARNING - No viable dags retrieved from /opt/anaconda3/lib/python3.8/site-packages/airflow/example_dags/plugins/workday.py
[2023-12-06T11:44:29.312+0700] {processor.py:175} INFO - Processing /opt/anaconda3/lib/python3.8/site-packages/airflow/example_dags/plugins/workday.py took 1.202 seconds
[2023-12-06T11:47:56.298+0700] {processor.py:153} INFO - Started process (PID=48282) to work on /opt/anaconda3/lib/python3.8/site-packages/airflow/example_dags/plugins/workday.py
[2023-12-06T11:47:56.299+0700] {processor.py:743} INFO - Processing file /opt/anaconda3/lib/python3.8/site-packages/airflow/example_dags/plugins/workday.py for tasks to queue
[2023-12-06T11:47:56.301+0700] {logging_mixin.py:137} INFO - [2023-12-06T11:47:56.301+0700] {dagbag.py:538} INFO - Filling up the DagBag from /opt/anaconda3/lib/python3.8/site-packages/airflow/example_dags/plugins/workday.py
[2023-12-06T11:47:56.332+0700] {processor.py:755} WARNING - No viable dags retrieved from /opt/anaconda3/lib/python3.8/site-packages/airflow/example_dags/plugins/workday.py
[2023-12-06T11:47:57.379+0700] {processor.py:175} INFO - Processing /opt/anaconda3/lib/python3.8/site-packages/airflow/example_dags/plugins/workday.py took 1.082 seconds
[2023-12-06T11:51:19.514+0700] {processor.py:153} INFO - Started process (PID=50529) to work on /opt/anaconda3/lib/python3.8/site-packages/airflow/example_dags/plugins/workday.py
[2023-12-06T11:51:19.515+0700] {processor.py:743} INFO - Processing file /opt/anaconda3/lib/python3.8/site-packages/airflow/example_dags/plugins/workday.py for tasks to queue
[2023-12-06T11:51:19.516+0700] {logging_mixin.py:137} INFO - [2023-12-06T11:51:19.516+0700] {dagbag.py:538} INFO - Filling up the DagBag from /opt/anaconda3/lib/python3.8/site-packages/airflow/example_dags/plugins/workday.py
[2023-12-06T11:51:19.536+0700] {processor.py:755} WARNING - No viable dags retrieved from /opt/anaconda3/lib/python3.8/site-packages/airflow/example_dags/plugins/workday.py
[2023-12-06T11:51:20.415+0700] {processor.py:175} INFO - Processing /opt/anaconda3/lib/python3.8/site-packages/airflow/example_dags/plugins/workday.py took 0.902 seconds
[2023-12-06T11:53:49.558+0700] {processor.py:153} INFO - Started process (PID=52113) to work on /opt/anaconda3/lib/python3.8/site-packages/airflow/example_dags/plugins/workday.py
[2023-12-06T11:53:49.559+0700] {processor.py:743} INFO - Processing file /opt/anaconda3/lib/python3.8/site-packages/airflow/example_dags/plugins/workday.py for tasks to queue
[2023-12-06T11:53:49.560+0700] {logging_mixin.py:137} INFO - [2023-12-06T11:53:49.560+0700] {dagbag.py:538} INFO - Filling up the DagBag from /opt/anaconda3/lib/python3.8/site-packages/airflow/example_dags/plugins/workday.py
[2023-12-06T11:53:49.578+0700] {processor.py:755} WARNING - No viable dags retrieved from /opt/anaconda3/lib/python3.8/site-packages/airflow/example_dags/plugins/workday.py
[2023-12-06T11:53:50.673+0700] {processor.py:175} INFO - Processing /opt/anaconda3/lib/python3.8/site-packages/airflow/example_dags/plugins/workday.py took 1.116 seconds
[2023-12-06T11:56:09.772+0700] {processor.py:153} INFO - Started process (PID=53590) to work on /opt/anaconda3/lib/python3.8/site-packages/airflow/example_dags/plugins/workday.py
[2023-12-06T11:56:09.774+0700] {processor.py:743} INFO - Processing file /opt/anaconda3/lib/python3.8/site-packages/airflow/example_dags/plugins/workday.py for tasks to queue
[2023-12-06T11:56:09.774+0700] {logging_mixin.py:137} INFO - [2023-12-06T11:56:09.774+0700] {dagbag.py:538} INFO - Filling up the DagBag from /opt/anaconda3/lib/python3.8/site-packages/airflow/example_dags/plugins/workday.py
[2023-12-06T11:56:09.795+0700] {processor.py:755} WARNING - No viable dags retrieved from /opt/anaconda3/lib/python3.8/site-packages/airflow/example_dags/plugins/workday.py
[2023-12-06T11:56:10.847+0700] {processor.py:175} INFO - Processing /opt/anaconda3/lib/python3.8/site-packages/airflow/example_dags/plugins/workday.py took 1.075 seconds
[2023-12-06T11:58:36.407+0700] {processor.py:153} INFO - Started process (PID=55176) to work on /opt/anaconda3/lib/python3.8/site-packages/airflow/example_dags/plugins/workday.py
[2023-12-06T11:58:36.409+0700] {processor.py:743} INFO - Processing file /opt/anaconda3/lib/python3.8/site-packages/airflow/example_dags/plugins/workday.py for tasks to queue
[2023-12-06T11:58:36.409+0700] {logging_mixin.py:137} INFO - [2023-12-06T11:58:36.409+0700] {dagbag.py:538} INFO - Filling up the DagBag from /opt/anaconda3/lib/python3.8/site-packages/airflow/example_dags/plugins/workday.py
[2023-12-06T11:58:36.430+0700] {processor.py:755} WARNING - No viable dags retrieved from /opt/anaconda3/lib/python3.8/site-packages/airflow/example_dags/plugins/workday.py
[2023-12-06T11:58:38.168+0700] {processor.py:175} INFO - Processing /opt/anaconda3/lib/python3.8/site-packages/airflow/example_dags/plugins/workday.py took 1.762 seconds
[2023-12-06T12:01:06.125+0700] {processor.py:153} INFO - Started process (PID=56773) to work on /opt/anaconda3/lib/python3.8/site-packages/airflow/example_dags/plugins/workday.py
[2023-12-06T12:01:06.141+0700] {processor.py:743} INFO - Processing file /opt/anaconda3/lib/python3.8/site-packages/airflow/example_dags/plugins/workday.py for tasks to queue
[2023-12-06T12:01:06.143+0700] {logging_mixin.py:137} INFO - [2023-12-06T12:01:06.142+0700] {dagbag.py:538} INFO - Filling up the DagBag from /opt/anaconda3/lib/python3.8/site-packages/airflow/example_dags/plugins/workday.py
[2023-12-06T12:01:06.167+0700] {processor.py:755} WARNING - No viable dags retrieved from /opt/anaconda3/lib/python3.8/site-packages/airflow/example_dags/plugins/workday.py
[2023-12-06T12:01:06.899+0700] {processor.py:175} INFO - Processing /opt/anaconda3/lib/python3.8/site-packages/airflow/example_dags/plugins/workday.py took 0.776 seconds
[2023-12-06T12:03:27.892+0700] {processor.py:153} INFO - Started process (PID=58244) to work on /opt/anaconda3/lib/python3.8/site-packages/airflow/example_dags/plugins/workday.py
[2023-12-06T12:03:27.894+0700] {processor.py:743} INFO - Processing file /opt/anaconda3/lib/python3.8/site-packages/airflow/example_dags/plugins/workday.py for tasks to queue
[2023-12-06T12:03:27.895+0700] {logging_mixin.py:137} INFO - [2023-12-06T12:03:27.895+0700] {dagbag.py:538} INFO - Filling up the DagBag from /opt/anaconda3/lib/python3.8/site-packages/airflow/example_dags/plugins/workday.py
[2023-12-06T12:03:27.924+0700] {processor.py:755} WARNING - No viable dags retrieved from /opt/anaconda3/lib/python3.8/site-packages/airflow/example_dags/plugins/workday.py
[2023-12-06T12:03:28.924+0700] {processor.py:175} INFO - Processing /opt/anaconda3/lib/python3.8/site-packages/airflow/example_dags/plugins/workday.py took 1.033 seconds
[2023-12-06T15:15:00.162+0700] {processor.py:153} INFO - Started process (PID=61252) to work on /opt/anaconda3/lib/python3.8/site-packages/airflow/example_dags/plugins/workday.py
[2023-12-06T15:15:00.167+0700] {processor.py:743} INFO - Processing file /opt/anaconda3/lib/python3.8/site-packages/airflow/example_dags/plugins/workday.py for tasks to queue
[2023-12-06T15:15:00.168+0700] {logging_mixin.py:137} INFO - [2023-12-06T15:15:00.168+0700] {dagbag.py:538} INFO - Filling up the DagBag from /opt/anaconda3/lib/python3.8/site-packages/airflow/example_dags/plugins/workday.py
[2023-12-06T15:15:00.191+0700] {processor.py:755} WARNING - No viable dags retrieved from /opt/anaconda3/lib/python3.8/site-packages/airflow/example_dags/plugins/workday.py
[2023-12-06T15:15:01.314+0700] {processor.py:175} INFO - Processing /opt/anaconda3/lib/python3.8/site-packages/airflow/example_dags/plugins/workday.py took 1.153 seconds
[2023-12-06T15:17:20.411+0700] {processor.py:153} INFO - Started process (PID=62732) to work on /opt/anaconda3/lib/python3.8/site-packages/airflow/example_dags/plugins/workday.py
[2023-12-06T15:17:20.412+0700] {processor.py:743} INFO - Processing file /opt/anaconda3/lib/python3.8/site-packages/airflow/example_dags/plugins/workday.py for tasks to queue
[2023-12-06T15:17:20.413+0700] {logging_mixin.py:137} INFO - [2023-12-06T15:17:20.413+0700] {dagbag.py:538} INFO - Filling up the DagBag from /opt/anaconda3/lib/python3.8/site-packages/airflow/example_dags/plugins/workday.py
[2023-12-06T15:17:20.430+0700] {processor.py:755} WARNING - No viable dags retrieved from /opt/anaconda3/lib/python3.8/site-packages/airflow/example_dags/plugins/workday.py
[2023-12-06T15:17:21.149+0700] {processor.py:175} INFO - Processing /opt/anaconda3/lib/python3.8/site-packages/airflow/example_dags/plugins/workday.py took 0.739 seconds
[2023-12-06T15:19:40.764+0700] {processor.py:153} INFO - Started process (PID=64312) to work on /opt/anaconda3/lib/python3.8/site-packages/airflow/example_dags/plugins/workday.py
[2023-12-06T15:19:40.765+0700] {processor.py:743} INFO - Processing file /opt/anaconda3/lib/python3.8/site-packages/airflow/example_dags/plugins/workday.py for tasks to queue
[2023-12-06T15:19:40.765+0700] {logging_mixin.py:137} INFO - [2023-12-06T15:19:40.765+0700] {dagbag.py:538} INFO - Filling up the DagBag from /opt/anaconda3/lib/python3.8/site-packages/airflow/example_dags/plugins/workday.py
[2023-12-06T15:19:40.780+0700] {processor.py:755} WARNING - No viable dags retrieved from /opt/anaconda3/lib/python3.8/site-packages/airflow/example_dags/plugins/workday.py
[2023-12-06T15:19:41.481+0700] {processor.py:175} INFO - Processing /opt/anaconda3/lib/python3.8/site-packages/airflow/example_dags/plugins/workday.py took 0.717 seconds
[2023-12-06T15:22:04.897+0700] {processor.py:153} INFO - Started process (PID=65798) to work on /opt/anaconda3/lib/python3.8/site-packages/airflow/example_dags/plugins/workday.py
[2023-12-06T15:22:04.899+0700] {processor.py:743} INFO - Processing file /opt/anaconda3/lib/python3.8/site-packages/airflow/example_dags/plugins/workday.py for tasks to queue
[2023-12-06T15:22:04.900+0700] {logging_mixin.py:137} INFO - [2023-12-06T15:22:04.900+0700] {dagbag.py:538} INFO - Filling up the DagBag from /opt/anaconda3/lib/python3.8/site-packages/airflow/example_dags/plugins/workday.py
[2023-12-06T15:22:04.922+0700] {processor.py:755} WARNING - No viable dags retrieved from /opt/anaconda3/lib/python3.8/site-packages/airflow/example_dags/plugins/workday.py
[2023-12-06T15:22:05.731+0700] {processor.py:175} INFO - Processing /opt/anaconda3/lib/python3.8/site-packages/airflow/example_dags/plugins/workday.py took 0.835 seconds
[2023-12-06T15:24:27.078+0700] {processor.py:153} INFO - Started process (PID=67380) to work on /opt/anaconda3/lib/python3.8/site-packages/airflow/example_dags/plugins/workday.py
[2023-12-06T15:24:27.080+0700] {processor.py:743} INFO - Processing file /opt/anaconda3/lib/python3.8/site-packages/airflow/example_dags/plugins/workday.py for tasks to queue
[2023-12-06T15:24:27.080+0700] {logging_mixin.py:137} INFO - [2023-12-06T15:24:27.080+0700] {dagbag.py:538} INFO - Filling up the DagBag from /opt/anaconda3/lib/python3.8/site-packages/airflow/example_dags/plugins/workday.py
[2023-12-06T15:24:27.102+0700] {processor.py:755} WARNING - No viable dags retrieved from /opt/anaconda3/lib/python3.8/site-packages/airflow/example_dags/plugins/workday.py
[2023-12-06T15:24:27.953+0700] {processor.py:175} INFO - Processing /opt/anaconda3/lib/python3.8/site-packages/airflow/example_dags/plugins/workday.py took 0.875 seconds
[2023-12-06T15:26:58.395+0700] {processor.py:153} INFO - Started process (PID=68968) to work on /opt/anaconda3/lib/python3.8/site-packages/airflow/example_dags/plugins/workday.py
[2023-12-06T15:26:58.397+0700] {processor.py:743} INFO - Processing file /opt/anaconda3/lib/python3.8/site-packages/airflow/example_dags/plugins/workday.py for tasks to queue
[2023-12-06T15:26:58.399+0700] {logging_mixin.py:137} INFO - [2023-12-06T15:26:58.398+0700] {dagbag.py:538} INFO - Filling up the DagBag from /opt/anaconda3/lib/python3.8/site-packages/airflow/example_dags/plugins/workday.py
[2023-12-06T15:26:58.430+0700] {processor.py:755} WARNING - No viable dags retrieved from /opt/anaconda3/lib/python3.8/site-packages/airflow/example_dags/plugins/workday.py
[2023-12-06T15:26:59.332+0700] {processor.py:175} INFO - Processing /opt/anaconda3/lib/python3.8/site-packages/airflow/example_dags/plugins/workday.py took 0.938 seconds
[2023-12-06T15:29:16.244+0700] {processor.py:153} INFO - Started process (PID=70441) to work on /opt/anaconda3/lib/python3.8/site-packages/airflow/example_dags/plugins/workday.py
[2023-12-06T15:29:16.245+0700] {processor.py:743} INFO - Processing file /opt/anaconda3/lib/python3.8/site-packages/airflow/example_dags/plugins/workday.py for tasks to queue
[2023-12-06T15:29:16.246+0700] {logging_mixin.py:137} INFO - [2023-12-06T15:29:16.246+0700] {dagbag.py:538} INFO - Filling up the DagBag from /opt/anaconda3/lib/python3.8/site-packages/airflow/example_dags/plugins/workday.py
[2023-12-06T15:29:16.269+0700] {processor.py:755} WARNING - No viable dags retrieved from /opt/anaconda3/lib/python3.8/site-packages/airflow/example_dags/plugins/workday.py
[2023-12-06T15:29:17.688+0700] {processor.py:175} INFO - Processing /opt/anaconda3/lib/python3.8/site-packages/airflow/example_dags/plugins/workday.py took 1.445 seconds
[2023-12-06T15:31:50.553+0700] {processor.py:153} INFO - Started process (PID=72044) to work on /opt/anaconda3/lib/python3.8/site-packages/airflow/example_dags/plugins/workday.py
[2023-12-06T15:31:50.555+0700] {processor.py:743} INFO - Processing file /opt/anaconda3/lib/python3.8/site-packages/airflow/example_dags/plugins/workday.py for tasks to queue
[2023-12-06T15:31:50.556+0700] {logging_mixin.py:137} INFO - [2023-12-06T15:31:50.556+0700] {dagbag.py:538} INFO - Filling up the DagBag from /opt/anaconda3/lib/python3.8/site-packages/airflow/example_dags/plugins/workday.py
[2023-12-06T15:31:50.591+0700] {processor.py:755} WARNING - No viable dags retrieved from /opt/anaconda3/lib/python3.8/site-packages/airflow/example_dags/plugins/workday.py
[2023-12-06T15:31:52.549+0700] {processor.py:175} INFO - Processing /opt/anaconda3/lib/python3.8/site-packages/airflow/example_dags/plugins/workday.py took 1.997 seconds
[2023-12-06T15:34:14.980+0700] {processor.py:153} INFO - Started process (PID=73643) to work on /opt/anaconda3/lib/python3.8/site-packages/airflow/example_dags/plugins/workday.py
[2023-12-06T15:34:14.982+0700] {processor.py:743} INFO - Processing file /opt/anaconda3/lib/python3.8/site-packages/airflow/example_dags/plugins/workday.py for tasks to queue
[2023-12-06T15:34:14.982+0700] {logging_mixin.py:137} INFO - [2023-12-06T15:34:14.982+0700] {dagbag.py:538} INFO - Filling up the DagBag from /opt/anaconda3/lib/python3.8/site-packages/airflow/example_dags/plugins/workday.py
[2023-12-06T15:34:15.001+0700] {processor.py:755} WARNING - No viable dags retrieved from /opt/anaconda3/lib/python3.8/site-packages/airflow/example_dags/plugins/workday.py
[2023-12-06T15:34:15.774+0700] {processor.py:175} INFO - Processing /opt/anaconda3/lib/python3.8/site-packages/airflow/example_dags/plugins/workday.py took 0.795 seconds
[2023-12-06T15:36:36.590+0700] {processor.py:153} INFO - Started process (PID=75242) to work on /opt/anaconda3/lib/python3.8/site-packages/airflow/example_dags/plugins/workday.py
[2023-12-06T15:36:36.592+0700] {processor.py:743} INFO - Processing file /opt/anaconda3/lib/python3.8/site-packages/airflow/example_dags/plugins/workday.py for tasks to queue
[2023-12-06T15:36:36.594+0700] {logging_mixin.py:137} INFO - [2023-12-06T15:36:36.594+0700] {dagbag.py:538} INFO - Filling up the DagBag from /opt/anaconda3/lib/python3.8/site-packages/airflow/example_dags/plugins/workday.py
[2023-12-06T15:36:36.624+0700] {processor.py:755} WARNING - No viable dags retrieved from /opt/anaconda3/lib/python3.8/site-packages/airflow/example_dags/plugins/workday.py
[2023-12-06T15:36:37.627+0700] {processor.py:175} INFO - Processing /opt/anaconda3/lib/python3.8/site-packages/airflow/example_dags/plugins/workday.py took 1.039 seconds
[2023-12-06T15:38:53.821+0700] {processor.py:153} INFO - Started process (PID=76714) to work on /opt/anaconda3/lib/python3.8/site-packages/airflow/example_dags/plugins/workday.py
[2023-12-06T15:38:53.823+0700] {processor.py:743} INFO - Processing file /opt/anaconda3/lib/python3.8/site-packages/airflow/example_dags/plugins/workday.py for tasks to queue
[2023-12-06T15:38:53.823+0700] {logging_mixin.py:137} INFO - [2023-12-06T15:38:53.823+0700] {dagbag.py:538} INFO - Filling up the DagBag from /opt/anaconda3/lib/python3.8/site-packages/airflow/example_dags/plugins/workday.py
[2023-12-06T15:38:53.837+0700] {processor.py:755} WARNING - No viable dags retrieved from /opt/anaconda3/lib/python3.8/site-packages/airflow/example_dags/plugins/workday.py
[2023-12-06T15:38:54.800+0700] {processor.py:175} INFO - Processing /opt/anaconda3/lib/python3.8/site-packages/airflow/example_dags/plugins/workday.py took 0.979 seconds
