[2023-12-06T11:01:59.524+0700] {taskinstance.py:1087} INFO - Dependencies all met for <TaskInstance: my_dag.task1 scheduled__2023-06-06T16:57:00+00:00 [queued]>
[2023-12-06T11:01:59.536+0700] {taskinstance.py:1087} INFO - Dependencies all met for <TaskInstance: my_dag.task1 scheduled__2023-06-06T16:57:00+00:00 [queued]>
[2023-12-06T11:01:59.537+0700] {taskinstance.py:1283} INFO - 
--------------------------------------------------------------------------------
[2023-12-06T11:01:59.537+0700] {taskinstance.py:1284} INFO - Starting attempt 1 of 2
[2023-12-06T11:01:59.537+0700] {taskinstance.py:1285} INFO - 
--------------------------------------------------------------------------------
[2023-12-06T11:01:59.554+0700] {taskinstance.py:1304} INFO - Executing <Task(BashOperator): task1> on 2023-06-06 16:57:00+00:00
[2023-12-06T11:01:59.556+0700] {standard_task_runner.py:55} INFO - Started process 18679 to run task
[2023-12-06T11:01:59.567+0700] {standard_task_runner.py:82} INFO - Running: ['airflow', 'tasks', 'run', 'my_dag', 'task1', 'scheduled__2023-06-06T16:57:00+00:00', '--job-id', '30', '--raw', '--subdir', 'DAGS_FOLDER/my_dag.py', '--cfg-path', '/var/folders/2v/9y0v__0x07v5_4l4r76qkvq80000gn/T/tmp434wm4ez']
[2023-12-06T11:01:59.572+0700] {standard_task_runner.py:83} INFO - Job 30: Subtask task1
[2023-12-06T11:01:59.679+0700] {task_command.py:389} INFO - Running <TaskInstance: my_dag.task1 scheduled__2023-06-06T16:57:00+00:00 [running]> on host jacky-tan-2.local
[2023-12-06T11:01:59.792+0700] {taskinstance.py:1511} INFO - Exporting the following env vars:
AIRFLOW_CTX_DAG_OWNER=airflow
AIRFLOW_CTX_DAG_ID=my_dag
AIRFLOW_CTX_TASK_ID=task1
AIRFLOW_CTX_EXECUTION_DATE=2023-06-06T16:57:00+00:00
AIRFLOW_CTX_TRY_NUMBER=1
AIRFLOW_CTX_DAG_RUN_ID=scheduled__2023-06-06T16:57:00+00:00
[2023-12-06T11:01:59.794+0700] {subprocess.py:63} INFO - Tmp dir root location: 
 /var/folders/2v/9y0v__0x07v5_4l4r76qkvq80000gn/T
[2023-12-06T11:01:59.796+0700] {subprocess.py:75} INFO - Running command: ['/bin/bash', '-c', 'echo "Task 1"']
[2023-12-06T11:01:59.811+0700] {subprocess.py:86} INFO - Output:
[2023-12-06T11:01:59.821+0700] {subprocess.py:93} INFO - Task 1
[2023-12-06T11:01:59.822+0700] {subprocess.py:97} INFO - Command exited with return code 0
[2023-12-06T11:01:59.859+0700] {taskinstance.py:1322} INFO - Marking task as SUCCESS. dag_id=my_dag, task_id=task1, execution_date=20230606T165700, start_date=20231206T040159, end_date=20231206T040159
[2023-12-06T11:01:59.885+0700] {local_task_job.py:159} INFO - Task exited with return code 0
[2023-12-06T11:01:59.927+0700] {taskinstance.py:2582} INFO - 1 downstream tasks scheduled from follow-on schedule check
