[2023-12-06T11:01:18.242+0700] {taskinstance.py:1087} INFO - Dependencies all met for <TaskInstance: my_dag.task2 scheduled__2023-06-06T16:56:00+00:00 [queued]>
[2023-12-06T11:01:18.251+0700] {taskinstance.py:1087} INFO - Dependencies all met for <TaskInstance: my_dag.task2 scheduled__2023-06-06T16:56:00+00:00 [queued]>
[2023-12-06T11:01:18.252+0700] {taskinstance.py:1283} INFO - 
--------------------------------------------------------------------------------
[2023-12-06T11:01:18.252+0700] {taskinstance.py:1284} INFO - Starting attempt 1 of 2
[2023-12-06T11:01:18.252+0700] {taskinstance.py:1285} INFO - 
--------------------------------------------------------------------------------
[2023-12-06T11:01:18.273+0700] {taskinstance.py:1304} INFO - Executing <Task(PythonOperator): task2> on 2023-06-06 16:56:00+00:00
[2023-12-06T11:01:18.277+0700] {standard_task_runner.py:55} INFO - Started process 18225 to run task
[2023-12-06T11:01:18.287+0700] {standard_task_runner.py:82} INFO - Running: ['airflow', 'tasks', 'run', 'my_dag', 'task2', 'scheduled__2023-06-06T16:56:00+00:00', '--job-id', '25', '--raw', '--subdir', 'DAGS_FOLDER/my_dag.py', '--cfg-path', '/var/folders/2v/9y0v__0x07v5_4l4r76qkvq80000gn/T/tmptn76r_g3']
[2023-12-06T11:01:18.291+0700] {standard_task_runner.py:83} INFO - Job 25: Subtask task2
[2023-12-06T11:01:18.375+0700] {task_command.py:389} INFO - Running <TaskInstance: my_dag.task2 scheduled__2023-06-06T16:56:00+00:00 [running]> on host jacky-tan-2.local
[2023-12-06T11:01:18.445+0700] {taskinstance.py:1511} INFO - Exporting the following env vars:
AIRFLOW_CTX_DAG_OWNER=airflow
AIRFLOW_CTX_DAG_ID=my_dag
AIRFLOW_CTX_TASK_ID=task2
AIRFLOW_CTX_EXECUTION_DATE=2023-06-06T16:56:00+00:00
AIRFLOW_CTX_TRY_NUMBER=1
AIRFLOW_CTX_DAG_RUN_ID=scheduled__2023-06-06T16:56:00+00:00
[2023-12-06T11:01:18.447+0700] {logging_mixin.py:137} INFO - process data
[2023-12-06T11:01:18.447+0700] {python.py:177} INFO - Done. Returned value was: None
[2023-12-06T11:01:18.454+0700] {taskinstance.py:1322} INFO - Marking task as SUCCESS. dag_id=my_dag, task_id=task2, execution_date=20230606T165600, start_date=20231206T040118, end_date=20231206T040118
[2023-12-06T11:01:18.514+0700] {local_task_job.py:159} INFO - Task exited with return code 0
[2023-12-06T11:01:18.546+0700] {taskinstance.py:2582} INFO - 1 downstream tasks scheduled from follow-on schedule check
