[2023-12-06T11:00:28.983+0700] {taskinstance.py:1087} INFO - Dependencies all met for <TaskInstance: my_dag.task1 manual__2023-12-06T04:00:16.202013+00:00 [queued]>
[2023-12-06T11:00:28.992+0700] {taskinstance.py:1087} INFO - Dependencies all met for <TaskInstance: my_dag.task1 manual__2023-12-06T04:00:16.202013+00:00 [queued]>
[2023-12-06T11:00:28.992+0700] {taskinstance.py:1283} INFO - 
--------------------------------------------------------------------------------
[2023-12-06T11:00:28.992+0700] {taskinstance.py:1284} INFO - Starting attempt 1 of 2
[2023-12-06T11:00:28.993+0700] {taskinstance.py:1285} INFO - 
--------------------------------------------------------------------------------
[2023-12-06T11:00:29.022+0700] {taskinstance.py:1304} INFO - Executing <Task(BashOperator): task1> on 2023-12-06 04:00:16.202013+00:00
[2023-12-06T11:00:29.025+0700] {standard_task_runner.py:55} INFO - Started process 17657 to run task
[2023-12-06T11:00:29.033+0700] {standard_task_runner.py:82} INFO - Running: ['airflow', 'tasks', 'run', 'my_dag', 'task1', 'manual__2023-12-06T04:00:16.202013+00:00', '--job-id', '18', '--raw', '--subdir', 'DAGS_FOLDER/my_dag.py', '--cfg-path', '/var/folders/2v/9y0v__0x07v5_4l4r76qkvq80000gn/T/tmpntyu2xts']
[2023-12-06T11:00:29.036+0700] {standard_task_runner.py:83} INFO - Job 18: Subtask task1
[2023-12-06T11:00:29.119+0700] {task_command.py:389} INFO - Running <TaskInstance: my_dag.task1 manual__2023-12-06T04:00:16.202013+00:00 [running]> on host jacky-tan-2.local
[2023-12-06T11:00:29.200+0700] {taskinstance.py:1511} INFO - Exporting the following env vars:
AIRFLOW_CTX_DAG_OWNER=airflow
AIRFLOW_CTX_DAG_ID=my_dag
AIRFLOW_CTX_TASK_ID=task1
AIRFLOW_CTX_EXECUTION_DATE=2023-12-06T04:00:16.202013+00:00
AIRFLOW_CTX_TRY_NUMBER=1
AIRFLOW_CTX_DAG_RUN_ID=manual__2023-12-06T04:00:16.202013+00:00
[2023-12-06T11:00:29.204+0700] {subprocess.py:63} INFO - Tmp dir root location: 
 /var/folders/2v/9y0v__0x07v5_4l4r76qkvq80000gn/T
[2023-12-06T11:00:29.205+0700] {subprocess.py:75} INFO - Running command: ['/bin/bash', '-c', 'echo "Task 1"']
[2023-12-06T11:00:29.219+0700] {subprocess.py:86} INFO - Output:
[2023-12-06T11:00:29.223+0700] {subprocess.py:93} INFO - Task 1
[2023-12-06T11:00:29.224+0700] {subprocess.py:97} INFO - Command exited with return code 0
[2023-12-06T11:00:29.255+0700] {taskinstance.py:1322} INFO - Marking task as SUCCESS. dag_id=my_dag, task_id=task1, execution_date=20231206T040016, start_date=20231206T040028, end_date=20231206T040029
[2023-12-06T11:00:29.313+0700] {local_task_job.py:159} INFO - Task exited with return code 0
[2023-12-06T11:00:29.354+0700] {taskinstance.py:2582} INFO - 1 downstream tasks scheduled from follow-on schedule check
