[2023-12-06T11:02:39.935+0700] {taskinstance.py:1087} INFO - Dependencies all met for <TaskInstance: my_dag.task2 scheduled__2023-06-06T16:58:00+00:00 [queued]>
[2023-12-06T11:02:39.956+0700] {taskinstance.py:1087} INFO - Dependencies all met for <TaskInstance: my_dag.task2 scheduled__2023-06-06T16:58:00+00:00 [queued]>
[2023-12-06T11:02:39.957+0700] {taskinstance.py:1283} INFO - 
--------------------------------------------------------------------------------
[2023-12-06T11:02:39.957+0700] {taskinstance.py:1284} INFO - Starting attempt 1 of 2
[2023-12-06T11:02:39.958+0700] {taskinstance.py:1285} INFO - 
--------------------------------------------------------------------------------
[2023-12-06T11:02:39.988+0700] {taskinstance.py:1304} INFO - Executing <Task(PythonOperator): task2> on 2023-06-06 16:58:00+00:00
[2023-12-06T11:02:39.992+0700] {standard_task_runner.py:55} INFO - Started process 19138 to run task
[2023-12-06T11:02:40.003+0700] {standard_task_runner.py:82} INFO - Running: ['airflow', 'tasks', 'run', 'my_dag', 'task2', 'scheduled__2023-06-06T16:58:00+00:00', '--job-id', '36', '--raw', '--subdir', 'DAGS_FOLDER/my_dag.py', '--cfg-path', '/var/folders/2v/9y0v__0x07v5_4l4r76qkvq80000gn/T/tmp8zfdin3y']
[2023-12-06T11:02:40.011+0700] {standard_task_runner.py:83} INFO - Job 36: Subtask task2
[2023-12-06T11:02:40.131+0700] {task_command.py:389} INFO - Running <TaskInstance: my_dag.task2 scheduled__2023-06-06T16:58:00+00:00 [running]> on host jacky-tan-2.local
[2023-12-06T11:02:40.219+0700] {taskinstance.py:1511} INFO - Exporting the following env vars:
AIRFLOW_CTX_DAG_OWNER=airflow
AIRFLOW_CTX_DAG_ID=my_dag
AIRFLOW_CTX_TASK_ID=task2
AIRFLOW_CTX_EXECUTION_DATE=2023-06-06T16:58:00+00:00
AIRFLOW_CTX_TRY_NUMBER=1
AIRFLOW_CTX_DAG_RUN_ID=scheduled__2023-06-06T16:58:00+00:00
[2023-12-06T11:02:40.221+0700] {logging_mixin.py:137} INFO - process data
[2023-12-06T11:02:40.222+0700] {python.py:177} INFO - Done. Returned value was: None
[2023-12-06T11:02:40.229+0700] {taskinstance.py:1322} INFO - Marking task as SUCCESS. dag_id=my_dag, task_id=task2, execution_date=20230606T165800, start_date=20231206T040239, end_date=20231206T040240
[2023-12-06T11:02:40.273+0700] {local_task_job.py:159} INFO - Task exited with return code 0
[2023-12-06T11:02:40.303+0700] {taskinstance.py:2582} INFO - 1 downstream tasks scheduled from follow-on schedule check
