[2023-12-06T11:03:27.482+0700] {taskinstance.py:1087} INFO - Dependencies all met for <TaskInstance: my_dag.task3 scheduled__2023-12-06T04:01:00+00:00 [queued]>
[2023-12-06T11:03:27.490+0700] {taskinstance.py:1087} INFO - Dependencies all met for <TaskInstance: my_dag.task3 scheduled__2023-12-06T04:01:00+00:00 [queued]>
[2023-12-06T11:03:27.491+0700] {taskinstance.py:1283} INFO - 
--------------------------------------------------------------------------------
[2023-12-06T11:03:27.491+0700] {taskinstance.py:1284} INFO - Starting attempt 1 of 2
[2023-12-06T11:03:27.491+0700] {taskinstance.py:1285} INFO - 
--------------------------------------------------------------------------------
[2023-12-06T11:03:27.504+0700] {taskinstance.py:1304} INFO - Executing <Task(PythonOperator): task3> on 2023-12-06 04:01:00+00:00
[2023-12-06T11:03:27.507+0700] {standard_task_runner.py:55} INFO - Started process 19604 to run task
[2023-12-06T11:03:27.516+0700] {standard_task_runner.py:82} INFO - Running: ['airflow', 'tasks', 'run', 'my_dag', 'task3', 'scheduled__2023-12-06T04:01:00+00:00', '--job-id', '43', '--raw', '--subdir', 'DAGS_FOLDER/my_dag.py', '--cfg-path', '/var/folders/2v/9y0v__0x07v5_4l4r76qkvq80000gn/T/tmp9otmlhmn']
[2023-12-06T11:03:27.520+0700] {standard_task_runner.py:83} INFO - Job 43: Subtask task3
[2023-12-06T11:03:27.599+0700] {task_command.py:389} INFO - Running <TaskInstance: my_dag.task3 scheduled__2023-12-06T04:01:00+00:00 [running]> on host jacky-tan-2.local
[2023-12-06T11:03:27.658+0700] {taskinstance.py:1511} INFO - Exporting the following env vars:
AIRFLOW_CTX_DAG_OWNER=airflow
AIRFLOW_CTX_DAG_ID=my_dag
AIRFLOW_CTX_TASK_ID=task3
AIRFLOW_CTX_EXECUTION_DATE=2023-12-06T04:01:00+00:00
AIRFLOW_CTX_TRY_NUMBER=1
AIRFLOW_CTX_DAG_RUN_ID=scheduled__2023-12-06T04:01:00+00:00
[2023-12-06T11:03:27.660+0700] {logging_mixin.py:137} INFO - save data
[2023-12-06T11:03:27.661+0700] {python.py:177} INFO - Done. Returned value was: None
[2023-12-06T11:03:27.670+0700] {taskinstance.py:1322} INFO - Marking task as SUCCESS. dag_id=my_dag, task_id=task3, execution_date=20231206T040100, start_date=20231206T040327, end_date=20231206T040327
[2023-12-06T11:03:27.697+0700] {local_task_job.py:159} INFO - Task exited with return code 0
[2023-12-06T11:03:27.727+0700] {taskinstance.py:2582} INFO - 0 downstream tasks scheduled from follow-on schedule check
