[2023-12-06T11:00:58.014+0700] {taskinstance.py:1087} INFO - Dependencies all met for <TaskInstance: my_dag.task2 manual__2023-12-06T04:00:16.202013+00:00 [queued]>
[2023-12-06T11:00:58.025+0700] {taskinstance.py:1087} INFO - Dependencies all met for <TaskInstance: my_dag.task2 manual__2023-12-06T04:00:16.202013+00:00 [queued]>
[2023-12-06T11:00:58.025+0700] {taskinstance.py:1283} INFO - 
--------------------------------------------------------------------------------
[2023-12-06T11:00:58.025+0700] {taskinstance.py:1284} INFO - Starting attempt 1 of 2
[2023-12-06T11:00:58.025+0700] {taskinstance.py:1285} INFO - 
--------------------------------------------------------------------------------
[2023-12-06T11:00:58.041+0700] {taskinstance.py:1304} INFO - Executing <Task(PythonOperator): task2> on 2023-12-06 04:00:16.202013+00:00
[2023-12-06T11:00:58.045+0700] {standard_task_runner.py:55} INFO - Started process 17999 to run task
[2023-12-06T11:00:58.054+0700] {standard_task_runner.py:82} INFO - Running: ['airflow', 'tasks', 'run', 'my_dag', 'task2', 'manual__2023-12-06T04:00:16.202013+00:00', '--job-id', '23', '--raw', '--subdir', 'DAGS_FOLDER/my_dag.py', '--cfg-path', '/var/folders/2v/9y0v__0x07v5_4l4r76qkvq80000gn/T/tmptvwhai72']
[2023-12-06T11:00:58.058+0700] {standard_task_runner.py:83} INFO - Job 23: Subtask task2
[2023-12-06T11:00:58.162+0700] {task_command.py:389} INFO - Running <TaskInstance: my_dag.task2 manual__2023-12-06T04:00:16.202013+00:00 [running]> on host jacky-tan-2.local
[2023-12-06T11:00:58.227+0700] {taskinstance.py:1511} INFO - Exporting the following env vars:
AIRFLOW_CTX_DAG_OWNER=airflow
AIRFLOW_CTX_DAG_ID=my_dag
AIRFLOW_CTX_TASK_ID=task2
AIRFLOW_CTX_EXECUTION_DATE=2023-12-06T04:00:16.202013+00:00
AIRFLOW_CTX_TRY_NUMBER=1
AIRFLOW_CTX_DAG_RUN_ID=manual__2023-12-06T04:00:16.202013+00:00
[2023-12-06T11:00:58.229+0700] {logging_mixin.py:137} INFO - process data
[2023-12-06T11:00:58.229+0700] {python.py:177} INFO - Done. Returned value was: None
[2023-12-06T11:00:58.234+0700] {taskinstance.py:1322} INFO - Marking task as SUCCESS. dag_id=my_dag, task_id=task2, execution_date=20231206T040016, start_date=20231206T040058, end_date=20231206T040058
[2023-12-06T11:00:58.282+0700] {local_task_job.py:159} INFO - Task exited with return code 0
[2023-12-06T11:00:58.318+0700] {taskinstance.py:2582} INFO - 1 downstream tasks scheduled from follow-on schedule check
