[2023-12-06T11:02:53.634+0700] {taskinstance.py:1087} INFO - Dependencies all met for <TaskInstance: my_dag.task1 scheduled__2023-12-06T04:01:00+00:00 [queued]>
[2023-12-06T11:02:53.641+0700] {taskinstance.py:1087} INFO - Dependencies all met for <TaskInstance: my_dag.task1 scheduled__2023-12-06T04:01:00+00:00 [queued]>
[2023-12-06T11:02:53.641+0700] {taskinstance.py:1283} INFO - 
--------------------------------------------------------------------------------
[2023-12-06T11:02:53.641+0700] {taskinstance.py:1284} INFO - Starting attempt 1 of 2
[2023-12-06T11:02:53.641+0700] {taskinstance.py:1285} INFO - 
--------------------------------------------------------------------------------
[2023-12-06T11:02:53.654+0700] {taskinstance.py:1304} INFO - Executing <Task(BashOperator): task1> on 2023-12-06 04:01:00+00:00
[2023-12-06T11:02:53.657+0700] {standard_task_runner.py:55} INFO - Started process 19256 to run task
[2023-12-06T11:02:53.665+0700] {standard_task_runner.py:82} INFO - Running: ['airflow', 'tasks', 'run', 'my_dag', 'task1', 'scheduled__2023-12-06T04:01:00+00:00', '--job-id', '38', '--raw', '--subdir', 'DAGS_FOLDER/my_dag.py', '--cfg-path', '/var/folders/2v/9y0v__0x07v5_4l4r76qkvq80000gn/T/tmp6bvcw4rj']
[2023-12-06T11:02:53.669+0700] {standard_task_runner.py:83} INFO - Job 38: Subtask task1
[2023-12-06T11:02:53.739+0700] {task_command.py:389} INFO - Running <TaskInstance: my_dag.task1 scheduled__2023-12-06T04:01:00+00:00 [running]> on host jacky-tan-2.local
[2023-12-06T11:02:53.792+0700] {taskinstance.py:1511} INFO - Exporting the following env vars:
AIRFLOW_CTX_DAG_OWNER=airflow
AIRFLOW_CTX_DAG_ID=my_dag
AIRFLOW_CTX_TASK_ID=task1
AIRFLOW_CTX_EXECUTION_DATE=2023-12-06T04:01:00+00:00
AIRFLOW_CTX_TRY_NUMBER=1
AIRFLOW_CTX_DAG_RUN_ID=scheduled__2023-12-06T04:01:00+00:00
[2023-12-06T11:02:53.794+0700] {subprocess.py:63} INFO - Tmp dir root location: 
 /var/folders/2v/9y0v__0x07v5_4l4r76qkvq80000gn/T
[2023-12-06T11:02:53.795+0700] {subprocess.py:75} INFO - Running command: ['/bin/bash', '-c', 'echo "Task 1"']
[2023-12-06T11:02:53.803+0700] {subprocess.py:86} INFO - Output:
[2023-12-06T11:02:53.809+0700] {subprocess.py:93} INFO - Task 1
[2023-12-06T11:02:53.810+0700] {subprocess.py:97} INFO - Command exited with return code 0
[2023-12-06T11:02:53.833+0700] {taskinstance.py:1322} INFO - Marking task as SUCCESS. dag_id=my_dag, task_id=task1, execution_date=20231206T040100, start_date=20231206T040253, end_date=20231206T040253
[2023-12-06T11:02:53.851+0700] {local_task_job.py:159} INFO - Task exited with return code 0
[2023-12-06T11:02:53.886+0700] {taskinstance.py:2582} INFO - 1 downstream tasks scheduled from follow-on schedule check
