[2023-12-06T10:18:32.591+0700] {processor.py:153} INFO - Started process (PID=92186) to work on /opt/anaconda3/lib/python3.8/site-packages/airflow/example_dags/example_branch_operator.py
[2023-12-06T10:18:32.593+0700] {processor.py:743} INFO - Processing file /opt/anaconda3/lib/python3.8/site-packages/airflow/example_dags/example_branch_operator.py for tasks to queue
[2023-12-06T10:18:32.594+0700] {logging_mixin.py:137} INFO - [2023-12-06T10:18:32.594+0700] {dagbag.py:538} INFO - Filling up the DagBag from /opt/anaconda3/lib/python3.8/site-packages/airflow/example_dags/example_branch_operator.py
[2023-12-06T10:18:32.745+0700] {processor.py:753} INFO - DAG(s) dict_keys(['example_branch_operator']) retrieved from /opt/anaconda3/lib/python3.8/site-packages/airflow/example_dags/example_branch_operator.py
[2023-12-06T10:18:33.740+0700] {logging_mixin.py:137} INFO - [2023-12-06T10:18:33.740+0700] {dag.py:2676} INFO - Sync 1 DAGs
[2023-12-06T10:18:33.765+0700] {logging_mixin.py:137} INFO - [2023-12-06T10:18:33.765+0700] {dag.py:3423} INFO - Setting next_dagrun for example_branch_operator to 2023-12-05T00:00:00+00:00, run_after=2023-12-06T00:00:00+00:00
[2023-12-06T10:18:33.789+0700] {processor.py:175} INFO - Processing /opt/anaconda3/lib/python3.8/site-packages/airflow/example_dags/example_branch_operator.py took 1.200 seconds
[2023-12-06T10:29:02.032+0700] {processor.py:153} INFO - Started process (PID=99146) to work on /opt/anaconda3/lib/python3.8/site-packages/airflow/example_dags/example_branch_operator.py
[2023-12-06T10:29:02.034+0700] {processor.py:743} INFO - Processing file /opt/anaconda3/lib/python3.8/site-packages/airflow/example_dags/example_branch_operator.py for tasks to queue
[2023-12-06T10:29:02.034+0700] {logging_mixin.py:137} INFO - [2023-12-06T10:29:02.034+0700] {dagbag.py:538} INFO - Filling up the DagBag from /opt/anaconda3/lib/python3.8/site-packages/airflow/example_dags/example_branch_operator.py
[2023-12-06T10:29:02.080+0700] {processor.py:753} INFO - DAG(s) dict_keys(['example_branch_operator']) retrieved from /opt/anaconda3/lib/python3.8/site-packages/airflow/example_dags/example_branch_operator.py
[2023-12-06T10:29:03.400+0700] {logging_mixin.py:137} INFO - [2023-12-06T10:29:03.400+0700] {dag.py:2676} INFO - Sync 1 DAGs
[2023-12-06T10:29:03.421+0700] {logging_mixin.py:137} INFO - [2023-12-06T10:29:03.421+0700] {dag.py:3423} INFO - Setting next_dagrun for example_branch_operator to 2023-12-05T00:00:00+00:00, run_after=2023-12-06T00:00:00+00:00
[2023-12-06T10:29:03.438+0700] {processor.py:175} INFO - Processing /opt/anaconda3/lib/python3.8/site-packages/airflow/example_dags/example_branch_operator.py took 1.407 seconds
[2023-12-06T10:45:30.069+0700] {processor.py:153} INFO - Started process (PID=7859) to work on /opt/anaconda3/lib/python3.8/site-packages/airflow/example_dags/example_branch_operator.py
[2023-12-06T10:45:30.071+0700] {processor.py:743} INFO - Processing file /opt/anaconda3/lib/python3.8/site-packages/airflow/example_dags/example_branch_operator.py for tasks to queue
[2023-12-06T10:45:30.071+0700] {logging_mixin.py:137} INFO - [2023-12-06T10:45:30.071+0700] {dagbag.py:538} INFO - Filling up the DagBag from /opt/anaconda3/lib/python3.8/site-packages/airflow/example_dags/example_branch_operator.py
[2023-12-06T10:45:30.129+0700] {processor.py:753} INFO - DAG(s) dict_keys(['example_branch_operator']) retrieved from /opt/anaconda3/lib/python3.8/site-packages/airflow/example_dags/example_branch_operator.py
[2023-12-06T10:45:31.154+0700] {logging_mixin.py:137} INFO - [2023-12-06T10:45:31.153+0700] {dag.py:2676} INFO - Sync 1 DAGs
[2023-12-06T10:45:31.183+0700] {logging_mixin.py:137} INFO - [2023-12-06T10:45:31.183+0700] {dag.py:3423} INFO - Setting next_dagrun for example_branch_operator to 2023-12-05T00:00:00+00:00, run_after=2023-12-06T00:00:00+00:00
[2023-12-06T10:45:31.215+0700] {processor.py:175} INFO - Processing /opt/anaconda3/lib/python3.8/site-packages/airflow/example_dags/example_branch_operator.py took 1.147 seconds
[2023-12-06T10:52:47.396+0700] {processor.py:153} INFO - Started process (PID=12770) to work on /opt/anaconda3/lib/python3.8/site-packages/airflow/example_dags/example_branch_operator.py
[2023-12-06T10:52:47.398+0700] {processor.py:743} INFO - Processing file /opt/anaconda3/lib/python3.8/site-packages/airflow/example_dags/example_branch_operator.py for tasks to queue
[2023-12-06T10:52:47.398+0700] {logging_mixin.py:137} INFO - [2023-12-06T10:52:47.398+0700] {dagbag.py:538} INFO - Filling up the DagBag from /opt/anaconda3/lib/python3.8/site-packages/airflow/example_dags/example_branch_operator.py
[2023-12-06T10:52:47.451+0700] {processor.py:753} INFO - DAG(s) dict_keys(['example_branch_operator']) retrieved from /opt/anaconda3/lib/python3.8/site-packages/airflow/example_dags/example_branch_operator.py
[2023-12-06T10:52:48.403+0700] {logging_mixin.py:137} INFO - [2023-12-06T10:52:48.403+0700] {dag.py:2676} INFO - Sync 1 DAGs
[2023-12-06T10:52:48.430+0700] {logging_mixin.py:137} INFO - [2023-12-06T10:52:48.430+0700] {dag.py:3423} INFO - Setting next_dagrun for example_branch_operator to 2023-12-05T00:00:00+00:00, run_after=2023-12-06T00:00:00+00:00
[2023-12-06T10:52:48.452+0700] {processor.py:175} INFO - Processing /opt/anaconda3/lib/python3.8/site-packages/airflow/example_dags/example_branch_operator.py took 1.057 seconds
[2023-12-06T10:58:55.475+0700] {processor.py:153} INFO - Started process (PID=16634) to work on /opt/anaconda3/lib/python3.8/site-packages/airflow/example_dags/example_branch_operator.py
[2023-12-06T10:58:55.476+0700] {processor.py:743} INFO - Processing file /opt/anaconda3/lib/python3.8/site-packages/airflow/example_dags/example_branch_operator.py for tasks to queue
[2023-12-06T10:58:55.477+0700] {logging_mixin.py:137} INFO - [2023-12-06T10:58:55.477+0700] {dagbag.py:538} INFO - Filling up the DagBag from /opt/anaconda3/lib/python3.8/site-packages/airflow/example_dags/example_branch_operator.py
[2023-12-06T10:58:55.530+0700] {processor.py:753} INFO - DAG(s) dict_keys(['example_branch_operator']) retrieved from /opt/anaconda3/lib/python3.8/site-packages/airflow/example_dags/example_branch_operator.py
[2023-12-06T10:58:56.568+0700] {logging_mixin.py:137} INFO - [2023-12-06T10:58:56.567+0700] {dag.py:2676} INFO - Sync 1 DAGs
[2023-12-06T10:58:56.593+0700] {logging_mixin.py:137} INFO - [2023-12-06T10:58:56.592+0700] {dag.py:3423} INFO - Setting next_dagrun for example_branch_operator to 2023-12-05T00:00:00+00:00, run_after=2023-12-06T00:00:00+00:00
[2023-12-06T10:58:56.619+0700] {processor.py:175} INFO - Processing /opt/anaconda3/lib/python3.8/site-packages/airflow/example_dags/example_branch_operator.py took 1.145 seconds
[2023-12-06T11:08:07.123+0700] {processor.py:153} INFO - Started process (PID=22583) to work on /opt/anaconda3/lib/python3.8/site-packages/airflow/example_dags/example_branch_operator.py
[2023-12-06T11:08:07.125+0700] {processor.py:743} INFO - Processing file /opt/anaconda3/lib/python3.8/site-packages/airflow/example_dags/example_branch_operator.py for tasks to queue
[2023-12-06T11:08:07.127+0700] {logging_mixin.py:137} INFO - [2023-12-06T11:08:07.126+0700] {dagbag.py:538} INFO - Filling up the DagBag from /opt/anaconda3/lib/python3.8/site-packages/airflow/example_dags/example_branch_operator.py
[2023-12-06T11:08:07.222+0700] {processor.py:753} INFO - DAG(s) dict_keys(['example_branch_operator']) retrieved from /opt/anaconda3/lib/python3.8/site-packages/airflow/example_dags/example_branch_operator.py
[2023-12-06T11:08:09.113+0700] {logging_mixin.py:137} INFO - [2023-12-06T11:08:09.112+0700] {dag.py:2676} INFO - Sync 1 DAGs
[2023-12-06T11:08:09.153+0700] {logging_mixin.py:137} INFO - [2023-12-06T11:08:09.153+0700] {dag.py:3423} INFO - Setting next_dagrun for example_branch_operator to 2023-12-05T00:00:00+00:00, run_after=2023-12-06T00:00:00+00:00
[2023-12-06T11:08:09.192+0700] {processor.py:175} INFO - Processing /opt/anaconda3/lib/python3.8/site-packages/airflow/example_dags/example_branch_operator.py took 2.071 seconds
[2023-12-06T11:12:05.679+0700] {processor.py:153} INFO - Started process (PID=25305) to work on /opt/anaconda3/lib/python3.8/site-packages/airflow/example_dags/example_branch_operator.py
[2023-12-06T11:12:05.681+0700] {processor.py:743} INFO - Processing file /opt/anaconda3/lib/python3.8/site-packages/airflow/example_dags/example_branch_operator.py for tasks to queue
[2023-12-06T11:12:05.681+0700] {logging_mixin.py:137} INFO - [2023-12-06T11:12:05.681+0700] {dagbag.py:538} INFO - Filling up the DagBag from /opt/anaconda3/lib/python3.8/site-packages/airflow/example_dags/example_branch_operator.py
[2023-12-06T11:12:05.739+0700] {processor.py:753} INFO - DAG(s) dict_keys(['example_branch_operator']) retrieved from /opt/anaconda3/lib/python3.8/site-packages/airflow/example_dags/example_branch_operator.py
[2023-12-06T11:12:06.680+0700] {logging_mixin.py:137} INFO - [2023-12-06T11:12:06.680+0700] {dag.py:2676} INFO - Sync 1 DAGs
[2023-12-06T11:12:06.711+0700] {logging_mixin.py:137} INFO - [2023-12-06T11:12:06.711+0700] {dag.py:3423} INFO - Setting next_dagrun for example_branch_operator to 2023-12-05T00:00:00+00:00, run_after=2023-12-06T00:00:00+00:00
[2023-12-06T11:12:06.796+0700] {processor.py:175} INFO - Processing /opt/anaconda3/lib/python3.8/site-packages/airflow/example_dags/example_branch_operator.py took 1.119 seconds
[2023-12-06T11:19:43.604+0700] {processor.py:153} INFO - Started process (PID=30185) to work on /opt/anaconda3/lib/python3.8/site-packages/airflow/example_dags/example_branch_operator.py
[2023-12-06T11:19:43.606+0700] {processor.py:743} INFO - Processing file /opt/anaconda3/lib/python3.8/site-packages/airflow/example_dags/example_branch_operator.py for tasks to queue
[2023-12-06T11:19:43.607+0700] {logging_mixin.py:137} INFO - [2023-12-06T11:19:43.606+0700] {dagbag.py:538} INFO - Filling up the DagBag from /opt/anaconda3/lib/python3.8/site-packages/airflow/example_dags/example_branch_operator.py
[2023-12-06T11:19:43.668+0700] {processor.py:753} INFO - DAG(s) dict_keys(['example_branch_operator']) retrieved from /opt/anaconda3/lib/python3.8/site-packages/airflow/example_dags/example_branch_operator.py
[2023-12-06T11:19:44.670+0700] {logging_mixin.py:137} INFO - [2023-12-06T11:19:44.670+0700] {dag.py:2676} INFO - Sync 1 DAGs
[2023-12-06T11:19:44.699+0700] {logging_mixin.py:137} INFO - [2023-12-06T11:19:44.698+0700] {dag.py:3423} INFO - Setting next_dagrun for example_branch_operator to 2023-12-05T00:00:00+00:00, run_after=2023-12-06T00:00:00+00:00
[2023-12-06T11:19:44.722+0700] {processor.py:175} INFO - Processing /opt/anaconda3/lib/python3.8/site-packages/airflow/example_dags/example_branch_operator.py took 1.119 seconds
[2023-12-06T11:25:42.498+0700] {processor.py:153} INFO - Started process (PID=34032) to work on /opt/anaconda3/lib/python3.8/site-packages/airflow/example_dags/example_branch_operator.py
[2023-12-06T11:25:42.500+0700] {processor.py:743} INFO - Processing file /opt/anaconda3/lib/python3.8/site-packages/airflow/example_dags/example_branch_operator.py for tasks to queue
[2023-12-06T11:25:42.500+0700] {logging_mixin.py:137} INFO - [2023-12-06T11:25:42.500+0700] {dagbag.py:538} INFO - Filling up the DagBag from /opt/anaconda3/lib/python3.8/site-packages/airflow/example_dags/example_branch_operator.py
[2023-12-06T11:25:42.558+0700] {processor.py:753} INFO - DAG(s) dict_keys(['example_branch_operator']) retrieved from /opt/anaconda3/lib/python3.8/site-packages/airflow/example_dags/example_branch_operator.py
[2023-12-06T11:25:43.716+0700] {logging_mixin.py:137} INFO - [2023-12-06T11:25:43.716+0700] {dag.py:2676} INFO - Sync 1 DAGs
[2023-12-06T11:25:43.747+0700] {logging_mixin.py:137} INFO - [2023-12-06T11:25:43.747+0700] {dag.py:3423} INFO - Setting next_dagrun for example_branch_operator to 2023-12-05T00:00:00+00:00, run_after=2023-12-06T00:00:00+00:00
[2023-12-06T11:25:43.772+0700] {processor.py:175} INFO - Processing /opt/anaconda3/lib/python3.8/site-packages/airflow/example_dags/example_branch_operator.py took 1.275 seconds
[2023-12-06T11:31:38.326+0700] {processor.py:153} INFO - Started process (PID=37775) to work on /opt/anaconda3/lib/python3.8/site-packages/airflow/example_dags/example_branch_operator.py
[2023-12-06T11:31:38.327+0700] {processor.py:743} INFO - Processing file /opt/anaconda3/lib/python3.8/site-packages/airflow/example_dags/example_branch_operator.py for tasks to queue
[2023-12-06T11:31:38.328+0700] {logging_mixin.py:137} INFO - [2023-12-06T11:31:38.328+0700] {dagbag.py:538} INFO - Filling up the DagBag from /opt/anaconda3/lib/python3.8/site-packages/airflow/example_dags/example_branch_operator.py
[2023-12-06T11:31:38.378+0700] {processor.py:753} INFO - DAG(s) dict_keys(['example_branch_operator']) retrieved from /opt/anaconda3/lib/python3.8/site-packages/airflow/example_dags/example_branch_operator.py
[2023-12-06T11:31:39.328+0700] {logging_mixin.py:137} INFO - [2023-12-06T11:31:39.327+0700] {dag.py:2676} INFO - Sync 1 DAGs
[2023-12-06T11:31:39.368+0700] {logging_mixin.py:137} INFO - [2023-12-06T11:31:39.367+0700] {dag.py:3423} INFO - Setting next_dagrun for example_branch_operator to 2023-12-05T00:00:00+00:00, run_after=2023-12-06T00:00:00+00:00
[2023-12-06T11:31:39.407+0700] {processor.py:175} INFO - Processing /opt/anaconda3/lib/python3.8/site-packages/airflow/example_dags/example_branch_operator.py took 1.083 seconds
[2023-12-06T11:41:05.600+0700] {processor.py:153} INFO - Started process (PID=43896) to work on /opt/anaconda3/lib/python3.8/site-packages/airflow/example_dags/example_branch_operator.py
[2023-12-06T11:41:05.601+0700] {processor.py:743} INFO - Processing file /opt/anaconda3/lib/python3.8/site-packages/airflow/example_dags/example_branch_operator.py for tasks to queue
[2023-12-06T11:41:05.602+0700] {logging_mixin.py:137} INFO - [2023-12-06T11:41:05.602+0700] {dagbag.py:538} INFO - Filling up the DagBag from /opt/anaconda3/lib/python3.8/site-packages/airflow/example_dags/example_branch_operator.py
[2023-12-06T11:41:05.656+0700] {processor.py:753} INFO - DAG(s) dict_keys(['example_branch_operator']) retrieved from /opt/anaconda3/lib/python3.8/site-packages/airflow/example_dags/example_branch_operator.py
[2023-12-06T11:41:06.548+0700] {logging_mixin.py:137} INFO - [2023-12-06T11:41:06.547+0700] {dag.py:2676} INFO - Sync 1 DAGs
[2023-12-06T11:41:06.571+0700] {logging_mixin.py:137} INFO - [2023-12-06T11:41:06.571+0700] {dag.py:3423} INFO - Setting next_dagrun for example_branch_operator to 2023-12-05T00:00:00+00:00, run_after=2023-12-06T00:00:00+00:00
[2023-12-06T11:41:06.593+0700] {processor.py:175} INFO - Processing /opt/anaconda3/lib/python3.8/site-packages/airflow/example_dags/example_branch_operator.py took 0.994 seconds
[2023-12-06T11:47:41.209+0700] {processor.py:153} INFO - Started process (PID=48166) to work on /opt/anaconda3/lib/python3.8/site-packages/airflow/example_dags/example_branch_operator.py
[2023-12-06T11:47:41.210+0700] {processor.py:743} INFO - Processing file /opt/anaconda3/lib/python3.8/site-packages/airflow/example_dags/example_branch_operator.py for tasks to queue
[2023-12-06T11:47:41.211+0700] {logging_mixin.py:137} INFO - [2023-12-06T11:47:41.211+0700] {dagbag.py:538} INFO - Filling up the DagBag from /opt/anaconda3/lib/python3.8/site-packages/airflow/example_dags/example_branch_operator.py
[2023-12-06T11:47:41.264+0700] {processor.py:753} INFO - DAG(s) dict_keys(['example_branch_operator']) retrieved from /opt/anaconda3/lib/python3.8/site-packages/airflow/example_dags/example_branch_operator.py
[2023-12-06T11:47:42.226+0700] {logging_mixin.py:137} INFO - [2023-12-06T11:47:42.226+0700] {dag.py:2676} INFO - Sync 1 DAGs
[2023-12-06T11:47:42.259+0700] {logging_mixin.py:137} INFO - [2023-12-06T11:47:42.258+0700] {dag.py:3423} INFO - Setting next_dagrun for example_branch_operator to 2023-12-05T00:00:00+00:00, run_after=2023-12-06T00:00:00+00:00
[2023-12-06T11:47:42.290+0700] {processor.py:175} INFO - Processing /opt/anaconda3/lib/python3.8/site-packages/airflow/example_dags/example_branch_operator.py took 1.082 seconds
[2023-12-06T11:53:36.661+0700] {processor.py:153} INFO - Started process (PID=51999) to work on /opt/anaconda3/lib/python3.8/site-packages/airflow/example_dags/example_branch_operator.py
[2023-12-06T11:53:36.663+0700] {processor.py:743} INFO - Processing file /opt/anaconda3/lib/python3.8/site-packages/airflow/example_dags/example_branch_operator.py for tasks to queue
[2023-12-06T11:53:36.664+0700] {logging_mixin.py:137} INFO - [2023-12-06T11:53:36.664+0700] {dagbag.py:538} INFO - Filling up the DagBag from /opt/anaconda3/lib/python3.8/site-packages/airflow/example_dags/example_branch_operator.py
[2023-12-06T11:53:36.794+0700] {processor.py:753} INFO - DAG(s) dict_keys(['example_branch_operator']) retrieved from /opt/anaconda3/lib/python3.8/site-packages/airflow/example_dags/example_branch_operator.py
[2023-12-06T11:53:37.656+0700] {logging_mixin.py:137} INFO - [2023-12-06T11:53:37.655+0700] {dag.py:2676} INFO - Sync 1 DAGs
[2023-12-06T11:53:37.680+0700] {logging_mixin.py:137} INFO - [2023-12-06T11:53:37.680+0700] {dag.py:3423} INFO - Setting next_dagrun for example_branch_operator to 2023-12-05T00:00:00+00:00, run_after=2023-12-06T00:00:00+00:00
[2023-12-06T11:53:37.701+0700] {processor.py:175} INFO - Processing /opt/anaconda3/lib/python3.8/site-packages/airflow/example_dags/example_branch_operator.py took 1.040 seconds
[2023-12-06T11:58:23.723+0700] {processor.py:153} INFO - Started process (PID=55060) to work on /opt/anaconda3/lib/python3.8/site-packages/airflow/example_dags/example_branch_operator.py
[2023-12-06T11:58:23.724+0700] {processor.py:743} INFO - Processing file /opt/anaconda3/lib/python3.8/site-packages/airflow/example_dags/example_branch_operator.py for tasks to queue
[2023-12-06T11:58:23.725+0700] {logging_mixin.py:137} INFO - [2023-12-06T11:58:23.725+0700] {dagbag.py:538} INFO - Filling up the DagBag from /opt/anaconda3/lib/python3.8/site-packages/airflow/example_dags/example_branch_operator.py
[2023-12-06T11:58:23.771+0700] {processor.py:753} INFO - DAG(s) dict_keys(['example_branch_operator']) retrieved from /opt/anaconda3/lib/python3.8/site-packages/airflow/example_dags/example_branch_operator.py
[2023-12-06T11:58:24.608+0700] {logging_mixin.py:137} INFO - [2023-12-06T11:58:24.607+0700] {dag.py:2676} INFO - Sync 1 DAGs
[2023-12-06T11:58:24.635+0700] {logging_mixin.py:137} INFO - [2023-12-06T11:58:24.635+0700] {dag.py:3423} INFO - Setting next_dagrun for example_branch_operator to 2023-12-05T00:00:00+00:00, run_after=2023-12-06T00:00:00+00:00
[2023-12-06T11:58:24.661+0700] {processor.py:175} INFO - Processing /opt/anaconda3/lib/python3.8/site-packages/airflow/example_dags/example_branch_operator.py took 0.939 seconds
[2023-12-06T12:03:13.272+0700] {processor.py:153} INFO - Started process (PID=58130) to work on /opt/anaconda3/lib/python3.8/site-packages/airflow/example_dags/example_branch_operator.py
[2023-12-06T12:03:13.274+0700] {processor.py:743} INFO - Processing file /opt/anaconda3/lib/python3.8/site-packages/airflow/example_dags/example_branch_operator.py for tasks to queue
[2023-12-06T12:03:13.274+0700] {logging_mixin.py:137} INFO - [2023-12-06T12:03:13.274+0700] {dagbag.py:538} INFO - Filling up the DagBag from /opt/anaconda3/lib/python3.8/site-packages/airflow/example_dags/example_branch_operator.py
[2023-12-06T12:03:13.316+0700] {processor.py:753} INFO - DAG(s) dict_keys(['example_branch_operator']) retrieved from /opt/anaconda3/lib/python3.8/site-packages/airflow/example_dags/example_branch_operator.py
[2023-12-06T12:03:14.064+0700] {logging_mixin.py:137} INFO - [2023-12-06T12:03:14.064+0700] {dag.py:2676} INFO - Sync 1 DAGs
[2023-12-06T12:03:14.084+0700] {logging_mixin.py:137} INFO - [2023-12-06T12:03:14.083+0700] {dag.py:3423} INFO - Setting next_dagrun for example_branch_operator to 2023-12-05T00:00:00+00:00, run_after=2023-12-06T00:00:00+00:00
[2023-12-06T12:03:14.103+0700] {processor.py:175} INFO - Processing /opt/anaconda3/lib/python3.8/site-packages/airflow/example_dags/example_branch_operator.py took 0.832 seconds
[2023-12-06T15:17:08.052+0700] {processor.py:153} INFO - Started process (PID=62616) to work on /opt/anaconda3/lib/python3.8/site-packages/airflow/example_dags/example_branch_operator.py
[2023-12-06T15:17:08.054+0700] {processor.py:743} INFO - Processing file /opt/anaconda3/lib/python3.8/site-packages/airflow/example_dags/example_branch_operator.py for tasks to queue
[2023-12-06T15:17:08.055+0700] {logging_mixin.py:137} INFO - [2023-12-06T15:17:08.055+0700] {dagbag.py:538} INFO - Filling up the DagBag from /opt/anaconda3/lib/python3.8/site-packages/airflow/example_dags/example_branch_operator.py
[2023-12-06T15:17:08.122+0700] {processor.py:753} INFO - DAG(s) dict_keys(['example_branch_operator']) retrieved from /opt/anaconda3/lib/python3.8/site-packages/airflow/example_dags/example_branch_operator.py
[2023-12-06T15:17:09.294+0700] {logging_mixin.py:137} INFO - [2023-12-06T15:17:09.287+0700] {dag.py:2676} INFO - Sync 1 DAGs
[2023-12-06T15:17:09.369+0700] {logging_mixin.py:137} INFO - [2023-12-06T15:17:09.369+0700] {dag.py:3423} INFO - Setting next_dagrun for example_branch_operator to 2023-12-05T00:00:00+00:00, run_after=2023-12-06T00:00:00+00:00
[2023-12-06T15:17:09.413+0700] {processor.py:175} INFO - Processing /opt/anaconda3/lib/python3.8/site-packages/airflow/example_dags/example_branch_operator.py took 1.363 seconds
[2023-12-06T15:21:50.950+0700] {processor.py:153} INFO - Started process (PID=65683) to work on /opt/anaconda3/lib/python3.8/site-packages/airflow/example_dags/example_branch_operator.py
[2023-12-06T15:21:50.952+0700] {processor.py:743} INFO - Processing file /opt/anaconda3/lib/python3.8/site-packages/airflow/example_dags/example_branch_operator.py for tasks to queue
[2023-12-06T15:21:50.953+0700] {logging_mixin.py:137} INFO - [2023-12-06T15:21:50.953+0700] {dagbag.py:538} INFO - Filling up the DagBag from /opt/anaconda3/lib/python3.8/site-packages/airflow/example_dags/example_branch_operator.py
[2023-12-06T15:21:51.006+0700] {processor.py:753} INFO - DAG(s) dict_keys(['example_branch_operator']) retrieved from /opt/anaconda3/lib/python3.8/site-packages/airflow/example_dags/example_branch_operator.py
[2023-12-06T15:21:52.015+0700] {logging_mixin.py:137} INFO - [2023-12-06T15:21:52.015+0700] {dag.py:2676} INFO - Sync 1 DAGs
[2023-12-06T15:21:52.039+0700] {logging_mixin.py:137} INFO - [2023-12-06T15:21:52.038+0700] {dag.py:3423} INFO - Setting next_dagrun for example_branch_operator to 2023-12-05T00:00:00+00:00, run_after=2023-12-06T00:00:00+00:00
[2023-12-06T15:21:52.065+0700] {processor.py:175} INFO - Processing /opt/anaconda3/lib/python3.8/site-packages/airflow/example_dags/example_branch_operator.py took 1.116 seconds
[2023-12-06T15:26:45.870+0700] {processor.py:153} INFO - Started process (PID=68853) to work on /opt/anaconda3/lib/python3.8/site-packages/airflow/example_dags/example_branch_operator.py
[2023-12-06T15:26:45.872+0700] {processor.py:743} INFO - Processing file /opt/anaconda3/lib/python3.8/site-packages/airflow/example_dags/example_branch_operator.py for tasks to queue
[2023-12-06T15:26:45.873+0700] {logging_mixin.py:137} INFO - [2023-12-06T15:26:45.873+0700] {dagbag.py:538} INFO - Filling up the DagBag from /opt/anaconda3/lib/python3.8/site-packages/airflow/example_dags/example_branch_operator.py
[2023-12-06T15:26:45.920+0700] {processor.py:753} INFO - DAG(s) dict_keys(['example_branch_operator']) retrieved from /opt/anaconda3/lib/python3.8/site-packages/airflow/example_dags/example_branch_operator.py
[2023-12-06T15:26:46.746+0700] {logging_mixin.py:137} INFO - [2023-12-06T15:26:46.746+0700] {dag.py:2676} INFO - Sync 1 DAGs
[2023-12-06T15:26:46.766+0700] {logging_mixin.py:137} INFO - [2023-12-06T15:26:46.766+0700] {dag.py:3423} INFO - Setting next_dagrun for example_branch_operator to 2023-12-05T00:00:00+00:00, run_after=2023-12-06T00:00:00+00:00
[2023-12-06T15:26:46.787+0700] {processor.py:175} INFO - Processing /opt/anaconda3/lib/python3.8/site-packages/airflow/example_dags/example_branch_operator.py took 0.918 seconds
[2023-12-06T15:31:33.236+0700] {processor.py:153} INFO - Started process (PID=71912) to work on /opt/anaconda3/lib/python3.8/site-packages/airflow/example_dags/example_branch_operator.py
[2023-12-06T15:31:33.239+0700] {processor.py:743} INFO - Processing file /opt/anaconda3/lib/python3.8/site-packages/airflow/example_dags/example_branch_operator.py for tasks to queue
[2023-12-06T15:31:33.240+0700] {logging_mixin.py:137} INFO - [2023-12-06T15:31:33.240+0700] {dagbag.py:538} INFO - Filling up the DagBag from /opt/anaconda3/lib/python3.8/site-packages/airflow/example_dags/example_branch_operator.py
[2023-12-06T15:31:33.332+0700] {processor.py:753} INFO - DAG(s) dict_keys(['example_branch_operator']) retrieved from /opt/anaconda3/lib/python3.8/site-packages/airflow/example_dags/example_branch_operator.py
[2023-12-06T15:31:34.326+0700] {logging_mixin.py:137} INFO - [2023-12-06T15:31:34.326+0700] {dag.py:2676} INFO - Sync 1 DAGs
[2023-12-06T15:31:34.349+0700] {logging_mixin.py:137} INFO - [2023-12-06T15:31:34.348+0700] {dag.py:3423} INFO - Setting next_dagrun for example_branch_operator to 2023-12-05T00:00:00+00:00, run_after=2023-12-06T00:00:00+00:00
[2023-12-06T15:31:34.370+0700] {processor.py:175} INFO - Processing /opt/anaconda3/lib/python3.8/site-packages/airflow/example_dags/example_branch_operator.py took 1.136 seconds
[2023-12-06T15:36:24.519+0700] {processor.py:153} INFO - Started process (PID=75037) to work on /opt/anaconda3/lib/python3.8/site-packages/airflow/example_dags/example_branch_operator.py
[2023-12-06T15:36:24.520+0700] {processor.py:743} INFO - Processing file /opt/anaconda3/lib/python3.8/site-packages/airflow/example_dags/example_branch_operator.py for tasks to queue
[2023-12-06T15:36:24.521+0700] {logging_mixin.py:137} INFO - [2023-12-06T15:36:24.521+0700] {dagbag.py:538} INFO - Filling up the DagBag from /opt/anaconda3/lib/python3.8/site-packages/airflow/example_dags/example_branch_operator.py
[2023-12-06T15:36:24.566+0700] {processor.py:753} INFO - DAG(s) dict_keys(['example_branch_operator']) retrieved from /opt/anaconda3/lib/python3.8/site-packages/airflow/example_dags/example_branch_operator.py
[2023-12-06T15:36:25.404+0700] {logging_mixin.py:137} INFO - [2023-12-06T15:36:25.403+0700] {dag.py:2676} INFO - Sync 1 DAGs
[2023-12-06T15:36:25.423+0700] {logging_mixin.py:137} INFO - [2023-12-06T15:36:25.423+0700] {dag.py:3423} INFO - Setting next_dagrun for example_branch_operator to 2023-12-05T00:00:00+00:00, run_after=2023-12-06T00:00:00+00:00
[2023-12-06T15:36:25.442+0700] {processor.py:175} INFO - Processing /opt/anaconda3/lib/python3.8/site-packages/airflow/example_dags/example_branch_operator.py took 0.924 seconds
