[2023-12-06T10:18:41.557+0700] {processor.py:153} INFO - Started process (PID=92298) to work on /opt/anaconda3/lib/python3.8/site-packages/airflow/example_dags/example_branch_day_of_week_operator.py
[2023-12-06T10:18:41.558+0700] {processor.py:743} INFO - Processing file /opt/anaconda3/lib/python3.8/site-packages/airflow/example_dags/example_branch_day_of_week_operator.py for tasks to queue
[2023-12-06T10:18:41.559+0700] {logging_mixin.py:137} INFO - [2023-12-06T10:18:41.559+0700] {dagbag.py:538} INFO - Filling up the DagBag from /opt/anaconda3/lib/python3.8/site-packages/airflow/example_dags/example_branch_day_of_week_operator.py
[2023-12-06T10:18:41.601+0700] {processor.py:753} INFO - DAG(s) dict_keys(['example_weekday_branch_operator']) retrieved from /opt/anaconda3/lib/python3.8/site-packages/airflow/example_dags/example_branch_day_of_week_operator.py
[2023-12-06T10:18:42.524+0700] {logging_mixin.py:137} INFO - [2023-12-06T10:18:42.523+0700] {dag.py:2676} INFO - Sync 1 DAGs
[2023-12-06T10:18:42.546+0700] {logging_mixin.py:137} INFO - [2023-12-06T10:18:42.546+0700] {dag.py:3423} INFO - Setting next_dagrun for example_weekday_branch_operator to 2023-12-05T00:00:00+00:00, run_after=2023-12-06T00:00:00+00:00
[2023-12-06T10:18:42.567+0700] {processor.py:175} INFO - Processing /opt/anaconda3/lib/python3.8/site-packages/airflow/example_dags/example_branch_day_of_week_operator.py took 1.011 seconds
[2023-12-06T10:29:10.527+0700] {processor.py:153} INFO - Started process (PID=99255) to work on /opt/anaconda3/lib/python3.8/site-packages/airflow/example_dags/example_branch_day_of_week_operator.py
[2023-12-06T10:29:10.529+0700] {processor.py:743} INFO - Processing file /opt/anaconda3/lib/python3.8/site-packages/airflow/example_dags/example_branch_day_of_week_operator.py for tasks to queue
[2023-12-06T10:29:10.529+0700] {logging_mixin.py:137} INFO - [2023-12-06T10:29:10.529+0700] {dagbag.py:538} INFO - Filling up the DagBag from /opt/anaconda3/lib/python3.8/site-packages/airflow/example_dags/example_branch_day_of_week_operator.py
[2023-12-06T10:29:10.566+0700] {processor.py:753} INFO - DAG(s) dict_keys(['example_weekday_branch_operator']) retrieved from /opt/anaconda3/lib/python3.8/site-packages/airflow/example_dags/example_branch_day_of_week_operator.py
[2023-12-06T10:29:11.427+0700] {logging_mixin.py:137} INFO - [2023-12-06T10:29:11.427+0700] {dag.py:2676} INFO - Sync 1 DAGs
[2023-12-06T10:29:11.449+0700] {logging_mixin.py:137} INFO - [2023-12-06T10:29:11.449+0700] {dag.py:3423} INFO - Setting next_dagrun for example_weekday_branch_operator to 2023-12-05T00:00:00+00:00, run_after=2023-12-06T00:00:00+00:00
[2023-12-06T10:29:11.467+0700] {processor.py:175} INFO - Processing /opt/anaconda3/lib/python3.8/site-packages/airflow/example_dags/example_branch_day_of_week_operator.py took 0.940 seconds
[2023-12-06T10:45:40.243+0700] {processor.py:153} INFO - Started process (PID=7971) to work on /opt/anaconda3/lib/python3.8/site-packages/airflow/example_dags/example_branch_day_of_week_operator.py
[2023-12-06T10:45:40.245+0700] {processor.py:743} INFO - Processing file /opt/anaconda3/lib/python3.8/site-packages/airflow/example_dags/example_branch_day_of_week_operator.py for tasks to queue
[2023-12-06T10:45:40.246+0700] {logging_mixin.py:137} INFO - [2023-12-06T10:45:40.246+0700] {dagbag.py:538} INFO - Filling up the DagBag from /opt/anaconda3/lib/python3.8/site-packages/airflow/example_dags/example_branch_day_of_week_operator.py
[2023-12-06T10:45:40.294+0700] {processor.py:753} INFO - DAG(s) dict_keys(['example_weekday_branch_operator']) retrieved from /opt/anaconda3/lib/python3.8/site-packages/airflow/example_dags/example_branch_day_of_week_operator.py
[2023-12-06T10:45:41.311+0700] {logging_mixin.py:137} INFO - [2023-12-06T10:45:41.310+0700] {dag.py:2676} INFO - Sync 1 DAGs
[2023-12-06T10:45:41.333+0700] {logging_mixin.py:137} INFO - [2023-12-06T10:45:41.333+0700] {dag.py:3423} INFO - Setting next_dagrun for example_weekday_branch_operator to 2023-12-05T00:00:00+00:00, run_after=2023-12-06T00:00:00+00:00
[2023-12-06T10:45:41.360+0700] {processor.py:175} INFO - Processing /opt/anaconda3/lib/python3.8/site-packages/airflow/example_dags/example_branch_day_of_week_operator.py took 1.117 seconds
[2023-12-06T10:52:57.069+0700] {processor.py:153} INFO - Started process (PID=12882) to work on /opt/anaconda3/lib/python3.8/site-packages/airflow/example_dags/example_branch_day_of_week_operator.py
[2023-12-06T10:52:57.071+0700] {processor.py:743} INFO - Processing file /opt/anaconda3/lib/python3.8/site-packages/airflow/example_dags/example_branch_day_of_week_operator.py for tasks to queue
[2023-12-06T10:52:57.072+0700] {logging_mixin.py:137} INFO - [2023-12-06T10:52:57.072+0700] {dagbag.py:538} INFO - Filling up the DagBag from /opt/anaconda3/lib/python3.8/site-packages/airflow/example_dags/example_branch_day_of_week_operator.py
[2023-12-06T10:52:57.118+0700] {processor.py:753} INFO - DAG(s) dict_keys(['example_weekday_branch_operator']) retrieved from /opt/anaconda3/lib/python3.8/site-packages/airflow/example_dags/example_branch_day_of_week_operator.py
[2023-12-06T10:52:58.136+0700] {logging_mixin.py:137} INFO - [2023-12-06T10:52:58.136+0700] {dag.py:2676} INFO - Sync 1 DAGs
[2023-12-06T10:52:58.165+0700] {logging_mixin.py:137} INFO - [2023-12-06T10:52:58.165+0700] {dag.py:3423} INFO - Setting next_dagrun for example_weekday_branch_operator to 2023-12-05T00:00:00+00:00, run_after=2023-12-06T00:00:00+00:00
[2023-12-06T10:52:58.190+0700] {processor.py:175} INFO - Processing /opt/anaconda3/lib/python3.8/site-packages/airflow/example_dags/example_branch_day_of_week_operator.py took 1.122 seconds
[2023-12-06T10:59:07.523+0700] {processor.py:153} INFO - Started process (PID=16746) to work on /opt/anaconda3/lib/python3.8/site-packages/airflow/example_dags/example_branch_day_of_week_operator.py
[2023-12-06T10:59:07.528+0700] {processor.py:743} INFO - Processing file /opt/anaconda3/lib/python3.8/site-packages/airflow/example_dags/example_branch_day_of_week_operator.py for tasks to queue
[2023-12-06T10:59:07.533+0700] {logging_mixin.py:137} INFO - [2023-12-06T10:59:07.529+0700] {dagbag.py:538} INFO - Filling up the DagBag from /opt/anaconda3/lib/python3.8/site-packages/airflow/example_dags/example_branch_day_of_week_operator.py
[2023-12-06T10:59:07.728+0700] {processor.py:753} INFO - DAG(s) dict_keys(['example_weekday_branch_operator']) retrieved from /opt/anaconda3/lib/python3.8/site-packages/airflow/example_dags/example_branch_day_of_week_operator.py
[2023-12-06T10:59:10.106+0700] {logging_mixin.py:137} INFO - [2023-12-06T10:59:10.105+0700] {dag.py:2676} INFO - Sync 1 DAGs
[2023-12-06T10:59:10.161+0700] {logging_mixin.py:137} INFO - [2023-12-06T10:59:10.160+0700] {dag.py:3423} INFO - Setting next_dagrun for example_weekday_branch_operator to 2023-12-05T00:00:00+00:00, run_after=2023-12-06T00:00:00+00:00
[2023-12-06T10:59:10.212+0700] {processor.py:175} INFO - Processing /opt/anaconda3/lib/python3.8/site-packages/airflow/example_dags/example_branch_day_of_week_operator.py took 2.691 seconds
[2023-12-06T11:08:20.055+0700] {processor.py:153} INFO - Started process (PID=22695) to work on /opt/anaconda3/lib/python3.8/site-packages/airflow/example_dags/example_branch_day_of_week_operator.py
[2023-12-06T11:08:20.056+0700] {processor.py:743} INFO - Processing file /opt/anaconda3/lib/python3.8/site-packages/airflow/example_dags/example_branch_day_of_week_operator.py for tasks to queue
[2023-12-06T11:08:20.057+0700] {logging_mixin.py:137} INFO - [2023-12-06T11:08:20.057+0700] {dagbag.py:538} INFO - Filling up the DagBag from /opt/anaconda3/lib/python3.8/site-packages/airflow/example_dags/example_branch_day_of_week_operator.py
[2023-12-06T11:08:20.106+0700] {processor.py:753} INFO - DAG(s) dict_keys(['example_weekday_branch_operator']) retrieved from /opt/anaconda3/lib/python3.8/site-packages/airflow/example_dags/example_branch_day_of_week_operator.py
[2023-12-06T11:08:21.507+0700] {logging_mixin.py:137} INFO - [2023-12-06T11:08:21.507+0700] {dag.py:2676} INFO - Sync 1 DAGs
[2023-12-06T11:08:21.534+0700] {logging_mixin.py:137} INFO - [2023-12-06T11:08:21.534+0700] {dag.py:3423} INFO - Setting next_dagrun for example_weekday_branch_operator to 2023-12-05T00:00:00+00:00, run_after=2023-12-06T00:00:00+00:00
[2023-12-06T11:08:21.558+0700] {processor.py:175} INFO - Processing /opt/anaconda3/lib/python3.8/site-packages/airflow/example_dags/example_branch_day_of_week_operator.py took 1.504 seconds
[2023-12-06T11:16:30.955+0700] {processor.py:153} INFO - Started process (PID=28141) to work on /opt/anaconda3/lib/python3.8/site-packages/airflow/example_dags/example_branch_day_of_week_operator.py
[2023-12-06T11:16:30.958+0700] {processor.py:743} INFO - Processing file /opt/anaconda3/lib/python3.8/site-packages/airflow/example_dags/example_branch_day_of_week_operator.py for tasks to queue
[2023-12-06T11:16:30.961+0700] {logging_mixin.py:137} INFO - [2023-12-06T11:16:30.960+0700] {dagbag.py:538} INFO - Filling up the DagBag from /opt/anaconda3/lib/python3.8/site-packages/airflow/example_dags/example_branch_day_of_week_operator.py
[2023-12-06T11:16:31.117+0700] {processor.py:753} INFO - DAG(s) dict_keys(['example_weekday_branch_operator']) retrieved from /opt/anaconda3/lib/python3.8/site-packages/airflow/example_dags/example_branch_day_of_week_operator.py
[2023-12-06T11:16:32.347+0700] {logging_mixin.py:137} INFO - [2023-12-06T11:16:32.346+0700] {dag.py:2676} INFO - Sync 1 DAGs
[2023-12-06T11:16:32.371+0700] {logging_mixin.py:137} INFO - [2023-12-06T11:16:32.371+0700] {dag.py:3423} INFO - Setting next_dagrun for example_weekday_branch_operator to 2023-12-05T00:00:00+00:00, run_after=2023-12-06T00:00:00+00:00
[2023-12-06T11:16:32.397+0700] {processor.py:175} INFO - Processing /opt/anaconda3/lib/python3.8/site-packages/airflow/example_dags/example_branch_day_of_week_operator.py took 1.443 seconds
[2023-12-06T11:22:25.102+0700] {processor.py:153} INFO - Started process (PID=31887) to work on /opt/anaconda3/lib/python3.8/site-packages/airflow/example_dags/example_branch_day_of_week_operator.py
[2023-12-06T11:22:25.104+0700] {processor.py:743} INFO - Processing file /opt/anaconda3/lib/python3.8/site-packages/airflow/example_dags/example_branch_day_of_week_operator.py for tasks to queue
[2023-12-06T11:22:25.105+0700] {logging_mixin.py:137} INFO - [2023-12-06T11:22:25.105+0700] {dagbag.py:538} INFO - Filling up the DagBag from /opt/anaconda3/lib/python3.8/site-packages/airflow/example_dags/example_branch_day_of_week_operator.py
[2023-12-06T11:22:25.146+0700] {processor.py:753} INFO - DAG(s) dict_keys(['example_weekday_branch_operator']) retrieved from /opt/anaconda3/lib/python3.8/site-packages/airflow/example_dags/example_branch_day_of_week_operator.py
[2023-12-06T11:22:26.163+0700] {logging_mixin.py:137} INFO - [2023-12-06T11:22:26.162+0700] {dag.py:2676} INFO - Sync 1 DAGs
[2023-12-06T11:22:26.190+0700] {logging_mixin.py:137} INFO - [2023-12-06T11:22:26.189+0700] {dag.py:3423} INFO - Setting next_dagrun for example_weekday_branch_operator to 2023-12-05T00:00:00+00:00, run_after=2023-12-06T00:00:00+00:00
[2023-12-06T11:22:26.211+0700] {processor.py:175} INFO - Processing /opt/anaconda3/lib/python3.8/site-packages/airflow/example_dags/example_branch_day_of_week_operator.py took 1.109 seconds
[2023-12-06T11:28:24.055+0700] {processor.py:153} INFO - Started process (PID=35721) to work on /opt/anaconda3/lib/python3.8/site-packages/airflow/example_dags/example_branch_day_of_week_operator.py
[2023-12-06T11:28:24.057+0700] {processor.py:743} INFO - Processing file /opt/anaconda3/lib/python3.8/site-packages/airflow/example_dags/example_branch_day_of_week_operator.py for tasks to queue
[2023-12-06T11:28:24.059+0700] {logging_mixin.py:137} INFO - [2023-12-06T11:28:24.058+0700] {dagbag.py:538} INFO - Filling up the DagBag from /opt/anaconda3/lib/python3.8/site-packages/airflow/example_dags/example_branch_day_of_week_operator.py
[2023-12-06T11:28:24.103+0700] {processor.py:753} INFO - DAG(s) dict_keys(['example_weekday_branch_operator']) retrieved from /opt/anaconda3/lib/python3.8/site-packages/airflow/example_dags/example_branch_day_of_week_operator.py
[2023-12-06T11:28:25.072+0700] {logging_mixin.py:137} INFO - [2023-12-06T11:28:25.072+0700] {dag.py:2676} INFO - Sync 1 DAGs
[2023-12-06T11:28:25.105+0700] {logging_mixin.py:137} INFO - [2023-12-06T11:28:25.105+0700] {dag.py:3423} INFO - Setting next_dagrun for example_weekday_branch_operator to 2023-12-05T00:00:00+00:00, run_after=2023-12-06T00:00:00+00:00
[2023-12-06T11:28:25.126+0700] {processor.py:175} INFO - Processing /opt/anaconda3/lib/python3.8/site-packages/airflow/example_dags/example_branch_day_of_week_operator.py took 1.072 seconds
[2023-12-06T11:35:54.105+0700] {processor.py:153} INFO - Started process (PID=40540) to work on /opt/anaconda3/lib/python3.8/site-packages/airflow/example_dags/example_branch_day_of_week_operator.py
[2023-12-06T11:35:54.108+0700] {processor.py:743} INFO - Processing file /opt/anaconda3/lib/python3.8/site-packages/airflow/example_dags/example_branch_day_of_week_operator.py for tasks to queue
[2023-12-06T11:35:54.108+0700] {logging_mixin.py:137} INFO - [2023-12-06T11:35:54.108+0700] {dagbag.py:538} INFO - Filling up the DagBag from /opt/anaconda3/lib/python3.8/site-packages/airflow/example_dags/example_branch_day_of_week_operator.py
[2023-12-06T11:35:54.158+0700] {processor.py:753} INFO - DAG(s) dict_keys(['example_weekday_branch_operator']) retrieved from /opt/anaconda3/lib/python3.8/site-packages/airflow/example_dags/example_branch_day_of_week_operator.py
[2023-12-06T11:35:57.127+0700] {logging_mixin.py:137} INFO - [2023-12-06T11:35:57.126+0700] {dag.py:2676} INFO - Sync 1 DAGs
[2023-12-06T11:35:57.148+0700] {logging_mixin.py:137} INFO - [2023-12-06T11:35:57.148+0700] {dag.py:3423} INFO - Setting next_dagrun for example_weekday_branch_operator to 2023-12-05T00:00:00+00:00, run_after=2023-12-06T00:00:00+00:00
[2023-12-06T11:35:57.171+0700] {processor.py:175} INFO - Processing /opt/anaconda3/lib/python3.8/site-packages/airflow/example_dags/example_branch_day_of_week_operator.py took 3.069 seconds
[2023-12-06T11:43:58.854+0700] {processor.py:153} INFO - Started process (PID=45804) to work on /opt/anaconda3/lib/python3.8/site-packages/airflow/example_dags/example_branch_day_of_week_operator.py
[2023-12-06T11:43:58.855+0700] {processor.py:743} INFO - Processing file /opt/anaconda3/lib/python3.8/site-packages/airflow/example_dags/example_branch_day_of_week_operator.py for tasks to queue
[2023-12-06T11:43:58.856+0700] {logging_mixin.py:137} INFO - [2023-12-06T11:43:58.856+0700] {dagbag.py:538} INFO - Filling up the DagBag from /opt/anaconda3/lib/python3.8/site-packages/airflow/example_dags/example_branch_day_of_week_operator.py
[2023-12-06T11:43:58.895+0700] {processor.py:753} INFO - DAG(s) dict_keys(['example_weekday_branch_operator']) retrieved from /opt/anaconda3/lib/python3.8/site-packages/airflow/example_dags/example_branch_day_of_week_operator.py
[2023-12-06T11:44:00.278+0700] {logging_mixin.py:137} INFO - [2023-12-06T11:44:00.278+0700] {dag.py:2676} INFO - Sync 1 DAGs
[2023-12-06T11:44:00.302+0700] {logging_mixin.py:137} INFO - [2023-12-06T11:44:00.302+0700] {dag.py:3423} INFO - Setting next_dagrun for example_weekday_branch_operator to 2023-12-05T00:00:00+00:00, run_after=2023-12-06T00:00:00+00:00
[2023-12-06T11:44:00.324+0700] {processor.py:175} INFO - Processing /opt/anaconda3/lib/python3.8/site-packages/airflow/example_dags/example_branch_day_of_week_operator.py took 1.471 seconds
[2023-12-06T11:50:47.548+0700] {processor.py:153} INFO - Started process (PID=50191) to work on /opt/anaconda3/lib/python3.8/site-packages/airflow/example_dags/example_branch_day_of_week_operator.py
[2023-12-06T11:50:47.550+0700] {processor.py:743} INFO - Processing file /opt/anaconda3/lib/python3.8/site-packages/airflow/example_dags/example_branch_day_of_week_operator.py for tasks to queue
[2023-12-06T11:50:47.551+0700] {logging_mixin.py:137} INFO - [2023-12-06T11:50:47.551+0700] {dagbag.py:538} INFO - Filling up the DagBag from /opt/anaconda3/lib/python3.8/site-packages/airflow/example_dags/example_branch_day_of_week_operator.py
[2023-12-06T11:50:47.591+0700] {processor.py:753} INFO - DAG(s) dict_keys(['example_weekday_branch_operator']) retrieved from /opt/anaconda3/lib/python3.8/site-packages/airflow/example_dags/example_branch_day_of_week_operator.py
[2023-12-06T11:50:49.217+0700] {logging_mixin.py:137} INFO - [2023-12-06T11:50:49.216+0700] {dag.py:2676} INFO - Sync 1 DAGs
[2023-12-06T11:50:49.239+0700] {logging_mixin.py:137} INFO - [2023-12-06T11:50:49.239+0700] {dag.py:3423} INFO - Setting next_dagrun for example_weekday_branch_operator to 2023-12-05T00:00:00+00:00, run_after=2023-12-06T00:00:00+00:00
[2023-12-06T11:50:49.274+0700] {processor.py:175} INFO - Processing /opt/anaconda3/lib/python3.8/site-packages/airflow/example_dags/example_branch_day_of_week_operator.py took 1.727 seconds
[2023-12-06T11:55:48.754+0700] {processor.py:153} INFO - Started process (PID=53363) to work on /opt/anaconda3/lib/python3.8/site-packages/airflow/example_dags/example_branch_day_of_week_operator.py
[2023-12-06T11:55:48.757+0700] {processor.py:743} INFO - Processing file /opt/anaconda3/lib/python3.8/site-packages/airflow/example_dags/example_branch_day_of_week_operator.py for tasks to queue
[2023-12-06T11:55:48.757+0700] {logging_mixin.py:137} INFO - [2023-12-06T11:55:48.757+0700] {dagbag.py:538} INFO - Filling up the DagBag from /opt/anaconda3/lib/python3.8/site-packages/airflow/example_dags/example_branch_day_of_week_operator.py
[2023-12-06T11:55:48.798+0700] {processor.py:753} INFO - DAG(s) dict_keys(['example_weekday_branch_operator']) retrieved from /opt/anaconda3/lib/python3.8/site-packages/airflow/example_dags/example_branch_day_of_week_operator.py
[2023-12-06T11:55:49.780+0700] {logging_mixin.py:137} INFO - [2023-12-06T11:55:49.780+0700] {dag.py:2676} INFO - Sync 1 DAGs
[2023-12-06T11:55:49.801+0700] {logging_mixin.py:137} INFO - [2023-12-06T11:55:49.801+0700] {dag.py:3423} INFO - Setting next_dagrun for example_weekday_branch_operator to 2023-12-05T00:00:00+00:00, run_after=2023-12-06T00:00:00+00:00
[2023-12-06T11:55:49.824+0700] {processor.py:175} INFO - Processing /opt/anaconda3/lib/python3.8/site-packages/airflow/example_dags/example_branch_day_of_week_operator.py took 1.071 seconds
[2023-12-06T12:00:43.963+0700] {processor.py:153} INFO - Started process (PID=56544) to work on /opt/anaconda3/lib/python3.8/site-packages/airflow/example_dags/example_branch_day_of_week_operator.py
[2023-12-06T12:00:43.965+0700] {processor.py:743} INFO - Processing file /opt/anaconda3/lib/python3.8/site-packages/airflow/example_dags/example_branch_day_of_week_operator.py for tasks to queue
[2023-12-06T12:00:43.966+0700] {logging_mixin.py:137} INFO - [2023-12-06T12:00:43.966+0700] {dagbag.py:538} INFO - Filling up the DagBag from /opt/anaconda3/lib/python3.8/site-packages/airflow/example_dags/example_branch_day_of_week_operator.py
[2023-12-06T12:00:44.002+0700] {processor.py:753} INFO - DAG(s) dict_keys(['example_weekday_branch_operator']) retrieved from /opt/anaconda3/lib/python3.8/site-packages/airflow/example_dags/example_branch_day_of_week_operator.py
[2023-12-06T12:00:44.787+0700] {logging_mixin.py:137} INFO - [2023-12-06T12:00:44.787+0700] {dag.py:2676} INFO - Sync 1 DAGs
[2023-12-06T12:00:44.807+0700] {logging_mixin.py:137} INFO - [2023-12-06T12:00:44.807+0700] {dag.py:3423} INFO - Setting next_dagrun for example_weekday_branch_operator to 2023-12-05T00:00:00+00:00, run_after=2023-12-06T00:00:00+00:00
[2023-12-06T12:00:44.828+0700] {processor.py:175} INFO - Processing /opt/anaconda3/lib/python3.8/site-packages/airflow/example_dags/example_branch_day_of_week_operator.py took 0.865 seconds
[2023-12-06T15:14:31.376+0700] {processor.py:153} INFO - Started process (PID=60919) to work on /opt/anaconda3/lib/python3.8/site-packages/airflow/example_dags/example_branch_day_of_week_operator.py
[2023-12-06T15:14:31.377+0700] {processor.py:743} INFO - Processing file /opt/anaconda3/lib/python3.8/site-packages/airflow/example_dags/example_branch_day_of_week_operator.py for tasks to queue
[2023-12-06T15:14:31.378+0700] {logging_mixin.py:137} INFO - [2023-12-06T15:14:31.378+0700] {dagbag.py:538} INFO - Filling up the DagBag from /opt/anaconda3/lib/python3.8/site-packages/airflow/example_dags/example_branch_day_of_week_operator.py
[2023-12-06T15:14:31.415+0700] {processor.py:753} INFO - DAG(s) dict_keys(['example_weekday_branch_operator']) retrieved from /opt/anaconda3/lib/python3.8/site-packages/airflow/example_dags/example_branch_day_of_week_operator.py
[2023-12-06T15:14:32.171+0700] {logging_mixin.py:137} INFO - [2023-12-06T15:14:32.171+0700] {dag.py:2676} INFO - Sync 1 DAGs
[2023-12-06T15:14:32.190+0700] {logging_mixin.py:137} INFO - [2023-12-06T15:14:32.190+0700] {dag.py:3423} INFO - Setting next_dagrun for example_weekday_branch_operator to 2023-12-05T00:00:00+00:00, run_after=2023-12-06T00:00:00+00:00
[2023-12-06T15:14:32.210+0700] {processor.py:175} INFO - Processing /opt/anaconda3/lib/python3.8/site-packages/airflow/example_dags/example_branch_day_of_week_operator.py took 0.835 seconds
[2023-12-06T15:19:19.090+0700] {processor.py:153} INFO - Started process (PID=64073) to work on /opt/anaconda3/lib/python3.8/site-packages/airflow/example_dags/example_branch_day_of_week_operator.py
[2023-12-06T15:19:19.092+0700] {processor.py:743} INFO - Processing file /opt/anaconda3/lib/python3.8/site-packages/airflow/example_dags/example_branch_day_of_week_operator.py for tasks to queue
[2023-12-06T15:19:19.092+0700] {logging_mixin.py:137} INFO - [2023-12-06T15:19:19.092+0700] {dagbag.py:538} INFO - Filling up the DagBag from /opt/anaconda3/lib/python3.8/site-packages/airflow/example_dags/example_branch_day_of_week_operator.py
[2023-12-06T15:19:19.124+0700] {processor.py:753} INFO - DAG(s) dict_keys(['example_weekday_branch_operator']) retrieved from /opt/anaconda3/lib/python3.8/site-packages/airflow/example_dags/example_branch_day_of_week_operator.py
[2023-12-06T15:19:19.876+0700] {logging_mixin.py:137} INFO - [2023-12-06T15:19:19.876+0700] {dag.py:2676} INFO - Sync 1 DAGs
[2023-12-06T15:19:19.905+0700] {logging_mixin.py:137} INFO - [2023-12-06T15:19:19.905+0700] {dag.py:3423} INFO - Setting next_dagrun for example_weekday_branch_operator to 2023-12-05T00:00:00+00:00, run_after=2023-12-06T00:00:00+00:00
[2023-12-06T15:19:19.925+0700] {processor.py:175} INFO - Processing /opt/anaconda3/lib/python3.8/site-packages/airflow/example_dags/example_branch_day_of_week_operator.py took 0.835 seconds
[2023-12-06T15:24:06.415+0700] {processor.py:153} INFO - Started process (PID=67154) to work on /opt/anaconda3/lib/python3.8/site-packages/airflow/example_dags/example_branch_day_of_week_operator.py
[2023-12-06T15:24:06.416+0700] {processor.py:743} INFO - Processing file /opt/anaconda3/lib/python3.8/site-packages/airflow/example_dags/example_branch_day_of_week_operator.py for tasks to queue
[2023-12-06T15:24:06.417+0700] {logging_mixin.py:137} INFO - [2023-12-06T15:24:06.417+0700] {dagbag.py:538} INFO - Filling up the DagBag from /opt/anaconda3/lib/python3.8/site-packages/airflow/example_dags/example_branch_day_of_week_operator.py
[2023-12-06T15:24:06.451+0700] {processor.py:753} INFO - DAG(s) dict_keys(['example_weekday_branch_operator']) retrieved from /opt/anaconda3/lib/python3.8/site-packages/airflow/example_dags/example_branch_day_of_week_operator.py
[2023-12-06T15:24:07.315+0700] {logging_mixin.py:137} INFO - [2023-12-06T15:24:07.315+0700] {dag.py:2676} INFO - Sync 1 DAGs
[2023-12-06T15:24:07.337+0700] {logging_mixin.py:137} INFO - [2023-12-06T15:24:07.336+0700] {dag.py:3423} INFO - Setting next_dagrun for example_weekday_branch_operator to 2023-12-05T00:00:00+00:00, run_after=2023-12-06T00:00:00+00:00
[2023-12-06T15:24:07.362+0700] {processor.py:175} INFO - Processing /opt/anaconda3/lib/python3.8/site-packages/airflow/example_dags/example_branch_day_of_week_operator.py took 0.948 seconds
[2023-12-06T15:28:54.999+0700] {processor.py:153} INFO - Started process (PID=70215) to work on /opt/anaconda3/lib/python3.8/site-packages/airflow/example_dags/example_branch_day_of_week_operator.py
[2023-12-06T15:28:55.001+0700] {processor.py:743} INFO - Processing file /opt/anaconda3/lib/python3.8/site-packages/airflow/example_dags/example_branch_day_of_week_operator.py for tasks to queue
[2023-12-06T15:28:55.002+0700] {logging_mixin.py:137} INFO - [2023-12-06T15:28:55.001+0700] {dagbag.py:538} INFO - Filling up the DagBag from /opt/anaconda3/lib/python3.8/site-packages/airflow/example_dags/example_branch_day_of_week_operator.py
[2023-12-06T15:28:55.036+0700] {processor.py:753} INFO - DAG(s) dict_keys(['example_weekday_branch_operator']) retrieved from /opt/anaconda3/lib/python3.8/site-packages/airflow/example_dags/example_branch_day_of_week_operator.py
[2023-12-06T15:28:55.857+0700] {logging_mixin.py:137} INFO - [2023-12-06T15:28:55.856+0700] {dag.py:2676} INFO - Sync 1 DAGs
[2023-12-06T15:28:55.880+0700] {logging_mixin.py:137} INFO - [2023-12-06T15:28:55.880+0700] {dag.py:3423} INFO - Setting next_dagrun for example_weekday_branch_operator to 2023-12-05T00:00:00+00:00, run_after=2023-12-06T00:00:00+00:00
[2023-12-06T15:28:55.900+0700] {processor.py:175} INFO - Processing /opt/anaconda3/lib/python3.8/site-packages/airflow/example_dags/example_branch_day_of_week_operator.py took 0.902 seconds
[2023-12-06T15:33:55.244+0700] {processor.py:153} INFO - Started process (PID=73417) to work on /opt/anaconda3/lib/python3.8/site-packages/airflow/example_dags/example_branch_day_of_week_operator.py
[2023-12-06T15:33:55.246+0700] {processor.py:743} INFO - Processing file /opt/anaconda3/lib/python3.8/site-packages/airflow/example_dags/example_branch_day_of_week_operator.py for tasks to queue
[2023-12-06T15:33:55.247+0700] {logging_mixin.py:137} INFO - [2023-12-06T15:33:55.247+0700] {dagbag.py:538} INFO - Filling up the DagBag from /opt/anaconda3/lib/python3.8/site-packages/airflow/example_dags/example_branch_day_of_week_operator.py
[2023-12-06T15:33:55.282+0700] {processor.py:753} INFO - DAG(s) dict_keys(['example_weekday_branch_operator']) retrieved from /opt/anaconda3/lib/python3.8/site-packages/airflow/example_dags/example_branch_day_of_week_operator.py
[2023-12-06T15:33:56.049+0700] {logging_mixin.py:137} INFO - [2023-12-06T15:33:56.049+0700] {dag.py:2676} INFO - Sync 1 DAGs
[2023-12-06T15:33:56.067+0700] {logging_mixin.py:137} INFO - [2023-12-06T15:33:56.067+0700] {dag.py:3423} INFO - Setting next_dagrun for example_weekday_branch_operator to 2023-12-05T00:00:00+00:00, run_after=2023-12-06T00:00:00+00:00
[2023-12-06T15:33:56.086+0700] {processor.py:175} INFO - Processing /opt/anaconda3/lib/python3.8/site-packages/airflow/example_dags/example_branch_day_of_week_operator.py took 0.842 seconds
[2023-12-06T15:38:32.673+0700] {processor.py:153} INFO - Started process (PID=76488) to work on /opt/anaconda3/lib/python3.8/site-packages/airflow/example_dags/example_branch_day_of_week_operator.py
[2023-12-06T15:38:32.675+0700] {processor.py:743} INFO - Processing file /opt/anaconda3/lib/python3.8/site-packages/airflow/example_dags/example_branch_day_of_week_operator.py for tasks to queue
[2023-12-06T15:38:32.676+0700] {logging_mixin.py:137} INFO - [2023-12-06T15:38:32.675+0700] {dagbag.py:538} INFO - Filling up the DagBag from /opt/anaconda3/lib/python3.8/site-packages/airflow/example_dags/example_branch_day_of_week_operator.py
[2023-12-06T15:38:32.708+0700] {processor.py:753} INFO - DAG(s) dict_keys(['example_weekday_branch_operator']) retrieved from /opt/anaconda3/lib/python3.8/site-packages/airflow/example_dags/example_branch_day_of_week_operator.py
[2023-12-06T15:38:34.075+0700] {logging_mixin.py:137} INFO - [2023-12-06T15:38:34.074+0700] {dag.py:2676} INFO - Sync 1 DAGs
[2023-12-06T15:38:34.098+0700] {logging_mixin.py:137} INFO - [2023-12-06T15:38:34.097+0700] {dag.py:3423} INFO - Setting next_dagrun for example_weekday_branch_operator to 2023-12-05T00:00:00+00:00, run_after=2023-12-06T00:00:00+00:00
[2023-12-06T15:38:34.118+0700] {processor.py:175} INFO - Processing /opt/anaconda3/lib/python3.8/site-packages/airflow/example_dags/example_branch_day_of_week_operator.py took 1.446 seconds
