[2023-12-06T10:17:11.617+0700] {processor.py:153} INFO - Started process (PID=91310) to work on /opt/anaconda3/lib/python3.8/site-packages/airflow/example_dags/example_skip_dag.py
[2023-12-06T10:17:11.618+0700] {processor.py:743} INFO - Processing file /opt/anaconda3/lib/python3.8/site-packages/airflow/example_dags/example_skip_dag.py for tasks to queue
[2023-12-06T10:17:11.618+0700] {logging_mixin.py:137} INFO - [2023-12-06T10:17:11.618+0700] {dagbag.py:538} INFO - Filling up the DagBag from /opt/anaconda3/lib/python3.8/site-packages/airflow/example_dags/example_skip_dag.py
[2023-12-06T10:17:11.650+0700] {processor.py:753} INFO - DAG(s) dict_keys(['example_skip_dag']) retrieved from /opt/anaconda3/lib/python3.8/site-packages/airflow/example_dags/example_skip_dag.py
[2023-12-06T10:17:12.517+0700] {logging_mixin.py:137} INFO - [2023-12-06T10:17:12.516+0700] {dag.py:2676} INFO - Sync 1 DAGs
[2023-12-06T10:17:12.536+0700] {logging_mixin.py:137} INFO - [2023-12-06T10:17:12.536+0700] {dag.py:3423} INFO - Setting next_dagrun for example_skip_dag to 2023-12-05T03:17:12.536178+00:00, run_after=2023-12-06T03:17:12.536178+00:00
[2023-12-06T10:17:12.558+0700] {processor.py:175} INFO - Processing /opt/anaconda3/lib/python3.8/site-packages/airflow/example_dags/example_skip_dag.py took 0.942 seconds
[2023-12-06T10:20:45.112+0700] {processor.py:153} INFO - Started process (PID=93672) to work on /opt/anaconda3/lib/python3.8/site-packages/airflow/example_dags/example_skip_dag.py
[2023-12-06T10:20:45.113+0700] {processor.py:743} INFO - Processing file /opt/anaconda3/lib/python3.8/site-packages/airflow/example_dags/example_skip_dag.py for tasks to queue
[2023-12-06T10:20:45.114+0700] {logging_mixin.py:137} INFO - [2023-12-06T10:20:45.114+0700] {dagbag.py:538} INFO - Filling up the DagBag from /opt/anaconda3/lib/python3.8/site-packages/airflow/example_dags/example_skip_dag.py
[2023-12-06T10:20:45.149+0700] {processor.py:753} INFO - DAG(s) dict_keys(['example_skip_dag']) retrieved from /opt/anaconda3/lib/python3.8/site-packages/airflow/example_dags/example_skip_dag.py
[2023-12-06T10:20:46.156+0700] {logging_mixin.py:137} INFO - [2023-12-06T10:20:46.156+0700] {dag.py:2676} INFO - Sync 1 DAGs
[2023-12-06T10:20:46.179+0700] {logging_mixin.py:137} INFO - [2023-12-06T10:20:46.179+0700] {dag.py:3423} INFO - Setting next_dagrun for example_skip_dag to 2023-12-05T03:20:46.178907+00:00, run_after=2023-12-06T03:20:46.178907+00:00
[2023-12-06T10:20:46.203+0700] {processor.py:175} INFO - Processing /opt/anaconda3/lib/python3.8/site-packages/airflow/example_dags/example_skip_dag.py took 1.091 seconds
[2023-12-06T10:25:32.459+0700] {processor.py:153} INFO - Started process (PID=96885) to work on /opt/anaconda3/lib/python3.8/site-packages/airflow/example_dags/example_skip_dag.py
[2023-12-06T10:25:32.460+0700] {processor.py:743} INFO - Processing file /opt/anaconda3/lib/python3.8/site-packages/airflow/example_dags/example_skip_dag.py for tasks to queue
[2023-12-06T10:25:32.461+0700] {logging_mixin.py:137} INFO - [2023-12-06T10:25:32.461+0700] {dagbag.py:538} INFO - Filling up the DagBag from /opt/anaconda3/lib/python3.8/site-packages/airflow/example_dags/example_skip_dag.py
[2023-12-06T10:25:32.498+0700] {processor.py:753} INFO - DAG(s) dict_keys(['example_skip_dag']) retrieved from /opt/anaconda3/lib/python3.8/site-packages/airflow/example_dags/example_skip_dag.py
[2023-12-06T10:25:33.260+0700] {logging_mixin.py:137} INFO - [2023-12-06T10:25:33.260+0700] {dag.py:2676} INFO - Sync 1 DAGs
[2023-12-06T10:25:33.276+0700] {logging_mixin.py:137} INFO - [2023-12-06T10:25:33.276+0700] {dag.py:3423} INFO - Setting next_dagrun for example_skip_dag to 2023-12-05T03:25:33.276412+00:00, run_after=2023-12-06T03:25:33.276412+00:00
[2023-12-06T10:25:33.294+0700] {processor.py:175} INFO - Processing /opt/anaconda3/lib/python3.8/site-packages/airflow/example_dags/example_skip_dag.py took 0.836 seconds
[2023-12-06T10:27:44.997+0700] {processor.py:153} INFO - Started process (PID=98330) to work on /opt/anaconda3/lib/python3.8/site-packages/airflow/example_dags/example_skip_dag.py
[2023-12-06T10:27:44.998+0700] {processor.py:743} INFO - Processing file /opt/anaconda3/lib/python3.8/site-packages/airflow/example_dags/example_skip_dag.py for tasks to queue
[2023-12-06T10:27:44.999+0700] {logging_mixin.py:137} INFO - [2023-12-06T10:27:44.999+0700] {dagbag.py:538} INFO - Filling up the DagBag from /opt/anaconda3/lib/python3.8/site-packages/airflow/example_dags/example_skip_dag.py
[2023-12-06T10:27:45.040+0700] {processor.py:753} INFO - DAG(s) dict_keys(['example_skip_dag']) retrieved from /opt/anaconda3/lib/python3.8/site-packages/airflow/example_dags/example_skip_dag.py
[2023-12-06T10:27:45.882+0700] {logging_mixin.py:137} INFO - [2023-12-06T10:27:45.882+0700] {dag.py:2676} INFO - Sync 1 DAGs
[2023-12-06T10:27:45.900+0700] {logging_mixin.py:137} INFO - [2023-12-06T10:27:45.899+0700] {dag.py:3423} INFO - Setting next_dagrun for example_skip_dag to 2023-12-05T03:27:45.899831+00:00, run_after=2023-12-06T03:27:45.899831+00:00
[2023-12-06T10:27:45.919+0700] {processor.py:175} INFO - Processing /opt/anaconda3/lib/python3.8/site-packages/airflow/example_dags/example_skip_dag.py took 0.923 seconds
[2023-12-06T10:43:35.322+0700] {processor.py:153} INFO - Started process (PID=6582) to work on /opt/anaconda3/lib/python3.8/site-packages/airflow/example_dags/example_skip_dag.py
[2023-12-06T10:43:35.326+0700] {processor.py:743} INFO - Processing file /opt/anaconda3/lib/python3.8/site-packages/airflow/example_dags/example_skip_dag.py for tasks to queue
[2023-12-06T10:43:35.327+0700] {logging_mixin.py:137} INFO - [2023-12-06T10:43:35.327+0700] {dagbag.py:538} INFO - Filling up the DagBag from /opt/anaconda3/lib/python3.8/site-packages/airflow/example_dags/example_skip_dag.py
[2023-12-06T10:43:35.387+0700] {processor.py:753} INFO - DAG(s) dict_keys(['example_skip_dag']) retrieved from /opt/anaconda3/lib/python3.8/site-packages/airflow/example_dags/example_skip_dag.py
[2023-12-06T10:43:37.433+0700] {logging_mixin.py:137} INFO - [2023-12-06T10:43:37.432+0700] {dag.py:2676} INFO - Sync 1 DAGs
[2023-12-06T10:43:37.484+0700] {logging_mixin.py:137} INFO - [2023-12-06T10:43:37.484+0700] {dag.py:3423} INFO - Setting next_dagrun for example_skip_dag to 2023-12-05T03:43:37.483904+00:00, run_after=2023-12-06T03:43:37.483904+00:00
[2023-12-06T10:43:37.536+0700] {processor.py:175} INFO - Processing /opt/anaconda3/lib/python3.8/site-packages/airflow/example_dags/example_skip_dag.py took 2.215 seconds
[2023-12-06T10:47:03.796+0700] {processor.py:153} INFO - Started process (PID=8873) to work on /opt/anaconda3/lib/python3.8/site-packages/airflow/example_dags/example_skip_dag.py
[2023-12-06T10:47:03.811+0700] {processor.py:743} INFO - Processing file /opt/anaconda3/lib/python3.8/site-packages/airflow/example_dags/example_skip_dag.py for tasks to queue
[2023-12-06T10:47:03.812+0700] {logging_mixin.py:137} INFO - [2023-12-06T10:47:03.812+0700] {dagbag.py:538} INFO - Filling up the DagBag from /opt/anaconda3/lib/python3.8/site-packages/airflow/example_dags/example_skip_dag.py
[2023-12-06T10:47:03.844+0700] {processor.py:753} INFO - DAG(s) dict_keys(['example_skip_dag']) retrieved from /opt/anaconda3/lib/python3.8/site-packages/airflow/example_dags/example_skip_dag.py
[2023-12-06T10:47:04.972+0700] {logging_mixin.py:137} INFO - [2023-12-06T10:47:04.972+0700] {dag.py:2676} INFO - Sync 1 DAGs
[2023-12-06T10:47:04.997+0700] {logging_mixin.py:137} INFO - [2023-12-06T10:47:04.997+0700] {dag.py:3423} INFO - Setting next_dagrun for example_skip_dag to 2023-12-05T03:47:04.997253+00:00, run_after=2023-12-06T03:47:04.997253+00:00
[2023-12-06T10:47:05.031+0700] {processor.py:175} INFO - Processing /opt/anaconda3/lib/python3.8/site-packages/airflow/example_dags/example_skip_dag.py took 1.236 seconds
[2023-12-06T10:51:47.349+0700] {processor.py:153} INFO - Started process (PID=12097) to work on /opt/anaconda3/lib/python3.8/site-packages/airflow/example_dags/example_skip_dag.py
[2023-12-06T10:51:47.351+0700] {processor.py:743} INFO - Processing file /opt/anaconda3/lib/python3.8/site-packages/airflow/example_dags/example_skip_dag.py for tasks to queue
[2023-12-06T10:51:47.352+0700] {logging_mixin.py:137} INFO - [2023-12-06T10:51:47.352+0700] {dagbag.py:538} INFO - Filling up the DagBag from /opt/anaconda3/lib/python3.8/site-packages/airflow/example_dags/example_skip_dag.py
[2023-12-06T10:51:47.399+0700] {processor.py:753} INFO - DAG(s) dict_keys(['example_skip_dag']) retrieved from /opt/anaconda3/lib/python3.8/site-packages/airflow/example_dags/example_skip_dag.py
[2023-12-06T10:51:48.462+0700] {logging_mixin.py:137} INFO - [2023-12-06T10:51:48.462+0700] {dag.py:2676} INFO - Sync 1 DAGs
[2023-12-06T10:51:48.509+0700] {logging_mixin.py:137} INFO - [2023-12-06T10:51:48.509+0700] {dag.py:3423} INFO - Setting next_dagrun for example_skip_dag to 2023-12-05T03:51:48.508834+00:00, run_after=2023-12-06T03:51:48.508834+00:00
[2023-12-06T10:51:48.542+0700] {processor.py:175} INFO - Processing /opt/anaconda3/lib/python3.8/site-packages/airflow/example_dags/example_skip_dag.py took 1.194 seconds
[2023-12-06T10:54:32.045+0700] {processor.py:153} INFO - Started process (PID=13821) to work on /opt/anaconda3/lib/python3.8/site-packages/airflow/example_dags/example_skip_dag.py
[2023-12-06T10:54:32.046+0700] {processor.py:743} INFO - Processing file /opt/anaconda3/lib/python3.8/site-packages/airflow/example_dags/example_skip_dag.py for tasks to queue
[2023-12-06T10:54:32.047+0700] {logging_mixin.py:137} INFO - [2023-12-06T10:54:32.047+0700] {dagbag.py:538} INFO - Filling up the DagBag from /opt/anaconda3/lib/python3.8/site-packages/airflow/example_dags/example_skip_dag.py
[2023-12-06T10:54:32.088+0700] {processor.py:753} INFO - DAG(s) dict_keys(['example_skip_dag']) retrieved from /opt/anaconda3/lib/python3.8/site-packages/airflow/example_dags/example_skip_dag.py
[2023-12-06T10:54:33.220+0700] {logging_mixin.py:137} INFO - [2023-12-06T10:54:33.219+0700] {dag.py:2676} INFO - Sync 1 DAGs
[2023-12-06T10:54:33.239+0700] {logging_mixin.py:137} INFO - [2023-12-06T10:54:33.238+0700] {dag.py:3423} INFO - Setting next_dagrun for example_skip_dag to 2023-12-05T03:54:33.238782+00:00, run_after=2023-12-06T03:54:33.238782+00:00
[2023-12-06T10:54:33.259+0700] {processor.py:175} INFO - Processing /opt/anaconda3/lib/python3.8/site-packages/airflow/example_dags/example_skip_dag.py took 1.215 seconds
[2023-12-06T10:57:42.173+0700] {processor.py:153} INFO - Started process (PID=15847) to work on /opt/anaconda3/lib/python3.8/site-packages/airflow/example_dags/example_skip_dag.py
[2023-12-06T10:57:42.175+0700] {processor.py:743} INFO - Processing file /opt/anaconda3/lib/python3.8/site-packages/airflow/example_dags/example_skip_dag.py for tasks to queue
[2023-12-06T10:57:42.175+0700] {logging_mixin.py:137} INFO - [2023-12-06T10:57:42.175+0700] {dagbag.py:538} INFO - Filling up the DagBag from /opt/anaconda3/lib/python3.8/site-packages/airflow/example_dags/example_skip_dag.py
[2023-12-06T10:57:42.215+0700] {processor.py:753} INFO - DAG(s) dict_keys(['example_skip_dag']) retrieved from /opt/anaconda3/lib/python3.8/site-packages/airflow/example_dags/example_skip_dag.py
[2023-12-06T10:57:43.208+0700] {logging_mixin.py:137} INFO - [2023-12-06T10:57:43.208+0700] {dag.py:2676} INFO - Sync 1 DAGs
[2023-12-06T10:57:43.234+0700] {logging_mixin.py:137} INFO - [2023-12-06T10:57:43.234+0700] {dag.py:3423} INFO - Setting next_dagrun for example_skip_dag to 2023-12-05T03:57:43.234605+00:00, run_after=2023-12-06T03:57:43.234605+00:00
[2023-12-06T10:57:43.263+0700] {processor.py:175} INFO - Processing /opt/anaconda3/lib/python3.8/site-packages/airflow/example_dags/example_skip_dag.py took 1.091 seconds
[2023-12-06T11:03:21.964+0700] {processor.py:153} INFO - Started process (PID=19492) to work on /opt/anaconda3/lib/python3.8/site-packages/airflow/example_dags/example_skip_dag.py
[2023-12-06T11:03:21.965+0700] {processor.py:743} INFO - Processing file /opt/anaconda3/lib/python3.8/site-packages/airflow/example_dags/example_skip_dag.py for tasks to queue
[2023-12-06T11:03:21.966+0700] {logging_mixin.py:137} INFO - [2023-12-06T11:03:21.966+0700] {dagbag.py:538} INFO - Filling up the DagBag from /opt/anaconda3/lib/python3.8/site-packages/airflow/example_dags/example_skip_dag.py
[2023-12-06T11:03:21.999+0700] {processor.py:753} INFO - DAG(s) dict_keys(['example_skip_dag']) retrieved from /opt/anaconda3/lib/python3.8/site-packages/airflow/example_dags/example_skip_dag.py
[2023-12-06T11:03:23.018+0700] {logging_mixin.py:137} INFO - [2023-12-06T11:03:23.018+0700] {dag.py:2676} INFO - Sync 1 DAGs
[2023-12-06T11:03:23.040+0700] {logging_mixin.py:137} INFO - [2023-12-06T11:03:23.040+0700] {dag.py:3423} INFO - Setting next_dagrun for example_skip_dag to 2023-12-05T04:03:23.040611+00:00, run_after=2023-12-06T04:03:23.040611+00:00
[2023-12-06T11:03:23.065+0700] {processor.py:175} INFO - Processing /opt/anaconda3/lib/python3.8/site-packages/airflow/example_dags/example_skip_dag.py took 1.102 seconds
[2023-12-06T11:06:51.271+0700] {processor.py:153} INFO - Started process (PID=21763) to work on /opt/anaconda3/lib/python3.8/site-packages/airflow/example_dags/example_skip_dag.py
[2023-12-06T11:06:51.274+0700] {processor.py:743} INFO - Processing file /opt/anaconda3/lib/python3.8/site-packages/airflow/example_dags/example_skip_dag.py for tasks to queue
[2023-12-06T11:06:51.275+0700] {logging_mixin.py:137} INFO - [2023-12-06T11:06:51.275+0700] {dagbag.py:538} INFO - Filling up the DagBag from /opt/anaconda3/lib/python3.8/site-packages/airflow/example_dags/example_skip_dag.py
[2023-12-06T11:06:51.345+0700] {processor.py:753} INFO - DAG(s) dict_keys(['example_skip_dag']) retrieved from /opt/anaconda3/lib/python3.8/site-packages/airflow/example_dags/example_skip_dag.py
[2023-12-06T11:06:52.415+0700] {logging_mixin.py:137} INFO - [2023-12-06T11:06:52.415+0700] {dag.py:2676} INFO - Sync 1 DAGs
[2023-12-06T11:06:52.439+0700] {logging_mixin.py:137} INFO - [2023-12-06T11:06:52.438+0700] {dag.py:3423} INFO - Setting next_dagrun for example_skip_dag to 2023-12-05T04:06:52.438830+00:00, run_after=2023-12-06T04:06:52.438830+00:00
[2023-12-06T11:06:52.460+0700] {processor.py:175} INFO - Processing /opt/anaconda3/lib/python3.8/site-packages/airflow/example_dags/example_skip_dag.py took 1.190 seconds
[2023-12-06T11:10:12.507+0700] {processor.py:153} INFO - Started process (PID=24031) to work on /opt/anaconda3/lib/python3.8/site-packages/airflow/example_dags/example_skip_dag.py
[2023-12-06T11:10:12.508+0700] {processor.py:743} INFO - Processing file /opt/anaconda3/lib/python3.8/site-packages/airflow/example_dags/example_skip_dag.py for tasks to queue
[2023-12-06T11:10:12.510+0700] {logging_mixin.py:137} INFO - [2023-12-06T11:10:12.509+0700] {dagbag.py:538} INFO - Filling up the DagBag from /opt/anaconda3/lib/python3.8/site-packages/airflow/example_dags/example_skip_dag.py
[2023-12-06T11:10:12.550+0700] {processor.py:753} INFO - DAG(s) dict_keys(['example_skip_dag']) retrieved from /opt/anaconda3/lib/python3.8/site-packages/airflow/example_dags/example_skip_dag.py
[2023-12-06T11:10:13.751+0700] {logging_mixin.py:137} INFO - [2023-12-06T11:10:13.750+0700] {dag.py:2676} INFO - Sync 1 DAGs
[2023-12-06T11:10:13.778+0700] {logging_mixin.py:137} INFO - [2023-12-06T11:10:13.778+0700] {dag.py:3423} INFO - Setting next_dagrun for example_skip_dag to 2023-12-05T04:10:13.777885+00:00, run_after=2023-12-06T04:10:13.777885+00:00
[2023-12-06T11:10:13.804+0700] {processor.py:175} INFO - Processing /opt/anaconda3/lib/python3.8/site-packages/airflow/example_dags/example_skip_dag.py took 1.298 seconds
[2023-12-06T11:14:32.715+0700] {processor.py:153} INFO - Started process (PID=26881) to work on /opt/anaconda3/lib/python3.8/site-packages/airflow/example_dags/example_skip_dag.py
[2023-12-06T11:14:32.717+0700] {processor.py:743} INFO - Processing file /opt/anaconda3/lib/python3.8/site-packages/airflow/example_dags/example_skip_dag.py for tasks to queue
[2023-12-06T11:14:32.718+0700] {logging_mixin.py:137} INFO - [2023-12-06T11:14:32.717+0700] {dagbag.py:538} INFO - Filling up the DagBag from /opt/anaconda3/lib/python3.8/site-packages/airflow/example_dags/example_skip_dag.py
[2023-12-06T11:14:32.761+0700] {processor.py:753} INFO - DAG(s) dict_keys(['example_skip_dag']) retrieved from /opt/anaconda3/lib/python3.8/site-packages/airflow/example_dags/example_skip_dag.py
[2023-12-06T11:14:33.986+0700] {logging_mixin.py:137} INFO - [2023-12-06T11:14:33.986+0700] {dag.py:2676} INFO - Sync 1 DAGs
[2023-12-06T11:14:34.014+0700] {logging_mixin.py:137} INFO - [2023-12-06T11:14:34.013+0700] {dag.py:3423} INFO - Setting next_dagrun for example_skip_dag to 2023-12-05T04:14:34.013641+00:00, run_after=2023-12-06T04:14:34.013641+00:00
[2023-12-06T11:14:34.040+0700] {processor.py:175} INFO - Processing /opt/anaconda3/lib/python3.8/site-packages/airflow/example_dags/example_skip_dag.py took 1.327 seconds
[2023-12-06T11:18:19.490+0700] {processor.py:153} INFO - Started process (PID=29264) to work on /opt/anaconda3/lib/python3.8/site-packages/airflow/example_dags/example_skip_dag.py
[2023-12-06T11:18:19.492+0700] {processor.py:743} INFO - Processing file /opt/anaconda3/lib/python3.8/site-packages/airflow/example_dags/example_skip_dag.py for tasks to queue
[2023-12-06T11:18:19.493+0700] {logging_mixin.py:137} INFO - [2023-12-06T11:18:19.493+0700] {dagbag.py:538} INFO - Filling up the DagBag from /opt/anaconda3/lib/python3.8/site-packages/airflow/example_dags/example_skip_dag.py
[2023-12-06T11:18:19.536+0700] {processor.py:753} INFO - DAG(s) dict_keys(['example_skip_dag']) retrieved from /opt/anaconda3/lib/python3.8/site-packages/airflow/example_dags/example_skip_dag.py
[2023-12-06T11:18:20.709+0700] {logging_mixin.py:137} INFO - [2023-12-06T11:18:20.709+0700] {dag.py:2676} INFO - Sync 1 DAGs
[2023-12-06T11:18:20.734+0700] {logging_mixin.py:137} INFO - [2023-12-06T11:18:20.734+0700] {dag.py:3423} INFO - Setting next_dagrun for example_skip_dag to 2023-12-05T04:18:20.733824+00:00, run_after=2023-12-06T04:18:20.733824+00:00
[2023-12-06T11:18:20.757+0700] {processor.py:175} INFO - Processing /opt/anaconda3/lib/python3.8/site-packages/airflow/example_dags/example_skip_dag.py took 1.269 seconds
[2023-12-06T11:21:21.623+0700] {processor.py:153} INFO - Started process (PID=31199) to work on /opt/anaconda3/lib/python3.8/site-packages/airflow/example_dags/example_skip_dag.py
[2023-12-06T11:21:21.624+0700] {processor.py:743} INFO - Processing file /opt/anaconda3/lib/python3.8/site-packages/airflow/example_dags/example_skip_dag.py for tasks to queue
[2023-12-06T11:21:21.625+0700] {logging_mixin.py:137} INFO - [2023-12-06T11:21:21.625+0700] {dagbag.py:538} INFO - Filling up the DagBag from /opt/anaconda3/lib/python3.8/site-packages/airflow/example_dags/example_skip_dag.py
[2023-12-06T11:21:21.663+0700] {processor.py:753} INFO - DAG(s) dict_keys(['example_skip_dag']) retrieved from /opt/anaconda3/lib/python3.8/site-packages/airflow/example_dags/example_skip_dag.py
[2023-12-06T11:21:22.659+0700] {logging_mixin.py:137} INFO - [2023-12-06T11:21:22.659+0700] {dag.py:2676} INFO - Sync 1 DAGs
[2023-12-06T11:21:22.686+0700] {logging_mixin.py:137} INFO - [2023-12-06T11:21:22.685+0700] {dag.py:3423} INFO - Setting next_dagrun for example_skip_dag to 2023-12-05T04:21:22.685726+00:00, run_after=2023-12-06T04:21:22.685726+00:00
[2023-12-06T11:21:22.713+0700] {processor.py:175} INFO - Processing /opt/anaconda3/lib/python3.8/site-packages/airflow/example_dags/example_skip_dag.py took 1.091 seconds
[2023-12-06T11:24:20.927+0700] {processor.py:153} INFO - Started process (PID=33132) to work on /opt/anaconda3/lib/python3.8/site-packages/airflow/example_dags/example_skip_dag.py
[2023-12-06T11:24:20.929+0700] {processor.py:743} INFO - Processing file /opt/anaconda3/lib/python3.8/site-packages/airflow/example_dags/example_skip_dag.py for tasks to queue
[2023-12-06T11:24:20.930+0700] {logging_mixin.py:137} INFO - [2023-12-06T11:24:20.930+0700] {dagbag.py:538} INFO - Filling up the DagBag from /opt/anaconda3/lib/python3.8/site-packages/airflow/example_dags/example_skip_dag.py
[2023-12-06T11:24:20.965+0700] {processor.py:753} INFO - DAG(s) dict_keys(['example_skip_dag']) retrieved from /opt/anaconda3/lib/python3.8/site-packages/airflow/example_dags/example_skip_dag.py
[2023-12-06T11:24:22.109+0700] {logging_mixin.py:137} INFO - [2023-12-06T11:24:22.109+0700] {dag.py:2676} INFO - Sync 1 DAGs
[2023-12-06T11:24:22.176+0700] {logging_mixin.py:137} INFO - [2023-12-06T11:24:22.173+0700] {dag.py:3423} INFO - Setting next_dagrun for example_skip_dag to 2023-12-05T04:24:22.173087+00:00, run_after=2023-12-06T04:24:22.173087+00:00
[2023-12-06T11:24:22.237+0700] {processor.py:175} INFO - Processing /opt/anaconda3/lib/python3.8/site-packages/airflow/example_dags/example_skip_dag.py took 1.311 seconds
[2023-12-06T11:27:07.368+0700] {processor.py:153} INFO - Started process (PID=34931) to work on /opt/anaconda3/lib/python3.8/site-packages/airflow/example_dags/example_skip_dag.py
[2023-12-06T11:27:07.369+0700] {processor.py:743} INFO - Processing file /opt/anaconda3/lib/python3.8/site-packages/airflow/example_dags/example_skip_dag.py for tasks to queue
[2023-12-06T11:27:07.370+0700] {logging_mixin.py:137} INFO - [2023-12-06T11:27:07.370+0700] {dagbag.py:538} INFO - Filling up the DagBag from /opt/anaconda3/lib/python3.8/site-packages/airflow/example_dags/example_skip_dag.py
[2023-12-06T11:27:07.405+0700] {processor.py:753} INFO - DAG(s) dict_keys(['example_skip_dag']) retrieved from /opt/anaconda3/lib/python3.8/site-packages/airflow/example_dags/example_skip_dag.py
[2023-12-06T11:27:08.439+0700] {logging_mixin.py:137} INFO - [2023-12-06T11:27:08.439+0700] {dag.py:2676} INFO - Sync 1 DAGs
[2023-12-06T11:27:08.461+0700] {logging_mixin.py:137} INFO - [2023-12-06T11:27:08.461+0700] {dag.py:3423} INFO - Setting next_dagrun for example_skip_dag to 2023-12-05T04:27:08.461463+00:00, run_after=2023-12-06T04:27:08.461463+00:00
[2023-12-06T11:27:08.483+0700] {processor.py:175} INFO - Processing /opt/anaconda3/lib/python3.8/site-packages/airflow/example_dags/example_skip_dag.py took 1.115 seconds
[2023-12-06T11:30:12.370+0700] {processor.py:153} INFO - Started process (PID=36867) to work on /opt/anaconda3/lib/python3.8/site-packages/airflow/example_dags/example_skip_dag.py
[2023-12-06T11:30:12.372+0700] {processor.py:743} INFO - Processing file /opt/anaconda3/lib/python3.8/site-packages/airflow/example_dags/example_skip_dag.py for tasks to queue
[2023-12-06T11:30:12.373+0700] {logging_mixin.py:137} INFO - [2023-12-06T11:30:12.373+0700] {dagbag.py:538} INFO - Filling up the DagBag from /opt/anaconda3/lib/python3.8/site-packages/airflow/example_dags/example_skip_dag.py
[2023-12-06T11:30:12.420+0700] {processor.py:753} INFO - DAG(s) dict_keys(['example_skip_dag']) retrieved from /opt/anaconda3/lib/python3.8/site-packages/airflow/example_dags/example_skip_dag.py
[2023-12-06T11:30:13.892+0700] {logging_mixin.py:137} INFO - [2023-12-06T11:30:13.891+0700] {dag.py:2676} INFO - Sync 1 DAGs
[2023-12-06T11:30:13.916+0700] {logging_mixin.py:137} INFO - [2023-12-06T11:30:13.916+0700] {dag.py:3423} INFO - Setting next_dagrun for example_skip_dag to 2023-12-05T04:30:13.916006+00:00, run_after=2023-12-06T04:30:13.916006+00:00
[2023-12-06T11:30:13.943+0700] {processor.py:175} INFO - Processing /opt/anaconda3/lib/python3.8/site-packages/airflow/example_dags/example_skip_dag.py took 1.574 seconds
[2023-12-06T11:33:42.505+0700] {processor.py:153} INFO - Started process (PID=39024) to work on /opt/anaconda3/lib/python3.8/site-packages/airflow/example_dags/example_skip_dag.py
[2023-12-06T11:33:42.507+0700] {processor.py:743} INFO - Processing file /opt/anaconda3/lib/python3.8/site-packages/airflow/example_dags/example_skip_dag.py for tasks to queue
[2023-12-06T11:33:42.508+0700] {logging_mixin.py:137} INFO - [2023-12-06T11:33:42.508+0700] {dagbag.py:538} INFO - Filling up the DagBag from /opt/anaconda3/lib/python3.8/site-packages/airflow/example_dags/example_skip_dag.py
[2023-12-06T11:33:42.615+0700] {processor.py:753} INFO - DAG(s) dict_keys(['example_skip_dag']) retrieved from /opt/anaconda3/lib/python3.8/site-packages/airflow/example_dags/example_skip_dag.py
[2023-12-06T11:33:48.154+0700] {logging_mixin.py:137} INFO - [2023-12-06T11:33:48.153+0700] {dag.py:2676} INFO - Sync 1 DAGs
[2023-12-06T11:33:48.258+0700] {logging_mixin.py:137} INFO - [2023-12-06T11:33:48.258+0700] {dag.py:3423} INFO - Setting next_dagrun for example_skip_dag to 2023-12-05T04:33:48.258542+00:00, run_after=2023-12-06T04:33:48.258542+00:00
[2023-12-06T11:33:48.326+0700] {processor.py:175} INFO - Processing /opt/anaconda3/lib/python3.8/site-packages/airflow/example_dags/example_skip_dag.py took 5.822 seconds
[2023-12-06T11:39:24.399+0700] {processor.py:153} INFO - Started process (PID=42761) to work on /opt/anaconda3/lib/python3.8/site-packages/airflow/example_dags/example_skip_dag.py
[2023-12-06T11:39:24.401+0700] {processor.py:743} INFO - Processing file /opt/anaconda3/lib/python3.8/site-packages/airflow/example_dags/example_skip_dag.py for tasks to queue
[2023-12-06T11:39:24.402+0700] {logging_mixin.py:137} INFO - [2023-12-06T11:39:24.402+0700] {dagbag.py:538} INFO - Filling up the DagBag from /opt/anaconda3/lib/python3.8/site-packages/airflow/example_dags/example_skip_dag.py
[2023-12-06T11:39:24.447+0700] {processor.py:753} INFO - DAG(s) dict_keys(['example_skip_dag']) retrieved from /opt/anaconda3/lib/python3.8/site-packages/airflow/example_dags/example_skip_dag.py
[2023-12-06T11:39:25.486+0700] {logging_mixin.py:137} INFO - [2023-12-06T11:39:25.485+0700] {dag.py:2676} INFO - Sync 1 DAGs
[2023-12-06T11:39:25.513+0700] {logging_mixin.py:137} INFO - [2023-12-06T11:39:25.513+0700] {dag.py:3423} INFO - Setting next_dagrun for example_skip_dag to 2023-12-05T04:39:25.513368+00:00, run_after=2023-12-06T04:39:25.513368+00:00
[2023-12-06T11:39:25.543+0700] {processor.py:175} INFO - Processing /opt/anaconda3/lib/python3.8/site-packages/airflow/example_dags/example_skip_dag.py took 1.145 seconds
[2023-12-06T11:42:37.811+0700] {processor.py:153} INFO - Started process (PID=44908) to work on /opt/anaconda3/lib/python3.8/site-packages/airflow/example_dags/example_skip_dag.py
[2023-12-06T11:42:37.813+0700] {processor.py:743} INFO - Processing file /opt/anaconda3/lib/python3.8/site-packages/airflow/example_dags/example_skip_dag.py for tasks to queue
[2023-12-06T11:42:37.814+0700] {logging_mixin.py:137} INFO - [2023-12-06T11:42:37.814+0700] {dagbag.py:538} INFO - Filling up the DagBag from /opt/anaconda3/lib/python3.8/site-packages/airflow/example_dags/example_skip_dag.py
[2023-12-06T11:42:37.856+0700] {processor.py:753} INFO - DAG(s) dict_keys(['example_skip_dag']) retrieved from /opt/anaconda3/lib/python3.8/site-packages/airflow/example_dags/example_skip_dag.py
[2023-12-06T11:42:39.000+0700] {logging_mixin.py:137} INFO - [2023-12-06T11:42:39.000+0700] {dag.py:2676} INFO - Sync 1 DAGs
[2023-12-06T11:42:39.023+0700] {logging_mixin.py:137} INFO - [2023-12-06T11:42:39.022+0700] {dag.py:3423} INFO - Setting next_dagrun for example_skip_dag to 2023-12-05T04:42:39.022730+00:00, run_after=2023-12-06T04:42:39.022730+00:00
[2023-12-06T11:42:39.044+0700] {processor.py:175} INFO - Processing /opt/anaconda3/lib/python3.8/site-packages/airflow/example_dags/example_skip_dag.py took 1.235 seconds
[2023-12-06T11:45:54.778+0700] {processor.py:153} INFO - Started process (PID=47037) to work on /opt/anaconda3/lib/python3.8/site-packages/airflow/example_dags/example_skip_dag.py
[2023-12-06T11:45:54.780+0700] {processor.py:743} INFO - Processing file /opt/anaconda3/lib/python3.8/site-packages/airflow/example_dags/example_skip_dag.py for tasks to queue
[2023-12-06T11:45:54.781+0700] {logging_mixin.py:137} INFO - [2023-12-06T11:45:54.781+0700] {dagbag.py:538} INFO - Filling up the DagBag from /opt/anaconda3/lib/python3.8/site-packages/airflow/example_dags/example_skip_dag.py
[2023-12-06T11:45:54.815+0700] {processor.py:753} INFO - DAG(s) dict_keys(['example_skip_dag']) retrieved from /opt/anaconda3/lib/python3.8/site-packages/airflow/example_dags/example_skip_dag.py
[2023-12-06T11:45:55.728+0700] {logging_mixin.py:137} INFO - [2023-12-06T11:45:55.728+0700] {dag.py:2676} INFO - Sync 1 DAGs
[2023-12-06T11:45:55.749+0700] {logging_mixin.py:137} INFO - [2023-12-06T11:45:55.749+0700] {dag.py:3423} INFO - Setting next_dagrun for example_skip_dag to 2023-12-05T04:45:55.749124+00:00, run_after=2023-12-06T04:45:55.749124+00:00
[2023-12-06T11:45:55.770+0700] {processor.py:175} INFO - Processing /opt/anaconda3/lib/python3.8/site-packages/airflow/example_dags/example_skip_dag.py took 0.993 seconds
[2023-12-06T11:49:21.321+0700] {processor.py:153} INFO - Started process (PID=49183) to work on /opt/anaconda3/lib/python3.8/site-packages/airflow/example_dags/example_skip_dag.py
[2023-12-06T11:49:21.323+0700] {processor.py:743} INFO - Processing file /opt/anaconda3/lib/python3.8/site-packages/airflow/example_dags/example_skip_dag.py for tasks to queue
[2023-12-06T11:49:21.324+0700] {logging_mixin.py:137} INFO - [2023-12-06T11:49:21.324+0700] {dagbag.py:538} INFO - Filling up the DagBag from /opt/anaconda3/lib/python3.8/site-packages/airflow/example_dags/example_skip_dag.py
[2023-12-06T11:49:21.388+0700] {processor.py:753} INFO - DAG(s) dict_keys(['example_skip_dag']) retrieved from /opt/anaconda3/lib/python3.8/site-packages/airflow/example_dags/example_skip_dag.py
[2023-12-06T11:49:22.691+0700] {logging_mixin.py:137} INFO - [2023-12-06T11:49:22.690+0700] {dag.py:2676} INFO - Sync 1 DAGs
[2023-12-06T11:49:22.711+0700] {logging_mixin.py:137} INFO - [2023-12-06T11:49:22.711+0700] {dag.py:3423} INFO - Setting next_dagrun for example_skip_dag to 2023-12-05T04:49:22.711544+00:00, run_after=2023-12-06T04:49:22.711544+00:00
[2023-12-06T11:49:22.734+0700] {processor.py:175} INFO - Processing /opt/anaconda3/lib/python3.8/site-packages/airflow/example_dags/example_skip_dag.py took 1.415 seconds
[2023-12-06T11:52:24.432+0700] {processor.py:153} INFO - Started process (PID=51208) to work on /opt/anaconda3/lib/python3.8/site-packages/airflow/example_dags/example_skip_dag.py
[2023-12-06T11:52:24.434+0700] {processor.py:743} INFO - Processing file /opt/anaconda3/lib/python3.8/site-packages/airflow/example_dags/example_skip_dag.py for tasks to queue
[2023-12-06T11:52:24.435+0700] {logging_mixin.py:137} INFO - [2023-12-06T11:52:24.435+0700] {dagbag.py:538} INFO - Filling up the DagBag from /opt/anaconda3/lib/python3.8/site-packages/airflow/example_dags/example_skip_dag.py
[2023-12-06T11:52:24.469+0700] {processor.py:753} INFO - DAG(s) dict_keys(['example_skip_dag']) retrieved from /opt/anaconda3/lib/python3.8/site-packages/airflow/example_dags/example_skip_dag.py
[2023-12-06T11:52:25.496+0700] {logging_mixin.py:137} INFO - [2023-12-06T11:52:25.496+0700] {dag.py:2676} INFO - Sync 1 DAGs
[2023-12-06T11:52:25.517+0700] {logging_mixin.py:137} INFO - [2023-12-06T11:52:25.517+0700] {dag.py:3423} INFO - Setting next_dagrun for example_skip_dag to 2023-12-05T04:52:25.516998+00:00, run_after=2023-12-06T04:52:25.516998+00:00
[2023-12-06T11:52:25.540+0700] {processor.py:175} INFO - Processing /opt/anaconda3/lib/python3.8/site-packages/airflow/example_dags/example_skip_dag.py took 1.108 seconds
[2023-12-06T11:54:52.798+0700] {processor.py:153} INFO - Started process (PID=52790) to work on /opt/anaconda3/lib/python3.8/site-packages/airflow/example_dags/example_skip_dag.py
[2023-12-06T11:54:52.800+0700] {processor.py:743} INFO - Processing file /opt/anaconda3/lib/python3.8/site-packages/airflow/example_dags/example_skip_dag.py for tasks to queue
[2023-12-06T11:54:52.800+0700] {logging_mixin.py:137} INFO - [2023-12-06T11:54:52.800+0700] {dagbag.py:538} INFO - Filling up the DagBag from /opt/anaconda3/lib/python3.8/site-packages/airflow/example_dags/example_skip_dag.py
[2023-12-06T11:54:52.835+0700] {processor.py:753} INFO - DAG(s) dict_keys(['example_skip_dag']) retrieved from /opt/anaconda3/lib/python3.8/site-packages/airflow/example_dags/example_skip_dag.py
[2023-12-06T11:54:53.689+0700] {logging_mixin.py:137} INFO - [2023-12-06T11:54:53.689+0700] {dag.py:2676} INFO - Sync 1 DAGs
[2023-12-06T11:54:53.710+0700] {logging_mixin.py:137} INFO - [2023-12-06T11:54:53.709+0700] {dag.py:3423} INFO - Setting next_dagrun for example_skip_dag to 2023-12-05T04:54:53.709737+00:00, run_after=2023-12-06T04:54:53.709737+00:00
[2023-12-06T11:54:53.732+0700] {processor.py:175} INFO - Processing /opt/anaconda3/lib/python3.8/site-packages/airflow/example_dags/example_skip_dag.py took 0.936 seconds
[2023-12-06T11:57:15.151+0700] {processor.py:153} INFO - Started process (PID=54274) to work on /opt/anaconda3/lib/python3.8/site-packages/airflow/example_dags/example_skip_dag.py
[2023-12-06T11:57:15.153+0700] {processor.py:743} INFO - Processing file /opt/anaconda3/lib/python3.8/site-packages/airflow/example_dags/example_skip_dag.py for tasks to queue
[2023-12-06T11:57:15.154+0700] {logging_mixin.py:137} INFO - [2023-12-06T11:57:15.154+0700] {dagbag.py:538} INFO - Filling up the DagBag from /opt/anaconda3/lib/python3.8/site-packages/airflow/example_dags/example_skip_dag.py
[2023-12-06T11:57:15.205+0700] {processor.py:753} INFO - DAG(s) dict_keys(['example_skip_dag']) retrieved from /opt/anaconda3/lib/python3.8/site-packages/airflow/example_dags/example_skip_dag.py
[2023-12-06T11:57:16.503+0700] {logging_mixin.py:137} INFO - [2023-12-06T11:57:16.503+0700] {dag.py:2676} INFO - Sync 1 DAGs
[2023-12-06T11:57:16.526+0700] {logging_mixin.py:137} INFO - [2023-12-06T11:57:16.526+0700] {dag.py:3423} INFO - Setting next_dagrun for example_skip_dag to 2023-12-05T04:57:16.526630+00:00, run_after=2023-12-06T04:57:16.526630+00:00
[2023-12-06T11:57:16.550+0700] {processor.py:175} INFO - Processing /opt/anaconda3/lib/python3.8/site-packages/airflow/example_dags/example_skip_dag.py took 1.400 seconds
[2023-12-06T11:59:37.326+0700] {processor.py:153} INFO - Started process (PID=55854) to work on /opt/anaconda3/lib/python3.8/site-packages/airflow/example_dags/example_skip_dag.py
[2023-12-06T11:59:37.328+0700] {processor.py:743} INFO - Processing file /opt/anaconda3/lib/python3.8/site-packages/airflow/example_dags/example_skip_dag.py for tasks to queue
[2023-12-06T11:59:37.329+0700] {logging_mixin.py:137} INFO - [2023-12-06T11:59:37.329+0700] {dagbag.py:538} INFO - Filling up the DagBag from /opt/anaconda3/lib/python3.8/site-packages/airflow/example_dags/example_skip_dag.py
[2023-12-06T11:59:37.359+0700] {processor.py:753} INFO - DAG(s) dict_keys(['example_skip_dag']) retrieved from /opt/anaconda3/lib/python3.8/site-packages/airflow/example_dags/example_skip_dag.py
[2023-12-06T11:59:38.242+0700] {logging_mixin.py:137} INFO - [2023-12-06T11:59:38.242+0700] {dag.py:2676} INFO - Sync 1 DAGs
[2023-12-06T11:59:38.261+0700] {logging_mixin.py:137} INFO - [2023-12-06T11:59:38.261+0700] {dag.py:3423} INFO - Setting next_dagrun for example_skip_dag to 2023-12-05T04:59:38.261482+00:00, run_after=2023-12-06T04:59:38.261482+00:00
[2023-12-06T11:59:38.280+0700] {processor.py:175} INFO - Processing /opt/anaconda3/lib/python3.8/site-packages/airflow/example_dags/example_skip_dag.py took 0.954 seconds
[2023-12-06T12:02:10.184+0700] {processor.py:153} INFO - Started process (PID=57451) to work on /opt/anaconda3/lib/python3.8/site-packages/airflow/example_dags/example_skip_dag.py
[2023-12-06T12:02:10.186+0700] {processor.py:743} INFO - Processing file /opt/anaconda3/lib/python3.8/site-packages/airflow/example_dags/example_skip_dag.py for tasks to queue
[2023-12-06T12:02:10.186+0700] {logging_mixin.py:137} INFO - [2023-12-06T12:02:10.186+0700] {dagbag.py:538} INFO - Filling up the DagBag from /opt/anaconda3/lib/python3.8/site-packages/airflow/example_dags/example_skip_dag.py
[2023-12-06T12:02:10.219+0700] {processor.py:753} INFO - DAG(s) dict_keys(['example_skip_dag']) retrieved from /opt/anaconda3/lib/python3.8/site-packages/airflow/example_dags/example_skip_dag.py
[2023-12-06T12:02:11.060+0700] {logging_mixin.py:137} INFO - [2023-12-06T12:02:11.059+0700] {dag.py:2676} INFO - Sync 1 DAGs
[2023-12-06T12:02:11.085+0700] {logging_mixin.py:137} INFO - [2023-12-06T12:02:11.085+0700] {dag.py:3423} INFO - Setting next_dagrun for example_skip_dag to 2023-12-05T05:02:11.085505+00:00, run_after=2023-12-06T05:02:11.085505+00:00
[2023-12-06T12:02:11.108+0700] {processor.py:175} INFO - Processing /opt/anaconda3/lib/python3.8/site-packages/airflow/example_dags/example_skip_dag.py took 0.926 seconds
[2023-12-06T15:13:05.372+0700] {processor.py:153} INFO - Started process (PID=59870) to work on /opt/anaconda3/lib/python3.8/site-packages/airflow/example_dags/example_skip_dag.py
[2023-12-06T15:13:05.376+0700] {processor.py:743} INFO - Processing file /opt/anaconda3/lib/python3.8/site-packages/airflow/example_dags/example_skip_dag.py for tasks to queue
[2023-12-06T15:13:05.380+0700] {logging_mixin.py:137} INFO - [2023-12-06T15:13:05.379+0700] {dagbag.py:538} INFO - Filling up the DagBag from /opt/anaconda3/lib/python3.8/site-packages/airflow/example_dags/example_skip_dag.py
[2023-12-06T15:13:05.499+0700] {processor.py:753} INFO - DAG(s) dict_keys(['example_skip_dag']) retrieved from /opt/anaconda3/lib/python3.8/site-packages/airflow/example_dags/example_skip_dag.py
[2023-12-06T15:13:08.968+0700] {logging_mixin.py:137} INFO - [2023-12-06T15:13:08.967+0700] {dag.py:2676} INFO - Sync 1 DAGs
[2023-12-06T15:13:09.007+0700] {logging_mixin.py:137} INFO - [2023-12-06T15:13:09.007+0700] {dag.py:3423} INFO - Setting next_dagrun for example_skip_dag to 2023-12-05T08:13:09.007405+00:00, run_after=2023-12-06T08:13:09.007405+00:00
[2023-12-06T15:13:09.059+0700] {processor.py:175} INFO - Processing /opt/anaconda3/lib/python3.8/site-packages/airflow/example_dags/example_skip_dag.py took 3.688 seconds
[2023-12-06T15:16:04.929+0700] {processor.py:153} INFO - Started process (PID=61932) to work on /opt/anaconda3/lib/python3.8/site-packages/airflow/example_dags/example_skip_dag.py
[2023-12-06T15:16:04.931+0700] {processor.py:743} INFO - Processing file /opt/anaconda3/lib/python3.8/site-packages/airflow/example_dags/example_skip_dag.py for tasks to queue
[2023-12-06T15:16:04.932+0700] {logging_mixin.py:137} INFO - [2023-12-06T15:16:04.932+0700] {dagbag.py:538} INFO - Filling up the DagBag from /opt/anaconda3/lib/python3.8/site-packages/airflow/example_dags/example_skip_dag.py
[2023-12-06T15:16:04.964+0700] {processor.py:753} INFO - DAG(s) dict_keys(['example_skip_dag']) retrieved from /opt/anaconda3/lib/python3.8/site-packages/airflow/example_dags/example_skip_dag.py
[2023-12-06T15:16:05.725+0700] {logging_mixin.py:137} INFO - [2023-12-06T15:16:05.725+0700] {dag.py:2676} INFO - Sync 1 DAGs
[2023-12-06T15:16:05.742+0700] {logging_mixin.py:137} INFO - [2023-12-06T15:16:05.742+0700] {dag.py:3423} INFO - Setting next_dagrun for example_skip_dag to 2023-12-05T08:16:05.742323+00:00, run_after=2023-12-06T08:16:05.742323+00:00
[2023-12-06T15:16:05.761+0700] {processor.py:175} INFO - Processing /opt/anaconda3/lib/python3.8/site-packages/airflow/example_dags/example_skip_dag.py took 0.832 seconds
[2023-12-06T15:18:23.386+0700] {processor.py:153} INFO - Started process (PID=63412) to work on /opt/anaconda3/lib/python3.8/site-packages/airflow/example_dags/example_skip_dag.py
[2023-12-06T15:18:23.388+0700] {processor.py:743} INFO - Processing file /opt/anaconda3/lib/python3.8/site-packages/airflow/example_dags/example_skip_dag.py for tasks to queue
[2023-12-06T15:18:23.389+0700] {logging_mixin.py:137} INFO - [2023-12-06T15:18:23.389+0700] {dagbag.py:538} INFO - Filling up the DagBag from /opt/anaconda3/lib/python3.8/site-packages/airflow/example_dags/example_skip_dag.py
[2023-12-06T15:18:23.431+0700] {processor.py:753} INFO - DAG(s) dict_keys(['example_skip_dag']) retrieved from /opt/anaconda3/lib/python3.8/site-packages/airflow/example_dags/example_skip_dag.py
[2023-12-06T15:18:24.890+0700] {logging_mixin.py:137} INFO - [2023-12-06T15:18:24.890+0700] {dag.py:2676} INFO - Sync 1 DAGs
[2023-12-06T15:18:24.910+0700] {logging_mixin.py:137} INFO - [2023-12-06T15:18:24.910+0700] {dag.py:3423} INFO - Setting next_dagrun for example_skip_dag to 2023-12-05T08:18:24.910334+00:00, run_after=2023-12-06T08:18:24.910334+00:00
[2023-12-06T15:18:24.937+0700] {processor.py:175} INFO - Processing /opt/anaconda3/lib/python3.8/site-packages/airflow/example_dags/example_skip_dag.py took 1.552 seconds
[2023-12-06T15:20:40.247+0700] {processor.py:153} INFO - Started process (PID=64886) to work on /opt/anaconda3/lib/python3.8/site-packages/airflow/example_dags/example_skip_dag.py
[2023-12-06T15:20:40.248+0700] {processor.py:743} INFO - Processing file /opt/anaconda3/lib/python3.8/site-packages/airflow/example_dags/example_skip_dag.py for tasks to queue
[2023-12-06T15:20:40.248+0700] {logging_mixin.py:137} INFO - [2023-12-06T15:20:40.248+0700] {dagbag.py:538} INFO - Filling up the DagBag from /opt/anaconda3/lib/python3.8/site-packages/airflow/example_dags/example_skip_dag.py
[2023-12-06T15:20:40.274+0700] {processor.py:753} INFO - DAG(s) dict_keys(['example_skip_dag']) retrieved from /opt/anaconda3/lib/python3.8/site-packages/airflow/example_dags/example_skip_dag.py
[2023-12-06T15:20:41.078+0700] {logging_mixin.py:137} INFO - [2023-12-06T15:20:41.078+0700] {dag.py:2676} INFO - Sync 1 DAGs
[2023-12-06T15:20:41.097+0700] {logging_mixin.py:137} INFO - [2023-12-06T15:20:41.097+0700] {dag.py:3423} INFO - Setting next_dagrun for example_skip_dag to 2023-12-05T08:20:41.097329+00:00, run_after=2023-12-06T08:20:41.097329+00:00
[2023-12-06T15:20:41.123+0700] {processor.py:175} INFO - Processing /opt/anaconda3/lib/python3.8/site-packages/airflow/example_dags/example_skip_dag.py took 0.876 seconds
[2023-12-06T15:23:08.097+0700] {processor.py:153} INFO - Started process (PID=66477) to work on /opt/anaconda3/lib/python3.8/site-packages/airflow/example_dags/example_skip_dag.py
[2023-12-06T15:23:08.099+0700] {processor.py:743} INFO - Processing file /opt/anaconda3/lib/python3.8/site-packages/airflow/example_dags/example_skip_dag.py for tasks to queue
[2023-12-06T15:23:08.099+0700] {logging_mixin.py:137} INFO - [2023-12-06T15:23:08.099+0700] {dagbag.py:538} INFO - Filling up the DagBag from /opt/anaconda3/lib/python3.8/site-packages/airflow/example_dags/example_skip_dag.py
[2023-12-06T15:23:08.132+0700] {processor.py:753} INFO - DAG(s) dict_keys(['example_skip_dag']) retrieved from /opt/anaconda3/lib/python3.8/site-packages/airflow/example_dags/example_skip_dag.py
[2023-12-06T15:23:09.958+0700] {logging_mixin.py:137} INFO - [2023-12-06T15:23:09.957+0700] {dag.py:2676} INFO - Sync 1 DAGs
[2023-12-06T15:23:10.009+0700] {logging_mixin.py:137} INFO - [2023-12-06T15:23:10.009+0700] {dag.py:3423} INFO - Setting next_dagrun for example_skip_dag to 2023-12-05T08:23:10.008816+00:00, run_after=2023-12-06T08:23:10.008816+00:00
[2023-12-06T15:23:10.071+0700] {processor.py:175} INFO - Processing /opt/anaconda3/lib/python3.8/site-packages/airflow/example_dags/example_skip_dag.py took 1.975 seconds
[2023-12-06T15:25:33.995+0700] {processor.py:153} INFO - Started process (PID=68063) to work on /opt/anaconda3/lib/python3.8/site-packages/airflow/example_dags/example_skip_dag.py
[2023-12-06T15:25:33.997+0700] {processor.py:743} INFO - Processing file /opt/anaconda3/lib/python3.8/site-packages/airflow/example_dags/example_skip_dag.py for tasks to queue
[2023-12-06T15:25:33.998+0700] {logging_mixin.py:137} INFO - [2023-12-06T15:25:33.997+0700] {dagbag.py:538} INFO - Filling up the DagBag from /opt/anaconda3/lib/python3.8/site-packages/airflow/example_dags/example_skip_dag.py
[2023-12-06T15:25:34.170+0700] {processor.py:753} INFO - DAG(s) dict_keys(['example_skip_dag']) retrieved from /opt/anaconda3/lib/python3.8/site-packages/airflow/example_dags/example_skip_dag.py
[2023-12-06T15:25:37.084+0700] {logging_mixin.py:137} INFO - [2023-12-06T15:25:37.083+0700] {dag.py:2676} INFO - Sync 1 DAGs
[2023-12-06T15:25:37.114+0700] {logging_mixin.py:137} INFO - [2023-12-06T15:25:37.114+0700] {dag.py:3423} INFO - Setting next_dagrun for example_skip_dag to 2023-12-05T08:25:37.114136+00:00, run_after=2023-12-06T08:25:37.114136+00:00
[2023-12-06T15:25:37.148+0700] {processor.py:175} INFO - Processing /opt/anaconda3/lib/python3.8/site-packages/airflow/example_dags/example_skip_dag.py took 3.154 seconds
[2023-12-06T15:27:59.472+0700] {processor.py:153} INFO - Started process (PID=69645) to work on /opt/anaconda3/lib/python3.8/site-packages/airflow/example_dags/example_skip_dag.py
[2023-12-06T15:27:59.474+0700] {processor.py:743} INFO - Processing file /opt/anaconda3/lib/python3.8/site-packages/airflow/example_dags/example_skip_dag.py for tasks to queue
[2023-12-06T15:27:59.475+0700] {logging_mixin.py:137} INFO - [2023-12-06T15:27:59.475+0700] {dagbag.py:538} INFO - Filling up the DagBag from /opt/anaconda3/lib/python3.8/site-packages/airflow/example_dags/example_skip_dag.py
[2023-12-06T15:27:59.506+0700] {processor.py:753} INFO - DAG(s) dict_keys(['example_skip_dag']) retrieved from /opt/anaconda3/lib/python3.8/site-packages/airflow/example_dags/example_skip_dag.py
[2023-12-06T15:28:00.333+0700] {logging_mixin.py:137} INFO - [2023-12-06T15:28:00.333+0700] {dag.py:2676} INFO - Sync 1 DAGs
[2023-12-06T15:28:00.352+0700] {logging_mixin.py:137} INFO - [2023-12-06T15:28:00.352+0700] {dag.py:3423} INFO - Setting next_dagrun for example_skip_dag to 2023-12-05T08:28:00.351873+00:00, run_after=2023-12-06T08:28:00.351873+00:00
[2023-12-06T15:28:00.373+0700] {processor.py:175} INFO - Processing /opt/anaconda3/lib/python3.8/site-packages/airflow/example_dags/example_skip_dag.py took 0.902 seconds
[2023-12-06T15:30:19.695+0700] {processor.py:153} INFO - Started process (PID=71124) to work on /opt/anaconda3/lib/python3.8/site-packages/airflow/example_dags/example_skip_dag.py
[2023-12-06T15:30:19.697+0700] {processor.py:743} INFO - Processing file /opt/anaconda3/lib/python3.8/site-packages/airflow/example_dags/example_skip_dag.py for tasks to queue
[2023-12-06T15:30:19.698+0700] {logging_mixin.py:137} INFO - [2023-12-06T15:30:19.697+0700] {dagbag.py:538} INFO - Filling up the DagBag from /opt/anaconda3/lib/python3.8/site-packages/airflow/example_dags/example_skip_dag.py
[2023-12-06T15:30:19.732+0700] {processor.py:753} INFO - DAG(s) dict_keys(['example_skip_dag']) retrieved from /opt/anaconda3/lib/python3.8/site-packages/airflow/example_dags/example_skip_dag.py
[2023-12-06T15:30:20.487+0700] {logging_mixin.py:137} INFO - [2023-12-06T15:30:20.487+0700] {dag.py:2676} INFO - Sync 1 DAGs
[2023-12-06T15:30:20.520+0700] {logging_mixin.py:137} INFO - [2023-12-06T15:30:20.520+0700] {dag.py:3423} INFO - Setting next_dagrun for example_skip_dag to 2023-12-05T08:30:20.520348+00:00, run_after=2023-12-06T08:30:20.520348+00:00
[2023-12-06T15:30:20.541+0700] {processor.py:175} INFO - Processing /opt/anaconda3/lib/python3.8/site-packages/airflow/example_dags/example_skip_dag.py took 0.847 seconds
[2023-12-06T15:32:56.134+0700] {processor.py:153} INFO - Started process (PID=72839) to work on /opt/anaconda3/lib/python3.8/site-packages/airflow/example_dags/example_skip_dag.py
[2023-12-06T15:32:56.136+0700] {processor.py:743} INFO - Processing file /opt/anaconda3/lib/python3.8/site-packages/airflow/example_dags/example_skip_dag.py for tasks to queue
[2023-12-06T15:32:56.137+0700] {logging_mixin.py:137} INFO - [2023-12-06T15:32:56.137+0700] {dagbag.py:538} INFO - Filling up the DagBag from /opt/anaconda3/lib/python3.8/site-packages/airflow/example_dags/example_skip_dag.py
[2023-12-06T15:32:56.180+0700] {processor.py:753} INFO - DAG(s) dict_keys(['example_skip_dag']) retrieved from /opt/anaconda3/lib/python3.8/site-packages/airflow/example_dags/example_skip_dag.py
[2023-12-06T15:32:57.011+0700] {logging_mixin.py:137} INFO - [2023-12-06T15:32:57.010+0700] {dag.py:2676} INFO - Sync 1 DAGs
[2023-12-06T15:32:57.031+0700] {logging_mixin.py:137} INFO - [2023-12-06T15:32:57.030+0700] {dag.py:3423} INFO - Setting next_dagrun for example_skip_dag to 2023-12-05T08:32:57.030796+00:00, run_after=2023-12-06T08:32:57.030796+00:00
[2023-12-06T15:32:57.050+0700] {processor.py:175} INFO - Processing /opt/anaconda3/lib/python3.8/site-packages/airflow/example_dags/example_skip_dag.py took 0.917 seconds
[2023-12-06T15:35:14.177+0700] {processor.py:153} INFO - Started process (PID=74323) to work on /opt/anaconda3/lib/python3.8/site-packages/airflow/example_dags/example_skip_dag.py
[2023-12-06T15:35:14.179+0700] {processor.py:743} INFO - Processing file /opt/anaconda3/lib/python3.8/site-packages/airflow/example_dags/example_skip_dag.py for tasks to queue
[2023-12-06T15:35:14.179+0700] {logging_mixin.py:137} INFO - [2023-12-06T15:35:14.179+0700] {dagbag.py:538} INFO - Filling up the DagBag from /opt/anaconda3/lib/python3.8/site-packages/airflow/example_dags/example_skip_dag.py
[2023-12-06T15:35:14.211+0700] {processor.py:753} INFO - DAG(s) dict_keys(['example_skip_dag']) retrieved from /opt/anaconda3/lib/python3.8/site-packages/airflow/example_dags/example_skip_dag.py
[2023-12-06T15:35:14.972+0700] {logging_mixin.py:137} INFO - [2023-12-06T15:35:14.972+0700] {dag.py:2676} INFO - Sync 1 DAGs
[2023-12-06T15:35:14.989+0700] {logging_mixin.py:137} INFO - [2023-12-06T15:35:14.989+0700] {dag.py:3423} INFO - Setting next_dagrun for example_skip_dag to 2023-12-05T08:35:14.988860+00:00, run_after=2023-12-06T08:35:14.988860+00:00
[2023-12-06T15:35:15.009+0700] {processor.py:175} INFO - Processing /opt/anaconda3/lib/python3.8/site-packages/airflow/example_dags/example_skip_dag.py took 0.834 seconds
[2023-12-06T15:37:36.581+0700] {processor.py:153} INFO - Started process (PID=75814) to work on /opt/anaconda3/lib/python3.8/site-packages/airflow/example_dags/example_skip_dag.py
[2023-12-06T15:37:36.582+0700] {processor.py:743} INFO - Processing file /opt/anaconda3/lib/python3.8/site-packages/airflow/example_dags/example_skip_dag.py for tasks to queue
[2023-12-06T15:37:36.583+0700] {logging_mixin.py:137} INFO - [2023-12-06T15:37:36.583+0700] {dagbag.py:538} INFO - Filling up the DagBag from /opt/anaconda3/lib/python3.8/site-packages/airflow/example_dags/example_skip_dag.py
[2023-12-06T15:37:36.612+0700] {processor.py:753} INFO - DAG(s) dict_keys(['example_skip_dag']) retrieved from /opt/anaconda3/lib/python3.8/site-packages/airflow/example_dags/example_skip_dag.py
[2023-12-06T15:37:37.354+0700] {logging_mixin.py:137} INFO - [2023-12-06T15:37:37.354+0700] {dag.py:2676} INFO - Sync 1 DAGs
[2023-12-06T15:37:37.371+0700] {logging_mixin.py:137} INFO - [2023-12-06T15:37:37.370+0700] {dag.py:3423} INFO - Setting next_dagrun for example_skip_dag to 2023-12-05T08:37:37.370749+00:00, run_after=2023-12-06T08:37:37.370749+00:00
[2023-12-06T15:37:37.391+0700] {processor.py:175} INFO - Processing /opt/anaconda3/lib/python3.8/site-packages/airflow/example_dags/example_skip_dag.py took 0.811 seconds
[2023-12-06T15:39:58.694+0700] {processor.py:153} INFO - Started process (PID=77393) to work on /opt/anaconda3/lib/python3.8/site-packages/airflow/example_dags/example_skip_dag.py
[2023-12-06T15:39:58.695+0700] {processor.py:743} INFO - Processing file /opt/anaconda3/lib/python3.8/site-packages/airflow/example_dags/example_skip_dag.py for tasks to queue
[2023-12-06T15:39:58.696+0700] {logging_mixin.py:137} INFO - [2023-12-06T15:39:58.696+0700] {dagbag.py:538} INFO - Filling up the DagBag from /opt/anaconda3/lib/python3.8/site-packages/airflow/example_dags/example_skip_dag.py
[2023-12-06T15:39:58.740+0700] {processor.py:753} INFO - DAG(s) dict_keys(['example_skip_dag']) retrieved from /opt/anaconda3/lib/python3.8/site-packages/airflow/example_dags/example_skip_dag.py
[2023-12-06T15:39:59.560+0700] {logging_mixin.py:137} INFO - [2023-12-06T15:39:59.560+0700] {dag.py:2676} INFO - Sync 1 DAGs
[2023-12-06T15:39:59.580+0700] {logging_mixin.py:137} INFO - [2023-12-06T15:39:59.579+0700] {dag.py:3423} INFO - Setting next_dagrun for example_skip_dag to 2023-12-05T08:39:59.579695+00:00, run_after=2023-12-06T08:39:59.579695+00:00
[2023-12-06T15:39:59.601+0700] {processor.py:175} INFO - Processing /opt/anaconda3/lib/python3.8/site-packages/airflow/example_dags/example_skip_dag.py took 0.908 seconds
