[2023-12-06T10:16:39.956+0700] {processor.py:153} INFO - Started process (PID=90867) to work on /opt/anaconda3/lib/python3.8/site-packages/airflow/example_dags/example_trigger_target_dag.py
[2023-12-06T10:16:39.956+0700] {processor.py:743} INFO - Processing file /opt/anaconda3/lib/python3.8/site-packages/airflow/example_dags/example_trigger_target_dag.py for tasks to queue
[2023-12-06T10:16:39.957+0700] {logging_mixin.py:137} INFO - [2023-12-06T10:16:39.957+0700] {dagbag.py:538} INFO - Filling up the DagBag from /opt/anaconda3/lib/python3.8/site-packages/airflow/example_dags/example_trigger_target_dag.py
[2023-12-06T10:16:40.089+0700] {processor.py:753} INFO - DAG(s) dict_keys(['example_trigger_target_dag']) retrieved from /opt/anaconda3/lib/python3.8/site-packages/airflow/example_dags/example_trigger_target_dag.py
[2023-12-06T10:16:41.209+0700] {logging_mixin.py:137} INFO - [2023-12-06T10:16:41.209+0700] {dag.py:2676} INFO - Sync 1 DAGs
[2023-12-06T10:16:41.228+0700] {logging_mixin.py:137} INFO - [2023-12-06T10:16:41.228+0700] {dag.py:3423} INFO - Setting next_dagrun for example_trigger_target_dag to None, run_after=None
[2023-12-06T10:16:41.249+0700] {processor.py:175} INFO - Processing /opt/anaconda3/lib/python3.8/site-packages/airflow/example_dags/example_trigger_target_dag.py took 1.293 seconds
[2023-12-06T10:19:54.592+0700] {processor.py:153} INFO - Started process (PID=93104) to work on /opt/anaconda3/lib/python3.8/site-packages/airflow/example_dags/example_trigger_target_dag.py
[2023-12-06T10:19:54.593+0700] {processor.py:743} INFO - Processing file /opt/anaconda3/lib/python3.8/site-packages/airflow/example_dags/example_trigger_target_dag.py for tasks to queue
[2023-12-06T10:19:54.593+0700] {logging_mixin.py:137} INFO - [2023-12-06T10:19:54.593+0700] {dagbag.py:538} INFO - Filling up the DagBag from /opt/anaconda3/lib/python3.8/site-packages/airflow/example_dags/example_trigger_target_dag.py
[2023-12-06T10:19:54.667+0700] {processor.py:753} INFO - DAG(s) dict_keys(['example_trigger_target_dag']) retrieved from /opt/anaconda3/lib/python3.8/site-packages/airflow/example_dags/example_trigger_target_dag.py
[2023-12-06T10:19:56.938+0700] {logging_mixin.py:137} INFO - [2023-12-06T10:19:56.938+0700] {dag.py:2676} INFO - Sync 1 DAGs
[2023-12-06T10:19:57.028+0700] {logging_mixin.py:137} INFO - [2023-12-06T10:19:57.028+0700] {dag.py:3423} INFO - Setting next_dagrun for example_trigger_target_dag to None, run_after=None
[2023-12-06T10:19:57.105+0700] {processor.py:175} INFO - Processing /opt/anaconda3/lib/python3.8/site-packages/airflow/example_dags/example_trigger_target_dag.py took 2.514 seconds
[2023-12-06T10:22:48.973+0700] {processor.py:153} INFO - Started process (PID=94938) to work on /opt/anaconda3/lib/python3.8/site-packages/airflow/example_dags/example_trigger_target_dag.py
[2023-12-06T10:22:48.974+0700] {processor.py:743} INFO - Processing file /opt/anaconda3/lib/python3.8/site-packages/airflow/example_dags/example_trigger_target_dag.py for tasks to queue
[2023-12-06T10:22:48.976+0700] {logging_mixin.py:137} INFO - [2023-12-06T10:22:48.975+0700] {dagbag.py:538} INFO - Filling up the DagBag from /opt/anaconda3/lib/python3.8/site-packages/airflow/example_dags/example_trigger_target_dag.py
[2023-12-06T10:22:49.064+0700] {processor.py:753} INFO - DAG(s) dict_keys(['example_trigger_target_dag']) retrieved from /opt/anaconda3/lib/python3.8/site-packages/airflow/example_dags/example_trigger_target_dag.py
[2023-12-06T10:22:50.296+0700] {logging_mixin.py:137} INFO - [2023-12-06T10:22:50.296+0700] {dag.py:2676} INFO - Sync 1 DAGs
[2023-12-06T10:22:50.319+0700] {logging_mixin.py:137} INFO - [2023-12-06T10:22:50.319+0700] {dag.py:3423} INFO - Setting next_dagrun for example_trigger_target_dag to None, run_after=None
[2023-12-06T10:22:50.347+0700] {processor.py:175} INFO - Processing /opt/anaconda3/lib/python3.8/site-packages/airflow/example_dags/example_trigger_target_dag.py took 1.376 seconds
[2023-12-06T10:25:01.160+0700] {processor.py:153} INFO - Started process (PID=96524) to work on /opt/anaconda3/lib/python3.8/site-packages/airflow/example_dags/example_trigger_target_dag.py
[2023-12-06T10:25:01.162+0700] {processor.py:743} INFO - Processing file /opt/anaconda3/lib/python3.8/site-packages/airflow/example_dags/example_trigger_target_dag.py for tasks to queue
[2023-12-06T10:25:01.163+0700] {logging_mixin.py:137} INFO - [2023-12-06T10:25:01.162+0700] {dagbag.py:538} INFO - Filling up the DagBag from /opt/anaconda3/lib/python3.8/site-packages/airflow/example_dags/example_trigger_target_dag.py
[2023-12-06T10:25:01.216+0700] {processor.py:753} INFO - DAG(s) dict_keys(['example_trigger_target_dag']) retrieved from /opt/anaconda3/lib/python3.8/site-packages/airflow/example_dags/example_trigger_target_dag.py
[2023-12-06T10:25:02.001+0700] {logging_mixin.py:137} INFO - [2023-12-06T10:25:02.000+0700] {dag.py:2676} INFO - Sync 1 DAGs
[2023-12-06T10:25:02.018+0700] {logging_mixin.py:137} INFO - [2023-12-06T10:25:02.018+0700] {dag.py:3423} INFO - Setting next_dagrun for example_trigger_target_dag to None, run_after=None
[2023-12-06T10:25:02.040+0700] {processor.py:175} INFO - Processing /opt/anaconda3/lib/python3.8/site-packages/airflow/example_dags/example_trigger_target_dag.py took 0.881 seconds
[2023-12-06T10:27:14.471+0700] {processor.py:153} INFO - Started process (PID=97989) to work on /opt/anaconda3/lib/python3.8/site-packages/airflow/example_dags/example_trigger_target_dag.py
[2023-12-06T10:27:14.473+0700] {processor.py:743} INFO - Processing file /opt/anaconda3/lib/python3.8/site-packages/airflow/example_dags/example_trigger_target_dag.py for tasks to queue
[2023-12-06T10:27:14.473+0700] {logging_mixin.py:137} INFO - [2023-12-06T10:27:14.473+0700] {dagbag.py:538} INFO - Filling up the DagBag from /opt/anaconda3/lib/python3.8/site-packages/airflow/example_dags/example_trigger_target_dag.py
[2023-12-06T10:27:14.529+0700] {processor.py:753} INFO - DAG(s) dict_keys(['example_trigger_target_dag']) retrieved from /opt/anaconda3/lib/python3.8/site-packages/airflow/example_dags/example_trigger_target_dag.py
[2023-12-06T10:27:15.425+0700] {logging_mixin.py:137} INFO - [2023-12-06T10:27:15.425+0700] {dag.py:2676} INFO - Sync 1 DAGs
[2023-12-06T10:27:15.443+0700] {logging_mixin.py:137} INFO - [2023-12-06T10:27:15.443+0700] {dag.py:3423} INFO - Setting next_dagrun for example_trigger_target_dag to None, run_after=None
[2023-12-06T10:27:15.465+0700] {processor.py:175} INFO - Processing /opt/anaconda3/lib/python3.8/site-packages/airflow/example_dags/example_trigger_target_dag.py took 0.995 seconds
[2023-12-06T10:42:52.123+0700] {processor.py:153} INFO - Started process (PID=6131) to work on /opt/anaconda3/lib/python3.8/site-packages/airflow/example_dags/example_trigger_target_dag.py
[2023-12-06T10:42:52.125+0700] {processor.py:743} INFO - Processing file /opt/anaconda3/lib/python3.8/site-packages/airflow/example_dags/example_trigger_target_dag.py for tasks to queue
[2023-12-06T10:42:52.126+0700] {logging_mixin.py:137} INFO - [2023-12-06T10:42:52.126+0700] {dagbag.py:538} INFO - Filling up the DagBag from /opt/anaconda3/lib/python3.8/site-packages/airflow/example_dags/example_trigger_target_dag.py
[2023-12-06T10:42:52.196+0700] {processor.py:753} INFO - DAG(s) dict_keys(['example_trigger_target_dag']) retrieved from /opt/anaconda3/lib/python3.8/site-packages/airflow/example_dags/example_trigger_target_dag.py
[2023-12-06T10:42:53.386+0700] {logging_mixin.py:137} INFO - [2023-12-06T10:42:53.386+0700] {dag.py:2676} INFO - Sync 1 DAGs
[2023-12-06T10:42:53.429+0700] {logging_mixin.py:137} INFO - [2023-12-06T10:42:53.429+0700] {dag.py:3423} INFO - Setting next_dagrun for example_trigger_target_dag to None, run_after=None
[2023-12-06T10:42:53.462+0700] {processor.py:175} INFO - Processing /opt/anaconda3/lib/python3.8/site-packages/airflow/example_dags/example_trigger_target_dag.py took 1.339 seconds
[2023-12-06T10:46:30.614+0700] {processor.py:153} INFO - Started process (PID=8535) to work on /opt/anaconda3/lib/python3.8/site-packages/airflow/example_dags/example_trigger_target_dag.py
[2023-12-06T10:46:30.616+0700] {processor.py:743} INFO - Processing file /opt/anaconda3/lib/python3.8/site-packages/airflow/example_dags/example_trigger_target_dag.py for tasks to queue
[2023-12-06T10:46:30.617+0700] {logging_mixin.py:137} INFO - [2023-12-06T10:46:30.616+0700] {dagbag.py:538} INFO - Filling up the DagBag from /opt/anaconda3/lib/python3.8/site-packages/airflow/example_dags/example_trigger_target_dag.py
[2023-12-06T10:46:30.681+0700] {processor.py:753} INFO - DAG(s) dict_keys(['example_trigger_target_dag']) retrieved from /opt/anaconda3/lib/python3.8/site-packages/airflow/example_dags/example_trigger_target_dag.py
[2023-12-06T10:46:31.626+0700] {logging_mixin.py:137} INFO - [2023-12-06T10:46:31.625+0700] {dag.py:2676} INFO - Sync 1 DAGs
[2023-12-06T10:46:31.646+0700] {logging_mixin.py:137} INFO - [2023-12-06T10:46:31.646+0700] {dag.py:3423} INFO - Setting next_dagrun for example_trigger_target_dag to None, run_after=None
[2023-12-06T10:46:31.673+0700] {processor.py:175} INFO - Processing /opt/anaconda3/lib/python3.8/site-packages/airflow/example_dags/example_trigger_target_dag.py took 1.059 seconds
[2023-12-06T10:51:04.016+0700] {processor.py:153} INFO - Started process (PID=11612) to work on /opt/anaconda3/lib/python3.8/site-packages/airflow/example_dags/example_trigger_target_dag.py
[2023-12-06T10:51:04.018+0700] {processor.py:743} INFO - Processing file /opt/anaconda3/lib/python3.8/site-packages/airflow/example_dags/example_trigger_target_dag.py for tasks to queue
[2023-12-06T10:51:04.019+0700] {logging_mixin.py:137} INFO - [2023-12-06T10:51:04.019+0700] {dagbag.py:538} INFO - Filling up the DagBag from /opt/anaconda3/lib/python3.8/site-packages/airflow/example_dags/example_trigger_target_dag.py
[2023-12-06T10:51:04.137+0700] {processor.py:753} INFO - DAG(s) dict_keys(['example_trigger_target_dag']) retrieved from /opt/anaconda3/lib/python3.8/site-packages/airflow/example_dags/example_trigger_target_dag.py
[2023-12-06T10:51:06.060+0700] {logging_mixin.py:137} INFO - [2023-12-06T10:51:06.059+0700] {dag.py:2676} INFO - Sync 1 DAGs
[2023-12-06T10:51:06.092+0700] {logging_mixin.py:137} INFO - [2023-12-06T10:51:06.092+0700] {dag.py:3423} INFO - Setting next_dagrun for example_trigger_target_dag to None, run_after=None
[2023-12-06T10:51:06.126+0700] {processor.py:175} INFO - Processing /opt/anaconda3/lib/python3.8/site-packages/airflow/example_dags/example_trigger_target_dag.py took 2.111 seconds
[2023-12-06T10:53:49.990+0700] {processor.py:153} INFO - Started process (PID=13438) to work on /opt/anaconda3/lib/python3.8/site-packages/airflow/example_dags/example_trigger_target_dag.py
[2023-12-06T10:53:49.991+0700] {processor.py:743} INFO - Processing file /opt/anaconda3/lib/python3.8/site-packages/airflow/example_dags/example_trigger_target_dag.py for tasks to queue
[2023-12-06T10:53:49.992+0700] {logging_mixin.py:137} INFO - [2023-12-06T10:53:49.992+0700] {dagbag.py:538} INFO - Filling up the DagBag from /opt/anaconda3/lib/python3.8/site-packages/airflow/example_dags/example_trigger_target_dag.py
[2023-12-06T10:53:50.053+0700] {processor.py:753} INFO - DAG(s) dict_keys(['example_trigger_target_dag']) retrieved from /opt/anaconda3/lib/python3.8/site-packages/airflow/example_dags/example_trigger_target_dag.py
[2023-12-06T10:53:51.088+0700] {logging_mixin.py:137} INFO - [2023-12-06T10:53:51.088+0700] {dag.py:2676} INFO - Sync 1 DAGs
[2023-12-06T10:53:51.117+0700] {logging_mixin.py:137} INFO - [2023-12-06T10:53:51.117+0700] {dag.py:3423} INFO - Setting next_dagrun for example_trigger_target_dag to None, run_after=None
[2023-12-06T10:53:51.144+0700] {processor.py:175} INFO - Processing /opt/anaconda3/lib/python3.8/site-packages/airflow/example_dags/example_trigger_target_dag.py took 1.154 seconds
[2023-12-06T10:56:48.476+0700] {processor.py:153} INFO - Started process (PID=15287) to work on /opt/anaconda3/lib/python3.8/site-packages/airflow/example_dags/example_trigger_target_dag.py
[2023-12-06T10:56:48.479+0700] {processor.py:743} INFO - Processing file /opt/anaconda3/lib/python3.8/site-packages/airflow/example_dags/example_trigger_target_dag.py for tasks to queue
[2023-12-06T10:56:48.480+0700] {logging_mixin.py:137} INFO - [2023-12-06T10:56:48.480+0700] {dagbag.py:538} INFO - Filling up the DagBag from /opt/anaconda3/lib/python3.8/site-packages/airflow/example_dags/example_trigger_target_dag.py
[2023-12-06T10:56:48.559+0700] {processor.py:753} INFO - DAG(s) dict_keys(['example_trigger_target_dag']) retrieved from /opt/anaconda3/lib/python3.8/site-packages/airflow/example_dags/example_trigger_target_dag.py
[2023-12-06T10:56:49.692+0700] {logging_mixin.py:137} INFO - [2023-12-06T10:56:49.692+0700] {dag.py:2676} INFO - Sync 1 DAGs
[2023-12-06T10:56:49.726+0700] {logging_mixin.py:137} INFO - [2023-12-06T10:56:49.726+0700] {dag.py:3423} INFO - Setting next_dagrun for example_trigger_target_dag to None, run_after=None
[2023-12-06T10:56:49.784+0700] {processor.py:175} INFO - Processing /opt/anaconda3/lib/python3.8/site-packages/airflow/example_dags/example_trigger_target_dag.py took 1.309 seconds
[2023-12-06T11:01:33.202+0700] {processor.py:153} INFO - Started process (PID=18341) to work on /opt/anaconda3/lib/python3.8/site-packages/airflow/example_dags/example_trigger_target_dag.py
[2023-12-06T11:01:33.203+0700] {processor.py:743} INFO - Processing file /opt/anaconda3/lib/python3.8/site-packages/airflow/example_dags/example_trigger_target_dag.py for tasks to queue
[2023-12-06T11:01:33.204+0700] {logging_mixin.py:137} INFO - [2023-12-06T11:01:33.204+0700] {dagbag.py:538} INFO - Filling up the DagBag from /opt/anaconda3/lib/python3.8/site-packages/airflow/example_dags/example_trigger_target_dag.py
[2023-12-06T11:01:33.274+0700] {processor.py:753} INFO - DAG(s) dict_keys(['example_trigger_target_dag']) retrieved from /opt/anaconda3/lib/python3.8/site-packages/airflow/example_dags/example_trigger_target_dag.py
[2023-12-06T11:01:34.427+0700] {logging_mixin.py:137} INFO - [2023-12-06T11:01:34.427+0700] {dag.py:2676} INFO - Sync 1 DAGs
[2023-12-06T11:01:34.446+0700] {logging_mixin.py:137} INFO - [2023-12-06T11:01:34.446+0700] {dag.py:3423} INFO - Setting next_dagrun for example_trigger_target_dag to None, run_after=None
[2023-12-06T11:01:34.472+0700] {processor.py:175} INFO - Processing /opt/anaconda3/lib/python3.8/site-packages/airflow/example_dags/example_trigger_target_dag.py took 1.271 seconds
[2023-12-06T11:06:15.360+0700] {processor.py:153} INFO - Started process (PID=21424) to work on /opt/anaconda3/lib/python3.8/site-packages/airflow/example_dags/example_trigger_target_dag.py
[2023-12-06T11:06:15.361+0700] {processor.py:743} INFO - Processing file /opt/anaconda3/lib/python3.8/site-packages/airflow/example_dags/example_trigger_target_dag.py for tasks to queue
[2023-12-06T11:06:15.362+0700] {logging_mixin.py:137} INFO - [2023-12-06T11:06:15.362+0700] {dagbag.py:538} INFO - Filling up the DagBag from /opt/anaconda3/lib/python3.8/site-packages/airflow/example_dags/example_trigger_target_dag.py
[2023-12-06T11:06:15.430+0700] {processor.py:753} INFO - DAG(s) dict_keys(['example_trigger_target_dag']) retrieved from /opt/anaconda3/lib/python3.8/site-packages/airflow/example_dags/example_trigger_target_dag.py
[2023-12-06T11:06:16.426+0700] {logging_mixin.py:137} INFO - [2023-12-06T11:06:16.425+0700] {dag.py:2676} INFO - Sync 1 DAGs
[2023-12-06T11:06:16.446+0700] {logging_mixin.py:137} INFO - [2023-12-06T11:06:16.446+0700] {dag.py:3423} INFO - Setting next_dagrun for example_trigger_target_dag to None, run_after=None
[2023-12-06T11:06:16.474+0700] {processor.py:175} INFO - Processing /opt/anaconda3/lib/python3.8/site-packages/airflow/example_dags/example_trigger_target_dag.py took 1.115 seconds
[2023-12-06T11:09:37.000+0700] {processor.py:153} INFO - Started process (PID=23666) to work on /opt/anaconda3/lib/python3.8/site-packages/airflow/example_dags/example_trigger_target_dag.py
[2023-12-06T11:09:37.002+0700] {processor.py:743} INFO - Processing file /opt/anaconda3/lib/python3.8/site-packages/airflow/example_dags/example_trigger_target_dag.py for tasks to queue
[2023-12-06T11:09:37.002+0700] {logging_mixin.py:137} INFO - [2023-12-06T11:09:37.002+0700] {dagbag.py:538} INFO - Filling up the DagBag from /opt/anaconda3/lib/python3.8/site-packages/airflow/example_dags/example_trigger_target_dag.py
[2023-12-06T11:09:37.069+0700] {processor.py:753} INFO - DAG(s) dict_keys(['example_trigger_target_dag']) retrieved from /opt/anaconda3/lib/python3.8/site-packages/airflow/example_dags/example_trigger_target_dag.py
[2023-12-06T11:09:38.078+0700] {logging_mixin.py:137} INFO - [2023-12-06T11:09:38.078+0700] {dag.py:2676} INFO - Sync 1 DAGs
[2023-12-06T11:09:38.108+0700] {logging_mixin.py:137} INFO - [2023-12-06T11:09:38.108+0700] {dag.py:3423} INFO - Setting next_dagrun for example_trigger_target_dag to None, run_after=None
[2023-12-06T11:09:38.145+0700] {processor.py:175} INFO - Processing /opt/anaconda3/lib/python3.8/site-packages/airflow/example_dags/example_trigger_target_dag.py took 1.146 seconds
[2023-12-06T11:13:06.597+0700] {processor.py:153} INFO - Started process (PID=25922) to work on /opt/anaconda3/lib/python3.8/site-packages/airflow/example_dags/example_trigger_target_dag.py
[2023-12-06T11:13:06.599+0700] {processor.py:743} INFO - Processing file /opt/anaconda3/lib/python3.8/site-packages/airflow/example_dags/example_trigger_target_dag.py for tasks to queue
[2023-12-06T11:13:06.600+0700] {logging_mixin.py:137} INFO - [2023-12-06T11:13:06.599+0700] {dagbag.py:538} INFO - Filling up the DagBag from /opt/anaconda3/lib/python3.8/site-packages/airflow/example_dags/example_trigger_target_dag.py
[2023-12-06T11:13:06.662+0700] {processor.py:753} INFO - DAG(s) dict_keys(['example_trigger_target_dag']) retrieved from /opt/anaconda3/lib/python3.8/site-packages/airflow/example_dags/example_trigger_target_dag.py
[2023-12-06T11:13:07.689+0700] {logging_mixin.py:137} INFO - [2023-12-06T11:13:07.688+0700] {dag.py:2676} INFO - Sync 1 DAGs
[2023-12-06T11:13:07.711+0700] {logging_mixin.py:137} INFO - [2023-12-06T11:13:07.711+0700] {dag.py:3423} INFO - Setting next_dagrun for example_trigger_target_dag to None, run_after=None
[2023-12-06T11:13:07.747+0700] {processor.py:175} INFO - Processing /opt/anaconda3/lib/python3.8/site-packages/airflow/example_dags/example_trigger_target_dag.py took 1.150 seconds
[2023-12-06T11:17:42.053+0700] {processor.py:153} INFO - Started process (PID=28924) to work on /opt/anaconda3/lib/python3.8/site-packages/airflow/example_dags/example_trigger_target_dag.py
[2023-12-06T11:17:42.055+0700] {processor.py:743} INFO - Processing file /opt/anaconda3/lib/python3.8/site-packages/airflow/example_dags/example_trigger_target_dag.py for tasks to queue
[2023-12-06T11:17:42.056+0700] {logging_mixin.py:137} INFO - [2023-12-06T11:17:42.056+0700] {dagbag.py:538} INFO - Filling up the DagBag from /opt/anaconda3/lib/python3.8/site-packages/airflow/example_dags/example_trigger_target_dag.py
[2023-12-06T11:17:42.121+0700] {processor.py:753} INFO - DAG(s) dict_keys(['example_trigger_target_dag']) retrieved from /opt/anaconda3/lib/python3.8/site-packages/airflow/example_dags/example_trigger_target_dag.py
[2023-12-06T11:17:43.215+0700] {logging_mixin.py:137} INFO - [2023-12-06T11:17:43.215+0700] {dag.py:2676} INFO - Sync 1 DAGs
[2023-12-06T11:17:43.240+0700] {logging_mixin.py:137} INFO - [2023-12-06T11:17:43.240+0700] {dag.py:3423} INFO - Setting next_dagrun for example_trigger_target_dag to None, run_after=None
[2023-12-06T11:17:43.264+0700] {processor.py:175} INFO - Processing /opt/anaconda3/lib/python3.8/site-packages/airflow/example_dags/example_trigger_target_dag.py took 1.212 seconds
[2023-12-06T11:20:37.216+0700] {processor.py:153} INFO - Started process (PID=30751) to work on /opt/anaconda3/lib/python3.8/site-packages/airflow/example_dags/example_trigger_target_dag.py
[2023-12-06T11:20:37.217+0700] {processor.py:743} INFO - Processing file /opt/anaconda3/lib/python3.8/site-packages/airflow/example_dags/example_trigger_target_dag.py for tasks to queue
[2023-12-06T11:20:37.219+0700] {logging_mixin.py:137} INFO - [2023-12-06T11:20:37.218+0700] {dagbag.py:538} INFO - Filling up the DagBag from /opt/anaconda3/lib/python3.8/site-packages/airflow/example_dags/example_trigger_target_dag.py
[2023-12-06T11:20:37.315+0700] {processor.py:753} INFO - DAG(s) dict_keys(['example_trigger_target_dag']) retrieved from /opt/anaconda3/lib/python3.8/site-packages/airflow/example_dags/example_trigger_target_dag.py
[2023-12-06T11:20:38.825+0700] {logging_mixin.py:137} INFO - [2023-12-06T11:20:38.824+0700] {dag.py:2676} INFO - Sync 1 DAGs
[2023-12-06T11:20:38.858+0700] {logging_mixin.py:137} INFO - [2023-12-06T11:20:38.858+0700] {dag.py:3423} INFO - Setting next_dagrun for example_trigger_target_dag to None, run_after=None
[2023-12-06T11:20:38.897+0700] {processor.py:175} INFO - Processing /opt/anaconda3/lib/python3.8/site-packages/airflow/example_dags/example_trigger_target_dag.py took 1.682 seconds
[2023-12-06T11:23:28.943+0700] {processor.py:153} INFO - Started process (PID=32572) to work on /opt/anaconda3/lib/python3.8/site-packages/airflow/example_dags/example_trigger_target_dag.py
[2023-12-06T11:23:28.945+0700] {processor.py:743} INFO - Processing file /opt/anaconda3/lib/python3.8/site-packages/airflow/example_dags/example_trigger_target_dag.py for tasks to queue
[2023-12-06T11:23:28.948+0700] {logging_mixin.py:137} INFO - [2023-12-06T11:23:28.948+0700] {dagbag.py:538} INFO - Filling up the DagBag from /opt/anaconda3/lib/python3.8/site-packages/airflow/example_dags/example_trigger_target_dag.py
[2023-12-06T11:23:29.091+0700] {processor.py:753} INFO - DAG(s) dict_keys(['example_trigger_target_dag']) retrieved from /opt/anaconda3/lib/python3.8/site-packages/airflow/example_dags/example_trigger_target_dag.py
[2023-12-06T11:23:31.129+0700] {logging_mixin.py:137} INFO - [2023-12-06T11:23:31.129+0700] {dag.py:2676} INFO - Sync 1 DAGs
[2023-12-06T11:23:31.154+0700] {logging_mixin.py:137} INFO - [2023-12-06T11:23:31.153+0700] {dag.py:3423} INFO - Setting next_dagrun for example_trigger_target_dag to None, run_after=None
[2023-12-06T11:23:31.177+0700] {processor.py:175} INFO - Processing /opt/anaconda3/lib/python3.8/site-packages/airflow/example_dags/example_trigger_target_dag.py took 2.235 seconds
[2023-12-06T11:26:29.483+0700] {processor.py:153} INFO - Started process (PID=34486) to work on /opt/anaconda3/lib/python3.8/site-packages/airflow/example_dags/example_trigger_target_dag.py
[2023-12-06T11:26:29.485+0700] {processor.py:743} INFO - Processing file /opt/anaconda3/lib/python3.8/site-packages/airflow/example_dags/example_trigger_target_dag.py for tasks to queue
[2023-12-06T11:26:29.486+0700] {logging_mixin.py:137} INFO - [2023-12-06T11:26:29.486+0700] {dagbag.py:538} INFO - Filling up the DagBag from /opt/anaconda3/lib/python3.8/site-packages/airflow/example_dags/example_trigger_target_dag.py
[2023-12-06T11:26:29.556+0700] {processor.py:753} INFO - DAG(s) dict_keys(['example_trigger_target_dag']) retrieved from /opt/anaconda3/lib/python3.8/site-packages/airflow/example_dags/example_trigger_target_dag.py
[2023-12-06T11:26:31.008+0700] {logging_mixin.py:137} INFO - [2023-12-06T11:26:31.008+0700] {dag.py:2676} INFO - Sync 1 DAGs
[2023-12-06T11:26:31.027+0700] {logging_mixin.py:137} INFO - [2023-12-06T11:26:31.027+0700] {dag.py:3423} INFO - Setting next_dagrun for example_trigger_target_dag to None, run_after=None
[2023-12-06T11:26:31.052+0700] {processor.py:175} INFO - Processing /opt/anaconda3/lib/python3.8/site-packages/airflow/example_dags/example_trigger_target_dag.py took 1.570 seconds
[2023-12-06T11:29:28.921+0700] {processor.py:153} INFO - Started process (PID=36413) to work on /opt/anaconda3/lib/python3.8/site-packages/airflow/example_dags/example_trigger_target_dag.py
[2023-12-06T11:29:28.923+0700] {processor.py:743} INFO - Processing file /opt/anaconda3/lib/python3.8/site-packages/airflow/example_dags/example_trigger_target_dag.py for tasks to queue
[2023-12-06T11:29:28.923+0700] {logging_mixin.py:137} INFO - [2023-12-06T11:29:28.923+0700] {dagbag.py:538} INFO - Filling up the DagBag from /opt/anaconda3/lib/python3.8/site-packages/airflow/example_dags/example_trigger_target_dag.py
[2023-12-06T11:29:29.001+0700] {processor.py:753} INFO - DAG(s) dict_keys(['example_trigger_target_dag']) retrieved from /opt/anaconda3/lib/python3.8/site-packages/airflow/example_dags/example_trigger_target_dag.py
[2023-12-06T11:29:30.314+0700] {logging_mixin.py:137} INFO - [2023-12-06T11:29:30.313+0700] {dag.py:2676} INFO - Sync 1 DAGs
[2023-12-06T11:29:30.335+0700] {logging_mixin.py:137} INFO - [2023-12-06T11:29:30.334+0700] {dag.py:3423} INFO - Setting next_dagrun for example_trigger_target_dag to None, run_after=None
[2023-12-06T11:29:30.363+0700] {processor.py:175} INFO - Processing /opt/anaconda3/lib/python3.8/site-packages/airflow/example_dags/example_trigger_target_dag.py took 1.443 seconds
[2023-12-06T11:32:50.844+0700] {processor.py:153} INFO - Started process (PID=38560) to work on /opt/anaconda3/lib/python3.8/site-packages/airflow/example_dags/example_trigger_target_dag.py
[2023-12-06T11:32:50.846+0700] {processor.py:743} INFO - Processing file /opt/anaconda3/lib/python3.8/site-packages/airflow/example_dags/example_trigger_target_dag.py for tasks to queue
[2023-12-06T11:32:50.847+0700] {logging_mixin.py:137} INFO - [2023-12-06T11:32:50.847+0700] {dagbag.py:538} INFO - Filling up the DagBag from /opt/anaconda3/lib/python3.8/site-packages/airflow/example_dags/example_trigger_target_dag.py
[2023-12-06T11:32:50.922+0700] {processor.py:753} INFO - DAG(s) dict_keys(['example_trigger_target_dag']) retrieved from /opt/anaconda3/lib/python3.8/site-packages/airflow/example_dags/example_trigger_target_dag.py
[2023-12-06T11:32:52.002+0700] {logging_mixin.py:137} INFO - [2023-12-06T11:32:52.002+0700] {dag.py:2676} INFO - Sync 1 DAGs
[2023-12-06T11:32:52.027+0700] {logging_mixin.py:137} INFO - [2023-12-06T11:32:52.027+0700] {dag.py:3423} INFO - Setting next_dagrun for example_trigger_target_dag to None, run_after=None
[2023-12-06T11:32:52.058+0700] {processor.py:175} INFO - Processing /opt/anaconda3/lib/python3.8/site-packages/airflow/example_dags/example_trigger_target_dag.py took 1.215 seconds
[2023-12-06T11:38:26.249+0700] {processor.py:153} INFO - Started process (PID=42187) to work on /opt/anaconda3/lib/python3.8/site-packages/airflow/example_dags/example_trigger_target_dag.py
[2023-12-06T11:38:26.252+0700] {processor.py:743} INFO - Processing file /opt/anaconda3/lib/python3.8/site-packages/airflow/example_dags/example_trigger_target_dag.py for tasks to queue
[2023-12-06T11:38:26.252+0700] {logging_mixin.py:137} INFO - [2023-12-06T11:38:26.252+0700] {dagbag.py:538} INFO - Filling up the DagBag from /opt/anaconda3/lib/python3.8/site-packages/airflow/example_dags/example_trigger_target_dag.py
[2023-12-06T11:38:26.365+0700] {processor.py:753} INFO - DAG(s) dict_keys(['example_trigger_target_dag']) retrieved from /opt/anaconda3/lib/python3.8/site-packages/airflow/example_dags/example_trigger_target_dag.py
[2023-12-06T11:38:28.461+0700] {logging_mixin.py:137} INFO - [2023-12-06T11:38:28.461+0700] {dag.py:2676} INFO - Sync 1 DAGs
[2023-12-06T11:38:28.489+0700] {logging_mixin.py:137} INFO - [2023-12-06T11:38:28.489+0700] {dag.py:3423} INFO - Setting next_dagrun for example_trigger_target_dag to None, run_after=None
[2023-12-06T11:38:28.523+0700] {processor.py:175} INFO - Processing /opt/anaconda3/lib/python3.8/site-packages/airflow/example_dags/example_trigger_target_dag.py took 2.275 seconds
[2023-12-06T11:41:58.109+0700] {processor.py:153} INFO - Started process (PID=44459) to work on /opt/anaconda3/lib/python3.8/site-packages/airflow/example_dags/example_trigger_target_dag.py
[2023-12-06T11:41:58.115+0700] {processor.py:743} INFO - Processing file /opt/anaconda3/lib/python3.8/site-packages/airflow/example_dags/example_trigger_target_dag.py for tasks to queue
[2023-12-06T11:41:58.119+0700] {logging_mixin.py:137} INFO - [2023-12-06T11:41:58.116+0700] {dagbag.py:538} INFO - Filling up the DagBag from /opt/anaconda3/lib/python3.8/site-packages/airflow/example_dags/example_trigger_target_dag.py
[2023-12-06T11:41:58.210+0700] {processor.py:753} INFO - DAG(s) dict_keys(['example_trigger_target_dag']) retrieved from /opt/anaconda3/lib/python3.8/site-packages/airflow/example_dags/example_trigger_target_dag.py
[2023-12-06T11:41:59.111+0700] {logging_mixin.py:137} INFO - [2023-12-06T11:41:59.111+0700] {dag.py:2676} INFO - Sync 1 DAGs
[2023-12-06T11:41:59.130+0700] {logging_mixin.py:137} INFO - [2023-12-06T11:41:59.129+0700] {dag.py:3423} INFO - Setting next_dagrun for example_trigger_target_dag to None, run_after=None
[2023-12-06T11:41:59.154+0700] {processor.py:175} INFO - Processing /opt/anaconda3/lib/python3.8/site-packages/airflow/example_dags/example_trigger_target_dag.py took 1.046 seconds
[2023-12-06T11:45:13.057+0700] {processor.py:153} INFO - Started process (PID=46480) to work on /opt/anaconda3/lib/python3.8/site-packages/airflow/example_dags/example_trigger_target_dag.py
[2023-12-06T11:45:13.059+0700] {processor.py:743} INFO - Processing file /opt/anaconda3/lib/python3.8/site-packages/airflow/example_dags/example_trigger_target_dag.py for tasks to queue
[2023-12-06T11:45:13.060+0700] {logging_mixin.py:137} INFO - [2023-12-06T11:45:13.059+0700] {dagbag.py:538} INFO - Filling up the DagBag from /opt/anaconda3/lib/python3.8/site-packages/airflow/example_dags/example_trigger_target_dag.py
[2023-12-06T11:45:13.125+0700] {processor.py:753} INFO - DAG(s) dict_keys(['example_trigger_target_dag']) retrieved from /opt/anaconda3/lib/python3.8/site-packages/airflow/example_dags/example_trigger_target_dag.py
[2023-12-06T11:45:14.341+0700] {logging_mixin.py:137} INFO - [2023-12-06T11:45:14.339+0700] {dag.py:2676} INFO - Sync 1 DAGs
[2023-12-06T11:45:14.415+0700] {logging_mixin.py:137} INFO - [2023-12-06T11:45:14.414+0700] {dag.py:3423} INFO - Setting next_dagrun for example_trigger_target_dag to None, run_after=None
[2023-12-06T11:45:14.485+0700] {processor.py:175} INFO - Processing /opt/anaconda3/lib/python3.8/site-packages/airflow/example_dags/example_trigger_target_dag.py took 1.429 seconds
[2023-12-06T11:48:39.265+0700] {processor.py:153} INFO - Started process (PID=48731) to work on /opt/anaconda3/lib/python3.8/site-packages/airflow/example_dags/example_trigger_target_dag.py
[2023-12-06T11:48:39.267+0700] {processor.py:743} INFO - Processing file /opt/anaconda3/lib/python3.8/site-packages/airflow/example_dags/example_trigger_target_dag.py for tasks to queue
[2023-12-06T11:48:39.268+0700] {logging_mixin.py:137} INFO - [2023-12-06T11:48:39.268+0700] {dagbag.py:538} INFO - Filling up the DagBag from /opt/anaconda3/lib/python3.8/site-packages/airflow/example_dags/example_trigger_target_dag.py
[2023-12-06T11:48:39.346+0700] {processor.py:753} INFO - DAG(s) dict_keys(['example_trigger_target_dag']) retrieved from /opt/anaconda3/lib/python3.8/site-packages/airflow/example_dags/example_trigger_target_dag.py
[2023-12-06T11:48:40.299+0700] {logging_mixin.py:137} INFO - [2023-12-06T11:48:40.298+0700] {dag.py:2676} INFO - Sync 1 DAGs
[2023-12-06T11:48:40.320+0700] {logging_mixin.py:137} INFO - [2023-12-06T11:48:40.320+0700] {dag.py:3423} INFO - Setting next_dagrun for example_trigger_target_dag to None, run_after=None
[2023-12-06T11:48:40.344+0700] {processor.py:175} INFO - Processing /opt/anaconda3/lib/python3.8/site-packages/airflow/example_dags/example_trigger_target_dag.py took 1.080 seconds
[2023-12-06T11:51:51.499+0700] {processor.py:153} INFO - Started process (PID=50867) to work on /opt/anaconda3/lib/python3.8/site-packages/airflow/example_dags/example_trigger_target_dag.py
[2023-12-06T11:51:51.501+0700] {processor.py:743} INFO - Processing file /opt/anaconda3/lib/python3.8/site-packages/airflow/example_dags/example_trigger_target_dag.py for tasks to queue
[2023-12-06T11:51:51.501+0700] {logging_mixin.py:137} INFO - [2023-12-06T11:51:51.501+0700] {dagbag.py:538} INFO - Filling up the DagBag from /opt/anaconda3/lib/python3.8/site-packages/airflow/example_dags/example_trigger_target_dag.py
[2023-12-06T11:51:51.564+0700] {processor.py:753} INFO - DAG(s) dict_keys(['example_trigger_target_dag']) retrieved from /opt/anaconda3/lib/python3.8/site-packages/airflow/example_dags/example_trigger_target_dag.py
[2023-12-06T11:51:52.569+0700] {logging_mixin.py:137} INFO - [2023-12-06T11:51:52.569+0700] {dag.py:2676} INFO - Sync 1 DAGs
[2023-12-06T11:51:52.595+0700] {logging_mixin.py:137} INFO - [2023-12-06T11:51:52.594+0700] {dag.py:3423} INFO - Setting next_dagrun for example_trigger_target_dag to None, run_after=None
[2023-12-06T11:51:52.625+0700] {processor.py:175} INFO - Processing /opt/anaconda3/lib/python3.8/site-packages/airflow/example_dags/example_trigger_target_dag.py took 1.127 seconds
[2023-12-06T11:54:21.931+0700] {processor.py:153} INFO - Started process (PID=52452) to work on /opt/anaconda3/lib/python3.8/site-packages/airflow/example_dags/example_trigger_target_dag.py
[2023-12-06T11:54:21.933+0700] {processor.py:743} INFO - Processing file /opt/anaconda3/lib/python3.8/site-packages/airflow/example_dags/example_trigger_target_dag.py for tasks to queue
[2023-12-06T11:54:21.934+0700] {logging_mixin.py:137} INFO - [2023-12-06T11:54:21.934+0700] {dagbag.py:538} INFO - Filling up the DagBag from /opt/anaconda3/lib/python3.8/site-packages/airflow/example_dags/example_trigger_target_dag.py
[2023-12-06T11:54:21.990+0700] {processor.py:753} INFO - DAG(s) dict_keys(['example_trigger_target_dag']) retrieved from /opt/anaconda3/lib/python3.8/site-packages/airflow/example_dags/example_trigger_target_dag.py
[2023-12-06T11:54:22.770+0700] {logging_mixin.py:137} INFO - [2023-12-06T11:54:22.769+0700] {dag.py:2676} INFO - Sync 1 DAGs
[2023-12-06T11:54:22.787+0700] {logging_mixin.py:137} INFO - [2023-12-06T11:54:22.787+0700] {dag.py:3423} INFO - Setting next_dagrun for example_trigger_target_dag to None, run_after=None
[2023-12-06T11:54:22.808+0700] {processor.py:175} INFO - Processing /opt/anaconda3/lib/python3.8/site-packages/airflow/example_dags/example_trigger_target_dag.py took 0.877 seconds
[2023-12-06T11:56:42.694+0700] {processor.py:153} INFO - Started process (PID=53931) to work on /opt/anaconda3/lib/python3.8/site-packages/airflow/example_dags/example_trigger_target_dag.py
[2023-12-06T11:56:42.695+0700] {processor.py:743} INFO - Processing file /opt/anaconda3/lib/python3.8/site-packages/airflow/example_dags/example_trigger_target_dag.py for tasks to queue
[2023-12-06T11:56:42.696+0700] {logging_mixin.py:137} INFO - [2023-12-06T11:56:42.696+0700] {dagbag.py:538} INFO - Filling up the DagBag from /opt/anaconda3/lib/python3.8/site-packages/airflow/example_dags/example_trigger_target_dag.py
[2023-12-06T11:56:42.752+0700] {processor.py:753} INFO - DAG(s) dict_keys(['example_trigger_target_dag']) retrieved from /opt/anaconda3/lib/python3.8/site-packages/airflow/example_dags/example_trigger_target_dag.py
[2023-12-06T11:56:43.632+0700] {logging_mixin.py:137} INFO - [2023-12-06T11:56:43.632+0700] {dag.py:2676} INFO - Sync 1 DAGs
[2023-12-06T11:56:43.672+0700] {logging_mixin.py:137} INFO - [2023-12-06T11:56:43.672+0700] {dag.py:3423} INFO - Setting next_dagrun for example_trigger_target_dag to None, run_after=None
[2023-12-06T11:56:43.707+0700] {processor.py:175} INFO - Processing /opt/anaconda3/lib/python3.8/site-packages/airflow/example_dags/example_trigger_target_dag.py took 1.014 seconds
[2023-12-06T11:59:06.636+0700] {processor.py:153} INFO - Started process (PID=55516) to work on /opt/anaconda3/lib/python3.8/site-packages/airflow/example_dags/example_trigger_target_dag.py
[2023-12-06T11:59:06.638+0700] {processor.py:743} INFO - Processing file /opt/anaconda3/lib/python3.8/site-packages/airflow/example_dags/example_trigger_target_dag.py for tasks to queue
[2023-12-06T11:59:06.639+0700] {logging_mixin.py:137} INFO - [2023-12-06T11:59:06.639+0700] {dagbag.py:538} INFO - Filling up the DagBag from /opt/anaconda3/lib/python3.8/site-packages/airflow/example_dags/example_trigger_target_dag.py
[2023-12-06T11:59:06.693+0700] {processor.py:753} INFO - DAG(s) dict_keys(['example_trigger_target_dag']) retrieved from /opt/anaconda3/lib/python3.8/site-packages/airflow/example_dags/example_trigger_target_dag.py
[2023-12-06T11:59:07.568+0700] {logging_mixin.py:137} INFO - [2023-12-06T11:59:07.568+0700] {dag.py:2676} INFO - Sync 1 DAGs
[2023-12-06T11:59:07.592+0700] {logging_mixin.py:137} INFO - [2023-12-06T11:59:07.592+0700] {dag.py:3423} INFO - Setting next_dagrun for example_trigger_target_dag to None, run_after=None
[2023-12-06T11:59:07.626+0700] {processor.py:175} INFO - Processing /opt/anaconda3/lib/python3.8/site-packages/airflow/example_dags/example_trigger_target_dag.py took 0.990 seconds
[2023-12-06T12:01:36.931+0700] {processor.py:153} INFO - Started process (PID=57113) to work on /opt/anaconda3/lib/python3.8/site-packages/airflow/example_dags/example_trigger_target_dag.py
[2023-12-06T12:01:36.933+0700] {processor.py:743} INFO - Processing file /opt/anaconda3/lib/python3.8/site-packages/airflow/example_dags/example_trigger_target_dag.py for tasks to queue
[2023-12-06T12:01:36.934+0700] {logging_mixin.py:137} INFO - [2023-12-06T12:01:36.934+0700] {dagbag.py:538} INFO - Filling up the DagBag from /opt/anaconda3/lib/python3.8/site-packages/airflow/example_dags/example_trigger_target_dag.py
[2023-12-06T12:01:36.987+0700] {processor.py:753} INFO - DAG(s) dict_keys(['example_trigger_target_dag']) retrieved from /opt/anaconda3/lib/python3.8/site-packages/airflow/example_dags/example_trigger_target_dag.py
[2023-12-06T12:01:38.225+0700] {logging_mixin.py:137} INFO - [2023-12-06T12:01:38.224+0700] {dag.py:2676} INFO - Sync 1 DAGs
[2023-12-06T12:01:38.278+0700] {logging_mixin.py:137} INFO - [2023-12-06T12:01:38.278+0700] {dag.py:3423} INFO - Setting next_dagrun for example_trigger_target_dag to None, run_after=None
[2023-12-06T12:01:38.306+0700] {processor.py:175} INFO - Processing /opt/anaconda3/lib/python3.8/site-packages/airflow/example_dags/example_trigger_target_dag.py took 1.376 seconds
[2023-12-06T12:04:10.251+0700] {processor.py:153} INFO - Started process (PID=58809) to work on /opt/anaconda3/lib/python3.8/site-packages/airflow/example_dags/example_trigger_target_dag.py
[2023-12-06T12:04:10.254+0700] {processor.py:743} INFO - Processing file /opt/anaconda3/lib/python3.8/site-packages/airflow/example_dags/example_trigger_target_dag.py for tasks to queue
[2023-12-06T12:04:10.255+0700] {logging_mixin.py:137} INFO - [2023-12-06T12:04:10.254+0700] {dagbag.py:538} INFO - Filling up the DagBag from /opt/anaconda3/lib/python3.8/site-packages/airflow/example_dags/example_trigger_target_dag.py
[2023-12-06T12:04:10.322+0700] {processor.py:753} INFO - DAG(s) dict_keys(['example_trigger_target_dag']) retrieved from /opt/anaconda3/lib/python3.8/site-packages/airflow/example_dags/example_trigger_target_dag.py
[2023-12-06T12:04:11.185+0700] {logging_mixin.py:137} INFO - [2023-12-06T12:04:11.185+0700] {dag.py:2676} INFO - Sync 1 DAGs
[2023-12-06T12:04:11.202+0700] {logging_mixin.py:137} INFO - [2023-12-06T12:04:11.202+0700] {dag.py:3423} INFO - Setting next_dagrun for example_trigger_target_dag to None, run_after=None
[2023-12-06T12:04:11.223+0700] {processor.py:175} INFO - Processing /opt/anaconda3/lib/python3.8/site-packages/airflow/example_dags/example_trigger_target_dag.py took 0.972 seconds
[2023-12-06T15:15:36.802+0700] {processor.py:153} INFO - Started process (PID=61668) to work on /opt/anaconda3/lib/python3.8/site-packages/airflow/example_dags/example_trigger_target_dag.py
[2023-12-06T15:15:36.805+0700] {processor.py:743} INFO - Processing file /opt/anaconda3/lib/python3.8/site-packages/airflow/example_dags/example_trigger_target_dag.py for tasks to queue
[2023-12-06T15:15:36.806+0700] {logging_mixin.py:137} INFO - [2023-12-06T15:15:36.806+0700] {dagbag.py:538} INFO - Filling up the DagBag from /opt/anaconda3/lib/python3.8/site-packages/airflow/example_dags/example_trigger_target_dag.py
[2023-12-06T15:15:36.872+0700] {processor.py:753} INFO - DAG(s) dict_keys(['example_trigger_target_dag']) retrieved from /opt/anaconda3/lib/python3.8/site-packages/airflow/example_dags/example_trigger_target_dag.py
[2023-12-06T15:15:37.640+0700] {logging_mixin.py:137} INFO - [2023-12-06T15:15:37.640+0700] {dag.py:2676} INFO - Sync 1 DAGs
[2023-12-06T15:15:37.657+0700] {logging_mixin.py:137} INFO - [2023-12-06T15:15:37.657+0700] {dag.py:3423} INFO - Setting next_dagrun for example_trigger_target_dag to None, run_after=None
[2023-12-06T15:15:37.680+0700] {processor.py:175} INFO - Processing /opt/anaconda3/lib/python3.8/site-packages/airflow/example_dags/example_trigger_target_dag.py took 0.878 seconds
[2023-12-06T15:17:52.338+0700] {processor.py:153} INFO - Started process (PID=63072) to work on /opt/anaconda3/lib/python3.8/site-packages/airflow/example_dags/example_trigger_target_dag.py
[2023-12-06T15:17:52.339+0700] {processor.py:743} INFO - Processing file /opt/anaconda3/lib/python3.8/site-packages/airflow/example_dags/example_trigger_target_dag.py for tasks to queue
[2023-12-06T15:17:52.340+0700] {logging_mixin.py:137} INFO - [2023-12-06T15:17:52.340+0700] {dagbag.py:538} INFO - Filling up the DagBag from /opt/anaconda3/lib/python3.8/site-packages/airflow/example_dags/example_trigger_target_dag.py
[2023-12-06T15:17:52.392+0700] {processor.py:753} INFO - DAG(s) dict_keys(['example_trigger_target_dag']) retrieved from /opt/anaconda3/lib/python3.8/site-packages/airflow/example_dags/example_trigger_target_dag.py
[2023-12-06T15:17:53.128+0700] {logging_mixin.py:137} INFO - [2023-12-06T15:17:53.128+0700] {dag.py:2676} INFO - Sync 1 DAGs
[2023-12-06T15:17:53.146+0700] {logging_mixin.py:137} INFO - [2023-12-06T15:17:53.146+0700] {dag.py:3423} INFO - Setting next_dagrun for example_trigger_target_dag to None, run_after=None
[2023-12-06T15:17:53.165+0700] {processor.py:175} INFO - Processing /opt/anaconda3/lib/python3.8/site-packages/airflow/example_dags/example_trigger_target_dag.py took 0.828 seconds
[2023-12-06T15:20:10.835+0700] {processor.py:153} INFO - Started process (PID=64545) to work on /opt/anaconda3/lib/python3.8/site-packages/airflow/example_dags/example_trigger_target_dag.py
[2023-12-06T15:20:10.836+0700] {processor.py:743} INFO - Processing file /opt/anaconda3/lib/python3.8/site-packages/airflow/example_dags/example_trigger_target_dag.py for tasks to queue
[2023-12-06T15:20:10.836+0700] {logging_mixin.py:137} INFO - [2023-12-06T15:20:10.836+0700] {dagbag.py:538} INFO - Filling up the DagBag from /opt/anaconda3/lib/python3.8/site-packages/airflow/example_dags/example_trigger_target_dag.py
[2023-12-06T15:20:10.888+0700] {processor.py:753} INFO - DAG(s) dict_keys(['example_trigger_target_dag']) retrieved from /opt/anaconda3/lib/python3.8/site-packages/airflow/example_dags/example_trigger_target_dag.py
[2023-12-06T15:20:11.761+0700] {logging_mixin.py:137} INFO - [2023-12-06T15:20:11.761+0700] {dag.py:2676} INFO - Sync 1 DAGs
[2023-12-06T15:20:11.780+0700] {logging_mixin.py:137} INFO - [2023-12-06T15:20:11.780+0700] {dag.py:3423} INFO - Setting next_dagrun for example_trigger_target_dag to None, run_after=None
[2023-12-06T15:20:11.802+0700] {processor.py:175} INFO - Processing /opt/anaconda3/lib/python3.8/site-packages/airflow/example_dags/example_trigger_target_dag.py took 0.968 seconds
[2023-12-06T15:22:35.844+0700] {processor.py:153} INFO - Started process (PID=66136) to work on /opt/anaconda3/lib/python3.8/site-packages/airflow/example_dags/example_trigger_target_dag.py
[2023-12-06T15:22:35.847+0700] {processor.py:743} INFO - Processing file /opt/anaconda3/lib/python3.8/site-packages/airflow/example_dags/example_trigger_target_dag.py for tasks to queue
[2023-12-06T15:22:35.848+0700] {logging_mixin.py:137} INFO - [2023-12-06T15:22:35.848+0700] {dagbag.py:538} INFO - Filling up the DagBag from /opt/anaconda3/lib/python3.8/site-packages/airflow/example_dags/example_trigger_target_dag.py
[2023-12-06T15:22:35.921+0700] {processor.py:753} INFO - DAG(s) dict_keys(['example_trigger_target_dag']) retrieved from /opt/anaconda3/lib/python3.8/site-packages/airflow/example_dags/example_trigger_target_dag.py
[2023-12-06T15:22:36.737+0700] {logging_mixin.py:137} INFO - [2023-12-06T15:22:36.736+0700] {dag.py:2676} INFO - Sync 1 DAGs
[2023-12-06T15:22:36.756+0700] {logging_mixin.py:137} INFO - [2023-12-06T15:22:36.756+0700] {dag.py:3423} INFO - Setting next_dagrun for example_trigger_target_dag to None, run_after=None
[2023-12-06T15:22:36.778+0700] {processor.py:175} INFO - Processing /opt/anaconda3/lib/python3.8/site-packages/airflow/example_dags/example_trigger_target_dag.py took 0.935 seconds
[2023-12-06T15:24:57.787+0700] {processor.py:153} INFO - Started process (PID=67718) to work on /opt/anaconda3/lib/python3.8/site-packages/airflow/example_dags/example_trigger_target_dag.py
[2023-12-06T15:24:57.789+0700] {processor.py:743} INFO - Processing file /opt/anaconda3/lib/python3.8/site-packages/airflow/example_dags/example_trigger_target_dag.py for tasks to queue
[2023-12-06T15:24:57.789+0700] {logging_mixin.py:137} INFO - [2023-12-06T15:24:57.789+0700] {dagbag.py:538} INFO - Filling up the DagBag from /opt/anaconda3/lib/python3.8/site-packages/airflow/example_dags/example_trigger_target_dag.py
[2023-12-06T15:24:57.878+0700] {processor.py:753} INFO - DAG(s) dict_keys(['example_trigger_target_dag']) retrieved from /opt/anaconda3/lib/python3.8/site-packages/airflow/example_dags/example_trigger_target_dag.py
[2023-12-06T15:24:58.761+0700] {logging_mixin.py:137} INFO - [2023-12-06T15:24:58.761+0700] {dag.py:2676} INFO - Sync 1 DAGs
[2023-12-06T15:24:58.786+0700] {logging_mixin.py:137} INFO - [2023-12-06T15:24:58.786+0700] {dag.py:3423} INFO - Setting next_dagrun for example_trigger_target_dag to None, run_after=None
[2023-12-06T15:24:58.819+0700] {processor.py:175} INFO - Processing /opt/anaconda3/lib/python3.8/site-packages/airflow/example_dags/example_trigger_target_dag.py took 1.033 seconds
[2023-12-06T15:27:28.771+0700] {processor.py:153} INFO - Started process (PID=69307) to work on /opt/anaconda3/lib/python3.8/site-packages/airflow/example_dags/example_trigger_target_dag.py
[2023-12-06T15:27:28.773+0700] {processor.py:743} INFO - Processing file /opt/anaconda3/lib/python3.8/site-packages/airflow/example_dags/example_trigger_target_dag.py for tasks to queue
[2023-12-06T15:27:28.773+0700] {logging_mixin.py:137} INFO - [2023-12-06T15:27:28.773+0700] {dagbag.py:538} INFO - Filling up the DagBag from /opt/anaconda3/lib/python3.8/site-packages/airflow/example_dags/example_trigger_target_dag.py
[2023-12-06T15:27:28.886+0700] {processor.py:753} INFO - DAG(s) dict_keys(['example_trigger_target_dag']) retrieved from /opt/anaconda3/lib/python3.8/site-packages/airflow/example_dags/example_trigger_target_dag.py
[2023-12-06T15:27:29.759+0700] {logging_mixin.py:137} INFO - [2023-12-06T15:27:29.758+0700] {dag.py:2676} INFO - Sync 1 DAGs
[2023-12-06T15:27:29.780+0700] {logging_mixin.py:137} INFO - [2023-12-06T15:27:29.780+0700] {dag.py:3423} INFO - Setting next_dagrun for example_trigger_target_dag to None, run_after=None
[2023-12-06T15:27:29.815+0700] {processor.py:175} INFO - Processing /opt/anaconda3/lib/python3.8/site-packages/airflow/example_dags/example_trigger_target_dag.py took 1.045 seconds
[2023-12-06T15:29:47.175+0700] {processor.py:153} INFO - Started process (PID=70780) to work on /opt/anaconda3/lib/python3.8/site-packages/airflow/example_dags/example_trigger_target_dag.py
[2023-12-06T15:29:47.175+0700] {processor.py:743} INFO - Processing file /opt/anaconda3/lib/python3.8/site-packages/airflow/example_dags/example_trigger_target_dag.py for tasks to queue
[2023-12-06T15:29:47.176+0700] {logging_mixin.py:137} INFO - [2023-12-06T15:29:47.176+0700] {dagbag.py:538} INFO - Filling up the DagBag from /opt/anaconda3/lib/python3.8/site-packages/airflow/example_dags/example_trigger_target_dag.py
[2023-12-06T15:29:47.247+0700] {processor.py:753} INFO - DAG(s) dict_keys(['example_trigger_target_dag']) retrieved from /opt/anaconda3/lib/python3.8/site-packages/airflow/example_dags/example_trigger_target_dag.py
[2023-12-06T15:29:48.140+0700] {logging_mixin.py:137} INFO - [2023-12-06T15:29:48.140+0700] {dag.py:2676} INFO - Sync 1 DAGs
[2023-12-06T15:29:48.159+0700] {logging_mixin.py:137} INFO - [2023-12-06T15:29:48.159+0700] {dag.py:3423} INFO - Setting next_dagrun for example_trigger_target_dag to None, run_after=None
[2023-12-06T15:29:48.184+0700] {processor.py:175} INFO - Processing /opt/anaconda3/lib/python3.8/site-packages/airflow/example_dags/example_trigger_target_dag.py took 1.010 seconds
[2023-12-06T15:32:25.059+0700] {processor.py:153} INFO - Started process (PID=72501) to work on /opt/anaconda3/lib/python3.8/site-packages/airflow/example_dags/example_trigger_target_dag.py
[2023-12-06T15:32:25.074+0700] {processor.py:743} INFO - Processing file /opt/anaconda3/lib/python3.8/site-packages/airflow/example_dags/example_trigger_target_dag.py for tasks to queue
[2023-12-06T15:32:25.075+0700] {logging_mixin.py:137} INFO - [2023-12-06T15:32:25.075+0700] {dagbag.py:538} INFO - Filling up the DagBag from /opt/anaconda3/lib/python3.8/site-packages/airflow/example_dags/example_trigger_target_dag.py
[2023-12-06T15:32:25.147+0700] {processor.py:753} INFO - DAG(s) dict_keys(['example_trigger_target_dag']) retrieved from /opt/anaconda3/lib/python3.8/site-packages/airflow/example_dags/example_trigger_target_dag.py
[2023-12-06T15:32:26.102+0700] {logging_mixin.py:137} INFO - [2023-12-06T15:32:26.102+0700] {dag.py:2676} INFO - Sync 1 DAGs
[2023-12-06T15:32:26.121+0700] {logging_mixin.py:137} INFO - [2023-12-06T15:32:26.121+0700] {dag.py:3423} INFO - Setting next_dagrun for example_trigger_target_dag to None, run_after=None
[2023-12-06T15:32:26.147+0700] {processor.py:175} INFO - Processing /opt/anaconda3/lib/python3.8/site-packages/airflow/example_dags/example_trigger_target_dag.py took 1.089 seconds
[2023-12-06T15:34:42.535+0700] {processor.py:153} INFO - Started process (PID=73984) to work on /opt/anaconda3/lib/python3.8/site-packages/airflow/example_dags/example_trigger_target_dag.py
[2023-12-06T15:34:42.537+0700] {processor.py:743} INFO - Processing file /opt/anaconda3/lib/python3.8/site-packages/airflow/example_dags/example_trigger_target_dag.py for tasks to queue
[2023-12-06T15:34:42.537+0700] {logging_mixin.py:137} INFO - [2023-12-06T15:34:42.537+0700] {dagbag.py:538} INFO - Filling up the DagBag from /opt/anaconda3/lib/python3.8/site-packages/airflow/example_dags/example_trigger_target_dag.py
[2023-12-06T15:34:42.597+0700] {processor.py:753} INFO - DAG(s) dict_keys(['example_trigger_target_dag']) retrieved from /opt/anaconda3/lib/python3.8/site-packages/airflow/example_dags/example_trigger_target_dag.py
[2023-12-06T15:34:43.548+0700] {logging_mixin.py:137} INFO - [2023-12-06T15:34:43.548+0700] {dag.py:2676} INFO - Sync 1 DAGs
[2023-12-06T15:34:43.571+0700] {logging_mixin.py:137} INFO - [2023-12-06T15:34:43.571+0700] {dag.py:3423} INFO - Setting next_dagrun for example_trigger_target_dag to None, run_after=None
[2023-12-06T15:34:43.593+0700] {processor.py:175} INFO - Processing /opt/anaconda3/lib/python3.8/site-packages/airflow/example_dags/example_trigger_target_dag.py took 1.058 seconds
[2023-12-06T15:37:07.260+0700] {processor.py:153} INFO - Started process (PID=75580) to work on /opt/anaconda3/lib/python3.8/site-packages/airflow/example_dags/example_trigger_target_dag.py
[2023-12-06T15:37:07.262+0700] {processor.py:743} INFO - Processing file /opt/anaconda3/lib/python3.8/site-packages/airflow/example_dags/example_trigger_target_dag.py for tasks to queue
[2023-12-06T15:37:07.263+0700] {logging_mixin.py:137} INFO - [2023-12-06T15:37:07.262+0700] {dagbag.py:538} INFO - Filling up the DagBag from /opt/anaconda3/lib/python3.8/site-packages/airflow/example_dags/example_trigger_target_dag.py
[2023-12-06T15:37:07.312+0700] {processor.py:753} INFO - DAG(s) dict_keys(['example_trigger_target_dag']) retrieved from /opt/anaconda3/lib/python3.8/site-packages/airflow/example_dags/example_trigger_target_dag.py
[2023-12-06T15:37:08.055+0700] {logging_mixin.py:137} INFO - [2023-12-06T15:37:08.055+0700] {dag.py:2676} INFO - Sync 1 DAGs
[2023-12-06T15:37:08.072+0700] {logging_mixin.py:137} INFO - [2023-12-06T15:37:08.072+0700] {dag.py:3423} INFO - Setting next_dagrun for example_trigger_target_dag to None, run_after=None
[2023-12-06T15:37:08.092+0700] {processor.py:175} INFO - Processing /opt/anaconda3/lib/python3.8/site-packages/airflow/example_dags/example_trigger_target_dag.py took 0.833 seconds
[2023-12-06T15:39:26.868+0700] {processor.py:153} INFO - Started process (PID=77054) to work on /opt/anaconda3/lib/python3.8/site-packages/airflow/example_dags/example_trigger_target_dag.py
[2023-12-06T15:39:26.870+0700] {processor.py:743} INFO - Processing file /opt/anaconda3/lib/python3.8/site-packages/airflow/example_dags/example_trigger_target_dag.py for tasks to queue
[2023-12-06T15:39:26.871+0700] {logging_mixin.py:137} INFO - [2023-12-06T15:39:26.871+0700] {dagbag.py:538} INFO - Filling up the DagBag from /opt/anaconda3/lib/python3.8/site-packages/airflow/example_dags/example_trigger_target_dag.py
[2023-12-06T15:39:26.925+0700] {processor.py:753} INFO - DAG(s) dict_keys(['example_trigger_target_dag']) retrieved from /opt/anaconda3/lib/python3.8/site-packages/airflow/example_dags/example_trigger_target_dag.py
[2023-12-06T15:39:27.887+0700] {logging_mixin.py:137} INFO - [2023-12-06T15:39:27.886+0700] {dag.py:2676} INFO - Sync 1 DAGs
[2023-12-06T15:39:27.909+0700] {logging_mixin.py:137} INFO - [2023-12-06T15:39:27.909+0700] {dag.py:3423} INFO - Setting next_dagrun for example_trigger_target_dag to None, run_after=None
[2023-12-06T15:39:27.966+0700] {processor.py:175} INFO - Processing /opt/anaconda3/lib/python3.8/site-packages/airflow/example_dags/example_trigger_target_dag.py took 1.098 seconds
