[2023-12-06T10:18:15.229+0700] {processor.py:153} INFO - Started process (PID=92067) to work on /opt/anaconda3/lib/python3.8/site-packages/airflow/example_dags/example_dag_decorator.py
[2023-12-06T10:18:15.230+0700] {processor.py:743} INFO - Processing file /opt/anaconda3/lib/python3.8/site-packages/airflow/example_dags/example_dag_decorator.py for tasks to queue
[2023-12-06T10:18:15.230+0700] {logging_mixin.py:137} INFO - [2023-12-06T10:18:15.230+0700] {dagbag.py:538} INFO - Filling up the DagBag from /opt/anaconda3/lib/python3.8/site-packages/airflow/example_dags/example_dag_decorator.py
[2023-12-06T10:18:15.534+0700] {logging_mixin.py:137} INFO - [2023-12-06T10:18:15.534+0700] {taskmixin.py:205} WARNING - Dependency <Task(_PythonDecoratedOperator): prepare_email>, send_email already registered for DAG: example_dag_decorator
[2023-12-06T10:18:15.534+0700] {logging_mixin.py:137} INFO - [2023-12-06T10:18:15.534+0700] {taskmixin.py:205} WARNING - Dependency <Task(EmailOperator): send_email>, prepare_email already registered for DAG: example_dag_decorator
[2023-12-06T10:18:15.578+0700] {processor.py:753} INFO - DAG(s) dict_keys(['example_dag_decorator']) retrieved from /opt/anaconda3/lib/python3.8/site-packages/airflow/example_dags/example_dag_decorator.py
[2023-12-06T10:18:16.237+0700] {logging_mixin.py:137} INFO - [2023-12-06T10:18:16.236+0700] {dag.py:2676} INFO - Sync 1 DAGs
[2023-12-06T10:18:16.257+0700] {logging_mixin.py:137} INFO - [2023-12-06T10:18:16.256+0700] {dag.py:3423} INFO - Setting next_dagrun for example_dag_decorator to None, run_after=None
[2023-12-06T10:18:16.279+0700] {processor.py:175} INFO - Processing /opt/anaconda3/lib/python3.8/site-packages/airflow/example_dags/example_dag_decorator.py took 1.050 seconds
[2023-12-06T10:22:03.476+0700] {processor.py:153} INFO - Started process (PID=94482) to work on /opt/anaconda3/lib/python3.8/site-packages/airflow/example_dags/example_dag_decorator.py
[2023-12-06T10:22:03.492+0700] {processor.py:743} INFO - Processing file /opt/anaconda3/lib/python3.8/site-packages/airflow/example_dags/example_dag_decorator.py for tasks to queue
[2023-12-06T10:22:03.493+0700] {logging_mixin.py:137} INFO - [2023-12-06T10:22:03.493+0700] {dagbag.py:538} INFO - Filling up the DagBag from /opt/anaconda3/lib/python3.8/site-packages/airflow/example_dags/example_dag_decorator.py
[2023-12-06T10:22:03.789+0700] {logging_mixin.py:137} INFO - [2023-12-06T10:22:03.789+0700] {taskmixin.py:205} WARNING - Dependency <Task(_PythonDecoratedOperator): prepare_email>, send_email already registered for DAG: example_dag_decorator
[2023-12-06T10:22:03.789+0700] {logging_mixin.py:137} INFO - [2023-12-06T10:22:03.789+0700] {taskmixin.py:205} WARNING - Dependency <Task(EmailOperator): send_email>, prepare_email already registered for DAG: example_dag_decorator
[2023-12-06T10:22:03.827+0700] {processor.py:753} INFO - DAG(s) dict_keys(['example_dag_decorator']) retrieved from /opt/anaconda3/lib/python3.8/site-packages/airflow/example_dags/example_dag_decorator.py
[2023-12-06T10:22:04.904+0700] {logging_mixin.py:137} INFO - [2023-12-06T10:22:04.904+0700] {dag.py:2676} INFO - Sync 1 DAGs
[2023-12-06T10:22:04.930+0700] {logging_mixin.py:137} INFO - [2023-12-06T10:22:04.930+0700] {dag.py:3423} INFO - Setting next_dagrun for example_dag_decorator to None, run_after=None
[2023-12-06T10:22:04.955+0700] {processor.py:175} INFO - Processing /opt/anaconda3/lib/python3.8/site-packages/airflow/example_dags/example_dag_decorator.py took 1.481 seconds
[2023-12-06T10:28:43.987+0700] {processor.py:153} INFO - Started process (PID=99014) to work on /opt/anaconda3/lib/python3.8/site-packages/airflow/example_dags/example_dag_decorator.py
[2023-12-06T10:28:43.989+0700] {processor.py:743} INFO - Processing file /opt/anaconda3/lib/python3.8/site-packages/airflow/example_dags/example_dag_decorator.py for tasks to queue
[2023-12-06T10:28:43.989+0700] {logging_mixin.py:137} INFO - [2023-12-06T10:28:43.989+0700] {dagbag.py:538} INFO - Filling up the DagBag from /opt/anaconda3/lib/python3.8/site-packages/airflow/example_dags/example_dag_decorator.py
[2023-12-06T10:28:44.253+0700] {logging_mixin.py:137} INFO - [2023-12-06T10:28:44.253+0700] {taskmixin.py:205} WARNING - Dependency <Task(_PythonDecoratedOperator): prepare_email>, send_email already registered for DAG: example_dag_decorator
[2023-12-06T10:28:44.253+0700] {logging_mixin.py:137} INFO - [2023-12-06T10:28:44.253+0700] {taskmixin.py:205} WARNING - Dependency <Task(EmailOperator): send_email>, prepare_email already registered for DAG: example_dag_decorator
[2023-12-06T10:28:44.289+0700] {processor.py:753} INFO - DAG(s) dict_keys(['example_dag_decorator']) retrieved from /opt/anaconda3/lib/python3.8/site-packages/airflow/example_dags/example_dag_decorator.py
[2023-12-06T10:28:45.107+0700] {logging_mixin.py:137} INFO - [2023-12-06T10:28:45.107+0700] {dag.py:2676} INFO - Sync 1 DAGs
[2023-12-06T10:28:45.126+0700] {logging_mixin.py:137} INFO - [2023-12-06T10:28:45.125+0700] {dag.py:3423} INFO - Setting next_dagrun for example_dag_decorator to None, run_after=None
[2023-12-06T10:28:45.146+0700] {processor.py:175} INFO - Processing /opt/anaconda3/lib/python3.8/site-packages/airflow/example_dags/example_dag_decorator.py took 1.160 seconds
[2023-12-06T10:45:05.964+0700] {processor.py:153} INFO - Started process (PID=7628) to work on /opt/anaconda3/lib/python3.8/site-packages/airflow/example_dags/example_dag_decorator.py
[2023-12-06T10:45:05.965+0700] {processor.py:743} INFO - Processing file /opt/anaconda3/lib/python3.8/site-packages/airflow/example_dags/example_dag_decorator.py for tasks to queue
[2023-12-06T10:45:05.966+0700] {logging_mixin.py:137} INFO - [2023-12-06T10:45:05.966+0700] {dagbag.py:538} INFO - Filling up the DagBag from /opt/anaconda3/lib/python3.8/site-packages/airflow/example_dags/example_dag_decorator.py
[2023-12-06T10:45:06.275+0700] {logging_mixin.py:137} INFO - [2023-12-06T10:45:06.275+0700] {taskmixin.py:205} WARNING - Dependency <Task(_PythonDecoratedOperator): prepare_email>, send_email already registered for DAG: example_dag_decorator
[2023-12-06T10:45:06.275+0700] {logging_mixin.py:137} INFO - [2023-12-06T10:45:06.275+0700] {taskmixin.py:205} WARNING - Dependency <Task(EmailOperator): send_email>, prepare_email already registered for DAG: example_dag_decorator
[2023-12-06T10:45:06.333+0700] {processor.py:753} INFO - DAG(s) dict_keys(['example_dag_decorator']) retrieved from /opt/anaconda3/lib/python3.8/site-packages/airflow/example_dags/example_dag_decorator.py
[2023-12-06T10:45:07.206+0700] {logging_mixin.py:137} INFO - [2023-12-06T10:45:07.205+0700] {dag.py:2676} INFO - Sync 1 DAGs
[2023-12-06T10:45:07.226+0700] {logging_mixin.py:137} INFO - [2023-12-06T10:45:07.226+0700] {dag.py:3423} INFO - Setting next_dagrun for example_dag_decorator to None, run_after=None
[2023-12-06T10:45:07.249+0700] {processor.py:175} INFO - Processing /opt/anaconda3/lib/python3.8/site-packages/airflow/example_dags/example_dag_decorator.py took 1.286 seconds
[2023-12-06T10:48:18.893+0700] {processor.py:153} INFO - Started process (PID=9671) to work on /opt/anaconda3/lib/python3.8/site-packages/airflow/example_dags/example_dag_decorator.py
[2023-12-06T10:48:18.895+0700] {processor.py:743} INFO - Processing file /opt/anaconda3/lib/python3.8/site-packages/airflow/example_dags/example_dag_decorator.py for tasks to queue
[2023-12-06T10:48:18.895+0700] {logging_mixin.py:137} INFO - [2023-12-06T10:48:18.895+0700] {dagbag.py:538} INFO - Filling up the DagBag from /opt/anaconda3/lib/python3.8/site-packages/airflow/example_dags/example_dag_decorator.py
[2023-12-06T10:48:19.217+0700] {logging_mixin.py:137} INFO - [2023-12-06T10:48:19.217+0700] {taskmixin.py:205} WARNING - Dependency <Task(_PythonDecoratedOperator): prepare_email>, send_email already registered for DAG: example_dag_decorator
[2023-12-06T10:48:19.217+0700] {logging_mixin.py:137} INFO - [2023-12-06T10:48:19.217+0700] {taskmixin.py:205} WARNING - Dependency <Task(EmailOperator): send_email>, prepare_email already registered for DAG: example_dag_decorator
[2023-12-06T10:48:19.271+0700] {processor.py:753} INFO - DAG(s) dict_keys(['example_dag_decorator']) retrieved from /opt/anaconda3/lib/python3.8/site-packages/airflow/example_dags/example_dag_decorator.py
[2023-12-06T10:48:20.071+0700] {logging_mixin.py:137} INFO - [2023-12-06T10:48:20.071+0700] {dag.py:2676} INFO - Sync 1 DAGs
[2023-12-06T10:48:20.095+0700] {logging_mixin.py:137} INFO - [2023-12-06T10:48:20.095+0700] {dag.py:3423} INFO - Setting next_dagrun for example_dag_decorator to None, run_after=None
[2023-12-06T10:48:20.124+0700] {processor.py:175} INFO - Processing /opt/anaconda3/lib/python3.8/site-packages/airflow/example_dags/example_dag_decorator.py took 1.232 seconds
[2023-12-06T10:55:44.454+0700] {processor.py:153} INFO - Started process (PID=14612) to work on /opt/anaconda3/lib/python3.8/site-packages/airflow/example_dags/example_dag_decorator.py
[2023-12-06T10:55:44.455+0700] {processor.py:743} INFO - Processing file /opt/anaconda3/lib/python3.8/site-packages/airflow/example_dags/example_dag_decorator.py for tasks to queue
[2023-12-06T10:55:44.456+0700] {logging_mixin.py:137} INFO - [2023-12-06T10:55:44.456+0700] {dagbag.py:538} INFO - Filling up the DagBag from /opt/anaconda3/lib/python3.8/site-packages/airflow/example_dags/example_dag_decorator.py
[2023-12-06T10:55:44.783+0700] {logging_mixin.py:137} INFO - [2023-12-06T10:55:44.783+0700] {taskmixin.py:205} WARNING - Dependency <Task(_PythonDecoratedOperator): prepare_email>, send_email already registered for DAG: example_dag_decorator
[2023-12-06T10:55:44.784+0700] {logging_mixin.py:137} INFO - [2023-12-06T10:55:44.784+0700] {taskmixin.py:205} WARNING - Dependency <Task(EmailOperator): send_email>, prepare_email already registered for DAG: example_dag_decorator
[2023-12-06T10:55:44.862+0700] {processor.py:753} INFO - DAG(s) dict_keys(['example_dag_decorator']) retrieved from /opt/anaconda3/lib/python3.8/site-packages/airflow/example_dags/example_dag_decorator.py
[2023-12-06T10:55:45.817+0700] {logging_mixin.py:137} INFO - [2023-12-06T10:55:45.817+0700] {dag.py:2676} INFO - Sync 1 DAGs
[2023-12-06T10:55:45.844+0700] {logging_mixin.py:137} INFO - [2023-12-06T10:55:45.843+0700] {dag.py:3423} INFO - Setting next_dagrun for example_dag_decorator to None, run_after=None
[2023-12-06T10:55:45.877+0700] {processor.py:175} INFO - Processing /opt/anaconda3/lib/python3.8/site-packages/airflow/example_dags/example_dag_decorator.py took 1.424 seconds
[2023-12-06T11:04:59.727+0700] {processor.py:153} INFO - Started process (PID=20613) to work on /opt/anaconda3/lib/python3.8/site-packages/airflow/example_dags/example_dag_decorator.py
[2023-12-06T11:04:59.728+0700] {processor.py:743} INFO - Processing file /opt/anaconda3/lib/python3.8/site-packages/airflow/example_dags/example_dag_decorator.py for tasks to queue
[2023-12-06T11:04:59.729+0700] {logging_mixin.py:137} INFO - [2023-12-06T11:04:59.729+0700] {dagbag.py:538} INFO - Filling up the DagBag from /opt/anaconda3/lib/python3.8/site-packages/airflow/example_dags/example_dag_decorator.py
[2023-12-06T11:05:00.231+0700] {logging_mixin.py:137} INFO - [2023-12-06T11:05:00.231+0700] {taskmixin.py:205} WARNING - Dependency <Task(_PythonDecoratedOperator): prepare_email>, send_email already registered for DAG: example_dag_decorator
[2023-12-06T11:05:00.231+0700] {logging_mixin.py:137} INFO - [2023-12-06T11:05:00.231+0700] {taskmixin.py:205} WARNING - Dependency <Task(EmailOperator): send_email>, prepare_email already registered for DAG: example_dag_decorator
[2023-12-06T11:05:00.305+0700] {processor.py:753} INFO - DAG(s) dict_keys(['example_dag_decorator']) retrieved from /opt/anaconda3/lib/python3.8/site-packages/airflow/example_dags/example_dag_decorator.py
[2023-12-06T11:05:01.324+0700] {logging_mixin.py:137} INFO - [2023-12-06T11:05:01.324+0700] {dag.py:2676} INFO - Sync 1 DAGs
[2023-12-06T11:05:01.357+0700] {logging_mixin.py:137} INFO - [2023-12-06T11:05:01.356+0700] {dag.py:3423} INFO - Setting next_dagrun for example_dag_decorator to None, run_after=None
[2023-12-06T11:05:01.386+0700] {processor.py:175} INFO - Processing /opt/anaconda3/lib/python3.8/site-packages/airflow/example_dags/example_dag_decorator.py took 1.662 seconds
[2023-12-06T11:11:44.468+0700] {processor.py:153} INFO - Started process (PID=25078) to work on /opt/anaconda3/lib/python3.8/site-packages/airflow/example_dags/example_dag_decorator.py
[2023-12-06T11:11:44.470+0700] {processor.py:743} INFO - Processing file /opt/anaconda3/lib/python3.8/site-packages/airflow/example_dags/example_dag_decorator.py for tasks to queue
[2023-12-06T11:11:44.471+0700] {logging_mixin.py:137} INFO - [2023-12-06T11:11:44.470+0700] {dagbag.py:538} INFO - Filling up the DagBag from /opt/anaconda3/lib/python3.8/site-packages/airflow/example_dags/example_dag_decorator.py
[2023-12-06T11:11:44.796+0700] {logging_mixin.py:137} INFO - [2023-12-06T11:11:44.795+0700] {taskmixin.py:205} WARNING - Dependency <Task(_PythonDecoratedOperator): prepare_email>, send_email already registered for DAG: example_dag_decorator
[2023-12-06T11:11:44.796+0700] {logging_mixin.py:137} INFO - [2023-12-06T11:11:44.796+0700] {taskmixin.py:205} WARNING - Dependency <Task(EmailOperator): send_email>, prepare_email already registered for DAG: example_dag_decorator
[2023-12-06T11:11:44.842+0700] {processor.py:753} INFO - DAG(s) dict_keys(['example_dag_decorator']) retrieved from /opt/anaconda3/lib/python3.8/site-packages/airflow/example_dags/example_dag_decorator.py
[2023-12-06T11:11:45.721+0700] {logging_mixin.py:137} INFO - [2023-12-06T11:11:45.720+0700] {dag.py:2676} INFO - Sync 1 DAGs
[2023-12-06T11:11:45.751+0700] {logging_mixin.py:137} INFO - [2023-12-06T11:11:45.750+0700] {dag.py:3423} INFO - Setting next_dagrun for example_dag_decorator to None, run_after=None
[2023-12-06T11:11:45.780+0700] {processor.py:175} INFO - Processing /opt/anaconda3/lib/python3.8/site-packages/airflow/example_dags/example_dag_decorator.py took 1.313 seconds
[2023-12-06T11:19:24.176+0700] {processor.py:153} INFO - Started process (PID=29961) to work on /opt/anaconda3/lib/python3.8/site-packages/airflow/example_dags/example_dag_decorator.py
[2023-12-06T11:19:24.177+0700] {processor.py:743} INFO - Processing file /opt/anaconda3/lib/python3.8/site-packages/airflow/example_dags/example_dag_decorator.py for tasks to queue
[2023-12-06T11:19:24.178+0700] {logging_mixin.py:137} INFO - [2023-12-06T11:19:24.178+0700] {dagbag.py:538} INFO - Filling up the DagBag from /opt/anaconda3/lib/python3.8/site-packages/airflow/example_dags/example_dag_decorator.py
[2023-12-06T11:19:24.502+0700] {logging_mixin.py:137} INFO - [2023-12-06T11:19:24.501+0700] {taskmixin.py:205} WARNING - Dependency <Task(_PythonDecoratedOperator): prepare_email>, send_email already registered for DAG: example_dag_decorator
[2023-12-06T11:19:24.502+0700] {logging_mixin.py:137} INFO - [2023-12-06T11:19:24.502+0700] {taskmixin.py:205} WARNING - Dependency <Task(EmailOperator): send_email>, prepare_email already registered for DAG: example_dag_decorator
[2023-12-06T11:19:24.547+0700] {processor.py:753} INFO - DAG(s) dict_keys(['example_dag_decorator']) retrieved from /opt/anaconda3/lib/python3.8/site-packages/airflow/example_dags/example_dag_decorator.py
[2023-12-06T11:19:25.254+0700] {logging_mixin.py:137} INFO - [2023-12-06T11:19:25.254+0700] {dag.py:2676} INFO - Sync 1 DAGs
[2023-12-06T11:19:25.277+0700] {logging_mixin.py:137} INFO - [2023-12-06T11:19:25.277+0700] {dag.py:3423} INFO - Setting next_dagrun for example_dag_decorator to None, run_after=None
[2023-12-06T11:19:25.303+0700] {processor.py:175} INFO - Processing /opt/anaconda3/lib/python3.8/site-packages/airflow/example_dags/example_dag_decorator.py took 1.129 seconds
[2023-12-06T11:25:24.420+0700] {processor.py:153} INFO - Started process (PID=33809) to work on /opt/anaconda3/lib/python3.8/site-packages/airflow/example_dags/example_dag_decorator.py
[2023-12-06T11:25:24.422+0700] {processor.py:743} INFO - Processing file /opt/anaconda3/lib/python3.8/site-packages/airflow/example_dags/example_dag_decorator.py for tasks to queue
[2023-12-06T11:25:24.423+0700] {logging_mixin.py:137} INFO - [2023-12-06T11:25:24.423+0700] {dagbag.py:538} INFO - Filling up the DagBag from /opt/anaconda3/lib/python3.8/site-packages/airflow/example_dags/example_dag_decorator.py
[2023-12-06T11:25:24.700+0700] {logging_mixin.py:137} INFO - [2023-12-06T11:25:24.700+0700] {taskmixin.py:205} WARNING - Dependency <Task(_PythonDecoratedOperator): prepare_email>, send_email already registered for DAG: example_dag_decorator
[2023-12-06T11:25:24.701+0700] {logging_mixin.py:137} INFO - [2023-12-06T11:25:24.700+0700] {taskmixin.py:205} WARNING - Dependency <Task(EmailOperator): send_email>, prepare_email already registered for DAG: example_dag_decorator
[2023-12-06T11:25:24.736+0700] {processor.py:753} INFO - DAG(s) dict_keys(['example_dag_decorator']) retrieved from /opt/anaconda3/lib/python3.8/site-packages/airflow/example_dags/example_dag_decorator.py
[2023-12-06T11:25:25.358+0700] {logging_mixin.py:137} INFO - [2023-12-06T11:25:25.357+0700] {dag.py:2676} INFO - Sync 1 DAGs
[2023-12-06T11:25:25.376+0700] {logging_mixin.py:137} INFO - [2023-12-06T11:25:25.376+0700] {dag.py:3423} INFO - Setting next_dagrun for example_dag_decorator to None, run_after=None
[2023-12-06T11:25:25.397+0700] {processor.py:175} INFO - Processing /opt/anaconda3/lib/python3.8/site-packages/airflow/example_dags/example_dag_decorator.py took 0.977 seconds
[2023-12-06T11:31:20.530+0700] {processor.py:153} INFO - Started process (PID=37653) to work on /opt/anaconda3/lib/python3.8/site-packages/airflow/example_dags/example_dag_decorator.py
[2023-12-06T11:31:20.532+0700] {processor.py:743} INFO - Processing file /opt/anaconda3/lib/python3.8/site-packages/airflow/example_dags/example_dag_decorator.py for tasks to queue
[2023-12-06T11:31:20.533+0700] {logging_mixin.py:137} INFO - [2023-12-06T11:31:20.533+0700] {dagbag.py:538} INFO - Filling up the DagBag from /opt/anaconda3/lib/python3.8/site-packages/airflow/example_dags/example_dag_decorator.py
[2023-12-06T11:31:20.828+0700] {logging_mixin.py:137} INFO - [2023-12-06T11:31:20.828+0700] {taskmixin.py:205} WARNING - Dependency <Task(_PythonDecoratedOperator): prepare_email>, send_email already registered for DAG: example_dag_decorator
[2023-12-06T11:31:20.829+0700] {logging_mixin.py:137} INFO - [2023-12-06T11:31:20.828+0700] {taskmixin.py:205} WARNING - Dependency <Task(EmailOperator): send_email>, prepare_email already registered for DAG: example_dag_decorator
[2023-12-06T11:31:20.874+0700] {processor.py:753} INFO - DAG(s) dict_keys(['example_dag_decorator']) retrieved from /opt/anaconda3/lib/python3.8/site-packages/airflow/example_dags/example_dag_decorator.py
[2023-12-06T11:31:21.892+0700] {logging_mixin.py:137} INFO - [2023-12-06T11:31:21.891+0700] {dag.py:2676} INFO - Sync 1 DAGs
[2023-12-06T11:31:21.912+0700] {logging_mixin.py:137} INFO - [2023-12-06T11:31:21.912+0700] {dag.py:3423} INFO - Setting next_dagrun for example_dag_decorator to None, run_after=None
[2023-12-06T11:31:21.934+0700] {processor.py:175} INFO - Processing /opt/anaconda3/lib/python3.8/site-packages/airflow/example_dags/example_dag_decorator.py took 1.405 seconds
[2023-12-06T11:40:40.306+0700] {processor.py:153} INFO - Started process (PID=43565) to work on /opt/anaconda3/lib/python3.8/site-packages/airflow/example_dags/example_dag_decorator.py
[2023-12-06T11:40:40.308+0700] {processor.py:743} INFO - Processing file /opt/anaconda3/lib/python3.8/site-packages/airflow/example_dags/example_dag_decorator.py for tasks to queue
[2023-12-06T11:40:40.310+0700] {logging_mixin.py:137} INFO - [2023-12-06T11:40:40.309+0700] {dagbag.py:538} INFO - Filling up the DagBag from /opt/anaconda3/lib/python3.8/site-packages/airflow/example_dags/example_dag_decorator.py
[2023-12-06T11:40:40.937+0700] {logging_mixin.py:137} INFO - [2023-12-06T11:40:40.937+0700] {taskmixin.py:205} WARNING - Dependency <Task(_PythonDecoratedOperator): prepare_email>, send_email already registered for DAG: example_dag_decorator
[2023-12-06T11:40:40.937+0700] {logging_mixin.py:137} INFO - [2023-12-06T11:40:40.937+0700] {taskmixin.py:205} WARNING - Dependency <Task(EmailOperator): send_email>, prepare_email already registered for DAG: example_dag_decorator
[2023-12-06T11:40:41.114+0700] {processor.py:753} INFO - DAG(s) dict_keys(['example_dag_decorator']) retrieved from /opt/anaconda3/lib/python3.8/site-packages/airflow/example_dags/example_dag_decorator.py
[2023-12-06T11:40:42.074+0700] {logging_mixin.py:137} INFO - [2023-12-06T11:40:42.073+0700] {dag.py:2676} INFO - Sync 1 DAGs
[2023-12-06T11:40:42.103+0700] {logging_mixin.py:137} INFO - [2023-12-06T11:40:42.103+0700] {dag.py:3423} INFO - Setting next_dagrun for example_dag_decorator to None, run_after=None
[2023-12-06T11:40:42.133+0700] {processor.py:175} INFO - Processing /opt/anaconda3/lib/python3.8/site-packages/airflow/example_dags/example_dag_decorator.py took 1.828 seconds
[2023-12-06T11:47:22.246+0700] {processor.py:153} INFO - Started process (PID=47941) to work on /opt/anaconda3/lib/python3.8/site-packages/airflow/example_dags/example_dag_decorator.py
[2023-12-06T11:47:22.248+0700] {processor.py:743} INFO - Processing file /opt/anaconda3/lib/python3.8/site-packages/airflow/example_dags/example_dag_decorator.py for tasks to queue
[2023-12-06T11:47:22.249+0700] {logging_mixin.py:137} INFO - [2023-12-06T11:47:22.248+0700] {dagbag.py:538} INFO - Filling up the DagBag from /opt/anaconda3/lib/python3.8/site-packages/airflow/example_dags/example_dag_decorator.py
[2023-12-06T11:47:22.560+0700] {logging_mixin.py:137} INFO - [2023-12-06T11:47:22.559+0700] {taskmixin.py:205} WARNING - Dependency <Task(_PythonDecoratedOperator): prepare_email>, send_email already registered for DAG: example_dag_decorator
[2023-12-06T11:47:22.560+0700] {logging_mixin.py:137} INFO - [2023-12-06T11:47:22.560+0700] {taskmixin.py:205} WARNING - Dependency <Task(EmailOperator): send_email>, prepare_email already registered for DAG: example_dag_decorator
[2023-12-06T11:47:22.607+0700] {processor.py:753} INFO - DAG(s) dict_keys(['example_dag_decorator']) retrieved from /opt/anaconda3/lib/python3.8/site-packages/airflow/example_dags/example_dag_decorator.py
[2023-12-06T11:47:23.662+0700] {logging_mixin.py:137} INFO - [2023-12-06T11:47:23.661+0700] {dag.py:2676} INFO - Sync 1 DAGs
[2023-12-06T11:47:23.682+0700] {logging_mixin.py:137} INFO - [2023-12-06T11:47:23.682+0700] {dag.py:3423} INFO - Setting next_dagrun for example_dag_decorator to None, run_after=None
[2023-12-06T11:47:23.705+0700] {processor.py:175} INFO - Processing /opt/anaconda3/lib/python3.8/site-packages/airflow/example_dags/example_dag_decorator.py took 1.461 seconds
[2023-12-06T11:53:18.918+0700] {processor.py:153} INFO - Started process (PID=51775) to work on /opt/anaconda3/lib/python3.8/site-packages/airflow/example_dags/example_dag_decorator.py
[2023-12-06T11:53:18.920+0700] {processor.py:743} INFO - Processing file /opt/anaconda3/lib/python3.8/site-packages/airflow/example_dags/example_dag_decorator.py for tasks to queue
[2023-12-06T11:53:18.920+0700] {logging_mixin.py:137} INFO - [2023-12-06T11:53:18.920+0700] {dagbag.py:538} INFO - Filling up the DagBag from /opt/anaconda3/lib/python3.8/site-packages/airflow/example_dags/example_dag_decorator.py
[2023-12-06T11:53:19.236+0700] {logging_mixin.py:137} INFO - [2023-12-06T11:53:19.236+0700] {taskmixin.py:205} WARNING - Dependency <Task(_PythonDecoratedOperator): prepare_email>, send_email already registered for DAG: example_dag_decorator
[2023-12-06T11:53:19.237+0700] {logging_mixin.py:137} INFO - [2023-12-06T11:53:19.237+0700] {taskmixin.py:205} WARNING - Dependency <Task(EmailOperator): send_email>, prepare_email already registered for DAG: example_dag_decorator
[2023-12-06T11:53:19.280+0700] {processor.py:753} INFO - DAG(s) dict_keys(['example_dag_decorator']) retrieved from /opt/anaconda3/lib/python3.8/site-packages/airflow/example_dags/example_dag_decorator.py
[2023-12-06T11:53:20.058+0700] {logging_mixin.py:137} INFO - [2023-12-06T11:53:20.057+0700] {dag.py:2676} INFO - Sync 1 DAGs
[2023-12-06T11:53:20.079+0700] {logging_mixin.py:137} INFO - [2023-12-06T11:53:20.079+0700] {dag.py:3423} INFO - Setting next_dagrun for example_dag_decorator to None, run_after=None
[2023-12-06T11:53:20.104+0700] {processor.py:175} INFO - Processing /opt/anaconda3/lib/python3.8/site-packages/airflow/example_dags/example_dag_decorator.py took 1.187 seconds
[2023-12-06T11:58:06.597+0700] {processor.py:153} INFO - Started process (PID=54837) to work on /opt/anaconda3/lib/python3.8/site-packages/airflow/example_dags/example_dag_decorator.py
[2023-12-06T11:58:06.599+0700] {processor.py:743} INFO - Processing file /opt/anaconda3/lib/python3.8/site-packages/airflow/example_dags/example_dag_decorator.py for tasks to queue
[2023-12-06T11:58:06.599+0700] {logging_mixin.py:137} INFO - [2023-12-06T11:58:06.599+0700] {dagbag.py:538} INFO - Filling up the DagBag from /opt/anaconda3/lib/python3.8/site-packages/airflow/example_dags/example_dag_decorator.py
[2023-12-06T11:58:06.867+0700] {logging_mixin.py:137} INFO - [2023-12-06T11:58:06.867+0700] {taskmixin.py:205} WARNING - Dependency <Task(_PythonDecoratedOperator): prepare_email>, send_email already registered for DAG: example_dag_decorator
[2023-12-06T11:58:06.867+0700] {logging_mixin.py:137} INFO - [2023-12-06T11:58:06.867+0700] {taskmixin.py:205} WARNING - Dependency <Task(EmailOperator): send_email>, prepare_email already registered for DAG: example_dag_decorator
[2023-12-06T11:58:06.906+0700] {processor.py:753} INFO - DAG(s) dict_keys(['example_dag_decorator']) retrieved from /opt/anaconda3/lib/python3.8/site-packages/airflow/example_dags/example_dag_decorator.py
[2023-12-06T11:58:07.471+0700] {logging_mixin.py:137} INFO - [2023-12-06T11:58:07.470+0700] {dag.py:2676} INFO - Sync 1 DAGs
[2023-12-06T11:58:07.489+0700] {logging_mixin.py:137} INFO - [2023-12-06T11:58:07.489+0700] {dag.py:3423} INFO - Setting next_dagrun for example_dag_decorator to None, run_after=None
[2023-12-06T11:58:07.509+0700] {processor.py:175} INFO - Processing /opt/anaconda3/lib/python3.8/site-packages/airflow/example_dags/example_dag_decorator.py took 0.913 seconds
[2023-12-06T12:02:55.588+0700] {processor.py:153} INFO - Started process (PID=57904) to work on /opt/anaconda3/lib/python3.8/site-packages/airflow/example_dags/example_dag_decorator.py
[2023-12-06T12:02:55.589+0700] {processor.py:743} INFO - Processing file /opt/anaconda3/lib/python3.8/site-packages/airflow/example_dags/example_dag_decorator.py for tasks to queue
[2023-12-06T12:02:55.590+0700] {logging_mixin.py:137} INFO - [2023-12-06T12:02:55.590+0700] {dagbag.py:538} INFO - Filling up the DagBag from /opt/anaconda3/lib/python3.8/site-packages/airflow/example_dags/example_dag_decorator.py
[2023-12-06T12:02:55.840+0700] {logging_mixin.py:137} INFO - [2023-12-06T12:02:55.839+0700] {taskmixin.py:205} WARNING - Dependency <Task(_PythonDecoratedOperator): prepare_email>, send_email already registered for DAG: example_dag_decorator
[2023-12-06T12:02:55.840+0700] {logging_mixin.py:137} INFO - [2023-12-06T12:02:55.840+0700] {taskmixin.py:205} WARNING - Dependency <Task(EmailOperator): send_email>, prepare_email already registered for DAG: example_dag_decorator
[2023-12-06T12:02:55.874+0700] {processor.py:753} INFO - DAG(s) dict_keys(['example_dag_decorator']) retrieved from /opt/anaconda3/lib/python3.8/site-packages/airflow/example_dags/example_dag_decorator.py
[2023-12-06T12:02:56.512+0700] {logging_mixin.py:137} INFO - [2023-12-06T12:02:56.512+0700] {dag.py:2676} INFO - Sync 1 DAGs
[2023-12-06T12:02:56.531+0700] {logging_mixin.py:137} INFO - [2023-12-06T12:02:56.531+0700] {dag.py:3423} INFO - Setting next_dagrun for example_dag_decorator to None, run_after=None
[2023-12-06T12:02:56.551+0700] {processor.py:175} INFO - Processing /opt/anaconda3/lib/python3.8/site-packages/airflow/example_dags/example_dag_decorator.py took 0.964 seconds
[2023-12-06T15:16:48.729+0700] {processor.py:153} INFO - Started process (PID=62391) to work on /opt/anaconda3/lib/python3.8/site-packages/airflow/example_dags/example_dag_decorator.py
[2023-12-06T15:16:48.731+0700] {processor.py:743} INFO - Processing file /opt/anaconda3/lib/python3.8/site-packages/airflow/example_dags/example_dag_decorator.py for tasks to queue
[2023-12-06T15:16:48.732+0700] {logging_mixin.py:137} INFO - [2023-12-06T15:16:48.732+0700] {dagbag.py:538} INFO - Filling up the DagBag from /opt/anaconda3/lib/python3.8/site-packages/airflow/example_dags/example_dag_decorator.py
[2023-12-06T15:16:48.973+0700] {logging_mixin.py:137} INFO - [2023-12-06T15:16:48.973+0700] {taskmixin.py:205} WARNING - Dependency <Task(_PythonDecoratedOperator): prepare_email>, send_email already registered for DAG: example_dag_decorator
[2023-12-06T15:16:48.973+0700] {logging_mixin.py:137} INFO - [2023-12-06T15:16:48.973+0700] {taskmixin.py:205} WARNING - Dependency <Task(EmailOperator): send_email>, prepare_email already registered for DAG: example_dag_decorator
[2023-12-06T15:16:49.008+0700] {processor.py:753} INFO - DAG(s) dict_keys(['example_dag_decorator']) retrieved from /opt/anaconda3/lib/python3.8/site-packages/airflow/example_dags/example_dag_decorator.py
[2023-12-06T15:16:49.535+0700] {logging_mixin.py:137} INFO - [2023-12-06T15:16:49.535+0700] {dag.py:2676} INFO - Sync 1 DAGs
[2023-12-06T15:16:49.552+0700] {logging_mixin.py:137} INFO - [2023-12-06T15:16:49.551+0700] {dag.py:3423} INFO - Setting next_dagrun for example_dag_decorator to None, run_after=None
[2023-12-06T15:16:49.571+0700] {processor.py:175} INFO - Processing /opt/anaconda3/lib/python3.8/site-packages/airflow/example_dags/example_dag_decorator.py took 0.842 seconds
[2023-12-06T15:21:34.040+0700] {processor.py:153} INFO - Started process (PID=65459) to work on /opt/anaconda3/lib/python3.8/site-packages/airflow/example_dags/example_dag_decorator.py
[2023-12-06T15:21:34.043+0700] {processor.py:743} INFO - Processing file /opt/anaconda3/lib/python3.8/site-packages/airflow/example_dags/example_dag_decorator.py for tasks to queue
[2023-12-06T15:21:34.044+0700] {logging_mixin.py:137} INFO - [2023-12-06T15:21:34.043+0700] {dagbag.py:538} INFO - Filling up the DagBag from /opt/anaconda3/lib/python3.8/site-packages/airflow/example_dags/example_dag_decorator.py
[2023-12-06T15:21:34.399+0700] {logging_mixin.py:137} INFO - [2023-12-06T15:21:34.399+0700] {taskmixin.py:205} WARNING - Dependency <Task(_PythonDecoratedOperator): prepare_email>, send_email already registered for DAG: example_dag_decorator
[2023-12-06T15:21:34.400+0700] {logging_mixin.py:137} INFO - [2023-12-06T15:21:34.399+0700] {taskmixin.py:205} WARNING - Dependency <Task(EmailOperator): send_email>, prepare_email already registered for DAG: example_dag_decorator
[2023-12-06T15:21:34.437+0700] {processor.py:753} INFO - DAG(s) dict_keys(['example_dag_decorator']) retrieved from /opt/anaconda3/lib/python3.8/site-packages/airflow/example_dags/example_dag_decorator.py
[2023-12-06T15:21:35.113+0700] {logging_mixin.py:137} INFO - [2023-12-06T15:21:35.113+0700] {dag.py:2676} INFO - Sync 1 DAGs
[2023-12-06T15:21:35.135+0700] {logging_mixin.py:137} INFO - [2023-12-06T15:21:35.134+0700] {dag.py:3423} INFO - Setting next_dagrun for example_dag_decorator to None, run_after=None
[2023-12-06T15:21:35.157+0700] {processor.py:175} INFO - Processing /opt/anaconda3/lib/python3.8/site-packages/airflow/example_dags/example_dag_decorator.py took 1.118 seconds
[2023-12-06T15:26:25.614+0700] {processor.py:153} INFO - Started process (PID=68627) to work on /opt/anaconda3/lib/python3.8/site-packages/airflow/example_dags/example_dag_decorator.py
[2023-12-06T15:26:25.615+0700] {processor.py:743} INFO - Processing file /opt/anaconda3/lib/python3.8/site-packages/airflow/example_dags/example_dag_decorator.py for tasks to queue
[2023-12-06T15:26:25.616+0700] {logging_mixin.py:137} INFO - [2023-12-06T15:26:25.616+0700] {dagbag.py:538} INFO - Filling up the DagBag from /opt/anaconda3/lib/python3.8/site-packages/airflow/example_dags/example_dag_decorator.py
[2023-12-06T15:26:25.872+0700] {logging_mixin.py:137} INFO - [2023-12-06T15:26:25.872+0700] {taskmixin.py:205} WARNING - Dependency <Task(_PythonDecoratedOperator): prepare_email>, send_email already registered for DAG: example_dag_decorator
[2023-12-06T15:26:25.872+0700] {logging_mixin.py:137} INFO - [2023-12-06T15:26:25.872+0700] {taskmixin.py:205} WARNING - Dependency <Task(EmailOperator): send_email>, prepare_email already registered for DAG: example_dag_decorator
[2023-12-06T15:26:25.906+0700] {processor.py:753} INFO - DAG(s) dict_keys(['example_dag_decorator']) retrieved from /opt/anaconda3/lib/python3.8/site-packages/airflow/example_dags/example_dag_decorator.py
[2023-12-06T15:26:26.556+0700] {logging_mixin.py:137} INFO - [2023-12-06T15:26:26.555+0700] {dag.py:2676} INFO - Sync 1 DAGs
[2023-12-06T15:26:26.584+0700] {logging_mixin.py:137} INFO - [2023-12-06T15:26:26.584+0700] {dag.py:3423} INFO - Setting next_dagrun for example_dag_decorator to None, run_after=None
[2023-12-06T15:26:26.609+0700] {processor.py:175} INFO - Processing /opt/anaconda3/lib/python3.8/site-packages/airflow/example_dags/example_dag_decorator.py took 0.996 seconds
[2023-12-06T15:31:10.421+0700] {processor.py:153} INFO - Started process (PID=71687) to work on /opt/anaconda3/lib/python3.8/site-packages/airflow/example_dags/example_dag_decorator.py
[2023-12-06T15:31:10.423+0700] {processor.py:743} INFO - Processing file /opt/anaconda3/lib/python3.8/site-packages/airflow/example_dags/example_dag_decorator.py for tasks to queue
[2023-12-06T15:31:10.424+0700] {logging_mixin.py:137} INFO - [2023-12-06T15:31:10.424+0700] {dagbag.py:538} INFO - Filling up the DagBag from /opt/anaconda3/lib/python3.8/site-packages/airflow/example_dags/example_dag_decorator.py
[2023-12-06T15:31:10.766+0700] {logging_mixin.py:137} INFO - [2023-12-06T15:31:10.766+0700] {taskmixin.py:205} WARNING - Dependency <Task(_PythonDecoratedOperator): prepare_email>, send_email already registered for DAG: example_dag_decorator
[2023-12-06T15:31:10.766+0700] {logging_mixin.py:137} INFO - [2023-12-06T15:31:10.766+0700] {taskmixin.py:205} WARNING - Dependency <Task(EmailOperator): send_email>, prepare_email already registered for DAG: example_dag_decorator
[2023-12-06T15:31:10.809+0700] {processor.py:753} INFO - DAG(s) dict_keys(['example_dag_decorator']) retrieved from /opt/anaconda3/lib/python3.8/site-packages/airflow/example_dags/example_dag_decorator.py
[2023-12-06T15:31:12.074+0700] {logging_mixin.py:137} INFO - [2023-12-06T15:31:12.073+0700] {dag.py:2676} INFO - Sync 1 DAGs
[2023-12-06T15:31:12.104+0700] {logging_mixin.py:137} INFO - [2023-12-06T15:31:12.104+0700] {dag.py:3423} INFO - Setting next_dagrun for example_dag_decorator to None, run_after=None
[2023-12-06T15:31:12.146+0700] {processor.py:175} INFO - Processing /opt/anaconda3/lib/python3.8/site-packages/airflow/example_dags/example_dag_decorator.py took 1.726 seconds
[2023-12-06T15:36:07.727+0700] {processor.py:153} INFO - Started process (PID=74903) to work on /opt/anaconda3/lib/python3.8/site-packages/airflow/example_dags/example_dag_decorator.py
[2023-12-06T15:36:07.729+0700] {processor.py:743} INFO - Processing file /opt/anaconda3/lib/python3.8/site-packages/airflow/example_dags/example_dag_decorator.py for tasks to queue
[2023-12-06T15:36:07.730+0700] {logging_mixin.py:137} INFO - [2023-12-06T15:36:07.730+0700] {dagbag.py:538} INFO - Filling up the DagBag from /opt/anaconda3/lib/python3.8/site-packages/airflow/example_dags/example_dag_decorator.py
[2023-12-06T15:36:07.976+0700] {logging_mixin.py:137} INFO - [2023-12-06T15:36:07.975+0700] {taskmixin.py:205} WARNING - Dependency <Task(_PythonDecoratedOperator): prepare_email>, send_email already registered for DAG: example_dag_decorator
[2023-12-06T15:36:07.976+0700] {logging_mixin.py:137} INFO - [2023-12-06T15:36:07.976+0700] {taskmixin.py:205} WARNING - Dependency <Task(EmailOperator): send_email>, prepare_email already registered for DAG: example_dag_decorator
[2023-12-06T15:36:08.013+0700] {processor.py:753} INFO - DAG(s) dict_keys(['example_dag_decorator']) retrieved from /opt/anaconda3/lib/python3.8/site-packages/airflow/example_dags/example_dag_decorator.py
[2023-12-06T15:36:08.601+0700] {logging_mixin.py:137} INFO - [2023-12-06T15:36:08.600+0700] {dag.py:2676} INFO - Sync 1 DAGs
[2023-12-06T15:36:08.618+0700] {logging_mixin.py:137} INFO - [2023-12-06T15:36:08.618+0700] {dag.py:3423} INFO - Setting next_dagrun for example_dag_decorator to None, run_after=None
[2023-12-06T15:36:08.638+0700] {processor.py:175} INFO - Processing /opt/anaconda3/lib/python3.8/site-packages/airflow/example_dags/example_dag_decorator.py took 0.911 seconds
