[2023-12-06T10:17:23.433+0700] {processor.py:153} INFO - Started process (PID=91460) to work on /opt/anaconda3/lib/python3.8/site-packages/airflow/example_dags/example_sensors.py
[2023-12-06T10:17:23.434+0700] {processor.py:743} INFO - Processing file /opt/anaconda3/lib/python3.8/site-packages/airflow/example_dags/example_sensors.py for tasks to queue
[2023-12-06T10:17:23.435+0700] {logging_mixin.py:137} INFO - [2023-12-06T10:17:23.434+0700] {dagbag.py:538} INFO - Filling up the DagBag from /opt/anaconda3/lib/python3.8/site-packages/airflow/example_dags/example_sensors.py
[2023-12-06T10:17:23.486+0700] {processor.py:753} INFO - DAG(s) dict_keys(['example_sensors']) retrieved from /opt/anaconda3/lib/python3.8/site-packages/airflow/example_dags/example_sensors.py
[2023-12-06T10:17:25.209+0700] {logging_mixin.py:137} INFO - [2023-12-06T10:17:25.208+0700] {dag.py:2676} INFO - Sync 1 DAGs
[2023-12-06T10:17:25.231+0700] {logging_mixin.py:137} INFO - [2023-12-06T10:17:25.230+0700] {dag.py:3423} INFO - Setting next_dagrun for example_sensors to None, run_after=None
[2023-12-06T10:17:25.258+0700] {processor.py:175} INFO - Processing /opt/anaconda3/lib/python3.8/site-packages/airflow/example_dags/example_sensors.py took 1.826 seconds
[2023-12-06T10:20:59.813+0700] {processor.py:153} INFO - Started process (PID=93791) to work on /opt/anaconda3/lib/python3.8/site-packages/airflow/example_dags/example_sensors.py
[2023-12-06T10:20:59.816+0700] {processor.py:743} INFO - Processing file /opt/anaconda3/lib/python3.8/site-packages/airflow/example_dags/example_sensors.py for tasks to queue
[2023-12-06T10:20:59.817+0700] {logging_mixin.py:137} INFO - [2023-12-06T10:20:59.817+0700] {dagbag.py:538} INFO - Filling up the DagBag from /opt/anaconda3/lib/python3.8/site-packages/airflow/example_dags/example_sensors.py
[2023-12-06T10:20:59.905+0700] {processor.py:753} INFO - DAG(s) dict_keys(['example_sensors']) retrieved from /opt/anaconda3/lib/python3.8/site-packages/airflow/example_dags/example_sensors.py
[2023-12-06T10:21:02.386+0700] {logging_mixin.py:137} INFO - [2023-12-06T10:21:02.385+0700] {dag.py:2676} INFO - Sync 1 DAGs
[2023-12-06T10:21:02.535+0700] {logging_mixin.py:137} INFO - [2023-12-06T10:21:02.535+0700] {dag.py:3423} INFO - Setting next_dagrun for example_sensors to None, run_after=None
[2023-12-06T10:21:02.610+0700] {processor.py:175} INFO - Processing /opt/anaconda3/lib/python3.8/site-packages/airflow/example_dags/example_sensors.py took 2.798 seconds
[2023-12-06T10:27:57.644+0700] {processor.py:153} INFO - Started process (PID=98451) to work on /opt/anaconda3/lib/python3.8/site-packages/airflow/example_dags/example_sensors.py
[2023-12-06T10:27:57.645+0700] {processor.py:743} INFO - Processing file /opt/anaconda3/lib/python3.8/site-packages/airflow/example_dags/example_sensors.py for tasks to queue
[2023-12-06T10:27:57.646+0700] {logging_mixin.py:137} INFO - [2023-12-06T10:27:57.646+0700] {dagbag.py:538} INFO - Filling up the DagBag from /opt/anaconda3/lib/python3.8/site-packages/airflow/example_dags/example_sensors.py
[2023-12-06T10:27:57.708+0700] {processor.py:753} INFO - DAG(s) dict_keys(['example_sensors']) retrieved from /opt/anaconda3/lib/python3.8/site-packages/airflow/example_dags/example_sensors.py
[2023-12-06T10:27:59.354+0700] {logging_mixin.py:137} INFO - [2023-12-06T10:27:59.353+0700] {dag.py:2676} INFO - Sync 1 DAGs
[2023-12-06T10:27:59.378+0700] {logging_mixin.py:137} INFO - [2023-12-06T10:27:59.378+0700] {dag.py:3423} INFO - Setting next_dagrun for example_sensors to None, run_after=None
[2023-12-06T10:27:59.414+0700] {processor.py:175} INFO - Processing /opt/anaconda3/lib/python3.8/site-packages/airflow/example_dags/example_sensors.py took 1.772 seconds
[2023-12-06T10:43:55.665+0700] {processor.py:153} INFO - Started process (PID=6828) to work on /opt/anaconda3/lib/python3.8/site-packages/airflow/example_dags/example_sensors.py
[2023-12-06T10:43:55.666+0700] {processor.py:743} INFO - Processing file /opt/anaconda3/lib/python3.8/site-packages/airflow/example_dags/example_sensors.py for tasks to queue
[2023-12-06T10:43:55.667+0700] {logging_mixin.py:137} INFO - [2023-12-06T10:43:55.667+0700] {dagbag.py:538} INFO - Filling up the DagBag from /opt/anaconda3/lib/python3.8/site-packages/airflow/example_dags/example_sensors.py
[2023-12-06T10:43:55.728+0700] {processor.py:753} INFO - DAG(s) dict_keys(['example_sensors']) retrieved from /opt/anaconda3/lib/python3.8/site-packages/airflow/example_dags/example_sensors.py
[2023-12-06T10:43:57.783+0700] {logging_mixin.py:137} INFO - [2023-12-06T10:43:57.783+0700] {dag.py:2676} INFO - Sync 1 DAGs
[2023-12-06T10:43:57.807+0700] {logging_mixin.py:137} INFO - [2023-12-06T10:43:57.806+0700] {dag.py:3423} INFO - Setting next_dagrun for example_sensors to None, run_after=None
[2023-12-06T10:43:57.839+0700] {processor.py:175} INFO - Processing /opt/anaconda3/lib/python3.8/site-packages/airflow/example_dags/example_sensors.py took 2.175 seconds
[2023-12-06T10:47:17.524+0700] {processor.py:153} INFO - Started process (PID=8988) to work on /opt/anaconda3/lib/python3.8/site-packages/airflow/example_dags/example_sensors.py
[2023-12-06T10:47:17.525+0700] {processor.py:743} INFO - Processing file /opt/anaconda3/lib/python3.8/site-packages/airflow/example_dags/example_sensors.py for tasks to queue
[2023-12-06T10:47:17.526+0700] {logging_mixin.py:137} INFO - [2023-12-06T10:47:17.526+0700] {dagbag.py:538} INFO - Filling up the DagBag from /opt/anaconda3/lib/python3.8/site-packages/airflow/example_dags/example_sensors.py
[2023-12-06T10:47:17.580+0700] {processor.py:753} INFO - DAG(s) dict_keys(['example_sensors']) retrieved from /opt/anaconda3/lib/python3.8/site-packages/airflow/example_dags/example_sensors.py
[2023-12-06T10:47:19.444+0700] {logging_mixin.py:137} INFO - [2023-12-06T10:47:19.444+0700] {dag.py:2676} INFO - Sync 1 DAGs
[2023-12-06T10:47:19.470+0700] {logging_mixin.py:137} INFO - [2023-12-06T10:47:19.470+0700] {dag.py:3423} INFO - Setting next_dagrun for example_sensors to None, run_after=None
[2023-12-06T10:47:19.496+0700] {processor.py:175} INFO - Processing /opt/anaconda3/lib/python3.8/site-packages/airflow/example_dags/example_sensors.py took 1.972 seconds
[2023-12-06T10:52:06.342+0700] {processor.py:153} INFO - Started process (PID=12320) to work on /opt/anaconda3/lib/python3.8/site-packages/airflow/example_dags/example_sensors.py
[2023-12-06T10:52:06.344+0700] {processor.py:743} INFO - Processing file /opt/anaconda3/lib/python3.8/site-packages/airflow/example_dags/example_sensors.py for tasks to queue
[2023-12-06T10:52:06.345+0700] {logging_mixin.py:137} INFO - [2023-12-06T10:52:06.345+0700] {dagbag.py:538} INFO - Filling up the DagBag from /opt/anaconda3/lib/python3.8/site-packages/airflow/example_dags/example_sensors.py
[2023-12-06T10:52:06.401+0700] {processor.py:753} INFO - DAG(s) dict_keys(['example_sensors']) retrieved from /opt/anaconda3/lib/python3.8/site-packages/airflow/example_dags/example_sensors.py
[2023-12-06T10:52:08.123+0700] {logging_mixin.py:137} INFO - [2023-12-06T10:52:08.123+0700] {dag.py:2676} INFO - Sync 1 DAGs
[2023-12-06T10:52:08.146+0700] {logging_mixin.py:137} INFO - [2023-12-06T10:52:08.146+0700] {dag.py:3423} INFO - Setting next_dagrun for example_sensors to None, run_after=None
[2023-12-06T10:52:08.175+0700] {processor.py:175} INFO - Processing /opt/anaconda3/lib/python3.8/site-packages/airflow/example_dags/example_sensors.py took 1.833 seconds
[2023-12-06T10:54:46.735+0700] {processor.py:153} INFO - Started process (PID=14044) to work on /opt/anaconda3/lib/python3.8/site-packages/airflow/example_dags/example_sensors.py
[2023-12-06T10:54:46.737+0700] {processor.py:743} INFO - Processing file /opt/anaconda3/lib/python3.8/site-packages/airflow/example_dags/example_sensors.py for tasks to queue
[2023-12-06T10:54:46.738+0700] {logging_mixin.py:137} INFO - [2023-12-06T10:54:46.738+0700] {dagbag.py:538} INFO - Filling up the DagBag from /opt/anaconda3/lib/python3.8/site-packages/airflow/example_dags/example_sensors.py
[2023-12-06T10:54:46.806+0700] {processor.py:753} INFO - DAG(s) dict_keys(['example_sensors']) retrieved from /opt/anaconda3/lib/python3.8/site-packages/airflow/example_dags/example_sensors.py
[2023-12-06T10:54:48.531+0700] {logging_mixin.py:137} INFO - [2023-12-06T10:54:48.531+0700] {dag.py:2676} INFO - Sync 1 DAGs
[2023-12-06T10:54:48.550+0700] {logging_mixin.py:137} INFO - [2023-12-06T10:54:48.550+0700] {dag.py:3423} INFO - Setting next_dagrun for example_sensors to None, run_after=None
[2023-12-06T10:54:48.575+0700] {processor.py:175} INFO - Processing /opt/anaconda3/lib/python3.8/site-packages/airflow/example_dags/example_sensors.py took 1.841 seconds
[2023-12-06T10:57:58.053+0700] {processor.py:153} INFO - Started process (PID=16067) to work on /opt/anaconda3/lib/python3.8/site-packages/airflow/example_dags/example_sensors.py
[2023-12-06T10:57:58.056+0700] {processor.py:743} INFO - Processing file /opt/anaconda3/lib/python3.8/site-packages/airflow/example_dags/example_sensors.py for tasks to queue
[2023-12-06T10:57:58.057+0700] {logging_mixin.py:137} INFO - [2023-12-06T10:57:58.057+0700] {dagbag.py:538} INFO - Filling up the DagBag from /opt/anaconda3/lib/python3.8/site-packages/airflow/example_dags/example_sensors.py
[2023-12-06T10:57:58.126+0700] {processor.py:753} INFO - DAG(s) dict_keys(['example_sensors']) retrieved from /opt/anaconda3/lib/python3.8/site-packages/airflow/example_dags/example_sensors.py
[2023-12-06T10:57:59.454+0700] {logging_mixin.py:137} INFO - [2023-12-06T10:57:59.454+0700] {dag.py:2676} INFO - Sync 1 DAGs
[2023-12-06T10:57:59.482+0700] {logging_mixin.py:137} INFO - [2023-12-06T10:57:59.482+0700] {dag.py:3423} INFO - Setting next_dagrun for example_sensors to None, run_after=None
[2023-12-06T10:57:59.510+0700] {processor.py:175} INFO - Processing /opt/anaconda3/lib/python3.8/site-packages/airflow/example_dags/example_sensors.py took 1.458 seconds
[2023-12-06T11:03:57.306+0700] {processor.py:153} INFO - Started process (PID=19883) to work on /opt/anaconda3/lib/python3.8/site-packages/airflow/example_dags/example_sensors.py
[2023-12-06T11:03:57.308+0700] {processor.py:743} INFO - Processing file /opt/anaconda3/lib/python3.8/site-packages/airflow/example_dags/example_sensors.py for tasks to queue
[2023-12-06T11:03:57.309+0700] {logging_mixin.py:137} INFO - [2023-12-06T11:03:57.308+0700] {dagbag.py:538} INFO - Filling up the DagBag from /opt/anaconda3/lib/python3.8/site-packages/airflow/example_dags/example_sensors.py
[2023-12-06T11:03:57.356+0700] {processor.py:753} INFO - DAG(s) dict_keys(['example_sensors']) retrieved from /opt/anaconda3/lib/python3.8/site-packages/airflow/example_dags/example_sensors.py
[2023-12-06T11:03:58.615+0700] {logging_mixin.py:137} INFO - [2023-12-06T11:03:58.614+0700] {dag.py:2676} INFO - Sync 1 DAGs
[2023-12-06T11:03:58.642+0700] {logging_mixin.py:137} INFO - [2023-12-06T11:03:58.642+0700] {dag.py:3423} INFO - Setting next_dagrun for example_sensors to None, run_after=None
[2023-12-06T11:03:58.668+0700] {processor.py:175} INFO - Processing /opt/anaconda3/lib/python3.8/site-packages/airflow/example_dags/example_sensors.py took 1.363 seconds
[2023-12-06T11:07:07.877+0700] {processor.py:153} INFO - Started process (PID=21986) to work on /opt/anaconda3/lib/python3.8/site-packages/airflow/example_dags/example_sensors.py
[2023-12-06T11:07:07.878+0700] {processor.py:743} INFO - Processing file /opt/anaconda3/lib/python3.8/site-packages/airflow/example_dags/example_sensors.py for tasks to queue
[2023-12-06T11:07:07.879+0700] {logging_mixin.py:137} INFO - [2023-12-06T11:07:07.879+0700] {dagbag.py:538} INFO - Filling up the DagBag from /opt/anaconda3/lib/python3.8/site-packages/airflow/example_dags/example_sensors.py
[2023-12-06T11:07:07.940+0700] {processor.py:753} INFO - DAG(s) dict_keys(['example_sensors']) retrieved from /opt/anaconda3/lib/python3.8/site-packages/airflow/example_dags/example_sensors.py
[2023-12-06T11:07:09.534+0700] {logging_mixin.py:137} INFO - [2023-12-06T11:07:09.533+0700] {dag.py:2676} INFO - Sync 1 DAGs
[2023-12-06T11:07:09.564+0700] {logging_mixin.py:137} INFO - [2023-12-06T11:07:09.564+0700] {dag.py:3423} INFO - Setting next_dagrun for example_sensors to None, run_after=None
[2023-12-06T11:07:09.597+0700] {processor.py:175} INFO - Processing /opt/anaconda3/lib/python3.8/site-packages/airflow/example_dags/example_sensors.py took 1.721 seconds
[2023-12-06T11:10:31.170+0700] {processor.py:153} INFO - Started process (PID=24295) to work on /opt/anaconda3/lib/python3.8/site-packages/airflow/example_dags/example_sensors.py
[2023-12-06T11:10:31.172+0700] {processor.py:743} INFO - Processing file /opt/anaconda3/lib/python3.8/site-packages/airflow/example_dags/example_sensors.py for tasks to queue
[2023-12-06T11:10:31.173+0700] {logging_mixin.py:137} INFO - [2023-12-06T11:10:31.173+0700] {dagbag.py:538} INFO - Filling up the DagBag from /opt/anaconda3/lib/python3.8/site-packages/airflow/example_dags/example_sensors.py
[2023-12-06T11:10:31.238+0700] {processor.py:753} INFO - DAG(s) dict_keys(['example_sensors']) retrieved from /opt/anaconda3/lib/python3.8/site-packages/airflow/example_dags/example_sensors.py
[2023-12-06T11:10:33.335+0700] {logging_mixin.py:137} INFO - [2023-12-06T11:10:33.334+0700] {dag.py:2676} INFO - Sync 1 DAGs
[2023-12-06T11:10:33.358+0700] {logging_mixin.py:137} INFO - [2023-12-06T11:10:33.358+0700] {dag.py:3423} INFO - Setting next_dagrun for example_sensors to None, run_after=None
[2023-12-06T11:10:33.391+0700] {processor.py:175} INFO - Processing /opt/anaconda3/lib/python3.8/site-packages/airflow/example_dags/example_sensors.py took 2.222 seconds
[2023-12-06T11:15:05.705+0700] {processor.py:153} INFO - Started process (PID=27218) to work on /opt/anaconda3/lib/python3.8/site-packages/airflow/example_dags/example_sensors.py
[2023-12-06T11:15:05.706+0700] {processor.py:743} INFO - Processing file /opt/anaconda3/lib/python3.8/site-packages/airflow/example_dags/example_sensors.py for tasks to queue
[2023-12-06T11:15:05.707+0700] {logging_mixin.py:137} INFO - [2023-12-06T11:15:05.707+0700] {dagbag.py:538} INFO - Filling up the DagBag from /opt/anaconda3/lib/python3.8/site-packages/airflow/example_dags/example_sensors.py
[2023-12-06T11:15:05.752+0700] {processor.py:753} INFO - DAG(s) dict_keys(['example_sensors']) retrieved from /opt/anaconda3/lib/python3.8/site-packages/airflow/example_dags/example_sensors.py
[2023-12-06T11:15:07.007+0700] {logging_mixin.py:137} INFO - [2023-12-06T11:15:07.007+0700] {dag.py:2676} INFO - Sync 1 DAGs
[2023-12-06T11:15:07.031+0700] {logging_mixin.py:137} INFO - [2023-12-06T11:15:07.031+0700] {dag.py:3423} INFO - Setting next_dagrun for example_sensors to None, run_after=None
[2023-12-06T11:15:07.056+0700] {processor.py:175} INFO - Processing /opt/anaconda3/lib/python3.8/site-packages/airflow/example_dags/example_sensors.py took 1.352 seconds
[2023-12-06T11:18:34.671+0700] {processor.py:153} INFO - Started process (PID=29485) to work on /opt/anaconda3/lib/python3.8/site-packages/airflow/example_dags/example_sensors.py
[2023-12-06T11:18:34.673+0700] {processor.py:743} INFO - Processing file /opt/anaconda3/lib/python3.8/site-packages/airflow/example_dags/example_sensors.py for tasks to queue
[2023-12-06T11:18:34.677+0700] {logging_mixin.py:137} INFO - [2023-12-06T11:18:34.677+0700] {dagbag.py:538} INFO - Filling up the DagBag from /opt/anaconda3/lib/python3.8/site-packages/airflow/example_dags/example_sensors.py
[2023-12-06T11:18:34.757+0700] {processor.py:753} INFO - DAG(s) dict_keys(['example_sensors']) retrieved from /opt/anaconda3/lib/python3.8/site-packages/airflow/example_dags/example_sensors.py
[2023-12-06T11:18:37.090+0700] {logging_mixin.py:137} INFO - [2023-12-06T11:18:37.090+0700] {dag.py:2676} INFO - Sync 1 DAGs
[2023-12-06T11:18:37.113+0700] {logging_mixin.py:137} INFO - [2023-12-06T11:18:37.113+0700] {dag.py:3423} INFO - Setting next_dagrun for example_sensors to None, run_after=None
[2023-12-06T11:18:37.140+0700] {processor.py:175} INFO - Processing /opt/anaconda3/lib/python3.8/site-packages/airflow/example_dags/example_sensors.py took 2.471 seconds
[2023-12-06T11:21:35.056+0700] {processor.py:153} INFO - Started process (PID=31419) to work on /opt/anaconda3/lib/python3.8/site-packages/airflow/example_dags/example_sensors.py
[2023-12-06T11:21:35.058+0700] {processor.py:743} INFO - Processing file /opt/anaconda3/lib/python3.8/site-packages/airflow/example_dags/example_sensors.py for tasks to queue
[2023-12-06T11:21:35.059+0700] {logging_mixin.py:137} INFO - [2023-12-06T11:21:35.058+0700] {dagbag.py:538} INFO - Filling up the DagBag from /opt/anaconda3/lib/python3.8/site-packages/airflow/example_dags/example_sensors.py
[2023-12-06T11:21:35.120+0700] {processor.py:753} INFO - DAG(s) dict_keys(['example_sensors']) retrieved from /opt/anaconda3/lib/python3.8/site-packages/airflow/example_dags/example_sensors.py
[2023-12-06T11:21:37.056+0700] {logging_mixin.py:137} INFO - [2023-12-06T11:21:37.055+0700] {dag.py:2676} INFO - Sync 1 DAGs
[2023-12-06T11:21:37.078+0700] {logging_mixin.py:137} INFO - [2023-12-06T11:21:37.077+0700] {dag.py:3423} INFO - Setting next_dagrun for example_sensors to None, run_after=None
[2023-12-06T11:21:37.105+0700] {processor.py:175} INFO - Processing /opt/anaconda3/lib/python3.8/site-packages/airflow/example_dags/example_sensors.py took 2.050 seconds
[2023-12-06T11:24:40.582+0700] {processor.py:153} INFO - Started process (PID=33356) to work on /opt/anaconda3/lib/python3.8/site-packages/airflow/example_dags/example_sensors.py
[2023-12-06T11:24:40.584+0700] {processor.py:743} INFO - Processing file /opt/anaconda3/lib/python3.8/site-packages/airflow/example_dags/example_sensors.py for tasks to queue
[2023-12-06T11:24:40.585+0700] {logging_mixin.py:137} INFO - [2023-12-06T11:24:40.584+0700] {dagbag.py:538} INFO - Filling up the DagBag from /opt/anaconda3/lib/python3.8/site-packages/airflow/example_dags/example_sensors.py
[2023-12-06T11:24:40.654+0700] {processor.py:753} INFO - DAG(s) dict_keys(['example_sensors']) retrieved from /opt/anaconda3/lib/python3.8/site-packages/airflow/example_dags/example_sensors.py
[2023-12-06T11:24:42.701+0700] {logging_mixin.py:137} INFO - [2023-12-06T11:24:42.700+0700] {dag.py:2676} INFO - Sync 1 DAGs
[2023-12-06T11:24:42.725+0700] {logging_mixin.py:137} INFO - [2023-12-06T11:24:42.725+0700] {dag.py:3423} INFO - Setting next_dagrun for example_sensors to None, run_after=None
[2023-12-06T11:24:42.754+0700] {processor.py:175} INFO - Processing /opt/anaconda3/lib/python3.8/site-packages/airflow/example_dags/example_sensors.py took 2.173 seconds
[2023-12-06T11:27:23.429+0700] {processor.py:153} INFO - Started process (PID=35048) to work on /opt/anaconda3/lib/python3.8/site-packages/airflow/example_dags/example_sensors.py
[2023-12-06T11:27:23.431+0700] {processor.py:743} INFO - Processing file /opt/anaconda3/lib/python3.8/site-packages/airflow/example_dags/example_sensors.py for tasks to queue
[2023-12-06T11:27:23.431+0700] {logging_mixin.py:137} INFO - [2023-12-06T11:27:23.431+0700] {dagbag.py:538} INFO - Filling up the DagBag from /opt/anaconda3/lib/python3.8/site-packages/airflow/example_dags/example_sensors.py
[2023-12-06T11:27:23.490+0700] {processor.py:753} INFO - DAG(s) dict_keys(['example_sensors']) retrieved from /opt/anaconda3/lib/python3.8/site-packages/airflow/example_dags/example_sensors.py
[2023-12-06T11:27:25.507+0700] {logging_mixin.py:137} INFO - [2023-12-06T11:27:25.506+0700] {dag.py:2676} INFO - Sync 1 DAGs
[2023-12-06T11:27:25.525+0700] {logging_mixin.py:137} INFO - [2023-12-06T11:27:25.524+0700] {dag.py:3423} INFO - Setting next_dagrun for example_sensors to None, run_after=None
[2023-12-06T11:27:25.551+0700] {processor.py:175} INFO - Processing /opt/anaconda3/lib/python3.8/site-packages/airflow/example_dags/example_sensors.py took 2.123 seconds
[2023-12-06T11:30:29.884+0700] {processor.py:153} INFO - Started process (PID=37096) to work on /opt/anaconda3/lib/python3.8/site-packages/airflow/example_dags/example_sensors.py
[2023-12-06T11:30:29.886+0700] {processor.py:743} INFO - Processing file /opt/anaconda3/lib/python3.8/site-packages/airflow/example_dags/example_sensors.py for tasks to queue
[2023-12-06T11:30:29.887+0700] {logging_mixin.py:137} INFO - [2023-12-06T11:30:29.887+0700] {dagbag.py:538} INFO - Filling up the DagBag from /opt/anaconda3/lib/python3.8/site-packages/airflow/example_dags/example_sensors.py
[2023-12-06T11:30:29.943+0700] {processor.py:753} INFO - DAG(s) dict_keys(['example_sensors']) retrieved from /opt/anaconda3/lib/python3.8/site-packages/airflow/example_dags/example_sensors.py
[2023-12-06T11:30:31.437+0700] {logging_mixin.py:137} INFO - [2023-12-06T11:30:31.437+0700] {dag.py:2676} INFO - Sync 1 DAGs
[2023-12-06T11:30:31.462+0700] {logging_mixin.py:137} INFO - [2023-12-06T11:30:31.462+0700] {dag.py:3423} INFO - Setting next_dagrun for example_sensors to None, run_after=None
[2023-12-06T11:30:31.498+0700] {processor.py:175} INFO - Processing /opt/anaconda3/lib/python3.8/site-packages/airflow/example_dags/example_sensors.py took 1.615 seconds
[2023-12-06T11:34:38.409+0700] {processor.py:153} INFO - Started process (PID=39673) to work on /opt/anaconda3/lib/python3.8/site-packages/airflow/example_dags/example_sensors.py
[2023-12-06T11:34:38.411+0700] {processor.py:743} INFO - Processing file /opt/anaconda3/lib/python3.8/site-packages/airflow/example_dags/example_sensors.py for tasks to queue
[2023-12-06T11:34:38.412+0700] {logging_mixin.py:137} INFO - [2023-12-06T11:34:38.412+0700] {dagbag.py:538} INFO - Filling up the DagBag from /opt/anaconda3/lib/python3.8/site-packages/airflow/example_dags/example_sensors.py
[2023-12-06T11:34:38.559+0700] {processor.py:753} INFO - DAG(s) dict_keys(['example_sensors']) retrieved from /opt/anaconda3/lib/python3.8/site-packages/airflow/example_dags/example_sensors.py
[2023-12-06T11:34:43.503+0700] {logging_mixin.py:137} INFO - [2023-12-06T11:34:43.502+0700] {dag.py:2676} INFO - Sync 1 DAGs
[2023-12-06T11:34:43.546+0700] {logging_mixin.py:137} INFO - [2023-12-06T11:34:43.545+0700] {dag.py:3423} INFO - Setting next_dagrun for example_sensors to None, run_after=None
[2023-12-06T11:34:43.586+0700] {processor.py:175} INFO - Processing /opt/anaconda3/lib/python3.8/site-packages/airflow/example_dags/example_sensors.py took 5.179 seconds
[2023-12-06T11:39:38.553+0700] {processor.py:153} INFO - Started process (PID=42987) to work on /opt/anaconda3/lib/python3.8/site-packages/airflow/example_dags/example_sensors.py
[2023-12-06T11:39:38.555+0700] {processor.py:743} INFO - Processing file /opt/anaconda3/lib/python3.8/site-packages/airflow/example_dags/example_sensors.py for tasks to queue
[2023-12-06T11:39:38.556+0700] {logging_mixin.py:137} INFO - [2023-12-06T11:39:38.556+0700] {dagbag.py:538} INFO - Filling up the DagBag from /opt/anaconda3/lib/python3.8/site-packages/airflow/example_dags/example_sensors.py
[2023-12-06T11:39:38.624+0700] {processor.py:753} INFO - DAG(s) dict_keys(['example_sensors']) retrieved from /opt/anaconda3/lib/python3.8/site-packages/airflow/example_dags/example_sensors.py
[2023-12-06T11:39:40.211+0700] {logging_mixin.py:137} INFO - [2023-12-06T11:39:40.211+0700] {dag.py:2676} INFO - Sync 1 DAGs
[2023-12-06T11:39:40.230+0700] {logging_mixin.py:137} INFO - [2023-12-06T11:39:40.230+0700] {dag.py:3423} INFO - Setting next_dagrun for example_sensors to None, run_after=None
[2023-12-06T11:39:40.251+0700] {processor.py:175} INFO - Processing /opt/anaconda3/lib/python3.8/site-packages/airflow/example_dags/example_sensors.py took 1.699 seconds
[2023-12-06T11:42:50.587+0700] {processor.py:153} INFO - Started process (PID=45023) to work on /opt/anaconda3/lib/python3.8/site-packages/airflow/example_dags/example_sensors.py
[2023-12-06T11:42:50.589+0700] {processor.py:743} INFO - Processing file /opt/anaconda3/lib/python3.8/site-packages/airflow/example_dags/example_sensors.py for tasks to queue
[2023-12-06T11:42:50.590+0700] {logging_mixin.py:137} INFO - [2023-12-06T11:42:50.589+0700] {dagbag.py:538} INFO - Filling up the DagBag from /opt/anaconda3/lib/python3.8/site-packages/airflow/example_dags/example_sensors.py
[2023-12-06T11:42:50.636+0700] {processor.py:753} INFO - DAG(s) dict_keys(['example_sensors']) retrieved from /opt/anaconda3/lib/python3.8/site-packages/airflow/example_dags/example_sensors.py
[2023-12-06T11:42:52.280+0700] {logging_mixin.py:137} INFO - [2023-12-06T11:42:52.280+0700] {dag.py:2676} INFO - Sync 1 DAGs
[2023-12-06T11:42:52.307+0700] {logging_mixin.py:137} INFO - [2023-12-06T11:42:52.306+0700] {dag.py:3423} INFO - Setting next_dagrun for example_sensors to None, run_after=None
[2023-12-06T11:42:52.328+0700] {processor.py:175} INFO - Processing /opt/anaconda3/lib/python3.8/site-packages/airflow/example_dags/example_sensors.py took 1.742 seconds
[2023-12-06T11:46:17.305+0700] {processor.py:153} INFO - Started process (PID=47160) to work on /opt/anaconda3/lib/python3.8/site-packages/airflow/example_dags/example_sensors.py
[2023-12-06T11:46:17.307+0700] {processor.py:743} INFO - Processing file /opt/anaconda3/lib/python3.8/site-packages/airflow/example_dags/example_sensors.py for tasks to queue
[2023-12-06T11:46:17.307+0700] {logging_mixin.py:137} INFO - [2023-12-06T11:46:17.307+0700] {dagbag.py:538} INFO - Filling up the DagBag from /opt/anaconda3/lib/python3.8/site-packages/airflow/example_dags/example_sensors.py
[2023-12-06T11:46:17.371+0700] {processor.py:753} INFO - DAG(s) dict_keys(['example_sensors']) retrieved from /opt/anaconda3/lib/python3.8/site-packages/airflow/example_dags/example_sensors.py
[2023-12-06T11:46:23.577+0700] {logging_mixin.py:137} INFO - [2023-12-06T11:46:23.577+0700] {dag.py:2676} INFO - Sync 1 DAGs
[2023-12-06T11:46:23.658+0700] {logging_mixin.py:137} INFO - [2023-12-06T11:46:23.657+0700] {dag.py:3423} INFO - Setting next_dagrun for example_sensors to None, run_after=None
[2023-12-06T11:46:23.713+0700] {processor.py:175} INFO - Processing /opt/anaconda3/lib/python3.8/site-packages/airflow/example_dags/example_sensors.py took 6.408 seconds
[2023-12-06T11:49:39.182+0700] {processor.py:153} INFO - Started process (PID=49407) to work on /opt/anaconda3/lib/python3.8/site-packages/airflow/example_dags/example_sensors.py
[2023-12-06T11:49:39.186+0700] {processor.py:743} INFO - Processing file /opt/anaconda3/lib/python3.8/site-packages/airflow/example_dags/example_sensors.py for tasks to queue
[2023-12-06T11:49:39.187+0700] {logging_mixin.py:137} INFO - [2023-12-06T11:49:39.187+0700] {dagbag.py:538} INFO - Filling up the DagBag from /opt/anaconda3/lib/python3.8/site-packages/airflow/example_dags/example_sensors.py
[2023-12-06T11:49:39.306+0700] {processor.py:753} INFO - DAG(s) dict_keys(['example_sensors']) retrieved from /opt/anaconda3/lib/python3.8/site-packages/airflow/example_dags/example_sensors.py
[2023-12-06T11:49:45.329+0700] {logging_mixin.py:137} INFO - [2023-12-06T11:49:45.329+0700] {dag.py:2676} INFO - Sync 1 DAGs
[2023-12-06T11:49:45.412+0700] {logging_mixin.py:137} INFO - [2023-12-06T11:49:45.411+0700] {dag.py:3423} INFO - Setting next_dagrun for example_sensors to None, run_after=None
[2023-12-06T11:49:45.486+0700] {processor.py:175} INFO - Processing /opt/anaconda3/lib/python3.8/site-packages/airflow/example_dags/example_sensors.py took 6.304 seconds
[2023-12-06T11:52:37.727+0700] {processor.py:153} INFO - Started process (PID=51322) to work on /opt/anaconda3/lib/python3.8/site-packages/airflow/example_dags/example_sensors.py
[2023-12-06T11:52:37.729+0700] {processor.py:743} INFO - Processing file /opt/anaconda3/lib/python3.8/site-packages/airflow/example_dags/example_sensors.py for tasks to queue
[2023-12-06T11:52:37.730+0700] {logging_mixin.py:137} INFO - [2023-12-06T11:52:37.730+0700] {dagbag.py:538} INFO - Filling up the DagBag from /opt/anaconda3/lib/python3.8/site-packages/airflow/example_dags/example_sensors.py
[2023-12-06T11:52:37.779+0700] {processor.py:753} INFO - DAG(s) dict_keys(['example_sensors']) retrieved from /opt/anaconda3/lib/python3.8/site-packages/airflow/example_dags/example_sensors.py
[2023-12-06T11:52:39.364+0700] {logging_mixin.py:137} INFO - [2023-12-06T11:52:39.363+0700] {dag.py:2676} INFO - Sync 1 DAGs
[2023-12-06T11:52:39.382+0700] {logging_mixin.py:137} INFO - [2023-12-06T11:52:39.381+0700] {dag.py:3423} INFO - Setting next_dagrun for example_sensors to None, run_after=None
[2023-12-06T11:52:39.402+0700] {processor.py:175} INFO - Processing /opt/anaconda3/lib/python3.8/site-packages/airflow/example_dags/example_sensors.py took 1.675 seconds
[2023-12-06T11:55:05.878+0700] {processor.py:153} INFO - Started process (PID=52906) to work on /opt/anaconda3/lib/python3.8/site-packages/airflow/example_dags/example_sensors.py
[2023-12-06T11:55:05.879+0700] {processor.py:743} INFO - Processing file /opt/anaconda3/lib/python3.8/site-packages/airflow/example_dags/example_sensors.py for tasks to queue
[2023-12-06T11:55:05.880+0700] {logging_mixin.py:137} INFO - [2023-12-06T11:55:05.880+0700] {dagbag.py:538} INFO - Filling up the DagBag from /opt/anaconda3/lib/python3.8/site-packages/airflow/example_dags/example_sensors.py
[2023-12-06T11:55:05.936+0700] {processor.py:753} INFO - DAG(s) dict_keys(['example_sensors']) retrieved from /opt/anaconda3/lib/python3.8/site-packages/airflow/example_dags/example_sensors.py
[2023-12-06T11:55:07.413+0700] {logging_mixin.py:137} INFO - [2023-12-06T11:55:07.413+0700] {dag.py:2676} INFO - Sync 1 DAGs
[2023-12-06T11:55:07.431+0700] {logging_mixin.py:137} INFO - [2023-12-06T11:55:07.431+0700] {dag.py:3423} INFO - Setting next_dagrun for example_sensors to None, run_after=None
[2023-12-06T11:55:07.451+0700] {processor.py:175} INFO - Processing /opt/anaconda3/lib/python3.8/site-packages/airflow/example_dags/example_sensors.py took 1.574 seconds
[2023-12-06T11:57:30.251+0700] {processor.py:153} INFO - Started process (PID=54390) to work on /opt/anaconda3/lib/python3.8/site-packages/airflow/example_dags/example_sensors.py
[2023-12-06T11:57:30.252+0700] {processor.py:743} INFO - Processing file /opt/anaconda3/lib/python3.8/site-packages/airflow/example_dags/example_sensors.py for tasks to queue
[2023-12-06T11:57:30.253+0700] {logging_mixin.py:137} INFO - [2023-12-06T11:57:30.253+0700] {dagbag.py:538} INFO - Filling up the DagBag from /opt/anaconda3/lib/python3.8/site-packages/airflow/example_dags/example_sensors.py
[2023-12-06T11:57:30.307+0700] {processor.py:753} INFO - DAG(s) dict_keys(['example_sensors']) retrieved from /opt/anaconda3/lib/python3.8/site-packages/airflow/example_dags/example_sensors.py
[2023-12-06T11:57:32.036+0700] {logging_mixin.py:137} INFO - [2023-12-06T11:57:32.036+0700] {dag.py:2676} INFO - Sync 1 DAGs
[2023-12-06T11:57:32.057+0700] {logging_mixin.py:137} INFO - [2023-12-06T11:57:32.057+0700] {dag.py:3423} INFO - Setting next_dagrun for example_sensors to None, run_after=None
[2023-12-06T11:57:32.084+0700] {processor.py:175} INFO - Processing /opt/anaconda3/lib/python3.8/site-packages/airflow/example_dags/example_sensors.py took 1.834 seconds
[2023-12-06T11:59:55.155+0700] {processor.py:153} INFO - Started process (PID=55980) to work on /opt/anaconda3/lib/python3.8/site-packages/airflow/example_dags/example_sensors.py
[2023-12-06T11:59:55.157+0700] {processor.py:743} INFO - Processing file /opt/anaconda3/lib/python3.8/site-packages/airflow/example_dags/example_sensors.py for tasks to queue
[2023-12-06T11:59:55.158+0700] {logging_mixin.py:137} INFO - [2023-12-06T11:59:55.158+0700] {dagbag.py:538} INFO - Filling up the DagBag from /opt/anaconda3/lib/python3.8/site-packages/airflow/example_dags/example_sensors.py
[2023-12-06T11:59:55.221+0700] {processor.py:753} INFO - DAG(s) dict_keys(['example_sensors']) retrieved from /opt/anaconda3/lib/python3.8/site-packages/airflow/example_dags/example_sensors.py
[2023-12-06T11:59:56.834+0700] {logging_mixin.py:137} INFO - [2023-12-06T11:59:56.834+0700] {dag.py:2676} INFO - Sync 1 DAGs
[2023-12-06T11:59:56.858+0700] {logging_mixin.py:137} INFO - [2023-12-06T11:59:56.858+0700] {dag.py:3423} INFO - Setting next_dagrun for example_sensors to None, run_after=None
[2023-12-06T11:59:56.897+0700] {processor.py:175} INFO - Processing /opt/anaconda3/lib/python3.8/site-packages/airflow/example_dags/example_sensors.py took 1.743 seconds
[2023-12-06T12:02:25.623+0700] {processor.py:153} INFO - Started process (PID=57671) to work on /opt/anaconda3/lib/python3.8/site-packages/airflow/example_dags/example_sensors.py
[2023-12-06T12:02:25.624+0700] {processor.py:743} INFO - Processing file /opt/anaconda3/lib/python3.8/site-packages/airflow/example_dags/example_sensors.py for tasks to queue
[2023-12-06T12:02:25.625+0700] {logging_mixin.py:137} INFO - [2023-12-06T12:02:25.625+0700] {dagbag.py:538} INFO - Filling up the DagBag from /opt/anaconda3/lib/python3.8/site-packages/airflow/example_dags/example_sensors.py
[2023-12-06T12:02:25.690+0700] {processor.py:753} INFO - DAG(s) dict_keys(['example_sensors']) retrieved from /opt/anaconda3/lib/python3.8/site-packages/airflow/example_dags/example_sensors.py
[2023-12-06T12:02:27.198+0700] {logging_mixin.py:137} INFO - [2023-12-06T12:02:27.198+0700] {dag.py:2676} INFO - Sync 1 DAGs
[2023-12-06T12:02:27.215+0700] {logging_mixin.py:137} INFO - [2023-12-06T12:02:27.215+0700] {dag.py:3423} INFO - Setting next_dagrun for example_sensors to None, run_after=None
[2023-12-06T12:02:27.235+0700] {processor.py:175} INFO - Processing /opt/anaconda3/lib/python3.8/site-packages/airflow/example_dags/example_sensors.py took 1.612 seconds
[2023-12-06T15:13:29.429+0700] {processor.py:153} INFO - Started process (PID=60226) to work on /opt/anaconda3/lib/python3.8/site-packages/airflow/example_dags/example_sensors.py
[2023-12-06T15:13:29.430+0700] {processor.py:743} INFO - Processing file /opt/anaconda3/lib/python3.8/site-packages/airflow/example_dags/example_sensors.py for tasks to queue
[2023-12-06T15:13:29.431+0700] {logging_mixin.py:137} INFO - [2023-12-06T15:13:29.431+0700] {dagbag.py:538} INFO - Filling up the DagBag from /opt/anaconda3/lib/python3.8/site-packages/airflow/example_dags/example_sensors.py
[2023-12-06T15:13:29.479+0700] {processor.py:753} INFO - DAG(s) dict_keys(['example_sensors']) retrieved from /opt/anaconda3/lib/python3.8/site-packages/airflow/example_dags/example_sensors.py
[2023-12-06T15:13:31.198+0700] {logging_mixin.py:137} INFO - [2023-12-06T15:13:31.198+0700] {dag.py:2676} INFO - Sync 1 DAGs
[2023-12-06T15:13:31.219+0700] {logging_mixin.py:137} INFO - [2023-12-06T15:13:31.218+0700] {dag.py:3423} INFO - Setting next_dagrun for example_sensors to None, run_after=None
[2023-12-06T15:13:31.240+0700] {processor.py:175} INFO - Processing /opt/anaconda3/lib/python3.8/site-packages/airflow/example_dags/example_sensors.py took 1.812 seconds
[2023-12-06T15:16:17.051+0700] {processor.py:153} INFO - Started process (PID=62049) to work on /opt/anaconda3/lib/python3.8/site-packages/airflow/example_dags/example_sensors.py
[2023-12-06T15:16:17.053+0700] {processor.py:743} INFO - Processing file /opt/anaconda3/lib/python3.8/site-packages/airflow/example_dags/example_sensors.py for tasks to queue
[2023-12-06T15:16:17.053+0700] {logging_mixin.py:137} INFO - [2023-12-06T15:16:17.053+0700] {dagbag.py:538} INFO - Filling up the DagBag from /opt/anaconda3/lib/python3.8/site-packages/airflow/example_dags/example_sensors.py
[2023-12-06T15:16:17.104+0700] {processor.py:753} INFO - DAG(s) dict_keys(['example_sensors']) retrieved from /opt/anaconda3/lib/python3.8/site-packages/airflow/example_dags/example_sensors.py
[2023-12-06T15:16:18.245+0700] {logging_mixin.py:137} INFO - [2023-12-06T15:16:18.245+0700] {dag.py:2676} INFO - Sync 1 DAGs
[2023-12-06T15:16:18.261+0700] {logging_mixin.py:137} INFO - [2023-12-06T15:16:18.260+0700] {dag.py:3423} INFO - Setting next_dagrun for example_sensors to None, run_after=None
[2023-12-06T15:16:18.281+0700] {processor.py:175} INFO - Processing /opt/anaconda3/lib/python3.8/site-packages/airflow/example_dags/example_sensors.py took 1.230 seconds
[2023-12-06T15:18:35.896+0700] {processor.py:153} INFO - Started process (PID=63541) to work on /opt/anaconda3/lib/python3.8/site-packages/airflow/example_dags/example_sensors.py
[2023-12-06T15:18:35.898+0700] {processor.py:743} INFO - Processing file /opt/anaconda3/lib/python3.8/site-packages/airflow/example_dags/example_sensors.py for tasks to queue
[2023-12-06T15:18:35.899+0700] {logging_mixin.py:137} INFO - [2023-12-06T15:18:35.899+0700] {dagbag.py:538} INFO - Filling up the DagBag from /opt/anaconda3/lib/python3.8/site-packages/airflow/example_dags/example_sensors.py
[2023-12-06T15:18:35.944+0700] {processor.py:753} INFO - DAG(s) dict_keys(['example_sensors']) retrieved from /opt/anaconda3/lib/python3.8/site-packages/airflow/example_dags/example_sensors.py
[2023-12-06T15:18:36.893+0700] {logging_mixin.py:137} INFO - [2023-12-06T15:18:36.892+0700] {dag.py:2676} INFO - Sync 1 DAGs
[2023-12-06T15:18:36.909+0700] {logging_mixin.py:137} INFO - [2023-12-06T15:18:36.909+0700] {dag.py:3423} INFO - Setting next_dagrun for example_sensors to None, run_after=None
[2023-12-06T15:18:36.930+0700] {processor.py:175} INFO - Processing /opt/anaconda3/lib/python3.8/site-packages/airflow/example_dags/example_sensors.py took 1.034 seconds
[2023-12-06T15:20:57.619+0700] {processor.py:153} INFO - Started process (PID=65114) to work on /opt/anaconda3/lib/python3.8/site-packages/airflow/example_dags/example_sensors.py
[2023-12-06T15:20:57.625+0700] {processor.py:743} INFO - Processing file /opt/anaconda3/lib/python3.8/site-packages/airflow/example_dags/example_sensors.py for tasks to queue
[2023-12-06T15:20:57.626+0700] {logging_mixin.py:137} INFO - [2023-12-06T15:20:57.625+0700] {dagbag.py:538} INFO - Filling up the DagBag from /opt/anaconda3/lib/python3.8/site-packages/airflow/example_dags/example_sensors.py
[2023-12-06T15:20:57.747+0700] {processor.py:753} INFO - DAG(s) dict_keys(['example_sensors']) retrieved from /opt/anaconda3/lib/python3.8/site-packages/airflow/example_dags/example_sensors.py
[2023-12-06T15:20:59.526+0700] {logging_mixin.py:137} INFO - [2023-12-06T15:20:59.525+0700] {dag.py:2676} INFO - Sync 1 DAGs
[2023-12-06T15:20:59.543+0700] {logging_mixin.py:137} INFO - [2023-12-06T15:20:59.543+0700] {dag.py:3423} INFO - Setting next_dagrun for example_sensors to None, run_after=None
[2023-12-06T15:20:59.567+0700] {processor.py:175} INFO - Processing /opt/anaconda3/lib/python3.8/site-packages/airflow/example_dags/example_sensors.py took 1.950 seconds
[2023-12-06T15:23:21.944+0700] {processor.py:153} INFO - Started process (PID=66592) to work on /opt/anaconda3/lib/python3.8/site-packages/airflow/example_dags/example_sensors.py
[2023-12-06T15:23:21.946+0700] {processor.py:743} INFO - Processing file /opt/anaconda3/lib/python3.8/site-packages/airflow/example_dags/example_sensors.py for tasks to queue
[2023-12-06T15:23:21.947+0700] {logging_mixin.py:137} INFO - [2023-12-06T15:23:21.947+0700] {dagbag.py:538} INFO - Filling up the DagBag from /opt/anaconda3/lib/python3.8/site-packages/airflow/example_dags/example_sensors.py
[2023-12-06T15:23:21.995+0700] {processor.py:753} INFO - DAG(s) dict_keys(['example_sensors']) retrieved from /opt/anaconda3/lib/python3.8/site-packages/airflow/example_dags/example_sensors.py
[2023-12-06T15:23:23.290+0700] {logging_mixin.py:137} INFO - [2023-12-06T15:23:23.290+0700] {dag.py:2676} INFO - Sync 1 DAGs
[2023-12-06T15:23:23.307+0700] {logging_mixin.py:137} INFO - [2023-12-06T15:23:23.306+0700] {dag.py:3423} INFO - Setting next_dagrun for example_sensors to None, run_after=None
[2023-12-06T15:23:23.325+0700] {processor.py:175} INFO - Processing /opt/anaconda3/lib/python3.8/site-packages/airflow/example_dags/example_sensors.py took 1.382 seconds
[2023-12-06T15:25:50.619+0700] {processor.py:153} INFO - Started process (PID=68283) to work on /opt/anaconda3/lib/python3.8/site-packages/airflow/example_dags/example_sensors.py
[2023-12-06T15:25:50.620+0700] {processor.py:743} INFO - Processing file /opt/anaconda3/lib/python3.8/site-packages/airflow/example_dags/example_sensors.py for tasks to queue
[2023-12-06T15:25:50.621+0700] {logging_mixin.py:137} INFO - [2023-12-06T15:25:50.621+0700] {dagbag.py:538} INFO - Filling up the DagBag from /opt/anaconda3/lib/python3.8/site-packages/airflow/example_dags/example_sensors.py
[2023-12-06T15:25:50.679+0700] {processor.py:753} INFO - DAG(s) dict_keys(['example_sensors']) retrieved from /opt/anaconda3/lib/python3.8/site-packages/airflow/example_dags/example_sensors.py
[2023-12-06T15:25:52.415+0700] {logging_mixin.py:137} INFO - [2023-12-06T15:25:52.415+0700] {dag.py:2676} INFO - Sync 1 DAGs
[2023-12-06T15:25:52.433+0700] {logging_mixin.py:137} INFO - [2023-12-06T15:25:52.432+0700] {dag.py:3423} INFO - Setting next_dagrun for example_sensors to None, run_after=None
[2023-12-06T15:25:52.452+0700] {processor.py:175} INFO - Processing /opt/anaconda3/lib/python3.8/site-packages/airflow/example_dags/example_sensors.py took 1.834 seconds
[2023-12-06T15:28:12.854+0700] {processor.py:153} INFO - Started process (PID=69760) to work on /opt/anaconda3/lib/python3.8/site-packages/airflow/example_dags/example_sensors.py
[2023-12-06T15:28:12.855+0700] {processor.py:743} INFO - Processing file /opt/anaconda3/lib/python3.8/site-packages/airflow/example_dags/example_sensors.py for tasks to queue
[2023-12-06T15:28:12.855+0700] {logging_mixin.py:137} INFO - [2023-12-06T15:28:12.855+0700] {dagbag.py:538} INFO - Filling up the DagBag from /opt/anaconda3/lib/python3.8/site-packages/airflow/example_dags/example_sensors.py
[2023-12-06T15:28:12.898+0700] {processor.py:753} INFO - DAG(s) dict_keys(['example_sensors']) retrieved from /opt/anaconda3/lib/python3.8/site-packages/airflow/example_dags/example_sensors.py
[2023-12-06T15:28:13.886+0700] {logging_mixin.py:137} INFO - [2023-12-06T15:28:13.886+0700] {dag.py:2676} INFO - Sync 1 DAGs
[2023-12-06T15:28:13.903+0700] {logging_mixin.py:137} INFO - [2023-12-06T15:28:13.903+0700] {dag.py:3423} INFO - Setting next_dagrun for example_sensors to None, run_after=None
[2023-12-06T15:28:13.927+0700] {processor.py:175} INFO - Processing /opt/anaconda3/lib/python3.8/site-packages/airflow/example_dags/example_sensors.py took 1.073 seconds
[2023-12-06T15:30:31.982+0700] {processor.py:153} INFO - Started process (PID=71238) to work on /opt/anaconda3/lib/python3.8/site-packages/airflow/example_dags/example_sensors.py
[2023-12-06T15:30:31.984+0700] {processor.py:743} INFO - Processing file /opt/anaconda3/lib/python3.8/site-packages/airflow/example_dags/example_sensors.py for tasks to queue
[2023-12-06T15:30:31.984+0700] {logging_mixin.py:137} INFO - [2023-12-06T15:30:31.984+0700] {dagbag.py:538} INFO - Filling up the DagBag from /opt/anaconda3/lib/python3.8/site-packages/airflow/example_dags/example_sensors.py
[2023-12-06T15:30:32.035+0700] {processor.py:753} INFO - DAG(s) dict_keys(['example_sensors']) retrieved from /opt/anaconda3/lib/python3.8/site-packages/airflow/example_dags/example_sensors.py
[2023-12-06T15:30:33.480+0700] {logging_mixin.py:137} INFO - [2023-12-06T15:30:33.479+0700] {dag.py:2676} INFO - Sync 1 DAGs
[2023-12-06T15:30:33.497+0700] {logging_mixin.py:137} INFO - [2023-12-06T15:30:33.497+0700] {dag.py:3423} INFO - Setting next_dagrun for example_sensors to None, run_after=None
[2023-12-06T15:30:33.520+0700] {processor.py:175} INFO - Processing /opt/anaconda3/lib/python3.8/site-packages/airflow/example_dags/example_sensors.py took 1.539 seconds
[2023-12-06T15:33:08.925+0700] {processor.py:153} INFO - Started process (PID=72954) to work on /opt/anaconda3/lib/python3.8/site-packages/airflow/example_dags/example_sensors.py
[2023-12-06T15:33:08.929+0700] {processor.py:743} INFO - Processing file /opt/anaconda3/lib/python3.8/site-packages/airflow/example_dags/example_sensors.py for tasks to queue
[2023-12-06T15:33:08.930+0700] {logging_mixin.py:137} INFO - [2023-12-06T15:33:08.930+0700] {dagbag.py:538} INFO - Filling up the DagBag from /opt/anaconda3/lib/python3.8/site-packages/airflow/example_dags/example_sensors.py
[2023-12-06T15:33:09.007+0700] {processor.py:753} INFO - DAG(s) dict_keys(['example_sensors']) retrieved from /opt/anaconda3/lib/python3.8/site-packages/airflow/example_dags/example_sensors.py
[2023-12-06T15:33:10.495+0700] {logging_mixin.py:137} INFO - [2023-12-06T15:33:10.494+0700] {dag.py:2676} INFO - Sync 1 DAGs
[2023-12-06T15:33:10.533+0700] {logging_mixin.py:137} INFO - [2023-12-06T15:33:10.532+0700] {dag.py:3423} INFO - Setting next_dagrun for example_sensors to None, run_after=None
[2023-12-06T15:33:10.554+0700] {processor.py:175} INFO - Processing /opt/anaconda3/lib/python3.8/site-packages/airflow/example_dags/example_sensors.py took 1.629 seconds
[2023-12-06T15:35:31.404+0700] {processor.py:153} INFO - Started process (PID=74449) to work on /opt/anaconda3/lib/python3.8/site-packages/airflow/example_dags/example_sensors.py
[2023-12-06T15:35:31.408+0700] {processor.py:743} INFO - Processing file /opt/anaconda3/lib/python3.8/site-packages/airflow/example_dags/example_sensors.py for tasks to queue
[2023-12-06T15:35:31.409+0700] {logging_mixin.py:137} INFO - [2023-12-06T15:35:31.409+0700] {dagbag.py:538} INFO - Filling up the DagBag from /opt/anaconda3/lib/python3.8/site-packages/airflow/example_dags/example_sensors.py
[2023-12-06T15:35:31.639+0700] {processor.py:753} INFO - DAG(s) dict_keys(['example_sensors']) retrieved from /opt/anaconda3/lib/python3.8/site-packages/airflow/example_dags/example_sensors.py
[2023-12-06T15:35:34.639+0700] {logging_mixin.py:137} INFO - [2023-12-06T15:35:34.639+0700] {dag.py:2676} INFO - Sync 1 DAGs
[2023-12-06T15:35:34.655+0700] {logging_mixin.py:137} INFO - [2023-12-06T15:35:34.655+0700] {dag.py:3423} INFO - Setting next_dagrun for example_sensors to None, run_after=None
[2023-12-06T15:35:34.675+0700] {processor.py:175} INFO - Processing /opt/anaconda3/lib/python3.8/site-packages/airflow/example_dags/example_sensors.py took 3.275 seconds
[2023-12-06T15:37:48.685+0700] {processor.py:153} INFO - Started process (PID=76032) to work on /opt/anaconda3/lib/python3.8/site-packages/airflow/example_dags/example_sensors.py
[2023-12-06T15:37:48.687+0700] {processor.py:743} INFO - Processing file /opt/anaconda3/lib/python3.8/site-packages/airflow/example_dags/example_sensors.py for tasks to queue
[2023-12-06T15:37:48.688+0700] {logging_mixin.py:137} INFO - [2023-12-06T15:37:48.687+0700] {dagbag.py:538} INFO - Filling up the DagBag from /opt/anaconda3/lib/python3.8/site-packages/airflow/example_dags/example_sensors.py
[2023-12-06T15:37:48.731+0700] {processor.py:753} INFO - DAG(s) dict_keys(['example_sensors']) retrieved from /opt/anaconda3/lib/python3.8/site-packages/airflow/example_dags/example_sensors.py
[2023-12-06T15:37:49.932+0700] {logging_mixin.py:137} INFO - [2023-12-06T15:37:49.931+0700] {dag.py:2676} INFO - Sync 1 DAGs
[2023-12-06T15:37:49.958+0700] {logging_mixin.py:137} INFO - [2023-12-06T15:37:49.958+0700] {dag.py:3423} INFO - Setting next_dagrun for example_sensors to None, run_after=None
[2023-12-06T15:37:49.991+0700] {processor.py:175} INFO - Processing /opt/anaconda3/lib/python3.8/site-packages/airflow/example_dags/example_sensors.py took 1.306 seconds
[2023-12-06T15:40:10.577+0700] {processor.py:153} INFO - Started process (PID=77508) to work on /opt/anaconda3/lib/python3.8/site-packages/airflow/example_dags/example_sensors.py
[2023-12-06T15:40:10.579+0700] {processor.py:743} INFO - Processing file /opt/anaconda3/lib/python3.8/site-packages/airflow/example_dags/example_sensors.py for tasks to queue
[2023-12-06T15:40:10.580+0700] {logging_mixin.py:137} INFO - [2023-12-06T15:40:10.579+0700] {dagbag.py:538} INFO - Filling up the DagBag from /opt/anaconda3/lib/python3.8/site-packages/airflow/example_dags/example_sensors.py
[2023-12-06T15:40:10.634+0700] {processor.py:753} INFO - DAG(s) dict_keys(['example_sensors']) retrieved from /opt/anaconda3/lib/python3.8/site-packages/airflow/example_dags/example_sensors.py
[2023-12-06T15:40:11.929+0700] {logging_mixin.py:137} INFO - [2023-12-06T15:40:11.928+0700] {dag.py:2676} INFO - Sync 1 DAGs
[2023-12-06T15:40:11.949+0700] {logging_mixin.py:137} INFO - [2023-12-06T15:40:11.949+0700] {dag.py:3423} INFO - Setting next_dagrun for example_sensors to None, run_after=None
[2023-12-06T15:40:11.975+0700] {processor.py:175} INFO - Processing /opt/anaconda3/lib/python3.8/site-packages/airflow/example_dags/example_sensors.py took 1.399 seconds
