[2023-12-06T10:17:49.594+0700] {processor.py:153} INFO - Started process (PID=91717) to work on /opt/anaconda3/lib/python3.8/site-packages/airflow/example_dags/example_latest_only_with_trigger.py
[2023-12-06T10:17:49.595+0700] {processor.py:743} INFO - Processing file /opt/anaconda3/lib/python3.8/site-packages/airflow/example_dags/example_latest_only_with_trigger.py for tasks to queue
[2023-12-06T10:17:49.595+0700] {logging_mixin.py:137} INFO - [2023-12-06T10:17:49.595+0700] {dagbag.py:538} INFO - Filling up the DagBag from /opt/anaconda3/lib/python3.8/site-packages/airflow/example_dags/example_latest_only_with_trigger.py
[2023-12-06T10:17:49.631+0700] {processor.py:753} INFO - DAG(s) dict_keys(['latest_only_with_trigger']) retrieved from /opt/anaconda3/lib/python3.8/site-packages/airflow/example_dags/example_latest_only_with_trigger.py
[2023-12-06T10:17:50.815+0700] {logging_mixin.py:137} INFO - [2023-12-06T10:17:50.814+0700] {dag.py:2676} INFO - Sync 1 DAGs
[2023-12-06T10:17:50.854+0700] {logging_mixin.py:137} INFO - [2023-12-06T10:17:50.853+0700] {dag.py:3423} INFO - Setting next_dagrun for latest_only_with_trigger to 2023-12-05T23:17:50.853442+00:00, run_after=2023-12-06T03:17:50.853442+00:00
[2023-12-06T10:17:50.899+0700] {processor.py:175} INFO - Processing /opt/anaconda3/lib/python3.8/site-packages/airflow/example_dags/example_latest_only_with_trigger.py took 1.306 seconds
[2023-12-06T10:21:33.918+0700] {processor.py:153} INFO - Started process (PID=94144) to work on /opt/anaconda3/lib/python3.8/site-packages/airflow/example_dags/example_latest_only_with_trigger.py
[2023-12-06T10:21:33.920+0700] {processor.py:743} INFO - Processing file /opt/anaconda3/lib/python3.8/site-packages/airflow/example_dags/example_latest_only_with_trigger.py for tasks to queue
[2023-12-06T10:21:33.920+0700] {logging_mixin.py:137} INFO - [2023-12-06T10:21:33.920+0700] {dagbag.py:538} INFO - Filling up the DagBag from /opt/anaconda3/lib/python3.8/site-packages/airflow/example_dags/example_latest_only_with_trigger.py
[2023-12-06T10:21:33.951+0700] {processor.py:753} INFO - DAG(s) dict_keys(['latest_only_with_trigger']) retrieved from /opt/anaconda3/lib/python3.8/site-packages/airflow/example_dags/example_latest_only_with_trigger.py
[2023-12-06T10:21:34.814+0700] {logging_mixin.py:137} INFO - [2023-12-06T10:21:34.813+0700] {dag.py:2676} INFO - Sync 1 DAGs
[2023-12-06T10:21:34.833+0700] {logging_mixin.py:137} INFO - [2023-12-06T10:21:34.833+0700] {dag.py:3423} INFO - Setting next_dagrun for latest_only_with_trigger to 2023-12-05T23:21:34.833063+00:00, run_after=2023-12-06T03:21:34.833063+00:00
[2023-12-06T10:21:34.853+0700] {processor.py:175} INFO - Processing /opt/anaconda3/lib/python3.8/site-packages/airflow/example_dags/example_latest_only_with_trigger.py took 0.936 seconds
[2023-12-06T10:28:23.316+0700] {processor.py:153} INFO - Started process (PID=98788) to work on /opt/anaconda3/lib/python3.8/site-packages/airflow/example_dags/example_latest_only_with_trigger.py
[2023-12-06T10:28:23.318+0700] {processor.py:743} INFO - Processing file /opt/anaconda3/lib/python3.8/site-packages/airflow/example_dags/example_latest_only_with_trigger.py for tasks to queue
[2023-12-06T10:28:23.319+0700] {logging_mixin.py:137} INFO - [2023-12-06T10:28:23.319+0700] {dagbag.py:538} INFO - Filling up the DagBag from /opt/anaconda3/lib/python3.8/site-packages/airflow/example_dags/example_latest_only_with_trigger.py
[2023-12-06T10:28:23.351+0700] {processor.py:753} INFO - DAG(s) dict_keys(['latest_only_with_trigger']) retrieved from /opt/anaconda3/lib/python3.8/site-packages/airflow/example_dags/example_latest_only_with_trigger.py
[2023-12-06T10:28:24.178+0700] {logging_mixin.py:137} INFO - [2023-12-06T10:28:24.177+0700] {dag.py:2676} INFO - Sync 1 DAGs
[2023-12-06T10:28:24.196+0700] {logging_mixin.py:137} INFO - [2023-12-06T10:28:24.195+0700] {dag.py:3423} INFO - Setting next_dagrun for latest_only_with_trigger to 2023-12-05T23:28:24.195588+00:00, run_after=2023-12-06T03:28:24.195588+00:00
[2023-12-06T10:28:24.216+0700] {processor.py:175} INFO - Processing /opt/anaconda3/lib/python3.8/site-packages/airflow/example_dags/example_latest_only_with_trigger.py took 0.900 seconds
[2023-12-06T10:44:27.927+0700] {processor.py:153} INFO - Started process (PID=7256) to work on /opt/anaconda3/lib/python3.8/site-packages/airflow/example_dags/example_latest_only_with_trigger.py
[2023-12-06T10:44:27.929+0700] {processor.py:743} INFO - Processing file /opt/anaconda3/lib/python3.8/site-packages/airflow/example_dags/example_latest_only_with_trigger.py for tasks to queue
[2023-12-06T10:44:27.930+0700] {logging_mixin.py:137} INFO - [2023-12-06T10:44:27.930+0700] {dagbag.py:538} INFO - Filling up the DagBag from /opt/anaconda3/lib/python3.8/site-packages/airflow/example_dags/example_latest_only_with_trigger.py
[2023-12-06T10:44:27.967+0700] {processor.py:753} INFO - DAG(s) dict_keys(['latest_only_with_trigger']) retrieved from /opt/anaconda3/lib/python3.8/site-packages/airflow/example_dags/example_latest_only_with_trigger.py
[2023-12-06T10:44:28.946+0700] {logging_mixin.py:137} INFO - [2023-12-06T10:44:28.946+0700] {dag.py:2676} INFO - Sync 1 DAGs
[2023-12-06T10:44:28.973+0700] {logging_mixin.py:137} INFO - [2023-12-06T10:44:28.973+0700] {dag.py:3423} INFO - Setting next_dagrun for latest_only_with_trigger to 2023-12-05T23:44:28.973234+00:00, run_after=2023-12-06T03:44:28.973234+00:00
[2023-12-06T10:44:28.996+0700] {processor.py:175} INFO - Processing /opt/anaconda3/lib/python3.8/site-packages/airflow/example_dags/example_latest_only_with_trigger.py took 1.070 seconds
[2023-12-06T10:47:52.093+0700] {processor.py:153} INFO - Started process (PID=9440) to work on /opt/anaconda3/lib/python3.8/site-packages/airflow/example_dags/example_latest_only_with_trigger.py
[2023-12-06T10:47:52.095+0700] {processor.py:743} INFO - Processing file /opt/anaconda3/lib/python3.8/site-packages/airflow/example_dags/example_latest_only_with_trigger.py for tasks to queue
[2023-12-06T10:47:52.097+0700] {logging_mixin.py:137} INFO - [2023-12-06T10:47:52.096+0700] {dagbag.py:538} INFO - Filling up the DagBag from /opt/anaconda3/lib/python3.8/site-packages/airflow/example_dags/example_latest_only_with_trigger.py
[2023-12-06T10:47:52.143+0700] {processor.py:753} INFO - DAG(s) dict_keys(['latest_only_with_trigger']) retrieved from /opt/anaconda3/lib/python3.8/site-packages/airflow/example_dags/example_latest_only_with_trigger.py
[2023-12-06T10:47:53.141+0700] {logging_mixin.py:137} INFO - [2023-12-06T10:47:53.140+0700] {dag.py:2676} INFO - Sync 1 DAGs
[2023-12-06T10:47:53.163+0700] {logging_mixin.py:137} INFO - [2023-12-06T10:47:53.163+0700] {dag.py:3423} INFO - Setting next_dagrun for latest_only_with_trigger to 2023-12-05T23:47:53.163294+00:00, run_after=2023-12-06T03:47:53.163294+00:00
[2023-12-06T10:47:53.184+0700] {processor.py:175} INFO - Processing /opt/anaconda3/lib/python3.8/site-packages/airflow/example_dags/example_latest_only_with_trigger.py took 1.092 seconds
[2023-12-06T10:52:34.497+0700] {processor.py:153} INFO - Started process (PID=12549) to work on /opt/anaconda3/lib/python3.8/site-packages/airflow/example_dags/example_latest_only_with_trigger.py
[2023-12-06T10:52:34.498+0700] {processor.py:743} INFO - Processing file /opt/anaconda3/lib/python3.8/site-packages/airflow/example_dags/example_latest_only_with_trigger.py for tasks to queue
[2023-12-06T10:52:34.499+0700] {logging_mixin.py:137} INFO - [2023-12-06T10:52:34.499+0700] {dagbag.py:538} INFO - Filling up the DagBag from /opt/anaconda3/lib/python3.8/site-packages/airflow/example_dags/example_latest_only_with_trigger.py
[2023-12-06T10:52:34.541+0700] {processor.py:753} INFO - DAG(s) dict_keys(['latest_only_with_trigger']) retrieved from /opt/anaconda3/lib/python3.8/site-packages/airflow/example_dags/example_latest_only_with_trigger.py
[2023-12-06T10:52:35.586+0700] {logging_mixin.py:137} INFO - [2023-12-06T10:52:35.585+0700] {dag.py:2676} INFO - Sync 1 DAGs
[2023-12-06T10:52:35.607+0700] {logging_mixin.py:137} INFO - [2023-12-06T10:52:35.607+0700] {dag.py:3423} INFO - Setting next_dagrun for latest_only_with_trigger to 2023-12-05T23:52:35.607260+00:00, run_after=2023-12-06T03:52:35.607260+00:00
[2023-12-06T10:52:35.631+0700] {processor.py:175} INFO - Processing /opt/anaconda3/lib/python3.8/site-packages/airflow/example_dags/example_latest_only_with_trigger.py took 1.135 seconds
[2023-12-06T10:55:16.450+0700] {processor.py:153} INFO - Started process (PID=14379) to work on /opt/anaconda3/lib/python3.8/site-packages/airflow/example_dags/example_latest_only_with_trigger.py
[2023-12-06T10:55:16.451+0700] {processor.py:743} INFO - Processing file /opt/anaconda3/lib/python3.8/site-packages/airflow/example_dags/example_latest_only_with_trigger.py for tasks to queue
[2023-12-06T10:55:16.452+0700] {logging_mixin.py:137} INFO - [2023-12-06T10:55:16.452+0700] {dagbag.py:538} INFO - Filling up the DagBag from /opt/anaconda3/lib/python3.8/site-packages/airflow/example_dags/example_latest_only_with_trigger.py
[2023-12-06T10:55:16.516+0700] {processor.py:753} INFO - DAG(s) dict_keys(['latest_only_with_trigger']) retrieved from /opt/anaconda3/lib/python3.8/site-packages/airflow/example_dags/example_latest_only_with_trigger.py
[2023-12-06T10:55:18.504+0700] {logging_mixin.py:137} INFO - [2023-12-06T10:55:18.504+0700] {dag.py:2676} INFO - Sync 1 DAGs
[2023-12-06T10:55:18.532+0700] {logging_mixin.py:137} INFO - [2023-12-06T10:55:18.532+0700] {dag.py:3423} INFO - Setting next_dagrun for latest_only_with_trigger to 2023-12-05T23:55:18.532314+00:00, run_after=2023-12-06T03:55:18.532314+00:00
[2023-12-06T10:55:18.556+0700] {processor.py:175} INFO - Processing /opt/anaconda3/lib/python3.8/site-packages/airflow/example_dags/example_latest_only_with_trigger.py took 2.107 seconds
[2023-12-06T10:58:32.784+0700] {processor.py:153} INFO - Started process (PID=16408) to work on /opt/anaconda3/lib/python3.8/site-packages/airflow/example_dags/example_latest_only_with_trigger.py
[2023-12-06T10:58:32.786+0700] {processor.py:743} INFO - Processing file /opt/anaconda3/lib/python3.8/site-packages/airflow/example_dags/example_latest_only_with_trigger.py for tasks to queue
[2023-12-06T10:58:32.786+0700] {logging_mixin.py:137} INFO - [2023-12-06T10:58:32.786+0700] {dagbag.py:538} INFO - Filling up the DagBag from /opt/anaconda3/lib/python3.8/site-packages/airflow/example_dags/example_latest_only_with_trigger.py
[2023-12-06T10:58:32.830+0700] {processor.py:753} INFO - DAG(s) dict_keys(['latest_only_with_trigger']) retrieved from /opt/anaconda3/lib/python3.8/site-packages/airflow/example_dags/example_latest_only_with_trigger.py
[2023-12-06T10:58:34.131+0700] {logging_mixin.py:137} INFO - [2023-12-06T10:58:34.131+0700] {dag.py:2676} INFO - Sync 1 DAGs
[2023-12-06T10:58:34.183+0700] {logging_mixin.py:137} INFO - [2023-12-06T10:58:34.183+0700] {dag.py:3423} INFO - Setting next_dagrun for latest_only_with_trigger to 2023-12-05T23:58:34.182982+00:00, run_after=2023-12-06T03:58:34.182982+00:00
[2023-12-06T10:58:34.234+0700] {processor.py:175} INFO - Processing /opt/anaconda3/lib/python3.8/site-packages/airflow/example_dags/example_latest_only_with_trigger.py took 1.451 seconds
[2023-12-06T11:04:28.513+0700] {processor.py:153} INFO - Started process (PID=20293) to work on /opt/anaconda3/lib/python3.8/site-packages/airflow/example_dags/example_latest_only_with_trigger.py
[2023-12-06T11:04:28.515+0700] {processor.py:743} INFO - Processing file /opt/anaconda3/lib/python3.8/site-packages/airflow/example_dags/example_latest_only_with_trigger.py for tasks to queue
[2023-12-06T11:04:28.516+0700] {logging_mixin.py:137} INFO - [2023-12-06T11:04:28.515+0700] {dagbag.py:538} INFO - Filling up the DagBag from /opt/anaconda3/lib/python3.8/site-packages/airflow/example_dags/example_latest_only_with_trigger.py
[2023-12-06T11:04:28.563+0700] {processor.py:753} INFO - DAG(s) dict_keys(['latest_only_with_trigger']) retrieved from /opt/anaconda3/lib/python3.8/site-packages/airflow/example_dags/example_latest_only_with_trigger.py
[2023-12-06T11:04:29.553+0700] {logging_mixin.py:137} INFO - [2023-12-06T11:04:29.553+0700] {dag.py:2676} INFO - Sync 1 DAGs
[2023-12-06T11:04:29.579+0700] {logging_mixin.py:137} INFO - [2023-12-06T11:04:29.579+0700] {dag.py:3423} INFO - Setting next_dagrun for latest_only_with_trigger to 2023-12-06T00:04:29.579419+00:00, run_after=2023-12-06T04:04:29.579419+00:00
[2023-12-06T11:04:29.612+0700] {processor.py:175} INFO - Processing /opt/anaconda3/lib/python3.8/site-packages/airflow/example_dags/example_latest_only_with_trigger.py took 1.100 seconds
[2023-12-06T11:07:43.963+0700] {processor.py:153} INFO - Started process (PID=22333) to work on /opt/anaconda3/lib/python3.8/site-packages/airflow/example_dags/example_latest_only_with_trigger.py
[2023-12-06T11:07:43.965+0700] {processor.py:743} INFO - Processing file /opt/anaconda3/lib/python3.8/site-packages/airflow/example_dags/example_latest_only_with_trigger.py for tasks to queue
[2023-12-06T11:07:43.966+0700] {logging_mixin.py:137} INFO - [2023-12-06T11:07:43.966+0700] {dagbag.py:538} INFO - Filling up the DagBag from /opt/anaconda3/lib/python3.8/site-packages/airflow/example_dags/example_latest_only_with_trigger.py
[2023-12-06T11:07:44.004+0700] {processor.py:753} INFO - DAG(s) dict_keys(['latest_only_with_trigger']) retrieved from /opt/anaconda3/lib/python3.8/site-packages/airflow/example_dags/example_latest_only_with_trigger.py
[2023-12-06T11:07:45.082+0700] {logging_mixin.py:137} INFO - [2023-12-06T11:07:45.082+0700] {dag.py:2676} INFO - Sync 1 DAGs
[2023-12-06T11:07:45.105+0700] {logging_mixin.py:137} INFO - [2023-12-06T11:07:45.105+0700] {dag.py:3423} INFO - Setting next_dagrun for latest_only_with_trigger to 2023-12-06T00:07:45.105238+00:00, run_after=2023-12-06T04:07:45.105238+00:00
[2023-12-06T11:07:45.137+0700] {processor.py:175} INFO - Processing /opt/anaconda3/lib/python3.8/site-packages/airflow/example_dags/example_latest_only_with_trigger.py took 1.174 seconds
[2023-12-06T11:11:13.216+0700] {processor.py:153} INFO - Started process (PID=24744) to work on /opt/anaconda3/lib/python3.8/site-packages/airflow/example_dags/example_latest_only_with_trigger.py
[2023-12-06T11:11:13.218+0700] {processor.py:743} INFO - Processing file /opt/anaconda3/lib/python3.8/site-packages/airflow/example_dags/example_latest_only_with_trigger.py for tasks to queue
[2023-12-06T11:11:13.219+0700] {logging_mixin.py:137} INFO - [2023-12-06T11:11:13.219+0700] {dagbag.py:538} INFO - Filling up the DagBag from /opt/anaconda3/lib/python3.8/site-packages/airflow/example_dags/example_latest_only_with_trigger.py
[2023-12-06T11:11:13.257+0700] {processor.py:753} INFO - DAG(s) dict_keys(['latest_only_with_trigger']) retrieved from /opt/anaconda3/lib/python3.8/site-packages/airflow/example_dags/example_latest_only_with_trigger.py
[2023-12-06T11:11:14.214+0700] {logging_mixin.py:137} INFO - [2023-12-06T11:11:14.214+0700] {dag.py:2676} INFO - Sync 1 DAGs
[2023-12-06T11:11:14.239+0700] {logging_mixin.py:137} INFO - [2023-12-06T11:11:14.239+0700] {dag.py:3423} INFO - Setting next_dagrun for latest_only_with_trigger to 2023-12-06T00:11:14.239158+00:00, run_after=2023-12-06T04:11:14.239158+00:00
[2023-12-06T11:11:14.260+0700] {processor.py:175} INFO - Processing /opt/anaconda3/lib/python3.8/site-packages/airflow/example_dags/example_latest_only_with_trigger.py took 1.044 seconds
[2023-12-06T11:15:59.466+0700] {processor.py:153} INFO - Started process (PID=27804) to work on /opt/anaconda3/lib/python3.8/site-packages/airflow/example_dags/example_latest_only_with_trigger.py
[2023-12-06T11:15:59.468+0700] {processor.py:743} INFO - Processing file /opt/anaconda3/lib/python3.8/site-packages/airflow/example_dags/example_latest_only_with_trigger.py for tasks to queue
[2023-12-06T11:15:59.469+0700] {logging_mixin.py:137} INFO - [2023-12-06T11:15:59.469+0700] {dagbag.py:538} INFO - Filling up the DagBag from /opt/anaconda3/lib/python3.8/site-packages/airflow/example_dags/example_latest_only_with_trigger.py
[2023-12-06T11:15:59.501+0700] {processor.py:753} INFO - DAG(s) dict_keys(['latest_only_with_trigger']) retrieved from /opt/anaconda3/lib/python3.8/site-packages/airflow/example_dags/example_latest_only_with_trigger.py
[2023-12-06T11:16:00.396+0700] {logging_mixin.py:137} INFO - [2023-12-06T11:16:00.396+0700] {dag.py:2676} INFO - Sync 1 DAGs
[2023-12-06T11:16:00.417+0700] {logging_mixin.py:137} INFO - [2023-12-06T11:16:00.417+0700] {dag.py:3423} INFO - Setting next_dagrun for latest_only_with_trigger to 2023-12-06T00:16:00.417413+00:00, run_after=2023-12-06T04:16:00.417413+00:00
[2023-12-06T11:16:00.440+0700] {processor.py:175} INFO - Processing /opt/anaconda3/lib/python3.8/site-packages/airflow/example_dags/example_latest_only_with_trigger.py took 0.975 seconds
[2023-12-06T11:19:09.914+0700] {processor.py:153} INFO - Started process (PID=29847) to work on /opt/anaconda3/lib/python3.8/site-packages/airflow/example_dags/example_latest_only_with_trigger.py
[2023-12-06T11:19:09.915+0700] {processor.py:743} INFO - Processing file /opt/anaconda3/lib/python3.8/site-packages/airflow/example_dags/example_latest_only_with_trigger.py for tasks to queue
[2023-12-06T11:19:09.916+0700] {logging_mixin.py:137} INFO - [2023-12-06T11:19:09.916+0700] {dagbag.py:538} INFO - Filling up the DagBag from /opt/anaconda3/lib/python3.8/site-packages/airflow/example_dags/example_latest_only_with_trigger.py
[2023-12-06T11:19:09.955+0700] {processor.py:753} INFO - DAG(s) dict_keys(['latest_only_with_trigger']) retrieved from /opt/anaconda3/lib/python3.8/site-packages/airflow/example_dags/example_latest_only_with_trigger.py
[2023-12-06T11:19:10.874+0700] {logging_mixin.py:137} INFO - [2023-12-06T11:19:10.874+0700] {dag.py:2676} INFO - Sync 1 DAGs
[2023-12-06T11:19:10.898+0700] {logging_mixin.py:137} INFO - [2023-12-06T11:19:10.898+0700] {dag.py:3423} INFO - Setting next_dagrun for latest_only_with_trigger to 2023-12-06T00:19:10.898395+00:00, run_after=2023-12-06T04:19:10.898395+00:00
[2023-12-06T11:19:10.920+0700] {processor.py:175} INFO - Processing /opt/anaconda3/lib/python3.8/site-packages/airflow/example_dags/example_latest_only_with_trigger.py took 1.007 seconds
[2023-12-06T11:22:04.057+0700] {processor.py:153} INFO - Started process (PID=31651) to work on /opt/anaconda3/lib/python3.8/site-packages/airflow/example_dags/example_latest_only_with_trigger.py
[2023-12-06T11:22:04.059+0700] {processor.py:743} INFO - Processing file /opt/anaconda3/lib/python3.8/site-packages/airflow/example_dags/example_latest_only_with_trigger.py for tasks to queue
[2023-12-06T11:22:04.060+0700] {logging_mixin.py:137} INFO - [2023-12-06T11:22:04.060+0700] {dagbag.py:538} INFO - Filling up the DagBag from /opt/anaconda3/lib/python3.8/site-packages/airflow/example_dags/example_latest_only_with_trigger.py
[2023-12-06T11:22:04.100+0700] {processor.py:753} INFO - DAG(s) dict_keys(['latest_only_with_trigger']) retrieved from /opt/anaconda3/lib/python3.8/site-packages/airflow/example_dags/example_latest_only_with_trigger.py
[2023-12-06T11:22:05.158+0700] {logging_mixin.py:137} INFO - [2023-12-06T11:22:05.158+0700] {dag.py:2676} INFO - Sync 1 DAGs
[2023-12-06T11:22:05.177+0700] {logging_mixin.py:137} INFO - [2023-12-06T11:22:05.177+0700] {dag.py:3423} INFO - Setting next_dagrun for latest_only_with_trigger to 2023-12-06T00:22:05.176879+00:00, run_after=2023-12-06T04:22:05.176879+00:00
[2023-12-06T11:22:05.198+0700] {processor.py:175} INFO - Processing /opt/anaconda3/lib/python3.8/site-packages/airflow/example_dags/example_latest_only_with_trigger.py took 1.142 seconds
[2023-12-06T11:25:10.879+0700] {processor.py:153} INFO - Started process (PID=33690) to work on /opt/anaconda3/lib/python3.8/site-packages/airflow/example_dags/example_latest_only_with_trigger.py
[2023-12-06T11:25:10.881+0700] {processor.py:743} INFO - Processing file /opt/anaconda3/lib/python3.8/site-packages/airflow/example_dags/example_latest_only_with_trigger.py for tasks to queue
[2023-12-06T11:25:10.882+0700] {logging_mixin.py:137} INFO - [2023-12-06T11:25:10.882+0700] {dagbag.py:538} INFO - Filling up the DagBag from /opt/anaconda3/lib/python3.8/site-packages/airflow/example_dags/example_latest_only_with_trigger.py
[2023-12-06T11:25:10.950+0700] {processor.py:753} INFO - DAG(s) dict_keys(['latest_only_with_trigger']) retrieved from /opt/anaconda3/lib/python3.8/site-packages/airflow/example_dags/example_latest_only_with_trigger.py
[2023-12-06T11:25:12.230+0700] {logging_mixin.py:137} INFO - [2023-12-06T11:25:12.230+0700] {dag.py:2676} INFO - Sync 1 DAGs
[2023-12-06T11:25:12.263+0700] {logging_mixin.py:137} INFO - [2023-12-06T11:25:12.263+0700] {dag.py:3423} INFO - Setting next_dagrun for latest_only_with_trigger to 2023-12-06T00:25:12.263560+00:00, run_after=2023-12-06T04:25:12.263560+00:00
[2023-12-06T11:25:12.295+0700] {processor.py:175} INFO - Processing /opt/anaconda3/lib/python3.8/site-packages/airflow/example_dags/example_latest_only_with_trigger.py took 1.417 seconds
[2023-12-06T11:28:02.511+0700] {processor.py:153} INFO - Started process (PID=35496) to work on /opt/anaconda3/lib/python3.8/site-packages/airflow/example_dags/example_latest_only_with_trigger.py
[2023-12-06T11:28:02.512+0700] {processor.py:743} INFO - Processing file /opt/anaconda3/lib/python3.8/site-packages/airflow/example_dags/example_latest_only_with_trigger.py for tasks to queue
[2023-12-06T11:28:02.513+0700] {logging_mixin.py:137} INFO - [2023-12-06T11:28:02.513+0700] {dagbag.py:538} INFO - Filling up the DagBag from /opt/anaconda3/lib/python3.8/site-packages/airflow/example_dags/example_latest_only_with_trigger.py
[2023-12-06T11:28:02.561+0700] {processor.py:753} INFO - DAG(s) dict_keys(['latest_only_with_trigger']) retrieved from /opt/anaconda3/lib/python3.8/site-packages/airflow/example_dags/example_latest_only_with_trigger.py
[2023-12-06T11:28:03.514+0700] {logging_mixin.py:137} INFO - [2023-12-06T11:28:03.513+0700] {dag.py:2676} INFO - Sync 1 DAGs
[2023-12-06T11:28:03.548+0700] {logging_mixin.py:137} INFO - [2023-12-06T11:28:03.548+0700] {dag.py:3423} INFO - Setting next_dagrun for latest_only_with_trigger to 2023-12-06T00:28:03.547894+00:00, run_after=2023-12-06T04:28:03.547894+00:00
[2023-12-06T11:28:03.584+0700] {processor.py:175} INFO - Processing /opt/anaconda3/lib/python3.8/site-packages/airflow/example_dags/example_latest_only_with_trigger.py took 1.074 seconds
[2023-12-06T11:31:03.871+0700] {processor.py:153} INFO - Started process (PID=37434) to work on /opt/anaconda3/lib/python3.8/site-packages/airflow/example_dags/example_latest_only_with_trigger.py
[2023-12-06T11:31:03.873+0700] {processor.py:743} INFO - Processing file /opt/anaconda3/lib/python3.8/site-packages/airflow/example_dags/example_latest_only_with_trigger.py for tasks to queue
[2023-12-06T11:31:03.874+0700] {logging_mixin.py:137} INFO - [2023-12-06T11:31:03.873+0700] {dagbag.py:538} INFO - Filling up the DagBag from /opt/anaconda3/lib/python3.8/site-packages/airflow/example_dags/example_latest_only_with_trigger.py
[2023-12-06T11:31:03.944+0700] {processor.py:753} INFO - DAG(s) dict_keys(['latest_only_with_trigger']) retrieved from /opt/anaconda3/lib/python3.8/site-packages/airflow/example_dags/example_latest_only_with_trigger.py
[2023-12-06T11:31:06.588+0700] {logging_mixin.py:137} INFO - [2023-12-06T11:31:06.587+0700] {dag.py:2676} INFO - Sync 1 DAGs
[2023-12-06T11:31:06.625+0700] {logging_mixin.py:137} INFO - [2023-12-06T11:31:06.625+0700] {dag.py:3423} INFO - Setting next_dagrun for latest_only_with_trigger to 2023-12-06T00:31:06.625535+00:00, run_after=2023-12-06T04:31:06.625535+00:00
[2023-12-06T11:31:06.667+0700] {processor.py:175} INFO - Processing /opt/anaconda3/lib/python3.8/site-packages/airflow/example_dags/example_latest_only_with_trigger.py took 2.797 seconds
[2023-12-06T11:35:29.722+0700] {processor.py:153} INFO - Started process (PID=40270) to work on /opt/anaconda3/lib/python3.8/site-packages/airflow/example_dags/example_latest_only_with_trigger.py
[2023-12-06T11:35:29.724+0700] {processor.py:743} INFO - Processing file /opt/anaconda3/lib/python3.8/site-packages/airflow/example_dags/example_latest_only_with_trigger.py for tasks to queue
[2023-12-06T11:35:29.725+0700] {logging_mixin.py:137} INFO - [2023-12-06T11:35:29.724+0700] {dagbag.py:538} INFO - Filling up the DagBag from /opt/anaconda3/lib/python3.8/site-packages/airflow/example_dags/example_latest_only_with_trigger.py
[2023-12-06T11:35:29.787+0700] {processor.py:753} INFO - DAG(s) dict_keys(['latest_only_with_trigger']) retrieved from /opt/anaconda3/lib/python3.8/site-packages/airflow/example_dags/example_latest_only_with_trigger.py
[2023-12-06T11:35:30.897+0700] {logging_mixin.py:137} INFO - [2023-12-06T11:35:30.897+0700] {dag.py:2676} INFO - Sync 1 DAGs
[2023-12-06T11:35:30.919+0700] {logging_mixin.py:137} INFO - [2023-12-06T11:35:30.918+0700] {dag.py:3423} INFO - Setting next_dagrun for latest_only_with_trigger to 2023-12-06T00:35:30.918497+00:00, run_after=2023-12-06T04:35:30.918497+00:00
[2023-12-06T11:35:30.944+0700] {processor.py:175} INFO - Processing /opt/anaconda3/lib/python3.8/site-packages/airflow/example_dags/example_latest_only_with_trigger.py took 1.224 seconds
[2023-12-06T11:40:11.865+0700] {processor.py:153} INFO - Started process (PID=43324) to work on /opt/anaconda3/lib/python3.8/site-packages/airflow/example_dags/example_latest_only_with_trigger.py
[2023-12-06T11:40:11.867+0700] {processor.py:743} INFO - Processing file /opt/anaconda3/lib/python3.8/site-packages/airflow/example_dags/example_latest_only_with_trigger.py for tasks to queue
[2023-12-06T11:40:11.867+0700] {logging_mixin.py:137} INFO - [2023-12-06T11:40:11.867+0700] {dagbag.py:538} INFO - Filling up the DagBag from /opt/anaconda3/lib/python3.8/site-packages/airflow/example_dags/example_latest_only_with_trigger.py
[2023-12-06T11:40:11.928+0700] {processor.py:753} INFO - DAG(s) dict_keys(['latest_only_with_trigger']) retrieved from /opt/anaconda3/lib/python3.8/site-packages/airflow/example_dags/example_latest_only_with_trigger.py
[2023-12-06T11:40:13.313+0700] {logging_mixin.py:137} INFO - [2023-12-06T11:40:13.313+0700] {dag.py:2676} INFO - Sync 1 DAGs
[2023-12-06T11:40:13.362+0700] {logging_mixin.py:137} INFO - [2023-12-06T11:40:13.362+0700] {dag.py:3423} INFO - Setting next_dagrun for latest_only_with_trigger to 2023-12-06T00:40:13.361952+00:00, run_after=2023-12-06T04:40:13.361952+00:00
[2023-12-06T11:40:13.403+0700] {processor.py:175} INFO - Processing /opt/anaconda3/lib/python3.8/site-packages/airflow/example_dags/example_latest_only_with_trigger.py took 1.539 seconds
[2023-12-06T11:43:24.234+0700] {processor.py:153} INFO - Started process (PID=45362) to work on /opt/anaconda3/lib/python3.8/site-packages/airflow/example_dags/example_latest_only_with_trigger.py
[2023-12-06T11:43:24.235+0700] {processor.py:743} INFO - Processing file /opt/anaconda3/lib/python3.8/site-packages/airflow/example_dags/example_latest_only_with_trigger.py for tasks to queue
[2023-12-06T11:43:24.236+0700] {logging_mixin.py:137} INFO - [2023-12-06T11:43:24.236+0700] {dagbag.py:538} INFO - Filling up the DagBag from /opt/anaconda3/lib/python3.8/site-packages/airflow/example_dags/example_latest_only_with_trigger.py
[2023-12-06T11:43:24.286+0700] {processor.py:753} INFO - DAG(s) dict_keys(['latest_only_with_trigger']) retrieved from /opt/anaconda3/lib/python3.8/site-packages/airflow/example_dags/example_latest_only_with_trigger.py
[2023-12-06T11:43:25.790+0700] {logging_mixin.py:137} INFO - [2023-12-06T11:43:25.790+0700] {dag.py:2676} INFO - Sync 1 DAGs
[2023-12-06T11:43:25.813+0700] {logging_mixin.py:137} INFO - [2023-12-06T11:43:25.813+0700] {dag.py:3423} INFO - Setting next_dagrun for latest_only_with_trigger to 2023-12-06T00:43:25.812853+00:00, run_after=2023-12-06T04:43:25.812853+00:00
[2023-12-06T11:43:25.836+0700] {processor.py:175} INFO - Processing /opt/anaconda3/lib/python3.8/site-packages/airflow/example_dags/example_latest_only_with_trigger.py took 1.604 seconds
[2023-12-06T11:46:58.056+0700] {processor.py:153} INFO - Started process (PID=47681) to work on /opt/anaconda3/lib/python3.8/site-packages/airflow/example_dags/example_latest_only_with_trigger.py
[2023-12-06T11:46:58.058+0700] {processor.py:743} INFO - Processing file /opt/anaconda3/lib/python3.8/site-packages/airflow/example_dags/example_latest_only_with_trigger.py for tasks to queue
[2023-12-06T11:46:58.059+0700] {logging_mixin.py:137} INFO - [2023-12-06T11:46:58.059+0700] {dagbag.py:538} INFO - Filling up the DagBag from /opt/anaconda3/lib/python3.8/site-packages/airflow/example_dags/example_latest_only_with_trigger.py
[2023-12-06T11:46:58.104+0700] {processor.py:753} INFO - DAG(s) dict_keys(['latest_only_with_trigger']) retrieved from /opt/anaconda3/lib/python3.8/site-packages/airflow/example_dags/example_latest_only_with_trigger.py
[2023-12-06T11:46:59.236+0700] {logging_mixin.py:137} INFO - [2023-12-06T11:46:59.235+0700] {dag.py:2676} INFO - Sync 1 DAGs
[2023-12-06T11:46:59.258+0700] {logging_mixin.py:137} INFO - [2023-12-06T11:46:59.258+0700] {dag.py:3423} INFO - Setting next_dagrun for latest_only_with_trigger to 2023-12-06T00:46:59.258040+00:00, run_after=2023-12-06T04:46:59.258040+00:00
[2023-12-06T11:46:59.281+0700] {processor.py:175} INFO - Processing /opt/anaconda3/lib/python3.8/site-packages/airflow/example_dags/example_latest_only_with_trigger.py took 1.225 seconds
[2023-12-06T11:50:28.765+0700] {processor.py:153} INFO - Started process (PID=49967) to work on /opt/anaconda3/lib/python3.8/site-packages/airflow/example_dags/example_latest_only_with_trigger.py
[2023-12-06T11:50:28.769+0700] {processor.py:743} INFO - Processing file /opt/anaconda3/lib/python3.8/site-packages/airflow/example_dags/example_latest_only_with_trigger.py for tasks to queue
[2023-12-06T11:50:28.770+0700] {logging_mixin.py:137} INFO - [2023-12-06T11:50:28.770+0700] {dagbag.py:538} INFO - Filling up the DagBag from /opt/anaconda3/lib/python3.8/site-packages/airflow/example_dags/example_latest_only_with_trigger.py
[2023-12-06T11:50:28.815+0700] {processor.py:753} INFO - DAG(s) dict_keys(['latest_only_with_trigger']) retrieved from /opt/anaconda3/lib/python3.8/site-packages/airflow/example_dags/example_latest_only_with_trigger.py
[2023-12-06T11:50:30.040+0700] {logging_mixin.py:137} INFO - [2023-12-06T11:50:30.040+0700] {dag.py:2676} INFO - Sync 1 DAGs
[2023-12-06T11:50:30.062+0700] {logging_mixin.py:137} INFO - [2023-12-06T11:50:30.062+0700] {dag.py:3423} INFO - Setting next_dagrun for latest_only_with_trigger to 2023-12-06T00:50:30.062338+00:00, run_after=2023-12-06T04:50:30.062338+00:00
[2023-12-06T11:50:30.093+0700] {processor.py:175} INFO - Processing /opt/anaconda3/lib/python3.8/site-packages/airflow/example_dags/example_latest_only_with_trigger.py took 1.330 seconds
[2023-12-06T11:53:04.838+0700] {processor.py:153} INFO - Started process (PID=51554) to work on /opt/anaconda3/lib/python3.8/site-packages/airflow/example_dags/example_latest_only_with_trigger.py
[2023-12-06T11:53:04.839+0700] {processor.py:743} INFO - Processing file /opt/anaconda3/lib/python3.8/site-packages/airflow/example_dags/example_latest_only_with_trigger.py for tasks to queue
[2023-12-06T11:53:04.840+0700] {logging_mixin.py:137} INFO - [2023-12-06T11:53:04.840+0700] {dagbag.py:538} INFO - Filling up the DagBag from /opt/anaconda3/lib/python3.8/site-packages/airflow/example_dags/example_latest_only_with_trigger.py
[2023-12-06T11:53:04.946+0700] {processor.py:753} INFO - DAG(s) dict_keys(['latest_only_with_trigger']) retrieved from /opt/anaconda3/lib/python3.8/site-packages/airflow/example_dags/example_latest_only_with_trigger.py
[2023-12-06T11:53:06.240+0700] {logging_mixin.py:137} INFO - [2023-12-06T11:53:06.240+0700] {dag.py:2676} INFO - Sync 1 DAGs
[2023-12-06T11:53:06.265+0700] {logging_mixin.py:137} INFO - [2023-12-06T11:53:06.265+0700] {dag.py:3423} INFO - Setting next_dagrun for latest_only_with_trigger to 2023-12-06T00:53:06.264903+00:00, run_after=2023-12-06T04:53:06.264903+00:00
[2023-12-06T11:53:06.286+0700] {processor.py:175} INFO - Processing /opt/anaconda3/lib/python3.8/site-packages/airflow/example_dags/example_latest_only_with_trigger.py took 1.449 seconds
[2023-12-06T11:55:31.799+0700] {processor.py:153} INFO - Started process (PID=53139) to work on /opt/anaconda3/lib/python3.8/site-packages/airflow/example_dags/example_latest_only_with_trigger.py
[2023-12-06T11:55:31.801+0700] {processor.py:743} INFO - Processing file /opt/anaconda3/lib/python3.8/site-packages/airflow/example_dags/example_latest_only_with_trigger.py for tasks to queue
[2023-12-06T11:55:31.802+0700] {logging_mixin.py:137} INFO - [2023-12-06T11:55:31.801+0700] {dagbag.py:538} INFO - Filling up the DagBag from /opt/anaconda3/lib/python3.8/site-packages/airflow/example_dags/example_latest_only_with_trigger.py
[2023-12-06T11:55:31.838+0700] {processor.py:753} INFO - DAG(s) dict_keys(['latest_only_with_trigger']) retrieved from /opt/anaconda3/lib/python3.8/site-packages/airflow/example_dags/example_latest_only_with_trigger.py
[2023-12-06T11:55:32.771+0700] {logging_mixin.py:137} INFO - [2023-12-06T11:55:32.771+0700] {dag.py:2676} INFO - Sync 1 DAGs
[2023-12-06T11:55:32.791+0700] {logging_mixin.py:137} INFO - [2023-12-06T11:55:32.791+0700] {dag.py:3423} INFO - Setting next_dagrun for latest_only_with_trigger to 2023-12-06T00:55:32.791518+00:00, run_after=2023-12-06T04:55:32.791518+00:00
[2023-12-06T11:55:32.818+0700] {processor.py:175} INFO - Processing /opt/anaconda3/lib/python3.8/site-packages/airflow/example_dags/example_latest_only_with_trigger.py took 1.019 seconds
[2023-12-06T12:00:27.973+0700] {processor.py:153} INFO - Started process (PID=56321) to work on /opt/anaconda3/lib/python3.8/site-packages/airflow/example_dags/example_latest_only_with_trigger.py
[2023-12-06T12:00:27.975+0700] {processor.py:743} INFO - Processing file /opt/anaconda3/lib/python3.8/site-packages/airflow/example_dags/example_latest_only_with_trigger.py for tasks to queue
[2023-12-06T12:00:27.976+0700] {logging_mixin.py:137} INFO - [2023-12-06T12:00:27.976+0700] {dagbag.py:538} INFO - Filling up the DagBag from /opt/anaconda3/lib/python3.8/site-packages/airflow/example_dags/example_latest_only_with_trigger.py
[2023-12-06T12:00:28.010+0700] {processor.py:753} INFO - DAG(s) dict_keys(['latest_only_with_trigger']) retrieved from /opt/anaconda3/lib/python3.8/site-packages/airflow/example_dags/example_latest_only_with_trigger.py
[2023-12-06T12:00:28.811+0700] {logging_mixin.py:137} INFO - [2023-12-06T12:00:28.810+0700] {dag.py:2676} INFO - Sync 1 DAGs
[2023-12-06T12:00:28.830+0700] {logging_mixin.py:137} INFO - [2023-12-06T12:00:28.829+0700] {dag.py:3423} INFO - Setting next_dagrun for latest_only_with_trigger to 2023-12-06T01:00:28.829744+00:00, run_after=2023-12-06T05:00:28.829744+00:00
[2023-12-06T12:00:28.854+0700] {processor.py:175} INFO - Processing /opt/anaconda3/lib/python3.8/site-packages/airflow/example_dags/example_latest_only_with_trigger.py took 0.882 seconds
[2023-12-06T15:14:14.599+0700] {processor.py:153} INFO - Started process (PID=60797) to work on /opt/anaconda3/lib/python3.8/site-packages/airflow/example_dags/example_latest_only_with_trigger.py
[2023-12-06T15:14:14.600+0700] {processor.py:743} INFO - Processing file /opt/anaconda3/lib/python3.8/site-packages/airflow/example_dags/example_latest_only_with_trigger.py for tasks to queue
[2023-12-06T15:14:14.601+0700] {logging_mixin.py:137} INFO - [2023-12-06T15:14:14.601+0700] {dagbag.py:538} INFO - Filling up the DagBag from /opt/anaconda3/lib/python3.8/site-packages/airflow/example_dags/example_latest_only_with_trigger.py
[2023-12-06T15:14:14.637+0700] {processor.py:753} INFO - DAG(s) dict_keys(['latest_only_with_trigger']) retrieved from /opt/anaconda3/lib/python3.8/site-packages/airflow/example_dags/example_latest_only_with_trigger.py
[2023-12-06T15:14:15.475+0700] {logging_mixin.py:137} INFO - [2023-12-06T15:14:15.474+0700] {dag.py:2676} INFO - Sync 1 DAGs
[2023-12-06T15:14:15.492+0700] {logging_mixin.py:137} INFO - [2023-12-06T15:14:15.492+0700] {dag.py:3423} INFO - Setting next_dagrun for latest_only_with_trigger to 2023-12-06T04:14:15.492327+00:00, run_after=2023-12-06T08:14:15.492327+00:00
[2023-12-06T15:14:15.515+0700] {processor.py:175} INFO - Processing /opt/anaconda3/lib/python3.8/site-packages/airflow/example_dags/example_latest_only_with_trigger.py took 0.918 seconds
[2023-12-06T15:19:01.374+0700] {processor.py:153} INFO - Started process (PID=63861) to work on /opt/anaconda3/lib/python3.8/site-packages/airflow/example_dags/example_latest_only_with_trigger.py
[2023-12-06T15:19:01.375+0700] {processor.py:743} INFO - Processing file /opt/anaconda3/lib/python3.8/site-packages/airflow/example_dags/example_latest_only_with_trigger.py for tasks to queue
[2023-12-06T15:19:01.376+0700] {logging_mixin.py:137} INFO - [2023-12-06T15:19:01.376+0700] {dagbag.py:538} INFO - Filling up the DagBag from /opt/anaconda3/lib/python3.8/site-packages/airflow/example_dags/example_latest_only_with_trigger.py
[2023-12-06T15:19:01.407+0700] {processor.py:753} INFO - DAG(s) dict_keys(['latest_only_with_trigger']) retrieved from /opt/anaconda3/lib/python3.8/site-packages/airflow/example_dags/example_latest_only_with_trigger.py
[2023-12-06T15:19:02.348+0700] {logging_mixin.py:137} INFO - [2023-12-06T15:19:02.347+0700] {dag.py:2676} INFO - Sync 1 DAGs
[2023-12-06T15:19:02.371+0700] {logging_mixin.py:137} INFO - [2023-12-06T15:19:02.371+0700] {dag.py:3423} INFO - Setting next_dagrun for latest_only_with_trigger to 2023-12-06T04:19:02.371012+00:00, run_after=2023-12-06T08:19:02.371012+00:00
[2023-12-06T15:19:02.396+0700] {processor.py:175} INFO - Processing /opt/anaconda3/lib/python3.8/site-packages/airflow/example_dags/example_latest_only_with_trigger.py took 1.022 seconds
[2023-12-06T15:23:47.021+0700] {processor.py:153} INFO - Started process (PID=66927) to work on /opt/anaconda3/lib/python3.8/site-packages/airflow/example_dags/example_latest_only_with_trigger.py
[2023-12-06T15:23:47.023+0700] {processor.py:743} INFO - Processing file /opt/anaconda3/lib/python3.8/site-packages/airflow/example_dags/example_latest_only_with_trigger.py for tasks to queue
[2023-12-06T15:23:47.024+0700] {logging_mixin.py:137} INFO - [2023-12-06T15:23:47.024+0700] {dagbag.py:538} INFO - Filling up the DagBag from /opt/anaconda3/lib/python3.8/site-packages/airflow/example_dags/example_latest_only_with_trigger.py
[2023-12-06T15:23:47.066+0700] {processor.py:753} INFO - DAG(s) dict_keys(['latest_only_with_trigger']) retrieved from /opt/anaconda3/lib/python3.8/site-packages/airflow/example_dags/example_latest_only_with_trigger.py
[2023-12-06T15:23:48.008+0700] {logging_mixin.py:137} INFO - [2023-12-06T15:23:48.007+0700] {dag.py:2676} INFO - Sync 1 DAGs
[2023-12-06T15:23:48.033+0700] {logging_mixin.py:137} INFO - [2023-12-06T15:23:48.033+0700] {dag.py:3423} INFO - Setting next_dagrun for latest_only_with_trigger to 2023-12-06T04:23:48.032975+00:00, run_after=2023-12-06T08:23:48.032975+00:00
[2023-12-06T15:23:48.060+0700] {processor.py:175} INFO - Processing /opt/anaconda3/lib/python3.8/site-packages/airflow/example_dags/example_latest_only_with_trigger.py took 1.040 seconds
[2023-12-06T15:28:38.475+0700] {processor.py:153} INFO - Started process (PID=70097) to work on /opt/anaconda3/lib/python3.8/site-packages/airflow/example_dags/example_latest_only_with_trigger.py
[2023-12-06T15:28:38.476+0700] {processor.py:743} INFO - Processing file /opt/anaconda3/lib/python3.8/site-packages/airflow/example_dags/example_latest_only_with_trigger.py for tasks to queue
[2023-12-06T15:28:38.477+0700] {logging_mixin.py:137} INFO - [2023-12-06T15:28:38.477+0700] {dagbag.py:538} INFO - Filling up the DagBag from /opt/anaconda3/lib/python3.8/site-packages/airflow/example_dags/example_latest_only_with_trigger.py
[2023-12-06T15:28:38.508+0700] {processor.py:753} INFO - DAG(s) dict_keys(['latest_only_with_trigger']) retrieved from /opt/anaconda3/lib/python3.8/site-packages/airflow/example_dags/example_latest_only_with_trigger.py
[2023-12-06T15:28:39.393+0700] {logging_mixin.py:137} INFO - [2023-12-06T15:28:39.393+0700] {dag.py:2676} INFO - Sync 1 DAGs
[2023-12-06T15:28:39.414+0700] {logging_mixin.py:137} INFO - [2023-12-06T15:28:39.414+0700] {dag.py:3423} INFO - Setting next_dagrun for latest_only_with_trigger to 2023-12-06T04:28:39.413961+00:00, run_after=2023-12-06T08:28:39.413961+00:00
[2023-12-06T15:28:39.435+0700] {processor.py:175} INFO - Processing /opt/anaconda3/lib/python3.8/site-packages/airflow/example_dags/example_latest_only_with_trigger.py took 0.961 seconds
[2023-12-06T15:33:35.592+0700] {processor.py:153} INFO - Started process (PID=73296) to work on /opt/anaconda3/lib/python3.8/site-packages/airflow/example_dags/example_latest_only_with_trigger.py
[2023-12-06T15:33:35.594+0700] {processor.py:743} INFO - Processing file /opt/anaconda3/lib/python3.8/site-packages/airflow/example_dags/example_latest_only_with_trigger.py for tasks to queue
[2023-12-06T15:33:35.595+0700] {logging_mixin.py:137} INFO - [2023-12-06T15:33:35.595+0700] {dagbag.py:538} INFO - Filling up the DagBag from /opt/anaconda3/lib/python3.8/site-packages/airflow/example_dags/example_latest_only_with_trigger.py
[2023-12-06T15:33:35.630+0700] {processor.py:753} INFO - DAG(s) dict_keys(['latest_only_with_trigger']) retrieved from /opt/anaconda3/lib/python3.8/site-packages/airflow/example_dags/example_latest_only_with_trigger.py
[2023-12-06T15:33:36.404+0700] {logging_mixin.py:137} INFO - [2023-12-06T15:33:36.404+0700] {dag.py:2676} INFO - Sync 1 DAGs
[2023-12-06T15:33:36.421+0700] {logging_mixin.py:137} INFO - [2023-12-06T15:33:36.421+0700] {dag.py:3423} INFO - Setting next_dagrun for latest_only_with_trigger to 2023-12-06T04:33:36.421044+00:00, run_after=2023-12-06T08:33:36.421044+00:00
[2023-12-06T15:33:36.441+0700] {processor.py:175} INFO - Processing /opt/anaconda3/lib/python3.8/site-packages/airflow/example_dags/example_latest_only_with_trigger.py took 0.849 seconds
[2023-12-06T15:38:11.073+0700] {processor.py:153} INFO - Started process (PID=76259) to work on /opt/anaconda3/lib/python3.8/site-packages/airflow/example_dags/example_latest_only_with_trigger.py
[2023-12-06T15:38:11.074+0700] {processor.py:743} INFO - Processing file /opt/anaconda3/lib/python3.8/site-packages/airflow/example_dags/example_latest_only_with_trigger.py for tasks to queue
[2023-12-06T15:38:11.075+0700] {logging_mixin.py:137} INFO - [2023-12-06T15:38:11.075+0700] {dagbag.py:538} INFO - Filling up the DagBag from /opt/anaconda3/lib/python3.8/site-packages/airflow/example_dags/example_latest_only_with_trigger.py
[2023-12-06T15:38:11.106+0700] {processor.py:753} INFO - DAG(s) dict_keys(['latest_only_with_trigger']) retrieved from /opt/anaconda3/lib/python3.8/site-packages/airflow/example_dags/example_latest_only_with_trigger.py
[2023-12-06T15:38:12.233+0700] {logging_mixin.py:137} INFO - [2023-12-06T15:38:12.233+0700] {dag.py:2676} INFO - Sync 1 DAGs
[2023-12-06T15:38:12.261+0700] {logging_mixin.py:137} INFO - [2023-12-06T15:38:12.261+0700] {dag.py:3423} INFO - Setting next_dagrun for latest_only_with_trigger to 2023-12-06T04:38:12.261394+00:00, run_after=2023-12-06T08:38:12.261394+00:00
[2023-12-06T15:38:12.291+0700] {processor.py:175} INFO - Processing /opt/anaconda3/lib/python3.8/site-packages/airflow/example_dags/example_latest_only_with_trigger.py took 1.219 seconds
