[2023-12-06T10:18:46.053+0700] {processor.py:153} INFO - Started process (PID=92347) to work on /opt/anaconda3/lib/python3.8/site-packages/airflow/example_dags/example_branch_datetime_operator.py
[2023-12-06T10:18:46.054+0700] {processor.py:743} INFO - Processing file /opt/anaconda3/lib/python3.8/site-packages/airflow/example_dags/example_branch_datetime_operator.py for tasks to queue
[2023-12-06T10:18:46.055+0700] {logging_mixin.py:137} INFO - [2023-12-06T10:18:46.055+0700] {dagbag.py:538} INFO - Filling up the DagBag from /opt/anaconda3/lib/python3.8/site-packages/airflow/example_dags/example_branch_datetime_operator.py
[2023-12-06T10:18:46.095+0700] {processor.py:753} INFO - DAG(s) dict_keys(['example_branch_datetime_operator_3', 'example_branch_datetime_operator_2', 'example_branch_datetime_operator']) retrieved from /opt/anaconda3/lib/python3.8/site-packages/airflow/example_dags/example_branch_datetime_operator.py
[2023-12-06T10:18:47.136+0700] {logging_mixin.py:137} INFO - [2023-12-06T10:18:47.135+0700] {dag.py:2676} INFO - Sync 3 DAGs
[2023-12-06T10:18:47.157+0700] {logging_mixin.py:137} INFO - [2023-12-06T10:18:47.157+0700] {dag.py:3423} INFO - Setting next_dagrun for example_branch_datetime_operator to 2023-12-05T00:00:00+00:00, run_after=2023-12-06T00:00:00+00:00
[2023-12-06T10:18:47.162+0700] {logging_mixin.py:137} INFO - [2023-12-06T10:18:47.162+0700] {dag.py:3423} INFO - Setting next_dagrun for example_branch_datetime_operator_2 to 2023-12-05T00:00:00+00:00, run_after=2023-12-06T00:00:00+00:00
[2023-12-06T10:18:47.165+0700] {logging_mixin.py:137} INFO - [2023-12-06T10:18:47.165+0700] {dag.py:3423} INFO - Setting next_dagrun for example_branch_datetime_operator_3 to 2023-12-05T00:00:00+00:00, run_after=2023-12-06T00:00:00+00:00
[2023-12-06T10:18:47.192+0700] {processor.py:175} INFO - Processing /opt/anaconda3/lib/python3.8/site-packages/airflow/example_dags/example_branch_datetime_operator.py took 1.140 seconds
[2023-12-06T10:29:14.751+0700] {processor.py:153} INFO - Started process (PID=99364) to work on /opt/anaconda3/lib/python3.8/site-packages/airflow/example_dags/example_branch_datetime_operator.py
[2023-12-06T10:29:14.753+0700] {processor.py:743} INFO - Processing file /opt/anaconda3/lib/python3.8/site-packages/airflow/example_dags/example_branch_datetime_operator.py for tasks to queue
[2023-12-06T10:29:14.754+0700] {logging_mixin.py:137} INFO - [2023-12-06T10:29:14.754+0700] {dagbag.py:538} INFO - Filling up the DagBag from /opt/anaconda3/lib/python3.8/site-packages/airflow/example_dags/example_branch_datetime_operator.py
[2023-12-06T10:29:14.790+0700] {processor.py:753} INFO - DAG(s) dict_keys(['example_branch_datetime_operator_3', 'example_branch_datetime_operator', 'example_branch_datetime_operator_2']) retrieved from /opt/anaconda3/lib/python3.8/site-packages/airflow/example_dags/example_branch_datetime_operator.py
[2023-12-06T10:29:16.040+0700] {logging_mixin.py:137} INFO - [2023-12-06T10:29:16.040+0700] {dag.py:2676} INFO - Sync 3 DAGs
[2023-12-06T10:29:16.104+0700] {logging_mixin.py:137} INFO - [2023-12-06T10:29:16.104+0700] {dag.py:3423} INFO - Setting next_dagrun for example_branch_datetime_operator to 2023-12-05T00:00:00+00:00, run_after=2023-12-06T00:00:00+00:00
[2023-12-06T10:29:16.111+0700] {logging_mixin.py:137} INFO - [2023-12-06T10:29:16.111+0700] {dag.py:3423} INFO - Setting next_dagrun for example_branch_datetime_operator_2 to 2023-12-05T00:00:00+00:00, run_after=2023-12-06T00:00:00+00:00
[2023-12-06T10:29:16.114+0700] {logging_mixin.py:137} INFO - [2023-12-06T10:29:16.114+0700] {dag.py:3423} INFO - Setting next_dagrun for example_branch_datetime_operator_3 to 2023-12-05T00:00:00+00:00, run_after=2023-12-06T00:00:00+00:00
[2023-12-06T10:29:16.136+0700] {processor.py:175} INFO - Processing /opt/anaconda3/lib/python3.8/site-packages/airflow/example_dags/example_branch_datetime_operator.py took 1.386 seconds
[2023-12-06T10:45:44.378+0700] {processor.py:153} INFO - Started process (PID=8078) to work on /opt/anaconda3/lib/python3.8/site-packages/airflow/example_dags/example_branch_datetime_operator.py
[2023-12-06T10:45:44.379+0700] {processor.py:743} INFO - Processing file /opt/anaconda3/lib/python3.8/site-packages/airflow/example_dags/example_branch_datetime_operator.py for tasks to queue
[2023-12-06T10:45:44.380+0700] {logging_mixin.py:137} INFO - [2023-12-06T10:45:44.379+0700] {dagbag.py:538} INFO - Filling up the DagBag from /opt/anaconda3/lib/python3.8/site-packages/airflow/example_dags/example_branch_datetime_operator.py
[2023-12-06T10:45:44.426+0700] {processor.py:753} INFO - DAG(s) dict_keys(['example_branch_datetime_operator', 'example_branch_datetime_operator_3', 'example_branch_datetime_operator_2']) retrieved from /opt/anaconda3/lib/python3.8/site-packages/airflow/example_dags/example_branch_datetime_operator.py
[2023-12-06T10:45:45.522+0700] {logging_mixin.py:137} INFO - [2023-12-06T10:45:45.522+0700] {dag.py:2676} INFO - Sync 3 DAGs
[2023-12-06T10:45:45.544+0700] {logging_mixin.py:137} INFO - [2023-12-06T10:45:45.544+0700] {dag.py:3423} INFO - Setting next_dagrun for example_branch_datetime_operator to 2023-12-05T00:00:00+00:00, run_after=2023-12-06T00:00:00+00:00
[2023-12-06T10:45:45.549+0700] {logging_mixin.py:137} INFO - [2023-12-06T10:45:45.549+0700] {dag.py:3423} INFO - Setting next_dagrun for example_branch_datetime_operator_2 to 2023-12-05T00:00:00+00:00, run_after=2023-12-06T00:00:00+00:00
[2023-12-06T10:45:45.554+0700] {logging_mixin.py:137} INFO - [2023-12-06T10:45:45.554+0700] {dag.py:3423} INFO - Setting next_dagrun for example_branch_datetime_operator_3 to 2023-12-05T00:00:00+00:00, run_after=2023-12-06T00:00:00+00:00
[2023-12-06T10:45:45.575+0700] {processor.py:175} INFO - Processing /opt/anaconda3/lib/python3.8/site-packages/airflow/example_dags/example_branch_datetime_operator.py took 1.199 seconds
[2023-12-06T10:53:01.312+0700] {processor.py:153} INFO - Started process (PID=12886) to work on /opt/anaconda3/lib/python3.8/site-packages/airflow/example_dags/example_branch_datetime_operator.py
[2023-12-06T10:53:01.315+0700] {processor.py:743} INFO - Processing file /opt/anaconda3/lib/python3.8/site-packages/airflow/example_dags/example_branch_datetime_operator.py for tasks to queue
[2023-12-06T10:53:01.316+0700] {logging_mixin.py:137} INFO - [2023-12-06T10:53:01.316+0700] {dagbag.py:538} INFO - Filling up the DagBag from /opt/anaconda3/lib/python3.8/site-packages/airflow/example_dags/example_branch_datetime_operator.py
[2023-12-06T10:53:01.360+0700] {processor.py:753} INFO - DAG(s) dict_keys(['example_branch_datetime_operator_3', 'example_branch_datetime_operator_2', 'example_branch_datetime_operator']) retrieved from /opt/anaconda3/lib/python3.8/site-packages/airflow/example_dags/example_branch_datetime_operator.py
[2023-12-06T10:53:02.321+0700] {logging_mixin.py:137} INFO - [2023-12-06T10:53:02.321+0700] {dag.py:2676} INFO - Sync 3 DAGs
[2023-12-06T10:53:02.346+0700] {logging_mixin.py:137} INFO - [2023-12-06T10:53:02.346+0700] {dag.py:3423} INFO - Setting next_dagrun for example_branch_datetime_operator to 2023-12-05T00:00:00+00:00, run_after=2023-12-06T00:00:00+00:00
[2023-12-06T10:53:02.351+0700] {logging_mixin.py:137} INFO - [2023-12-06T10:53:02.350+0700] {dag.py:3423} INFO - Setting next_dagrun for example_branch_datetime_operator_2 to 2023-12-05T00:00:00+00:00, run_after=2023-12-06T00:00:00+00:00
[2023-12-06T10:53:02.355+0700] {logging_mixin.py:137} INFO - [2023-12-06T10:53:02.355+0700] {dag.py:3423} INFO - Setting next_dagrun for example_branch_datetime_operator_3 to 2023-12-05T00:00:00+00:00, run_after=2023-12-06T00:00:00+00:00
[2023-12-06T10:53:02.378+0700] {processor.py:175} INFO - Processing /opt/anaconda3/lib/python3.8/site-packages/airflow/example_dags/example_branch_datetime_operator.py took 1.067 seconds
[2023-12-06T10:59:14.924+0700] {processor.py:153} INFO - Started process (PID=16858) to work on /opt/anaconda3/lib/python3.8/site-packages/airflow/example_dags/example_branch_datetime_operator.py
[2023-12-06T10:59:14.925+0700] {processor.py:743} INFO - Processing file /opt/anaconda3/lib/python3.8/site-packages/airflow/example_dags/example_branch_datetime_operator.py for tasks to queue
[2023-12-06T10:59:14.929+0700] {logging_mixin.py:137} INFO - [2023-12-06T10:59:14.929+0700] {dagbag.py:538} INFO - Filling up the DagBag from /opt/anaconda3/lib/python3.8/site-packages/airflow/example_dags/example_branch_datetime_operator.py
[2023-12-06T10:59:14.990+0700] {processor.py:753} INFO - DAG(s) dict_keys(['example_branch_datetime_operator', 'example_branch_datetime_operator_3', 'example_branch_datetime_operator_2']) retrieved from /opt/anaconda3/lib/python3.8/site-packages/airflow/example_dags/example_branch_datetime_operator.py
[2023-12-06T10:59:16.788+0700] {logging_mixin.py:137} INFO - [2023-12-06T10:59:16.788+0700] {dag.py:2676} INFO - Sync 3 DAGs
[2023-12-06T10:59:16.836+0700] {logging_mixin.py:137} INFO - [2023-12-06T10:59:16.835+0700] {dag.py:3423} INFO - Setting next_dagrun for example_branch_datetime_operator to 2023-12-05T00:00:00+00:00, run_after=2023-12-06T00:00:00+00:00
[2023-12-06T10:59:16.847+0700] {logging_mixin.py:137} INFO - [2023-12-06T10:59:16.846+0700] {dag.py:3423} INFO - Setting next_dagrun for example_branch_datetime_operator_2 to 2023-12-05T00:00:00+00:00, run_after=2023-12-06T00:00:00+00:00
[2023-12-06T10:59:16.852+0700] {logging_mixin.py:137} INFO - [2023-12-06T10:59:16.852+0700] {dag.py:3423} INFO - Setting next_dagrun for example_branch_datetime_operator_3 to 2023-12-05T00:00:00+00:00, run_after=2023-12-06T00:00:00+00:00
[2023-12-06T10:59:16.897+0700] {processor.py:175} INFO - Processing /opt/anaconda3/lib/python3.8/site-packages/airflow/example_dags/example_branch_datetime_operator.py took 1.974 seconds
[2023-12-06T11:08:31.699+0700] {processor.py:153} INFO - Started process (PID=22805) to work on /opt/anaconda3/lib/python3.8/site-packages/airflow/example_dags/example_branch_datetime_operator.py
[2023-12-06T11:08:31.702+0700] {processor.py:743} INFO - Processing file /opt/anaconda3/lib/python3.8/site-packages/airflow/example_dags/example_branch_datetime_operator.py for tasks to queue
[2023-12-06T11:08:31.703+0700] {logging_mixin.py:137} INFO - [2023-12-06T11:08:31.703+0700] {dagbag.py:538} INFO - Filling up the DagBag from /opt/anaconda3/lib/python3.8/site-packages/airflow/example_dags/example_branch_datetime_operator.py
[2023-12-06T11:08:31.883+0700] {processor.py:753} INFO - DAG(s) dict_keys(['example_branch_datetime_operator', 'example_branch_datetime_operator_2', 'example_branch_datetime_operator_3']) retrieved from /opt/anaconda3/lib/python3.8/site-packages/airflow/example_dags/example_branch_datetime_operator.py
[2023-12-06T11:08:35.120+0700] {logging_mixin.py:137} INFO - [2023-12-06T11:08:35.119+0700] {dag.py:2676} INFO - Sync 3 DAGs
[2023-12-06T11:08:35.200+0700] {logging_mixin.py:137} INFO - [2023-12-06T11:08:35.187+0700] {dag.py:3423} INFO - Setting next_dagrun for example_branch_datetime_operator to 2023-12-05T00:00:00+00:00, run_after=2023-12-06T00:00:00+00:00
[2023-12-06T11:08:35.228+0700] {logging_mixin.py:137} INFO - [2023-12-06T11:08:35.227+0700] {dag.py:3423} INFO - Setting next_dagrun for example_branch_datetime_operator_2 to 2023-12-05T00:00:00+00:00, run_after=2023-12-06T00:00:00+00:00
[2023-12-06T11:08:35.234+0700] {logging_mixin.py:137} INFO - [2023-12-06T11:08:35.234+0700] {dag.py:3423} INFO - Setting next_dagrun for example_branch_datetime_operator_3 to 2023-12-05T00:00:00+00:00, run_after=2023-12-06T00:00:00+00:00
[2023-12-06T11:08:35.272+0700] {processor.py:175} INFO - Processing /opt/anaconda3/lib/python3.8/site-packages/airflow/example_dags/example_branch_datetime_operator.py took 3.576 seconds
[2023-12-06T11:16:36.455+0700] {processor.py:153} INFO - Started process (PID=28251) to work on /opt/anaconda3/lib/python3.8/site-packages/airflow/example_dags/example_branch_datetime_operator.py
[2023-12-06T11:16:36.456+0700] {processor.py:743} INFO - Processing file /opt/anaconda3/lib/python3.8/site-packages/airflow/example_dags/example_branch_datetime_operator.py for tasks to queue
[2023-12-06T11:16:36.457+0700] {logging_mixin.py:137} INFO - [2023-12-06T11:16:36.457+0700] {dagbag.py:538} INFO - Filling up the DagBag from /opt/anaconda3/lib/python3.8/site-packages/airflow/example_dags/example_branch_datetime_operator.py
[2023-12-06T11:16:36.497+0700] {processor.py:753} INFO - DAG(s) dict_keys(['example_branch_datetime_operator', 'example_branch_datetime_operator_2', 'example_branch_datetime_operator_3']) retrieved from /opt/anaconda3/lib/python3.8/site-packages/airflow/example_dags/example_branch_datetime_operator.py
[2023-12-06T11:16:37.439+0700] {logging_mixin.py:137} INFO - [2023-12-06T11:16:37.439+0700] {dag.py:2676} INFO - Sync 3 DAGs
[2023-12-06T11:16:37.461+0700] {logging_mixin.py:137} INFO - [2023-12-06T11:16:37.461+0700] {dag.py:3423} INFO - Setting next_dagrun for example_branch_datetime_operator to 2023-12-05T00:00:00+00:00, run_after=2023-12-06T00:00:00+00:00
[2023-12-06T11:16:37.465+0700] {logging_mixin.py:137} INFO - [2023-12-06T11:16:37.465+0700] {dag.py:3423} INFO - Setting next_dagrun for example_branch_datetime_operator_2 to 2023-12-05T00:00:00+00:00, run_after=2023-12-06T00:00:00+00:00
[2023-12-06T11:16:37.470+0700] {logging_mixin.py:137} INFO - [2023-12-06T11:16:37.470+0700] {dag.py:3423} INFO - Setting next_dagrun for example_branch_datetime_operator_3 to 2023-12-05T00:00:00+00:00, run_after=2023-12-06T00:00:00+00:00
[2023-12-06T11:16:37.492+0700] {processor.py:175} INFO - Processing /opt/anaconda3/lib/python3.8/site-packages/airflow/example_dags/example_branch_datetime_operator.py took 1.039 seconds
[2023-12-06T11:22:28.902+0700] {processor.py:153} INFO - Started process (PID=31996) to work on /opt/anaconda3/lib/python3.8/site-packages/airflow/example_dags/example_branch_datetime_operator.py
[2023-12-06T11:22:28.904+0700] {processor.py:743} INFO - Processing file /opt/anaconda3/lib/python3.8/site-packages/airflow/example_dags/example_branch_datetime_operator.py for tasks to queue
[2023-12-06T11:22:28.905+0700] {logging_mixin.py:137} INFO - [2023-12-06T11:22:28.904+0700] {dagbag.py:538} INFO - Filling up the DagBag from /opt/anaconda3/lib/python3.8/site-packages/airflow/example_dags/example_branch_datetime_operator.py
[2023-12-06T11:22:28.944+0700] {processor.py:753} INFO - DAG(s) dict_keys(['example_branch_datetime_operator', 'example_branch_datetime_operator_2', 'example_branch_datetime_operator_3']) retrieved from /opt/anaconda3/lib/python3.8/site-packages/airflow/example_dags/example_branch_datetime_operator.py
[2023-12-06T11:22:30.233+0700] {logging_mixin.py:137} INFO - [2023-12-06T11:22:30.233+0700] {dag.py:2676} INFO - Sync 3 DAGs
[2023-12-06T11:22:30.275+0700] {logging_mixin.py:137} INFO - [2023-12-06T11:22:30.274+0700] {dag.py:3423} INFO - Setting next_dagrun for example_branch_datetime_operator to 2023-12-05T00:00:00+00:00, run_after=2023-12-06T00:00:00+00:00
[2023-12-06T11:22:30.286+0700] {logging_mixin.py:137} INFO - [2023-12-06T11:22:30.285+0700] {dag.py:3423} INFO - Setting next_dagrun for example_branch_datetime_operator_2 to 2023-12-05T00:00:00+00:00, run_after=2023-12-06T00:00:00+00:00
[2023-12-06T11:22:30.292+0700] {logging_mixin.py:137} INFO - [2023-12-06T11:22:30.292+0700] {dag.py:3423} INFO - Setting next_dagrun for example_branch_datetime_operator_3 to 2023-12-05T00:00:00+00:00, run_after=2023-12-06T00:00:00+00:00
[2023-12-06T11:22:30.338+0700] {processor.py:175} INFO - Processing /opt/anaconda3/lib/python3.8/site-packages/airflow/example_dags/example_branch_datetime_operator.py took 1.438 seconds
[2023-12-06T11:28:28.455+0700] {processor.py:153} INFO - Started process (PID=35726) to work on /opt/anaconda3/lib/python3.8/site-packages/airflow/example_dags/example_branch_datetime_operator.py
[2023-12-06T11:28:28.457+0700] {processor.py:743} INFO - Processing file /opt/anaconda3/lib/python3.8/site-packages/airflow/example_dags/example_branch_datetime_operator.py for tasks to queue
[2023-12-06T11:28:28.458+0700] {logging_mixin.py:137} INFO - [2023-12-06T11:28:28.458+0700] {dagbag.py:538} INFO - Filling up the DagBag from /opt/anaconda3/lib/python3.8/site-packages/airflow/example_dags/example_branch_datetime_operator.py
[2023-12-06T11:28:28.505+0700] {processor.py:753} INFO - DAG(s) dict_keys(['example_branch_datetime_operator', 'example_branch_datetime_operator_2', 'example_branch_datetime_operator_3']) retrieved from /opt/anaconda3/lib/python3.8/site-packages/airflow/example_dags/example_branch_datetime_operator.py
[2023-12-06T11:28:29.546+0700] {logging_mixin.py:137} INFO - [2023-12-06T11:28:29.546+0700] {dag.py:2676} INFO - Sync 3 DAGs
[2023-12-06T11:28:29.577+0700] {logging_mixin.py:137} INFO - [2023-12-06T11:28:29.577+0700] {dag.py:3423} INFO - Setting next_dagrun for example_branch_datetime_operator to 2023-12-05T00:00:00+00:00, run_after=2023-12-06T00:00:00+00:00
[2023-12-06T11:28:29.584+0700] {logging_mixin.py:137} INFO - [2023-12-06T11:28:29.584+0700] {dag.py:3423} INFO - Setting next_dagrun for example_branch_datetime_operator_2 to 2023-12-05T00:00:00+00:00, run_after=2023-12-06T00:00:00+00:00
[2023-12-06T11:28:29.588+0700] {logging_mixin.py:137} INFO - [2023-12-06T11:28:29.588+0700] {dag.py:3423} INFO - Setting next_dagrun for example_branch_datetime_operator_3 to 2023-12-05T00:00:00+00:00, run_after=2023-12-06T00:00:00+00:00
[2023-12-06T11:28:29.629+0700] {processor.py:175} INFO - Processing /opt/anaconda3/lib/python3.8/site-packages/airflow/example_dags/example_branch_datetime_operator.py took 1.175 seconds
[2023-12-06T11:36:00.912+0700] {processor.py:153} INFO - Started process (PID=40605) to work on /opt/anaconda3/lib/python3.8/site-packages/airflow/example_dags/example_branch_datetime_operator.py
[2023-12-06T11:36:00.914+0700] {processor.py:743} INFO - Processing file /opt/anaconda3/lib/python3.8/site-packages/airflow/example_dags/example_branch_datetime_operator.py for tasks to queue
[2023-12-06T11:36:00.914+0700] {logging_mixin.py:137} INFO - [2023-12-06T11:36:00.914+0700] {dagbag.py:538} INFO - Filling up the DagBag from /opt/anaconda3/lib/python3.8/site-packages/airflow/example_dags/example_branch_datetime_operator.py
[2023-12-06T11:36:00.957+0700] {processor.py:753} INFO - DAG(s) dict_keys(['example_branch_datetime_operator', 'example_branch_datetime_operator_2', 'example_branch_datetime_operator_3']) retrieved from /opt/anaconda3/lib/python3.8/site-packages/airflow/example_dags/example_branch_datetime_operator.py
[2023-12-06T11:36:01.954+0700] {logging_mixin.py:137} INFO - [2023-12-06T11:36:01.953+0700] {dag.py:2676} INFO - Sync 3 DAGs
[2023-12-06T11:36:01.977+0700] {logging_mixin.py:137} INFO - [2023-12-06T11:36:01.976+0700] {dag.py:3423} INFO - Setting next_dagrun for example_branch_datetime_operator to 2023-12-05T00:00:00+00:00, run_after=2023-12-06T00:00:00+00:00
[2023-12-06T11:36:01.981+0700] {logging_mixin.py:137} INFO - [2023-12-06T11:36:01.981+0700] {dag.py:3423} INFO - Setting next_dagrun for example_branch_datetime_operator_2 to 2023-12-05T00:00:00+00:00, run_after=2023-12-06T00:00:00+00:00
[2023-12-06T11:36:01.985+0700] {logging_mixin.py:137} INFO - [2023-12-06T11:36:01.985+0700] {dag.py:3423} INFO - Setting next_dagrun for example_branch_datetime_operator_3 to 2023-12-05T00:00:00+00:00, run_after=2023-12-06T00:00:00+00:00
[2023-12-06T11:36:02.004+0700] {processor.py:175} INFO - Processing /opt/anaconda3/lib/python3.8/site-packages/airflow/example_dags/example_branch_datetime_operator.py took 1.092 seconds
[2023-12-06T11:44:05.451+0700] {processor.py:153} INFO - Started process (PID=45809) to work on /opt/anaconda3/lib/python3.8/site-packages/airflow/example_dags/example_branch_datetime_operator.py
[2023-12-06T11:44:05.453+0700] {processor.py:743} INFO - Processing file /opt/anaconda3/lib/python3.8/site-packages/airflow/example_dags/example_branch_datetime_operator.py for tasks to queue
[2023-12-06T11:44:05.454+0700] {logging_mixin.py:137} INFO - [2023-12-06T11:44:05.454+0700] {dagbag.py:538} INFO - Filling up the DagBag from /opt/anaconda3/lib/python3.8/site-packages/airflow/example_dags/example_branch_datetime_operator.py
[2023-12-06T11:44:05.518+0700] {processor.py:753} INFO - DAG(s) dict_keys(['example_branch_datetime_operator', 'example_branch_datetime_operator_2', 'example_branch_datetime_operator_3']) retrieved from /opt/anaconda3/lib/python3.8/site-packages/airflow/example_dags/example_branch_datetime_operator.py
[2023-12-06T11:44:06.899+0700] {logging_mixin.py:137} INFO - [2023-12-06T11:44:06.898+0700] {dag.py:2676} INFO - Sync 3 DAGs
[2023-12-06T11:44:06.919+0700] {logging_mixin.py:137} INFO - [2023-12-06T11:44:06.919+0700] {dag.py:3423} INFO - Setting next_dagrun for example_branch_datetime_operator to 2023-12-05T00:00:00+00:00, run_after=2023-12-06T00:00:00+00:00
[2023-12-06T11:44:06.923+0700] {logging_mixin.py:137} INFO - [2023-12-06T11:44:06.923+0700] {dag.py:3423} INFO - Setting next_dagrun for example_branch_datetime_operator_2 to 2023-12-05T00:00:00+00:00, run_after=2023-12-06T00:00:00+00:00
[2023-12-06T11:44:06.926+0700] {logging_mixin.py:137} INFO - [2023-12-06T11:44:06.926+0700] {dag.py:3423} INFO - Setting next_dagrun for example_branch_datetime_operator_3 to 2023-12-05T00:00:00+00:00, run_after=2023-12-06T00:00:00+00:00
[2023-12-06T11:44:06.945+0700] {processor.py:175} INFO - Processing /opt/anaconda3/lib/python3.8/site-packages/airflow/example_dags/example_branch_datetime_operator.py took 1.496 seconds
[2023-12-06T11:50:56.118+0700] {processor.py:153} INFO - Started process (PID=50195) to work on /opt/anaconda3/lib/python3.8/site-packages/airflow/example_dags/example_branch_datetime_operator.py
[2023-12-06T11:50:56.120+0700] {processor.py:743} INFO - Processing file /opt/anaconda3/lib/python3.8/site-packages/airflow/example_dags/example_branch_datetime_operator.py for tasks to queue
[2023-12-06T11:50:56.120+0700] {logging_mixin.py:137} INFO - [2023-12-06T11:50:56.120+0700] {dagbag.py:538} INFO - Filling up the DagBag from /opt/anaconda3/lib/python3.8/site-packages/airflow/example_dags/example_branch_datetime_operator.py
[2023-12-06T11:50:56.157+0700] {processor.py:753} INFO - DAG(s) dict_keys(['example_branch_datetime_operator_2', 'example_branch_datetime_operator', 'example_branch_datetime_operator_3']) retrieved from /opt/anaconda3/lib/python3.8/site-packages/airflow/example_dags/example_branch_datetime_operator.py
[2023-12-06T11:50:57.094+0700] {logging_mixin.py:137} INFO - [2023-12-06T11:50:57.094+0700] {dag.py:2676} INFO - Sync 3 DAGs
[2023-12-06T11:50:57.117+0700] {logging_mixin.py:137} INFO - [2023-12-06T11:50:57.116+0700] {dag.py:3423} INFO - Setting next_dagrun for example_branch_datetime_operator to 2023-12-05T00:00:00+00:00, run_after=2023-12-06T00:00:00+00:00
[2023-12-06T11:50:57.121+0700] {logging_mixin.py:137} INFO - [2023-12-06T11:50:57.121+0700] {dag.py:3423} INFO - Setting next_dagrun for example_branch_datetime_operator_2 to 2023-12-05T00:00:00+00:00, run_after=2023-12-06T00:00:00+00:00
[2023-12-06T11:50:57.124+0700] {logging_mixin.py:137} INFO - [2023-12-06T11:50:57.124+0700] {dag.py:3423} INFO - Setting next_dagrun for example_branch_datetime_operator_3 to 2023-12-05T00:00:00+00:00, run_after=2023-12-06T00:00:00+00:00
[2023-12-06T11:50:57.145+0700] {processor.py:175} INFO - Processing /opt/anaconda3/lib/python3.8/site-packages/airflow/example_dags/example_branch_datetime_operator.py took 1.028 seconds
[2023-12-06T11:55:53.364+0700] {processor.py:153} INFO - Started process (PID=53365) to work on /opt/anaconda3/lib/python3.8/site-packages/airflow/example_dags/example_branch_datetime_operator.py
[2023-12-06T11:55:53.366+0700] {processor.py:743} INFO - Processing file /opt/anaconda3/lib/python3.8/site-packages/airflow/example_dags/example_branch_datetime_operator.py for tasks to queue
[2023-12-06T11:55:53.367+0700] {logging_mixin.py:137} INFO - [2023-12-06T11:55:53.367+0700] {dagbag.py:538} INFO - Filling up the DagBag from /opt/anaconda3/lib/python3.8/site-packages/airflow/example_dags/example_branch_datetime_operator.py
[2023-12-06T11:55:53.408+0700] {processor.py:753} INFO - DAG(s) dict_keys(['example_branch_datetime_operator', 'example_branch_datetime_operator_2', 'example_branch_datetime_operator_3']) retrieved from /opt/anaconda3/lib/python3.8/site-packages/airflow/example_dags/example_branch_datetime_operator.py
[2023-12-06T11:55:54.277+0700] {logging_mixin.py:137} INFO - [2023-12-06T11:55:54.277+0700] {dag.py:2676} INFO - Sync 3 DAGs
[2023-12-06T11:55:54.299+0700] {logging_mixin.py:137} INFO - [2023-12-06T11:55:54.299+0700] {dag.py:3423} INFO - Setting next_dagrun for example_branch_datetime_operator to 2023-12-05T00:00:00+00:00, run_after=2023-12-06T00:00:00+00:00
[2023-12-06T11:55:54.304+0700] {logging_mixin.py:137} INFO - [2023-12-06T11:55:54.304+0700] {dag.py:3423} INFO - Setting next_dagrun for example_branch_datetime_operator_2 to 2023-12-05T00:00:00+00:00, run_after=2023-12-06T00:00:00+00:00
[2023-12-06T11:55:54.307+0700] {logging_mixin.py:137} INFO - [2023-12-06T11:55:54.307+0700] {dag.py:3423} INFO - Setting next_dagrun for example_branch_datetime_operator_3 to 2023-12-05T00:00:00+00:00, run_after=2023-12-06T00:00:00+00:00
[2023-12-06T11:55:54.329+0700] {processor.py:175} INFO - Processing /opt/anaconda3/lib/python3.8/site-packages/airflow/example_dags/example_branch_datetime_operator.py took 0.966 seconds
[2023-12-06T12:00:48.437+0700] {processor.py:153} INFO - Started process (PID=56547) to work on /opt/anaconda3/lib/python3.8/site-packages/airflow/example_dags/example_branch_datetime_operator.py
[2023-12-06T12:00:48.439+0700] {processor.py:743} INFO - Processing file /opt/anaconda3/lib/python3.8/site-packages/airflow/example_dags/example_branch_datetime_operator.py for tasks to queue
[2023-12-06T12:00:48.440+0700] {logging_mixin.py:137} INFO - [2023-12-06T12:00:48.440+0700] {dagbag.py:538} INFO - Filling up the DagBag from /opt/anaconda3/lib/python3.8/site-packages/airflow/example_dags/example_branch_datetime_operator.py
[2023-12-06T12:00:48.479+0700] {processor.py:753} INFO - DAG(s) dict_keys(['example_branch_datetime_operator_3', 'example_branch_datetime_operator_2', 'example_branch_datetime_operator']) retrieved from /opt/anaconda3/lib/python3.8/site-packages/airflow/example_dags/example_branch_datetime_operator.py
[2023-12-06T12:00:49.312+0700] {logging_mixin.py:137} INFO - [2023-12-06T12:00:49.312+0700] {dag.py:2676} INFO - Sync 3 DAGs
[2023-12-06T12:00:49.332+0700] {logging_mixin.py:137} INFO - [2023-12-06T12:00:49.332+0700] {dag.py:3423} INFO - Setting next_dagrun for example_branch_datetime_operator to 2023-12-05T00:00:00+00:00, run_after=2023-12-06T00:00:00+00:00
[2023-12-06T12:00:49.336+0700] {logging_mixin.py:137} INFO - [2023-12-06T12:00:49.336+0700] {dag.py:3423} INFO - Setting next_dagrun for example_branch_datetime_operator_2 to 2023-12-05T00:00:00+00:00, run_after=2023-12-06T00:00:00+00:00
[2023-12-06T12:00:49.339+0700] {logging_mixin.py:137} INFO - [2023-12-06T12:00:49.339+0700] {dag.py:3423} INFO - Setting next_dagrun for example_branch_datetime_operator_3 to 2023-12-05T00:00:00+00:00, run_after=2023-12-06T00:00:00+00:00
[2023-12-06T12:00:49.358+0700] {processor.py:175} INFO - Processing /opt/anaconda3/lib/python3.8/site-packages/airflow/example_dags/example_branch_datetime_operator.py took 0.921 seconds
[2023-12-06T15:14:34.613+0700] {processor.py:153} INFO - Started process (PID=61028) to work on /opt/anaconda3/lib/python3.8/site-packages/airflow/example_dags/example_branch_datetime_operator.py
[2023-12-06T15:14:34.615+0700] {processor.py:743} INFO - Processing file /opt/anaconda3/lib/python3.8/site-packages/airflow/example_dags/example_branch_datetime_operator.py for tasks to queue
[2023-12-06T15:14:34.616+0700] {logging_mixin.py:137} INFO - [2023-12-06T15:14:34.615+0700] {dagbag.py:538} INFO - Filling up the DagBag from /opt/anaconda3/lib/python3.8/site-packages/airflow/example_dags/example_branch_datetime_operator.py
[2023-12-06T15:14:34.659+0700] {processor.py:753} INFO - DAG(s) dict_keys(['example_branch_datetime_operator_3', 'example_branch_datetime_operator_2', 'example_branch_datetime_operator']) retrieved from /opt/anaconda3/lib/python3.8/site-packages/airflow/example_dags/example_branch_datetime_operator.py
[2023-12-06T15:14:35.392+0700] {logging_mixin.py:137} INFO - [2023-12-06T15:14:35.392+0700] {dag.py:2676} INFO - Sync 3 DAGs
[2023-12-06T15:14:35.411+0700] {logging_mixin.py:137} INFO - [2023-12-06T15:14:35.411+0700] {dag.py:3423} INFO - Setting next_dagrun for example_branch_datetime_operator to 2023-12-05T00:00:00+00:00, run_after=2023-12-06T00:00:00+00:00
[2023-12-06T15:14:35.415+0700] {logging_mixin.py:137} INFO - [2023-12-06T15:14:35.415+0700] {dag.py:3423} INFO - Setting next_dagrun for example_branch_datetime_operator_2 to 2023-12-05T00:00:00+00:00, run_after=2023-12-06T00:00:00+00:00
[2023-12-06T15:14:35.417+0700] {logging_mixin.py:137} INFO - [2023-12-06T15:14:35.417+0700] {dag.py:3423} INFO - Setting next_dagrun for example_branch_datetime_operator_3 to 2023-12-05T00:00:00+00:00, run_after=2023-12-06T00:00:00+00:00
[2023-12-06T15:14:35.433+0700] {processor.py:175} INFO - Processing /opt/anaconda3/lib/python3.8/site-packages/airflow/example_dags/example_branch_datetime_operator.py took 0.821 seconds
[2023-12-06T15:19:23.712+0700] {processor.py:153} INFO - Started process (PID=64088) to work on /opt/anaconda3/lib/python3.8/site-packages/airflow/example_dags/example_branch_datetime_operator.py
[2023-12-06T15:19:23.713+0700] {processor.py:743} INFO - Processing file /opt/anaconda3/lib/python3.8/site-packages/airflow/example_dags/example_branch_datetime_operator.py for tasks to queue
[2023-12-06T15:19:23.714+0700] {logging_mixin.py:137} INFO - [2023-12-06T15:19:23.714+0700] {dagbag.py:538} INFO - Filling up the DagBag from /opt/anaconda3/lib/python3.8/site-packages/airflow/example_dags/example_branch_datetime_operator.py
[2023-12-06T15:19:23.750+0700] {processor.py:753} INFO - DAG(s) dict_keys(['example_branch_datetime_operator_3', 'example_branch_datetime_operator', 'example_branch_datetime_operator_2']) retrieved from /opt/anaconda3/lib/python3.8/site-packages/airflow/example_dags/example_branch_datetime_operator.py
[2023-12-06T15:19:25.323+0700] {logging_mixin.py:137} INFO - [2023-12-06T15:19:25.321+0700] {dag.py:2676} INFO - Sync 3 DAGs
[2023-12-06T15:19:25.366+0700] {logging_mixin.py:137} INFO - [2023-12-06T15:19:25.366+0700] {dag.py:3423} INFO - Setting next_dagrun for example_branch_datetime_operator to 2023-12-05T00:00:00+00:00, run_after=2023-12-06T00:00:00+00:00
[2023-12-06T15:19:25.378+0700] {logging_mixin.py:137} INFO - [2023-12-06T15:19:25.378+0700] {dag.py:3423} INFO - Setting next_dagrun for example_branch_datetime_operator_2 to 2023-12-05T00:00:00+00:00, run_after=2023-12-06T00:00:00+00:00
[2023-12-06T15:19:25.382+0700] {logging_mixin.py:137} INFO - [2023-12-06T15:19:25.382+0700] {dag.py:3423} INFO - Setting next_dagrun for example_branch_datetime_operator_3 to 2023-12-05T00:00:00+00:00, run_after=2023-12-06T00:00:00+00:00
[2023-12-06T15:19:25.421+0700] {processor.py:175} INFO - Processing /opt/anaconda3/lib/python3.8/site-packages/airflow/example_dags/example_branch_datetime_operator.py took 1.710 seconds
[2023-12-06T15:24:10.639+0700] {processor.py:153} INFO - Started process (PID=67157) to work on /opt/anaconda3/lib/python3.8/site-packages/airflow/example_dags/example_branch_datetime_operator.py
[2023-12-06T15:24:10.641+0700] {processor.py:743} INFO - Processing file /opt/anaconda3/lib/python3.8/site-packages/airflow/example_dags/example_branch_datetime_operator.py for tasks to queue
[2023-12-06T15:24:10.642+0700] {logging_mixin.py:137} INFO - [2023-12-06T15:24:10.642+0700] {dagbag.py:538} INFO - Filling up the DagBag from /opt/anaconda3/lib/python3.8/site-packages/airflow/example_dags/example_branch_datetime_operator.py
[2023-12-06T15:24:10.680+0700] {processor.py:753} INFO - DAG(s) dict_keys(['example_branch_datetime_operator_2', 'example_branch_datetime_operator', 'example_branch_datetime_operator_3']) retrieved from /opt/anaconda3/lib/python3.8/site-packages/airflow/example_dags/example_branch_datetime_operator.py
[2023-12-06T15:24:11.507+0700] {logging_mixin.py:137} INFO - [2023-12-06T15:24:11.506+0700] {dag.py:2676} INFO - Sync 3 DAGs
[2023-12-06T15:24:11.527+0700] {logging_mixin.py:137} INFO - [2023-12-06T15:24:11.527+0700] {dag.py:3423} INFO - Setting next_dagrun for example_branch_datetime_operator to 2023-12-05T00:00:00+00:00, run_after=2023-12-06T00:00:00+00:00
[2023-12-06T15:24:11.532+0700] {logging_mixin.py:137} INFO - [2023-12-06T15:24:11.532+0700] {dag.py:3423} INFO - Setting next_dagrun for example_branch_datetime_operator_2 to 2023-12-05T00:00:00+00:00, run_after=2023-12-06T00:00:00+00:00
[2023-12-06T15:24:11.535+0700] {logging_mixin.py:137} INFO - [2023-12-06T15:24:11.535+0700] {dag.py:3423} INFO - Setting next_dagrun for example_branch_datetime_operator_3 to 2023-12-05T00:00:00+00:00, run_after=2023-12-06T00:00:00+00:00
[2023-12-06T15:24:11.555+0700] {processor.py:175} INFO - Processing /opt/anaconda3/lib/python3.8/site-packages/airflow/example_dags/example_branch_datetime_operator.py took 0.916 seconds
[2023-12-06T15:28:59.205+0700] {processor.py:153} INFO - Started process (PID=70236) to work on /opt/anaconda3/lib/python3.8/site-packages/airflow/example_dags/example_branch_datetime_operator.py
[2023-12-06T15:28:59.206+0700] {processor.py:743} INFO - Processing file /opt/anaconda3/lib/python3.8/site-packages/airflow/example_dags/example_branch_datetime_operator.py for tasks to queue
[2023-12-06T15:28:59.207+0700] {logging_mixin.py:137} INFO - [2023-12-06T15:28:59.207+0700] {dagbag.py:538} INFO - Filling up the DagBag from /opt/anaconda3/lib/python3.8/site-packages/airflow/example_dags/example_branch_datetime_operator.py
[2023-12-06T15:28:59.240+0700] {processor.py:753} INFO - DAG(s) dict_keys(['example_branch_datetime_operator_3', 'example_branch_datetime_operator_2', 'example_branch_datetime_operator']) retrieved from /opt/anaconda3/lib/python3.8/site-packages/airflow/example_dags/example_branch_datetime_operator.py
[2023-12-06T15:29:00.236+0700] {logging_mixin.py:137} INFO - [2023-12-06T15:29:00.236+0700] {dag.py:2676} INFO - Sync 3 DAGs
[2023-12-06T15:29:00.264+0700] {logging_mixin.py:137} INFO - [2023-12-06T15:29:00.264+0700] {dag.py:3423} INFO - Setting next_dagrun for example_branch_datetime_operator to 2023-12-05T00:00:00+00:00, run_after=2023-12-06T00:00:00+00:00
[2023-12-06T15:29:00.269+0700] {logging_mixin.py:137} INFO - [2023-12-06T15:29:00.268+0700] {dag.py:3423} INFO - Setting next_dagrun for example_branch_datetime_operator_2 to 2023-12-05T00:00:00+00:00, run_after=2023-12-06T00:00:00+00:00
[2023-12-06T15:29:00.274+0700] {logging_mixin.py:137} INFO - [2023-12-06T15:29:00.274+0700] {dag.py:3423} INFO - Setting next_dagrun for example_branch_datetime_operator_3 to 2023-12-05T00:00:00+00:00, run_after=2023-12-06T00:00:00+00:00
[2023-12-06T15:29:00.298+0700] {processor.py:175} INFO - Processing /opt/anaconda3/lib/python3.8/site-packages/airflow/example_dags/example_branch_datetime_operator.py took 1.093 seconds
[2023-12-06T15:33:59.339+0700] {processor.py:153} INFO - Started process (PID=73525) to work on /opt/anaconda3/lib/python3.8/site-packages/airflow/example_dags/example_branch_datetime_operator.py
[2023-12-06T15:33:59.341+0700] {processor.py:743} INFO - Processing file /opt/anaconda3/lib/python3.8/site-packages/airflow/example_dags/example_branch_datetime_operator.py for tasks to queue
[2023-12-06T15:33:59.341+0700] {logging_mixin.py:137} INFO - [2023-12-06T15:33:59.341+0700] {dagbag.py:538} INFO - Filling up the DagBag from /opt/anaconda3/lib/python3.8/site-packages/airflow/example_dags/example_branch_datetime_operator.py
[2023-12-06T15:33:59.374+0700] {processor.py:753} INFO - DAG(s) dict_keys(['example_branch_datetime_operator', 'example_branch_datetime_operator_3', 'example_branch_datetime_operator_2']) retrieved from /opt/anaconda3/lib/python3.8/site-packages/airflow/example_dags/example_branch_datetime_operator.py
[2023-12-06T15:34:00.246+0700] {logging_mixin.py:137} INFO - [2023-12-06T15:34:00.245+0700] {dag.py:2676} INFO - Sync 3 DAGs
[2023-12-06T15:34:00.279+0700] {logging_mixin.py:137} INFO - [2023-12-06T15:34:00.278+0700] {dag.py:3423} INFO - Setting next_dagrun for example_branch_datetime_operator to 2023-12-05T00:00:00+00:00, run_after=2023-12-06T00:00:00+00:00
[2023-12-06T15:34:00.285+0700] {logging_mixin.py:137} INFO - [2023-12-06T15:34:00.285+0700] {dag.py:3423} INFO - Setting next_dagrun for example_branch_datetime_operator_2 to 2023-12-05T00:00:00+00:00, run_after=2023-12-06T00:00:00+00:00
[2023-12-06T15:34:00.288+0700] {logging_mixin.py:137} INFO - [2023-12-06T15:34:00.288+0700] {dag.py:3423} INFO - Setting next_dagrun for example_branch_datetime_operator_3 to 2023-12-05T00:00:00+00:00, run_after=2023-12-06T00:00:00+00:00
[2023-12-06T15:34:00.309+0700] {processor.py:175} INFO - Processing /opt/anaconda3/lib/python3.8/site-packages/airflow/example_dags/example_branch_datetime_operator.py took 0.970 seconds
[2023-12-06T15:38:36.785+0700] {processor.py:153} INFO - Started process (PID=76491) to work on /opt/anaconda3/lib/python3.8/site-packages/airflow/example_dags/example_branch_datetime_operator.py
[2023-12-06T15:38:36.787+0700] {processor.py:743} INFO - Processing file /opt/anaconda3/lib/python3.8/site-packages/airflow/example_dags/example_branch_datetime_operator.py for tasks to queue
[2023-12-06T15:38:36.789+0700] {logging_mixin.py:137} INFO - [2023-12-06T15:38:36.789+0700] {dagbag.py:538} INFO - Filling up the DagBag from /opt/anaconda3/lib/python3.8/site-packages/airflow/example_dags/example_branch_datetime_operator.py
[2023-12-06T15:38:36.837+0700] {processor.py:753} INFO - DAG(s) dict_keys(['example_branch_datetime_operator_3', 'example_branch_datetime_operator', 'example_branch_datetime_operator_2']) retrieved from /opt/anaconda3/lib/python3.8/site-packages/airflow/example_dags/example_branch_datetime_operator.py
[2023-12-06T15:38:37.933+0700] {logging_mixin.py:137} INFO - [2023-12-06T15:38:37.932+0700] {dag.py:2676} INFO - Sync 3 DAGs
[2023-12-06T15:38:37.991+0700] {logging_mixin.py:137} INFO - [2023-12-06T15:38:37.991+0700] {dag.py:3423} INFO - Setting next_dagrun for example_branch_datetime_operator to 2023-12-05T00:00:00+00:00, run_after=2023-12-06T00:00:00+00:00
[2023-12-06T15:38:38.002+0700] {logging_mixin.py:137} INFO - [2023-12-06T15:38:38.002+0700] {dag.py:3423} INFO - Setting next_dagrun for example_branch_datetime_operator_2 to 2023-12-05T00:00:00+00:00, run_after=2023-12-06T00:00:00+00:00
[2023-12-06T15:38:38.008+0700] {logging_mixin.py:137} INFO - [2023-12-06T15:38:38.008+0700] {dag.py:3423} INFO - Setting next_dagrun for example_branch_datetime_operator_3 to 2023-12-05T00:00:00+00:00, run_after=2023-12-06T00:00:00+00:00
[2023-12-06T15:38:38.043+0700] {processor.py:175} INFO - Processing /opt/anaconda3/lib/python3.8/site-packages/airflow/example_dags/example_branch_datetime_operator.py took 1.259 seconds
