[2023-12-06T10:18:23.880+0700] {processor.py:153} INFO - Started process (PID=92074) to work on /opt/anaconda3/lib/python3.8/site-packages/airflow/example_dags/example_branch_python_dop_operator_3.py
[2023-12-06T10:18:23.880+0700] {processor.py:743} INFO - Processing file /opt/anaconda3/lib/python3.8/site-packages/airflow/example_dags/example_branch_python_dop_operator_3.py for tasks to queue
[2023-12-06T10:18:23.881+0700] {logging_mixin.py:137} INFO - [2023-12-06T10:18:23.881+0700] {dagbag.py:538} INFO - Filling up the DagBag from /opt/anaconda3/lib/python3.8/site-packages/airflow/example_dags/example_branch_python_dop_operator_3.py
[2023-12-06T10:18:23.959+0700] {processor.py:753} INFO - DAG(s) dict_keys(['example_branch_dop_operator_v3']) retrieved from /opt/anaconda3/lib/python3.8/site-packages/airflow/example_dags/example_branch_python_dop_operator_3.py
[2023-12-06T10:18:24.858+0700] {logging_mixin.py:137} INFO - [2023-12-06T10:18:24.858+0700] {dag.py:2676} INFO - Sync 1 DAGs
[2023-12-06T10:18:24.883+0700] {logging_mixin.py:137} INFO - [2023-12-06T10:18:24.883+0700] {dag.py:3423} INFO - Setting next_dagrun for example_branch_dop_operator_v3 to 2023-12-06T03:17:00+00:00, run_after=2023-12-06T03:18:00+00:00
[2023-12-06T10:18:24.907+0700] {processor.py:175} INFO - Processing /opt/anaconda3/lib/python3.8/site-packages/airflow/example_dags/example_branch_python_dop_operator_3.py took 1.028 seconds
[2023-12-06T10:28:52.738+0700] {processor.py:153} INFO - Started process (PID=99125) to work on /opt/anaconda3/lib/python3.8/site-packages/airflow/example_dags/example_branch_python_dop_operator_3.py
[2023-12-06T10:28:52.739+0700] {processor.py:743} INFO - Processing file /opt/anaconda3/lib/python3.8/site-packages/airflow/example_dags/example_branch_python_dop_operator_3.py for tasks to queue
[2023-12-06T10:28:52.740+0700] {logging_mixin.py:137} INFO - [2023-12-06T10:28:52.740+0700] {dagbag.py:538} INFO - Filling up the DagBag from /opt/anaconda3/lib/python3.8/site-packages/airflow/example_dags/example_branch_python_dop_operator_3.py
[2023-12-06T10:28:52.805+0700] {processor.py:753} INFO - DAG(s) dict_keys(['example_branch_dop_operator_v3']) retrieved from /opt/anaconda3/lib/python3.8/site-packages/airflow/example_dags/example_branch_python_dop_operator_3.py
[2023-12-06T10:28:53.663+0700] {logging_mixin.py:137} INFO - [2023-12-06T10:28:53.663+0700] {dag.py:2676} INFO - Sync 1 DAGs
[2023-12-06T10:28:53.685+0700] {logging_mixin.py:137} INFO - [2023-12-06T10:28:53.685+0700] {dag.py:3423} INFO - Setting next_dagrun for example_branch_dop_operator_v3 to 2023-12-06T03:27:00+00:00, run_after=2023-12-06T03:28:00+00:00
[2023-12-06T10:28:53.709+0700] {processor.py:175} INFO - Processing /opt/anaconda3/lib/python3.8/site-packages/airflow/example_dags/example_branch_python_dop_operator_3.py took 0.972 seconds
[2023-12-06T10:45:19.466+0700] {processor.py:153} INFO - Started process (PID=7743) to work on /opt/anaconda3/lib/python3.8/site-packages/airflow/example_dags/example_branch_python_dop_operator_3.py
[2023-12-06T10:45:19.468+0700] {processor.py:743} INFO - Processing file /opt/anaconda3/lib/python3.8/site-packages/airflow/example_dags/example_branch_python_dop_operator_3.py for tasks to queue
[2023-12-06T10:45:19.471+0700] {logging_mixin.py:137} INFO - [2023-12-06T10:45:19.471+0700] {dagbag.py:538} INFO - Filling up the DagBag from /opt/anaconda3/lib/python3.8/site-packages/airflow/example_dags/example_branch_python_dop_operator_3.py
[2023-12-06T10:45:19.686+0700] {processor.py:753} INFO - DAG(s) dict_keys(['example_branch_dop_operator_v3']) retrieved from /opt/anaconda3/lib/python3.8/site-packages/airflow/example_dags/example_branch_python_dop_operator_3.py
[2023-12-06T10:45:21.619+0700] {logging_mixin.py:137} INFO - [2023-12-06T10:45:21.618+0700] {dag.py:2676} INFO - Sync 1 DAGs
[2023-12-06T10:45:21.663+0700] {logging_mixin.py:137} INFO - [2023-12-06T10:45:21.662+0700] {dag.py:3423} INFO - Setting next_dagrun for example_branch_dop_operator_v3 to 2023-12-06T03:44:00+00:00, run_after=2023-12-06T03:45:00+00:00
[2023-12-06T10:45:21.719+0700] {processor.py:175} INFO - Processing /opt/anaconda3/lib/python3.8/site-packages/airflow/example_dags/example_branch_python_dop_operator_3.py took 2.254 seconds
[2023-12-06T10:52:38.300+0700] {processor.py:153} INFO - Started process (PID=12659) to work on /opt/anaconda3/lib/python3.8/site-packages/airflow/example_dags/example_branch_python_dop_operator_3.py
[2023-12-06T10:52:38.302+0700] {processor.py:743} INFO - Processing file /opt/anaconda3/lib/python3.8/site-packages/airflow/example_dags/example_branch_python_dop_operator_3.py for tasks to queue
[2023-12-06T10:52:38.303+0700] {logging_mixin.py:137} INFO - [2023-12-06T10:52:38.302+0700] {dagbag.py:538} INFO - Filling up the DagBag from /opt/anaconda3/lib/python3.8/site-packages/airflow/example_dags/example_branch_python_dop_operator_3.py
[2023-12-06T10:52:38.373+0700] {processor.py:753} INFO - DAG(s) dict_keys(['example_branch_dop_operator_v3']) retrieved from /opt/anaconda3/lib/python3.8/site-packages/airflow/example_dags/example_branch_python_dop_operator_3.py
[2023-12-06T10:52:39.501+0700] {logging_mixin.py:137} INFO - [2023-12-06T10:52:39.500+0700] {dag.py:2676} INFO - Sync 1 DAGs
[2023-12-06T10:52:39.531+0700] {logging_mixin.py:137} INFO - [2023-12-06T10:52:39.531+0700] {dag.py:3423} INFO - Setting next_dagrun for example_branch_dop_operator_v3 to 2023-12-06T03:51:00+00:00, run_after=2023-12-06T03:52:00+00:00
[2023-12-06T10:52:39.563+0700] {processor.py:175} INFO - Processing /opt/anaconda3/lib/python3.8/site-packages/airflow/example_dags/example_branch_python_dop_operator_3.py took 1.264 seconds
[2023-12-06T10:58:45.104+0700] {processor.py:153} INFO - Started process (PID=16521) to work on /opt/anaconda3/lib/python3.8/site-packages/airflow/example_dags/example_branch_python_dop_operator_3.py
[2023-12-06T10:58:45.106+0700] {processor.py:743} INFO - Processing file /opt/anaconda3/lib/python3.8/site-packages/airflow/example_dags/example_branch_python_dop_operator_3.py for tasks to queue
[2023-12-06T10:58:45.107+0700] {logging_mixin.py:137} INFO - [2023-12-06T10:58:45.107+0700] {dagbag.py:538} INFO - Filling up the DagBag from /opt/anaconda3/lib/python3.8/site-packages/airflow/example_dags/example_branch_python_dop_operator_3.py
[2023-12-06T10:58:45.190+0700] {processor.py:753} INFO - DAG(s) dict_keys(['example_branch_dop_operator_v3']) retrieved from /opt/anaconda3/lib/python3.8/site-packages/airflow/example_dags/example_branch_python_dop_operator_3.py
[2023-12-06T10:58:46.126+0700] {logging_mixin.py:137} INFO - [2023-12-06T10:58:46.126+0700] {dag.py:2676} INFO - Sync 1 DAGs
[2023-12-06T10:58:46.152+0700] {logging_mixin.py:137} INFO - [2023-12-06T10:58:46.152+0700] {dag.py:3423} INFO - Setting next_dagrun for example_branch_dop_operator_v3 to 2023-12-06T03:57:00+00:00, run_after=2023-12-06T03:58:00+00:00
[2023-12-06T10:58:46.177+0700] {processor.py:175} INFO - Processing /opt/anaconda3/lib/python3.8/site-packages/airflow/example_dags/example_branch_python_dop_operator_3.py took 1.073 seconds
[2023-12-06T11:05:12.228+0700] {processor.py:153} INFO - Started process (PID=20746) to work on /opt/anaconda3/lib/python3.8/site-packages/airflow/example_dags/example_branch_python_dop_operator_3.py
[2023-12-06T11:05:12.229+0700] {processor.py:743} INFO - Processing file /opt/anaconda3/lib/python3.8/site-packages/airflow/example_dags/example_branch_python_dop_operator_3.py for tasks to queue
[2023-12-06T11:05:12.230+0700] {logging_mixin.py:137} INFO - [2023-12-06T11:05:12.230+0700] {dagbag.py:538} INFO - Filling up the DagBag from /opt/anaconda3/lib/python3.8/site-packages/airflow/example_dags/example_branch_python_dop_operator_3.py
[2023-12-06T11:05:12.319+0700] {processor.py:753} INFO - DAG(s) dict_keys(['example_branch_dop_operator_v3']) retrieved from /opt/anaconda3/lib/python3.8/site-packages/airflow/example_dags/example_branch_python_dop_operator_3.py
[2023-12-06T11:05:13.513+0700] {logging_mixin.py:137} INFO - [2023-12-06T11:05:13.513+0700] {dag.py:2676} INFO - Sync 1 DAGs
[2023-12-06T11:05:13.543+0700] {logging_mixin.py:137} INFO - [2023-12-06T11:05:13.543+0700] {dag.py:3423} INFO - Setting next_dagrun for example_branch_dop_operator_v3 to 2023-12-06T04:04:00+00:00, run_after=2023-12-06T04:05:00+00:00
[2023-12-06T11:05:13.564+0700] {processor.py:175} INFO - Processing /opt/anaconda3/lib/python3.8/site-packages/airflow/example_dags/example_branch_python_dop_operator_3.py took 1.337 seconds
[2023-12-06T11:11:55.309+0700] {processor.py:153} INFO - Started process (PID=25191) to work on /opt/anaconda3/lib/python3.8/site-packages/airflow/example_dags/example_branch_python_dop_operator_3.py
[2023-12-06T11:11:55.311+0700] {processor.py:743} INFO - Processing file /opt/anaconda3/lib/python3.8/site-packages/airflow/example_dags/example_branch_python_dop_operator_3.py for tasks to queue
[2023-12-06T11:11:55.311+0700] {logging_mixin.py:137} INFO - [2023-12-06T11:11:55.311+0700] {dagbag.py:538} INFO - Filling up the DagBag from /opt/anaconda3/lib/python3.8/site-packages/airflow/example_dags/example_branch_python_dop_operator_3.py
[2023-12-06T11:11:55.384+0700] {processor.py:753} INFO - DAG(s) dict_keys(['example_branch_dop_operator_v3']) retrieved from /opt/anaconda3/lib/python3.8/site-packages/airflow/example_dags/example_branch_python_dop_operator_3.py
[2023-12-06T11:11:56.313+0700] {logging_mixin.py:137} INFO - [2023-12-06T11:11:56.313+0700] {dag.py:2676} INFO - Sync 1 DAGs
[2023-12-06T11:11:56.342+0700] {logging_mixin.py:137} INFO - [2023-12-06T11:11:56.342+0700] {dag.py:3423} INFO - Setting next_dagrun for example_branch_dop_operator_v3 to 2023-12-06T04:10:00+00:00, run_after=2023-12-06T04:11:00+00:00
[2023-12-06T11:11:56.372+0700] {processor.py:175} INFO - Processing /opt/anaconda3/lib/python3.8/site-packages/airflow/example_dags/example_branch_python_dop_operator_3.py took 1.063 seconds
[2023-12-06T11:19:34.381+0700] {processor.py:153} INFO - Started process (PID=30073) to work on /opt/anaconda3/lib/python3.8/site-packages/airflow/example_dags/example_branch_python_dop_operator_3.py
[2023-12-06T11:19:34.383+0700] {processor.py:743} INFO - Processing file /opt/anaconda3/lib/python3.8/site-packages/airflow/example_dags/example_branch_python_dop_operator_3.py for tasks to queue
[2023-12-06T11:19:34.384+0700] {logging_mixin.py:137} INFO - [2023-12-06T11:19:34.384+0700] {dagbag.py:538} INFO - Filling up the DagBag from /opt/anaconda3/lib/python3.8/site-packages/airflow/example_dags/example_branch_python_dop_operator_3.py
[2023-12-06T11:19:34.461+0700] {processor.py:753} INFO - DAG(s) dict_keys(['example_branch_dop_operator_v3']) retrieved from /opt/anaconda3/lib/python3.8/site-packages/airflow/example_dags/example_branch_python_dop_operator_3.py
[2023-12-06T11:19:35.425+0700] {logging_mixin.py:137} INFO - [2023-12-06T11:19:35.425+0700] {dag.py:2676} INFO - Sync 1 DAGs
[2023-12-06T11:19:35.455+0700] {logging_mixin.py:137} INFO - [2023-12-06T11:19:35.454+0700] {dag.py:3423} INFO - Setting next_dagrun for example_branch_dop_operator_v3 to 2023-12-06T04:18:00+00:00, run_after=2023-12-06T04:19:00+00:00
[2023-12-06T11:19:35.480+0700] {processor.py:175} INFO - Processing /opt/anaconda3/lib/python3.8/site-packages/airflow/example_dags/example_branch_python_dop_operator_3.py took 1.100 seconds
[2023-12-06T11:25:33.464+0700] {processor.py:153} INFO - Started process (PID=33920) to work on /opt/anaconda3/lib/python3.8/site-packages/airflow/example_dags/example_branch_python_dop_operator_3.py
[2023-12-06T11:25:33.466+0700] {processor.py:743} INFO - Processing file /opt/anaconda3/lib/python3.8/site-packages/airflow/example_dags/example_branch_python_dop_operator_3.py for tasks to queue
[2023-12-06T11:25:33.466+0700] {logging_mixin.py:137} INFO - [2023-12-06T11:25:33.466+0700] {dagbag.py:538} INFO - Filling up the DagBag from /opt/anaconda3/lib/python3.8/site-packages/airflow/example_dags/example_branch_python_dop_operator_3.py
[2023-12-06T11:25:33.530+0700] {processor.py:753} INFO - DAG(s) dict_keys(['example_branch_dop_operator_v3']) retrieved from /opt/anaconda3/lib/python3.8/site-packages/airflow/example_dags/example_branch_python_dop_operator_3.py
[2023-12-06T11:25:34.744+0700] {logging_mixin.py:137} INFO - [2023-12-06T11:25:34.744+0700] {dag.py:2676} INFO - Sync 1 DAGs
[2023-12-06T11:25:34.770+0700] {logging_mixin.py:137} INFO - [2023-12-06T11:25:34.770+0700] {dag.py:3423} INFO - Setting next_dagrun for example_branch_dop_operator_v3 to 2023-12-06T04:24:00+00:00, run_after=2023-12-06T04:25:00+00:00
[2023-12-06T11:25:34.796+0700] {processor.py:175} INFO - Processing /opt/anaconda3/lib/python3.8/site-packages/airflow/example_dags/example_branch_python_dop_operator_3.py took 1.333 seconds
[2023-12-06T11:31:29.583+0700] {processor.py:153} INFO - Started process (PID=37663) to work on /opt/anaconda3/lib/python3.8/site-packages/airflow/example_dags/example_branch_python_dop_operator_3.py
[2023-12-06T11:31:29.585+0700] {processor.py:743} INFO - Processing file /opt/anaconda3/lib/python3.8/site-packages/airflow/example_dags/example_branch_python_dop_operator_3.py for tasks to queue
[2023-12-06T11:31:29.586+0700] {logging_mixin.py:137} INFO - [2023-12-06T11:31:29.586+0700] {dagbag.py:538} INFO - Filling up the DagBag from /opt/anaconda3/lib/python3.8/site-packages/airflow/example_dags/example_branch_python_dop_operator_3.py
[2023-12-06T11:31:29.673+0700] {processor.py:753} INFO - DAG(s) dict_keys(['example_branch_dop_operator_v3']) retrieved from /opt/anaconda3/lib/python3.8/site-packages/airflow/example_dags/example_branch_python_dop_operator_3.py
[2023-12-06T11:31:30.693+0700] {logging_mixin.py:137} INFO - [2023-12-06T11:31:30.692+0700] {dag.py:2676} INFO - Sync 1 DAGs
[2023-12-06T11:31:30.724+0700] {logging_mixin.py:137} INFO - [2023-12-06T11:31:30.724+0700] {dag.py:3423} INFO - Setting next_dagrun for example_branch_dop_operator_v3 to 2023-12-06T04:30:00+00:00, run_after=2023-12-06T04:31:00+00:00
[2023-12-06T11:31:30.771+0700] {processor.py:175} INFO - Processing /opt/anaconda3/lib/python3.8/site-packages/airflow/example_dags/example_branch_python_dop_operator_3.py took 1.188 seconds
[2023-12-06T11:40:53.646+0700] {processor.py:153} INFO - Started process (PID=43784) to work on /opt/anaconda3/lib/python3.8/site-packages/airflow/example_dags/example_branch_python_dop_operator_3.py
[2023-12-06T11:40:53.648+0700] {processor.py:743} INFO - Processing file /opt/anaconda3/lib/python3.8/site-packages/airflow/example_dags/example_branch_python_dop_operator_3.py for tasks to queue
[2023-12-06T11:40:53.649+0700] {logging_mixin.py:137} INFO - [2023-12-06T11:40:53.649+0700] {dagbag.py:538} INFO - Filling up the DagBag from /opt/anaconda3/lib/python3.8/site-packages/airflow/example_dags/example_branch_python_dop_operator_3.py
[2023-12-06T11:40:53.748+0700] {processor.py:753} INFO - DAG(s) dict_keys(['example_branch_dop_operator_v3']) retrieved from /opt/anaconda3/lib/python3.8/site-packages/airflow/example_dags/example_branch_python_dop_operator_3.py
[2023-12-06T11:40:55.147+0700] {logging_mixin.py:137} INFO - [2023-12-06T11:40:55.147+0700] {dag.py:2676} INFO - Sync 1 DAGs
[2023-12-06T11:40:55.195+0700] {logging_mixin.py:137} INFO - [2023-12-06T11:40:55.194+0700] {dag.py:3423} INFO - Setting next_dagrun for example_branch_dop_operator_v3 to 2023-12-06T04:39:00+00:00, run_after=2023-12-06T04:40:00+00:00
[2023-12-06T11:40:55.226+0700] {processor.py:175} INFO - Processing /opt/anaconda3/lib/python3.8/site-packages/airflow/example_dags/example_branch_python_dop_operator_3.py took 1.580 seconds
[2023-12-06T11:47:31.043+0700] {processor.py:153} INFO - Started process (PID=48053) to work on /opt/anaconda3/lib/python3.8/site-packages/airflow/example_dags/example_branch_python_dop_operator_3.py
[2023-12-06T11:47:31.045+0700] {processor.py:743} INFO - Processing file /opt/anaconda3/lib/python3.8/site-packages/airflow/example_dags/example_branch_python_dop_operator_3.py for tasks to queue
[2023-12-06T11:47:31.046+0700] {logging_mixin.py:137} INFO - [2023-12-06T11:47:31.046+0700] {dagbag.py:538} INFO - Filling up the DagBag from /opt/anaconda3/lib/python3.8/site-packages/airflow/example_dags/example_branch_python_dop_operator_3.py
[2023-12-06T11:47:31.153+0700] {processor.py:753} INFO - DAG(s) dict_keys(['example_branch_dop_operator_v3']) retrieved from /opt/anaconda3/lib/python3.8/site-packages/airflow/example_dags/example_branch_python_dop_operator_3.py
[2023-12-06T11:47:32.134+0700] {logging_mixin.py:137} INFO - [2023-12-06T11:47:32.134+0700] {dag.py:2676} INFO - Sync 1 DAGs
[2023-12-06T11:47:32.160+0700] {logging_mixin.py:137} INFO - [2023-12-06T11:47:32.160+0700] {dag.py:3423} INFO - Setting next_dagrun for example_branch_dop_operator_v3 to 2023-12-06T04:46:00+00:00, run_after=2023-12-06T04:47:00+00:00
[2023-12-06T11:47:32.182+0700] {processor.py:175} INFO - Processing /opt/anaconda3/lib/python3.8/site-packages/airflow/example_dags/example_branch_python_dop_operator_3.py took 1.139 seconds
[2023-12-06T11:53:28.183+0700] {processor.py:153} INFO - Started process (PID=51887) to work on /opt/anaconda3/lib/python3.8/site-packages/airflow/example_dags/example_branch_python_dop_operator_3.py
[2023-12-06T11:53:28.185+0700] {processor.py:743} INFO - Processing file /opt/anaconda3/lib/python3.8/site-packages/airflow/example_dags/example_branch_python_dop_operator_3.py for tasks to queue
[2023-12-06T11:53:28.186+0700] {logging_mixin.py:137} INFO - [2023-12-06T11:53:28.186+0700] {dagbag.py:538} INFO - Filling up the DagBag from /opt/anaconda3/lib/python3.8/site-packages/airflow/example_dags/example_branch_python_dop_operator_3.py
[2023-12-06T11:53:28.249+0700] {processor.py:753} INFO - DAG(s) dict_keys(['example_branch_dop_operator_v3']) retrieved from /opt/anaconda3/lib/python3.8/site-packages/airflow/example_dags/example_branch_python_dop_operator_3.py
[2023-12-06T11:53:29.121+0700] {logging_mixin.py:137} INFO - [2023-12-06T11:53:29.121+0700] {dag.py:2676} INFO - Sync 1 DAGs
[2023-12-06T11:53:29.149+0700] {logging_mixin.py:137} INFO - [2023-12-06T11:53:29.149+0700] {dag.py:3423} INFO - Setting next_dagrun for example_branch_dop_operator_v3 to 2023-12-06T04:52:00+00:00, run_after=2023-12-06T04:53:00+00:00
[2023-12-06T11:53:29.173+0700] {processor.py:175} INFO - Processing /opt/anaconda3/lib/python3.8/site-packages/airflow/example_dags/example_branch_python_dop_operator_3.py took 0.991 seconds
[2023-12-06T11:58:15.463+0700] {processor.py:153} INFO - Started process (PID=54948) to work on /opt/anaconda3/lib/python3.8/site-packages/airflow/example_dags/example_branch_python_dop_operator_3.py
[2023-12-06T11:58:15.464+0700] {processor.py:743} INFO - Processing file /opt/anaconda3/lib/python3.8/site-packages/airflow/example_dags/example_branch_python_dop_operator_3.py for tasks to queue
[2023-12-06T11:58:15.465+0700] {logging_mixin.py:137} INFO - [2023-12-06T11:58:15.465+0700] {dagbag.py:538} INFO - Filling up the DagBag from /opt/anaconda3/lib/python3.8/site-packages/airflow/example_dags/example_branch_python_dop_operator_3.py
[2023-12-06T11:58:15.529+0700] {processor.py:753} INFO - DAG(s) dict_keys(['example_branch_dop_operator_v3']) retrieved from /opt/anaconda3/lib/python3.8/site-packages/airflow/example_dags/example_branch_python_dop_operator_3.py
[2023-12-06T11:58:16.527+0700] {logging_mixin.py:137} INFO - [2023-12-06T11:58:16.527+0700] {dag.py:2676} INFO - Sync 1 DAGs
[2023-12-06T11:58:16.549+0700] {logging_mixin.py:137} INFO - [2023-12-06T11:58:16.549+0700] {dag.py:3423} INFO - Setting next_dagrun for example_branch_dop_operator_v3 to 2023-12-06T04:57:00+00:00, run_after=2023-12-06T04:58:00+00:00
[2023-12-06T11:58:16.573+0700] {processor.py:175} INFO - Processing /opt/anaconda3/lib/python3.8/site-packages/airflow/example_dags/example_branch_python_dop_operator_3.py took 1.111 seconds
[2023-12-06T12:03:04.036+0700] {processor.py:153} INFO - Started process (PID=58016) to work on /opt/anaconda3/lib/python3.8/site-packages/airflow/example_dags/example_branch_python_dop_operator_3.py
[2023-12-06T12:03:04.038+0700] {processor.py:743} INFO - Processing file /opt/anaconda3/lib/python3.8/site-packages/airflow/example_dags/example_branch_python_dop_operator_3.py for tasks to queue
[2023-12-06T12:03:04.040+0700] {logging_mixin.py:137} INFO - [2023-12-06T12:03:04.040+0700] {dagbag.py:538} INFO - Filling up the DagBag from /opt/anaconda3/lib/python3.8/site-packages/airflow/example_dags/example_branch_python_dop_operator_3.py
[2023-12-06T12:03:04.153+0700] {processor.py:753} INFO - DAG(s) dict_keys(['example_branch_dop_operator_v3']) retrieved from /opt/anaconda3/lib/python3.8/site-packages/airflow/example_dags/example_branch_python_dop_operator_3.py
[2023-12-06T12:03:05.659+0700] {logging_mixin.py:137} INFO - [2023-12-06T12:03:05.659+0700] {dag.py:2676} INFO - Sync 1 DAGs
[2023-12-06T12:03:05.730+0700] {logging_mixin.py:137} INFO - [2023-12-06T12:03:05.728+0700] {dag.py:3423} INFO - Setting next_dagrun for example_branch_dop_operator_v3 to 2023-12-06T05:02:00+00:00, run_after=2023-12-06T05:03:00+00:00
[2023-12-06T12:03:05.829+0700] {processor.py:175} INFO - Processing /opt/anaconda3/lib/python3.8/site-packages/airflow/example_dags/example_branch_python_dop_operator_3.py took 1.794 seconds
[2023-12-06T15:16:59.965+0700] {processor.py:153} INFO - Started process (PID=62504) to work on /opt/anaconda3/lib/python3.8/site-packages/airflow/example_dags/example_branch_python_dop_operator_3.py
[2023-12-06T15:16:59.966+0700] {processor.py:743} INFO - Processing file /opt/anaconda3/lib/python3.8/site-packages/airflow/example_dags/example_branch_python_dop_operator_3.py for tasks to queue
[2023-12-06T15:16:59.968+0700] {logging_mixin.py:137} INFO - [2023-12-06T15:16:59.968+0700] {dagbag.py:538} INFO - Filling up the DagBag from /opt/anaconda3/lib/python3.8/site-packages/airflow/example_dags/example_branch_python_dop_operator_3.py
[2023-12-06T15:17:00.031+0700] {processor.py:753} INFO - DAG(s) dict_keys(['example_branch_dop_operator_v3']) retrieved from /opt/anaconda3/lib/python3.8/site-packages/airflow/example_dags/example_branch_python_dop_operator_3.py
[2023-12-06T15:17:00.792+0700] {logging_mixin.py:137} INFO - [2023-12-06T15:17:00.791+0700] {dag.py:2676} INFO - Sync 1 DAGs
[2023-12-06T15:17:00.813+0700] {logging_mixin.py:137} INFO - [2023-12-06T15:17:00.813+0700] {dag.py:3423} INFO - Setting next_dagrun for example_branch_dop_operator_v3 to 2023-12-06T08:16:00+00:00, run_after=2023-12-06T08:17:00+00:00
[2023-12-06T15:17:00.839+0700] {processor.py:175} INFO - Processing /opt/anaconda3/lib/python3.8/site-packages/airflow/example_dags/example_branch_python_dop_operator_3.py took 0.875 seconds
[2023-12-06T15:21:42.229+0700] {processor.py:153} INFO - Started process (PID=65570) to work on /opt/anaconda3/lib/python3.8/site-packages/airflow/example_dags/example_branch_python_dop_operator_3.py
[2023-12-06T15:21:42.231+0700] {processor.py:743} INFO - Processing file /opt/anaconda3/lib/python3.8/site-packages/airflow/example_dags/example_branch_python_dop_operator_3.py for tasks to queue
[2023-12-06T15:21:42.231+0700] {logging_mixin.py:137} INFO - [2023-12-06T15:21:42.231+0700] {dagbag.py:538} INFO - Filling up the DagBag from /opt/anaconda3/lib/python3.8/site-packages/airflow/example_dags/example_branch_python_dop_operator_3.py
[2023-12-06T15:21:42.287+0700] {processor.py:753} INFO - DAG(s) dict_keys(['example_branch_dop_operator_v3']) retrieved from /opt/anaconda3/lib/python3.8/site-packages/airflow/example_dags/example_branch_python_dop_operator_3.py
[2023-12-06T15:21:43.118+0700] {logging_mixin.py:137} INFO - [2023-12-06T15:21:43.117+0700] {dag.py:2676} INFO - Sync 1 DAGs
[2023-12-06T15:21:43.146+0700] {logging_mixin.py:137} INFO - [2023-12-06T15:21:43.146+0700] {dag.py:3423} INFO - Setting next_dagrun for example_branch_dop_operator_v3 to 2023-12-06T08:20:00+00:00, run_after=2023-12-06T08:21:00+00:00
[2023-12-06T15:21:43.193+0700] {processor.py:175} INFO - Processing /opt/anaconda3/lib/python3.8/site-packages/airflow/example_dags/example_branch_python_dop_operator_3.py took 0.965 seconds
[2023-12-06T15:26:35.051+0700] {processor.py:153} INFO - Started process (PID=68738) to work on /opt/anaconda3/lib/python3.8/site-packages/airflow/example_dags/example_branch_python_dop_operator_3.py
[2023-12-06T15:26:35.053+0700] {processor.py:743} INFO - Processing file /opt/anaconda3/lib/python3.8/site-packages/airflow/example_dags/example_branch_python_dop_operator_3.py for tasks to queue
[2023-12-06T15:26:35.054+0700] {logging_mixin.py:137} INFO - [2023-12-06T15:26:35.053+0700] {dagbag.py:538} INFO - Filling up the DagBag from /opt/anaconda3/lib/python3.8/site-packages/airflow/example_dags/example_branch_python_dop_operator_3.py
[2023-12-06T15:26:35.133+0700] {processor.py:753} INFO - DAG(s) dict_keys(['example_branch_dop_operator_v3']) retrieved from /opt/anaconda3/lib/python3.8/site-packages/airflow/example_dags/example_branch_python_dop_operator_3.py
[2023-12-06T15:26:36.155+0700] {logging_mixin.py:137} INFO - [2023-12-06T15:26:36.154+0700] {dag.py:2676} INFO - Sync 1 DAGs
[2023-12-06T15:26:36.182+0700] {logging_mixin.py:137} INFO - [2023-12-06T15:26:36.182+0700] {dag.py:3423} INFO - Setting next_dagrun for example_branch_dop_operator_v3 to 2023-12-06T08:25:00+00:00, run_after=2023-12-06T08:26:00+00:00
[2023-12-06T15:26:36.212+0700] {processor.py:175} INFO - Processing /opt/anaconda3/lib/python3.8/site-packages/airflow/example_dags/example_branch_python_dop_operator_3.py took 1.161 seconds
[2023-12-06T15:31:22.719+0700] {processor.py:153} INFO - Started process (PID=71799) to work on /opt/anaconda3/lib/python3.8/site-packages/airflow/example_dags/example_branch_python_dop_operator_3.py
[2023-12-06T15:31:22.720+0700] {processor.py:743} INFO - Processing file /opt/anaconda3/lib/python3.8/site-packages/airflow/example_dags/example_branch_python_dop_operator_3.py for tasks to queue
[2023-12-06T15:31:22.721+0700] {logging_mixin.py:137} INFO - [2023-12-06T15:31:22.720+0700] {dagbag.py:538} INFO - Filling up the DagBag from /opt/anaconda3/lib/python3.8/site-packages/airflow/example_dags/example_branch_python_dop_operator_3.py
[2023-12-06T15:31:22.786+0700] {processor.py:753} INFO - DAG(s) dict_keys(['example_branch_dop_operator_v3']) retrieved from /opt/anaconda3/lib/python3.8/site-packages/airflow/example_dags/example_branch_python_dop_operator_3.py
[2023-12-06T15:31:23.601+0700] {logging_mixin.py:137} INFO - [2023-12-06T15:31:23.600+0700] {dag.py:2676} INFO - Sync 1 DAGs
[2023-12-06T15:31:23.638+0700] {logging_mixin.py:137} INFO - [2023-12-06T15:31:23.638+0700] {dag.py:3423} INFO - Setting next_dagrun for example_branch_dop_operator_v3 to 2023-12-06T08:30:00+00:00, run_after=2023-12-06T08:31:00+00:00
[2023-12-06T15:31:23.664+0700] {processor.py:175} INFO - Processing /opt/anaconda3/lib/python3.8/site-packages/airflow/example_dags/example_branch_python_dop_operator_3.py took 0.946 seconds
[2023-12-06T15:36:15.854+0700] {processor.py:153} INFO - Started process (PID=75015) to work on /opt/anaconda3/lib/python3.8/site-packages/airflow/example_dags/example_branch_python_dop_operator_3.py
[2023-12-06T15:36:15.856+0700] {processor.py:743} INFO - Processing file /opt/anaconda3/lib/python3.8/site-packages/airflow/example_dags/example_branch_python_dop_operator_3.py for tasks to queue
[2023-12-06T15:36:15.857+0700] {logging_mixin.py:137} INFO - [2023-12-06T15:36:15.856+0700] {dagbag.py:538} INFO - Filling up the DagBag from /opt/anaconda3/lib/python3.8/site-packages/airflow/example_dags/example_branch_python_dop_operator_3.py
[2023-12-06T15:36:15.909+0700] {processor.py:753} INFO - DAG(s) dict_keys(['example_branch_dop_operator_v3']) retrieved from /opt/anaconda3/lib/python3.8/site-packages/airflow/example_dags/example_branch_python_dop_operator_3.py
[2023-12-06T15:36:16.668+0700] {logging_mixin.py:137} INFO - [2023-12-06T15:36:16.668+0700] {dag.py:2676} INFO - Sync 1 DAGs
[2023-12-06T15:36:16.689+0700] {logging_mixin.py:137} INFO - [2023-12-06T15:36:16.689+0700] {dag.py:3423} INFO - Setting next_dagrun for example_branch_dop_operator_v3 to 2023-12-06T08:35:00+00:00, run_after=2023-12-06T08:36:00+00:00
[2023-12-06T15:36:16.713+0700] {processor.py:175} INFO - Processing /opt/anaconda3/lib/python3.8/site-packages/airflow/example_dags/example_branch_python_dop_operator_3.py took 0.860 seconds
