[2023-12-06T10:18:28.428+0700] {processor.py:153} INFO - Started process (PID=92182) to work on /opt/anaconda3/lib/python3.8/site-packages/airflow/example_dags/example_branch_operator_decorator.py
[2023-12-06T10:18:28.429+0700] {processor.py:743} INFO - Processing file /opt/anaconda3/lib/python3.8/site-packages/airflow/example_dags/example_branch_operator_decorator.py for tasks to queue
[2023-12-06T10:18:28.430+0700] {logging_mixin.py:137} INFO - [2023-12-06T10:18:28.430+0700] {dagbag.py:538} INFO - Filling up the DagBag from /opt/anaconda3/lib/python3.8/site-packages/airflow/example_dags/example_branch_operator_decorator.py
[2023-12-06T10:18:28.505+0700] {processor.py:753} INFO - DAG(s) dict_keys(['example_branch_python_operator_decorator']) retrieved from /opt/anaconda3/lib/python3.8/site-packages/airflow/example_dags/example_branch_operator_decorator.py
[2023-12-06T10:18:29.491+0700] {logging_mixin.py:137} INFO - [2023-12-06T10:18:29.491+0700] {dag.py:2676} INFO - Sync 1 DAGs
[2023-12-06T10:18:29.514+0700] {logging_mixin.py:137} INFO - [2023-12-06T10:18:29.514+0700] {dag.py:3423} INFO - Setting next_dagrun for example_branch_python_operator_decorator to 2023-12-05T00:00:00+00:00, run_after=2023-12-06T00:00:00+00:00
[2023-12-06T10:18:29.543+0700] {processor.py:175} INFO - Processing /opt/anaconda3/lib/python3.8/site-packages/airflow/example_dags/example_branch_operator_decorator.py took 1.116 seconds
[2023-12-06T10:28:56.733+0700] {processor.py:153} INFO - Started process (PID=99129) to work on /opt/anaconda3/lib/python3.8/site-packages/airflow/example_dags/example_branch_operator_decorator.py
[2023-12-06T10:28:56.735+0700] {processor.py:743} INFO - Processing file /opt/anaconda3/lib/python3.8/site-packages/airflow/example_dags/example_branch_operator_decorator.py for tasks to queue
[2023-12-06T10:28:56.736+0700] {logging_mixin.py:137} INFO - [2023-12-06T10:28:56.736+0700] {dagbag.py:538} INFO - Filling up the DagBag from /opt/anaconda3/lib/python3.8/site-packages/airflow/example_dags/example_branch_operator_decorator.py
[2023-12-06T10:28:56.795+0700] {processor.py:753} INFO - DAG(s) dict_keys(['example_branch_python_operator_decorator']) retrieved from /opt/anaconda3/lib/python3.8/site-packages/airflow/example_dags/example_branch_operator_decorator.py
[2023-12-06T10:28:57.800+0700] {logging_mixin.py:137} INFO - [2023-12-06T10:28:57.800+0700] {dag.py:2676} INFO - Sync 1 DAGs
[2023-12-06T10:28:57.823+0700] {logging_mixin.py:137} INFO - [2023-12-06T10:28:57.823+0700] {dag.py:3423} INFO - Setting next_dagrun for example_branch_python_operator_decorator to 2023-12-05T00:00:00+00:00, run_after=2023-12-06T00:00:00+00:00
[2023-12-06T10:28:57.852+0700] {processor.py:175} INFO - Processing /opt/anaconda3/lib/python3.8/site-packages/airflow/example_dags/example_branch_operator_decorator.py took 1.119 seconds
[2023-12-06T10:45:25.863+0700] {processor.py:153} INFO - Started process (PID=7855) to work on /opt/anaconda3/lib/python3.8/site-packages/airflow/example_dags/example_branch_operator_decorator.py
[2023-12-06T10:45:25.864+0700] {processor.py:743} INFO - Processing file /opt/anaconda3/lib/python3.8/site-packages/airflow/example_dags/example_branch_operator_decorator.py for tasks to queue
[2023-12-06T10:45:25.865+0700] {logging_mixin.py:137} INFO - [2023-12-06T10:45:25.865+0700] {dagbag.py:538} INFO - Filling up the DagBag from /opt/anaconda3/lib/python3.8/site-packages/airflow/example_dags/example_branch_operator_decorator.py
[2023-12-06T10:45:25.935+0700] {processor.py:753} INFO - DAG(s) dict_keys(['example_branch_python_operator_decorator']) retrieved from /opt/anaconda3/lib/python3.8/site-packages/airflow/example_dags/example_branch_operator_decorator.py
[2023-12-06T10:45:26.963+0700] {logging_mixin.py:137} INFO - [2023-12-06T10:45:26.963+0700] {dag.py:2676} INFO - Sync 1 DAGs
[2023-12-06T10:45:26.984+0700] {logging_mixin.py:137} INFO - [2023-12-06T10:45:26.984+0700] {dag.py:3423} INFO - Setting next_dagrun for example_branch_python_operator_decorator to 2023-12-05T00:00:00+00:00, run_after=2023-12-06T00:00:00+00:00
[2023-12-06T10:45:27.009+0700] {processor.py:175} INFO - Processing /opt/anaconda3/lib/python3.8/site-packages/airflow/example_dags/example_branch_operator_decorator.py took 1.147 seconds
[2023-12-06T10:52:43.267+0700] {processor.py:153} INFO - Started process (PID=12661) to work on /opt/anaconda3/lib/python3.8/site-packages/airflow/example_dags/example_branch_operator_decorator.py
[2023-12-06T10:52:43.269+0700] {processor.py:743} INFO - Processing file /opt/anaconda3/lib/python3.8/site-packages/airflow/example_dags/example_branch_operator_decorator.py for tasks to queue
[2023-12-06T10:52:43.270+0700] {logging_mixin.py:137} INFO - [2023-12-06T10:52:43.270+0700] {dagbag.py:538} INFO - Filling up the DagBag from /opt/anaconda3/lib/python3.8/site-packages/airflow/example_dags/example_branch_operator_decorator.py
[2023-12-06T10:52:43.340+0700] {processor.py:753} INFO - DAG(s) dict_keys(['example_branch_python_operator_decorator']) retrieved from /opt/anaconda3/lib/python3.8/site-packages/airflow/example_dags/example_branch_operator_decorator.py
[2023-12-06T10:52:44.351+0700] {logging_mixin.py:137} INFO - [2023-12-06T10:52:44.350+0700] {dag.py:2676} INFO - Sync 1 DAGs
[2023-12-06T10:52:44.376+0700] {logging_mixin.py:137} INFO - [2023-12-06T10:52:44.376+0700] {dag.py:3423} INFO - Setting next_dagrun for example_branch_python_operator_decorator to 2023-12-05T00:00:00+00:00, run_after=2023-12-06T00:00:00+00:00
[2023-12-06T10:52:44.401+0700] {processor.py:175} INFO - Processing /opt/anaconda3/lib/python3.8/site-packages/airflow/example_dags/example_branch_operator_decorator.py took 1.135 seconds
[2023-12-06T10:58:50.071+0700] {processor.py:153} INFO - Started process (PID=16628) to work on /opt/anaconda3/lib/python3.8/site-packages/airflow/example_dags/example_branch_operator_decorator.py
[2023-12-06T10:58:50.073+0700] {processor.py:743} INFO - Processing file /opt/anaconda3/lib/python3.8/site-packages/airflow/example_dags/example_branch_operator_decorator.py for tasks to queue
[2023-12-06T10:58:50.074+0700] {logging_mixin.py:137} INFO - [2023-12-06T10:58:50.073+0700] {dagbag.py:538} INFO - Filling up the DagBag from /opt/anaconda3/lib/python3.8/site-packages/airflow/example_dags/example_branch_operator_decorator.py
[2023-12-06T10:58:50.138+0700] {processor.py:753} INFO - DAG(s) dict_keys(['example_branch_python_operator_decorator']) retrieved from /opt/anaconda3/lib/python3.8/site-packages/airflow/example_dags/example_branch_operator_decorator.py
[2023-12-06T10:58:51.580+0700] {logging_mixin.py:137} INFO - [2023-12-06T10:58:51.580+0700] {dag.py:2676} INFO - Sync 1 DAGs
[2023-12-06T10:58:51.606+0700] {logging_mixin.py:137} INFO - [2023-12-06T10:58:51.606+0700] {dag.py:3423} INFO - Setting next_dagrun for example_branch_python_operator_decorator to 2023-12-05T00:00:00+00:00, run_after=2023-12-06T00:00:00+00:00
[2023-12-06T10:58:51.639+0700] {processor.py:175} INFO - Processing /opt/anaconda3/lib/python3.8/site-packages/airflow/example_dags/example_branch_operator_decorator.py took 1.569 seconds
[2023-12-06T11:05:18.581+0700] {processor.py:153} INFO - Started process (PID=20749) to work on /opt/anaconda3/lib/python3.8/site-packages/airflow/example_dags/example_branch_operator_decorator.py
[2023-12-06T11:05:18.583+0700] {processor.py:743} INFO - Processing file /opt/anaconda3/lib/python3.8/site-packages/airflow/example_dags/example_branch_operator_decorator.py for tasks to queue
[2023-12-06T11:05:18.584+0700] {logging_mixin.py:137} INFO - [2023-12-06T11:05:18.584+0700] {dagbag.py:538} INFO - Filling up the DagBag from /opt/anaconda3/lib/python3.8/site-packages/airflow/example_dags/example_branch_operator_decorator.py
[2023-12-06T11:05:18.668+0700] {processor.py:753} INFO - DAG(s) dict_keys(['example_branch_python_operator_decorator']) retrieved from /opt/anaconda3/lib/python3.8/site-packages/airflow/example_dags/example_branch_operator_decorator.py
[2023-12-06T11:05:19.898+0700] {logging_mixin.py:137} INFO - [2023-12-06T11:05:19.898+0700] {dag.py:2676} INFO - Sync 1 DAGs
[2023-12-06T11:05:19.923+0700] {logging_mixin.py:137} INFO - [2023-12-06T11:05:19.923+0700] {dag.py:3423} INFO - Setting next_dagrun for example_branch_python_operator_decorator to 2023-12-05T00:00:00+00:00, run_after=2023-12-06T00:00:00+00:00
[2023-12-06T11:05:19.948+0700] {processor.py:175} INFO - Processing /opt/anaconda3/lib/python3.8/site-packages/airflow/example_dags/example_branch_operator_decorator.py took 1.368 seconds
[2023-12-06T11:11:59.905+0700] {processor.py:153} INFO - Started process (PID=25195) to work on /opt/anaconda3/lib/python3.8/site-packages/airflow/example_dags/example_branch_operator_decorator.py
[2023-12-06T11:11:59.907+0700] {processor.py:743} INFO - Processing file /opt/anaconda3/lib/python3.8/site-packages/airflow/example_dags/example_branch_operator_decorator.py for tasks to queue
[2023-12-06T11:11:59.908+0700] {logging_mixin.py:137} INFO - [2023-12-06T11:11:59.908+0700] {dagbag.py:538} INFO - Filling up the DagBag from /opt/anaconda3/lib/python3.8/site-packages/airflow/example_dags/example_branch_operator_decorator.py
[2023-12-06T11:12:00.009+0700] {processor.py:753} INFO - DAG(s) dict_keys(['example_branch_python_operator_decorator']) retrieved from /opt/anaconda3/lib/python3.8/site-packages/airflow/example_dags/example_branch_operator_decorator.py
[2023-12-06T11:12:01.703+0700] {logging_mixin.py:137} INFO - [2023-12-06T11:12:01.702+0700] {dag.py:2676} INFO - Sync 1 DAGs
[2023-12-06T11:12:01.779+0700] {logging_mixin.py:137} INFO - [2023-12-06T11:12:01.779+0700] {dag.py:3423} INFO - Setting next_dagrun for example_branch_python_operator_decorator to 2023-12-05T00:00:00+00:00, run_after=2023-12-06T00:00:00+00:00
[2023-12-06T11:12:01.827+0700] {processor.py:175} INFO - Processing /opt/anaconda3/lib/python3.8/site-packages/airflow/example_dags/example_branch_operator_decorator.py took 1.922 seconds
[2023-12-06T11:19:38.537+0700] {processor.py:153} INFO - Started process (PID=30183) to work on /opt/anaconda3/lib/python3.8/site-packages/airflow/example_dags/example_branch_operator_decorator.py
[2023-12-06T11:19:38.539+0700] {processor.py:743} INFO - Processing file /opt/anaconda3/lib/python3.8/site-packages/airflow/example_dags/example_branch_operator_decorator.py for tasks to queue
[2023-12-06T11:19:38.540+0700] {logging_mixin.py:137} INFO - [2023-12-06T11:19:38.539+0700] {dagbag.py:538} INFO - Filling up the DagBag from /opt/anaconda3/lib/python3.8/site-packages/airflow/example_dags/example_branch_operator_decorator.py
[2023-12-06T11:19:38.606+0700] {processor.py:753} INFO - DAG(s) dict_keys(['example_branch_python_operator_decorator']) retrieved from /opt/anaconda3/lib/python3.8/site-packages/airflow/example_dags/example_branch_operator_decorator.py
[2023-12-06T11:19:39.572+0700] {logging_mixin.py:137} INFO - [2023-12-06T11:19:39.572+0700] {dag.py:2676} INFO - Sync 1 DAGs
[2023-12-06T11:19:39.602+0700] {logging_mixin.py:137} INFO - [2023-12-06T11:19:39.601+0700] {dag.py:3423} INFO - Setting next_dagrun for example_branch_python_operator_decorator to 2023-12-05T00:00:00+00:00, run_after=2023-12-06T00:00:00+00:00
[2023-12-06T11:19:39.631+0700] {processor.py:175} INFO - Processing /opt/anaconda3/lib/python3.8/site-packages/airflow/example_dags/example_branch_operator_decorator.py took 1.095 seconds
[2023-12-06T11:25:38.026+0700] {processor.py:153} INFO - Started process (PID=33923) to work on /opt/anaconda3/lib/python3.8/site-packages/airflow/example_dags/example_branch_operator_decorator.py
[2023-12-06T11:25:38.028+0700] {processor.py:743} INFO - Processing file /opt/anaconda3/lib/python3.8/site-packages/airflow/example_dags/example_branch_operator_decorator.py for tasks to queue
[2023-12-06T11:25:38.028+0700] {logging_mixin.py:137} INFO - [2023-12-06T11:25:38.028+0700] {dagbag.py:538} INFO - Filling up the DagBag from /opt/anaconda3/lib/python3.8/site-packages/airflow/example_dags/example_branch_operator_decorator.py
[2023-12-06T11:25:38.107+0700] {processor.py:753} INFO - DAG(s) dict_keys(['example_branch_python_operator_decorator']) retrieved from /opt/anaconda3/lib/python3.8/site-packages/airflow/example_dags/example_branch_operator_decorator.py
[2023-12-06T11:25:39.110+0700] {logging_mixin.py:137} INFO - [2023-12-06T11:25:39.110+0700] {dag.py:2676} INFO - Sync 1 DAGs
[2023-12-06T11:25:39.135+0700] {logging_mixin.py:137} INFO - [2023-12-06T11:25:39.134+0700] {dag.py:3423} INFO - Setting next_dagrun for example_branch_python_operator_decorator to 2023-12-05T00:00:00+00:00, run_after=2023-12-06T00:00:00+00:00
[2023-12-06T11:25:39.163+0700] {processor.py:175} INFO - Processing /opt/anaconda3/lib/python3.8/site-packages/airflow/example_dags/example_branch_operator_decorator.py took 1.138 seconds
[2023-12-06T11:31:34.285+0700] {processor.py:153} INFO - Started process (PID=37771) to work on /opt/anaconda3/lib/python3.8/site-packages/airflow/example_dags/example_branch_operator_decorator.py
[2023-12-06T11:31:34.287+0700] {processor.py:743} INFO - Processing file /opt/anaconda3/lib/python3.8/site-packages/airflow/example_dags/example_branch_operator_decorator.py for tasks to queue
[2023-12-06T11:31:34.288+0700] {logging_mixin.py:137} INFO - [2023-12-06T11:31:34.288+0700] {dagbag.py:538} INFO - Filling up the DagBag from /opt/anaconda3/lib/python3.8/site-packages/airflow/example_dags/example_branch_operator_decorator.py
[2023-12-06T11:31:34.379+0700] {processor.py:753} INFO - DAG(s) dict_keys(['example_branch_python_operator_decorator']) retrieved from /opt/anaconda3/lib/python3.8/site-packages/airflow/example_dags/example_branch_operator_decorator.py
[2023-12-06T11:31:35.363+0700] {logging_mixin.py:137} INFO - [2023-12-06T11:31:35.362+0700] {dag.py:2676} INFO - Sync 1 DAGs
[2023-12-06T11:31:35.383+0700] {logging_mixin.py:137} INFO - [2023-12-06T11:31:35.382+0700] {dag.py:3423} INFO - Setting next_dagrun for example_branch_python_operator_decorator to 2023-12-05T00:00:00+00:00, run_after=2023-12-06T00:00:00+00:00
[2023-12-06T11:31:35.409+0700] {processor.py:175} INFO - Processing /opt/anaconda3/lib/python3.8/site-packages/airflow/example_dags/example_branch_operator_decorator.py took 1.124 seconds
[2023-12-06T11:40:59.711+0700] {processor.py:153} INFO - Started process (PID=43787) to work on /opt/anaconda3/lib/python3.8/site-packages/airflow/example_dags/example_branch_operator_decorator.py
[2023-12-06T11:40:59.713+0700] {processor.py:743} INFO - Processing file /opt/anaconda3/lib/python3.8/site-packages/airflow/example_dags/example_branch_operator_decorator.py for tasks to queue
[2023-12-06T11:40:59.714+0700] {logging_mixin.py:137} INFO - [2023-12-06T11:40:59.714+0700] {dagbag.py:538} INFO - Filling up the DagBag from /opt/anaconda3/lib/python3.8/site-packages/airflow/example_dags/example_branch_operator_decorator.py
[2023-12-06T11:40:59.772+0700] {processor.py:753} INFO - DAG(s) dict_keys(['example_branch_python_operator_decorator']) retrieved from /opt/anaconda3/lib/python3.8/site-packages/airflow/example_dags/example_branch_operator_decorator.py
[2023-12-06T11:41:00.791+0700] {logging_mixin.py:137} INFO - [2023-12-06T11:41:00.791+0700] {dag.py:2676} INFO - Sync 1 DAGs
[2023-12-06T11:41:00.812+0700] {logging_mixin.py:137} INFO - [2023-12-06T11:41:00.812+0700] {dag.py:3423} INFO - Setting next_dagrun for example_branch_python_operator_decorator to 2023-12-05T00:00:00+00:00, run_after=2023-12-06T00:00:00+00:00
[2023-12-06T11:41:00.833+0700] {processor.py:175} INFO - Processing /opt/anaconda3/lib/python3.8/site-packages/airflow/example_dags/example_branch_operator_decorator.py took 1.122 seconds
[2023-12-06T11:47:36.203+0700] {processor.py:153} INFO - Started process (PID=48057) to work on /opt/anaconda3/lib/python3.8/site-packages/airflow/example_dags/example_branch_operator_decorator.py
[2023-12-06T11:47:36.205+0700] {processor.py:743} INFO - Processing file /opt/anaconda3/lib/python3.8/site-packages/airflow/example_dags/example_branch_operator_decorator.py for tasks to queue
[2023-12-06T11:47:36.205+0700] {logging_mixin.py:137} INFO - [2023-12-06T11:47:36.205+0700] {dagbag.py:538} INFO - Filling up the DagBag from /opt/anaconda3/lib/python3.8/site-packages/airflow/example_dags/example_branch_operator_decorator.py
[2023-12-06T11:47:36.316+0700] {processor.py:753} INFO - DAG(s) dict_keys(['example_branch_python_operator_decorator']) retrieved from /opt/anaconda3/lib/python3.8/site-packages/airflow/example_dags/example_branch_operator_decorator.py
[2023-12-06T11:47:37.492+0700] {logging_mixin.py:137} INFO - [2023-12-06T11:47:37.491+0700] {dag.py:2676} INFO - Sync 1 DAGs
[2023-12-06T11:47:37.516+0700] {logging_mixin.py:137} INFO - [2023-12-06T11:47:37.516+0700] {dag.py:3423} INFO - Setting next_dagrun for example_branch_python_operator_decorator to 2023-12-05T00:00:00+00:00, run_after=2023-12-06T00:00:00+00:00
[2023-12-06T11:47:37.553+0700] {processor.py:175} INFO - Processing /opt/anaconda3/lib/python3.8/site-packages/airflow/example_dags/example_branch_operator_decorator.py took 1.352 seconds
[2023-12-06T11:53:32.342+0700] {processor.py:153} INFO - Started process (PID=51890) to work on /opt/anaconda3/lib/python3.8/site-packages/airflow/example_dags/example_branch_operator_decorator.py
[2023-12-06T11:53:32.344+0700] {processor.py:743} INFO - Processing file /opt/anaconda3/lib/python3.8/site-packages/airflow/example_dags/example_branch_operator_decorator.py for tasks to queue
[2023-12-06T11:53:32.344+0700] {logging_mixin.py:137} INFO - [2023-12-06T11:53:32.344+0700] {dagbag.py:538} INFO - Filling up the DagBag from /opt/anaconda3/lib/python3.8/site-packages/airflow/example_dags/example_branch_operator_decorator.py
[2023-12-06T11:53:32.410+0700] {processor.py:753} INFO - DAG(s) dict_keys(['example_branch_python_operator_decorator']) retrieved from /opt/anaconda3/lib/python3.8/site-packages/airflow/example_dags/example_branch_operator_decorator.py
[2023-12-06T11:53:33.256+0700] {logging_mixin.py:137} INFO - [2023-12-06T11:53:33.255+0700] {dag.py:2676} INFO - Sync 1 DAGs
[2023-12-06T11:53:33.279+0700] {logging_mixin.py:137} INFO - [2023-12-06T11:53:33.278+0700] {dag.py:3423} INFO - Setting next_dagrun for example_branch_python_operator_decorator to 2023-12-05T00:00:00+00:00, run_after=2023-12-06T00:00:00+00:00
[2023-12-06T11:53:33.307+0700] {processor.py:175} INFO - Processing /opt/anaconda3/lib/python3.8/site-packages/airflow/example_dags/example_branch_operator_decorator.py took 0.967 seconds
[2023-12-06T11:58:20.374+0700] {processor.py:153} INFO - Started process (PID=54953) to work on /opt/anaconda3/lib/python3.8/site-packages/airflow/example_dags/example_branch_operator_decorator.py
[2023-12-06T11:58:20.376+0700] {processor.py:743} INFO - Processing file /opt/anaconda3/lib/python3.8/site-packages/airflow/example_dags/example_branch_operator_decorator.py for tasks to queue
[2023-12-06T11:58:20.376+0700] {logging_mixin.py:137} INFO - [2023-12-06T11:58:20.376+0700] {dagbag.py:538} INFO - Filling up the DagBag from /opt/anaconda3/lib/python3.8/site-packages/airflow/example_dags/example_branch_operator_decorator.py
[2023-12-06T11:58:20.435+0700] {processor.py:753} INFO - DAG(s) dict_keys(['example_branch_python_operator_decorator']) retrieved from /opt/anaconda3/lib/python3.8/site-packages/airflow/example_dags/example_branch_operator_decorator.py
[2023-12-06T11:58:21.226+0700] {logging_mixin.py:137} INFO - [2023-12-06T11:58:21.226+0700] {dag.py:2676} INFO - Sync 1 DAGs
[2023-12-06T11:58:21.248+0700] {logging_mixin.py:137} INFO - [2023-12-06T11:58:21.247+0700] {dag.py:3423} INFO - Setting next_dagrun for example_branch_python_operator_decorator to 2023-12-05T00:00:00+00:00, run_after=2023-12-06T00:00:00+00:00
[2023-12-06T11:58:21.274+0700] {processor.py:175} INFO - Processing /opt/anaconda3/lib/python3.8/site-packages/airflow/example_dags/example_branch_operator_decorator.py took 0.901 seconds
[2023-12-06T12:03:09.206+0700] {processor.py:153} INFO - Started process (PID=58127) to work on /opt/anaconda3/lib/python3.8/site-packages/airflow/example_dags/example_branch_operator_decorator.py
[2023-12-06T12:03:09.208+0700] {processor.py:743} INFO - Processing file /opt/anaconda3/lib/python3.8/site-packages/airflow/example_dags/example_branch_operator_decorator.py for tasks to queue
[2023-12-06T12:03:09.208+0700] {logging_mixin.py:137} INFO - [2023-12-06T12:03:09.208+0700] {dagbag.py:538} INFO - Filling up the DagBag from /opt/anaconda3/lib/python3.8/site-packages/airflow/example_dags/example_branch_operator_decorator.py
[2023-12-06T12:03:09.271+0700] {processor.py:753} INFO - DAG(s) dict_keys(['example_branch_python_operator_decorator']) retrieved from /opt/anaconda3/lib/python3.8/site-packages/airflow/example_dags/example_branch_operator_decorator.py
[2023-12-06T12:03:10.105+0700] {logging_mixin.py:137} INFO - [2023-12-06T12:03:10.105+0700] {dag.py:2676} INFO - Sync 1 DAGs
[2023-12-06T12:03:10.127+0700] {logging_mixin.py:137} INFO - [2023-12-06T12:03:10.127+0700] {dag.py:3423} INFO - Setting next_dagrun for example_branch_python_operator_decorator to 2023-12-05T00:00:00+00:00, run_after=2023-12-06T00:00:00+00:00
[2023-12-06T12:03:10.154+0700] {processor.py:175} INFO - Processing /opt/anaconda3/lib/python3.8/site-packages/airflow/example_dags/example_branch_operator_decorator.py took 0.949 seconds
[2023-12-06T15:17:03.959+0700] {processor.py:153} INFO - Started process (PID=62613) to work on /opt/anaconda3/lib/python3.8/site-packages/airflow/example_dags/example_branch_operator_decorator.py
[2023-12-06T15:17:03.961+0700] {processor.py:743} INFO - Processing file /opt/anaconda3/lib/python3.8/site-packages/airflow/example_dags/example_branch_operator_decorator.py for tasks to queue
[2023-12-06T15:17:03.962+0700] {logging_mixin.py:137} INFO - [2023-12-06T15:17:03.962+0700] {dagbag.py:538} INFO - Filling up the DagBag from /opt/anaconda3/lib/python3.8/site-packages/airflow/example_dags/example_branch_operator_decorator.py
[2023-12-06T15:17:04.016+0700] {processor.py:753} INFO - DAG(s) dict_keys(['example_branch_python_operator_decorator']) retrieved from /opt/anaconda3/lib/python3.8/site-packages/airflow/example_dags/example_branch_operator_decorator.py
[2023-12-06T15:17:04.766+0700] {logging_mixin.py:137} INFO - [2023-12-06T15:17:04.766+0700] {dag.py:2676} INFO - Sync 1 DAGs
[2023-12-06T15:17:04.784+0700] {logging_mixin.py:137} INFO - [2023-12-06T15:17:04.784+0700] {dag.py:3423} INFO - Setting next_dagrun for example_branch_python_operator_decorator to 2023-12-05T00:00:00+00:00, run_after=2023-12-06T00:00:00+00:00
[2023-12-06T15:17:04.804+0700] {processor.py:175} INFO - Processing /opt/anaconda3/lib/python3.8/site-packages/airflow/example_dags/example_branch_operator_decorator.py took 0.845 seconds
[2023-12-06T15:21:46.129+0700] {processor.py:153} INFO - Started process (PID=65573) to work on /opt/anaconda3/lib/python3.8/site-packages/airflow/example_dags/example_branch_operator_decorator.py
[2023-12-06T15:21:46.131+0700] {processor.py:743} INFO - Processing file /opt/anaconda3/lib/python3.8/site-packages/airflow/example_dags/example_branch_operator_decorator.py for tasks to queue
[2023-12-06T15:21:46.132+0700] {logging_mixin.py:137} INFO - [2023-12-06T15:21:46.132+0700] {dagbag.py:538} INFO - Filling up the DagBag from /opt/anaconda3/lib/python3.8/site-packages/airflow/example_dags/example_branch_operator_decorator.py
[2023-12-06T15:21:46.186+0700] {processor.py:753} INFO - DAG(s) dict_keys(['example_branch_python_operator_decorator']) retrieved from /opt/anaconda3/lib/python3.8/site-packages/airflow/example_dags/example_branch_operator_decorator.py
[2023-12-06T15:21:46.975+0700] {logging_mixin.py:137} INFO - [2023-12-06T15:21:46.975+0700] {dag.py:2676} INFO - Sync 1 DAGs
[2023-12-06T15:21:46.994+0700] {logging_mixin.py:137} INFO - [2023-12-06T15:21:46.993+0700] {dag.py:3423} INFO - Setting next_dagrun for example_branch_python_operator_decorator to 2023-12-05T00:00:00+00:00, run_after=2023-12-06T00:00:00+00:00
[2023-12-06T15:21:47.016+0700] {processor.py:175} INFO - Processing /opt/anaconda3/lib/python3.8/site-packages/airflow/example_dags/example_branch_operator_decorator.py took 0.887 seconds
[2023-12-06T15:26:40.774+0700] {processor.py:153} INFO - Started process (PID=68741) to work on /opt/anaconda3/lib/python3.8/site-packages/airflow/example_dags/example_branch_operator_decorator.py
[2023-12-06T15:26:40.775+0700] {processor.py:743} INFO - Processing file /opt/anaconda3/lib/python3.8/site-packages/airflow/example_dags/example_branch_operator_decorator.py for tasks to queue
[2023-12-06T15:26:40.776+0700] {logging_mixin.py:137} INFO - [2023-12-06T15:26:40.776+0700] {dagbag.py:538} INFO - Filling up the DagBag from /opt/anaconda3/lib/python3.8/site-packages/airflow/example_dags/example_branch_operator_decorator.py
[2023-12-06T15:26:40.834+0700] {processor.py:753} INFO - DAG(s) dict_keys(['example_branch_python_operator_decorator']) retrieved from /opt/anaconda3/lib/python3.8/site-packages/airflow/example_dags/example_branch_operator_decorator.py
[2023-12-06T15:26:41.875+0700] {logging_mixin.py:137} INFO - [2023-12-06T15:26:41.874+0700] {dag.py:2676} INFO - Sync 1 DAGs
[2023-12-06T15:26:41.895+0700] {logging_mixin.py:137} INFO - [2023-12-06T15:26:41.895+0700] {dag.py:3423} INFO - Setting next_dagrun for example_branch_python_operator_decorator to 2023-12-05T00:00:00+00:00, run_after=2023-12-06T00:00:00+00:00
[2023-12-06T15:26:41.919+0700] {processor.py:175} INFO - Processing /opt/anaconda3/lib/python3.8/site-packages/airflow/example_dags/example_branch_operator_decorator.py took 1.146 seconds
[2023-12-06T15:31:27.829+0700] {processor.py:153} INFO - Started process (PID=71803) to work on /opt/anaconda3/lib/python3.8/site-packages/airflow/example_dags/example_branch_operator_decorator.py
[2023-12-06T15:31:27.831+0700] {processor.py:743} INFO - Processing file /opt/anaconda3/lib/python3.8/site-packages/airflow/example_dags/example_branch_operator_decorator.py for tasks to queue
[2023-12-06T15:31:27.832+0700] {logging_mixin.py:137} INFO - [2023-12-06T15:31:27.832+0700] {dagbag.py:538} INFO - Filling up the DagBag from /opt/anaconda3/lib/python3.8/site-packages/airflow/example_dags/example_branch_operator_decorator.py
[2023-12-06T15:31:27.904+0700] {processor.py:753} INFO - DAG(s) dict_keys(['example_branch_python_operator_decorator']) retrieved from /opt/anaconda3/lib/python3.8/site-packages/airflow/example_dags/example_branch_operator_decorator.py
[2023-12-06T15:31:29.601+0700] {logging_mixin.py:137} INFO - [2023-12-06T15:31:29.600+0700] {dag.py:2676} INFO - Sync 1 DAGs
[2023-12-06T15:31:29.624+0700] {logging_mixin.py:137} INFO - [2023-12-06T15:31:29.624+0700] {dag.py:3423} INFO - Setting next_dagrun for example_branch_python_operator_decorator to 2023-12-05T00:00:00+00:00, run_after=2023-12-06T00:00:00+00:00
[2023-12-06T15:31:29.650+0700] {processor.py:175} INFO - Processing /opt/anaconda3/lib/python3.8/site-packages/airflow/example_dags/example_branch_operator_decorator.py took 1.821 seconds
[2023-12-06T15:36:19.874+0700] {processor.py:153} INFO - Started process (PID=75020) to work on /opt/anaconda3/lib/python3.8/site-packages/airflow/example_dags/example_branch_operator_decorator.py
[2023-12-06T15:36:19.876+0700] {processor.py:743} INFO - Processing file /opt/anaconda3/lib/python3.8/site-packages/airflow/example_dags/example_branch_operator_decorator.py for tasks to queue
[2023-12-06T15:36:19.877+0700] {logging_mixin.py:137} INFO - [2023-12-06T15:36:19.876+0700] {dagbag.py:538} INFO - Filling up the DagBag from /opt/anaconda3/lib/python3.8/site-packages/airflow/example_dags/example_branch_operator_decorator.py
[2023-12-06T15:36:19.931+0700] {processor.py:753} INFO - DAG(s) dict_keys(['example_branch_python_operator_decorator']) retrieved from /opt/anaconda3/lib/python3.8/site-packages/airflow/example_dags/example_branch_operator_decorator.py
[2023-12-06T15:36:20.727+0700] {logging_mixin.py:137} INFO - [2023-12-06T15:36:20.727+0700] {dag.py:2676} INFO - Sync 1 DAGs
[2023-12-06T15:36:20.745+0700] {logging_mixin.py:137} INFO - [2023-12-06T15:36:20.745+0700] {dag.py:3423} INFO - Setting next_dagrun for example_branch_python_operator_decorator to 2023-12-05T00:00:00+00:00, run_after=2023-12-06T00:00:00+00:00
[2023-12-06T15:36:20.768+0700] {processor.py:175} INFO - Processing /opt/anaconda3/lib/python3.8/site-packages/airflow/example_dags/example_branch_operator_decorator.py took 0.895 seconds
