[2023-12-06T10:17:58.917+0700] {processor.py:153} INFO - Started process (PID=91839) to work on /opt/anaconda3/lib/python3.8/site-packages/airflow/example_dags/example_kubernetes_executor.py
[2023-12-06T10:17:58.917+0700] {processor.py:743} INFO - Processing file /opt/anaconda3/lib/python3.8/site-packages/airflow/example_dags/example_kubernetes_executor.py for tasks to queue
[2023-12-06T10:17:58.918+0700] {logging_mixin.py:137} INFO - [2023-12-06T10:17:58.918+0700] {dagbag.py:538} INFO - Filling up the DagBag from /opt/anaconda3/lib/python3.8/site-packages/airflow/example_dags/example_kubernetes_executor.py
[2023-12-06T10:17:58.978+0700] {logging_mixin.py:137} INFO - [2023-12-06T10:17:58.978+0700] {example_kubernetes_executor.py:41} WARNING - The example_kubernetes_executor example DAG requires the kubernetes provider. Please install it with: pip install apache-airflow[cncf.kubernetes]
[2023-12-06T10:17:58.978+0700] {processor.py:755} WARNING - No viable dags retrieved from /opt/anaconda3/lib/python3.8/site-packages/airflow/example_dags/example_kubernetes_executor.py
[2023-12-06T10:17:59.903+0700] {processor.py:175} INFO - Processing /opt/anaconda3/lib/python3.8/site-packages/airflow/example_dags/example_kubernetes_executor.py took 0.987 seconds
[2023-12-06T10:21:42.935+0700] {processor.py:153} INFO - Started process (PID=94256) to work on /opt/anaconda3/lib/python3.8/site-packages/airflow/example_dags/example_kubernetes_executor.py
[2023-12-06T10:21:42.942+0700] {processor.py:743} INFO - Processing file /opt/anaconda3/lib/python3.8/site-packages/airflow/example_dags/example_kubernetes_executor.py for tasks to queue
[2023-12-06T10:21:42.942+0700] {logging_mixin.py:137} INFO - [2023-12-06T10:21:42.942+0700] {dagbag.py:538} INFO - Filling up the DagBag from /opt/anaconda3/lib/python3.8/site-packages/airflow/example_dags/example_kubernetes_executor.py
[2023-12-06T10:21:43.023+0700] {logging_mixin.py:137} INFO - [2023-12-06T10:21:43.023+0700] {example_kubernetes_executor.py:41} WARNING - The example_kubernetes_executor example DAG requires the kubernetes provider. Please install it with: pip install apache-airflow[cncf.kubernetes]
[2023-12-06T10:21:43.023+0700] {processor.py:755} WARNING - No viable dags retrieved from /opt/anaconda3/lib/python3.8/site-packages/airflow/example_dags/example_kubernetes_executor.py
[2023-12-06T10:21:43.970+0700] {processor.py:175} INFO - Processing /opt/anaconda3/lib/python3.8/site-packages/airflow/example_dags/example_kubernetes_executor.py took 1.037 seconds
[2023-12-06T10:28:31.633+0700] {processor.py:153} INFO - Started process (PID=98899) to work on /opt/anaconda3/lib/python3.8/site-packages/airflow/example_dags/example_kubernetes_executor.py
[2023-12-06T10:28:31.635+0700] {processor.py:743} INFO - Processing file /opt/anaconda3/lib/python3.8/site-packages/airflow/example_dags/example_kubernetes_executor.py for tasks to queue
[2023-12-06T10:28:31.636+0700] {logging_mixin.py:137} INFO - [2023-12-06T10:28:31.636+0700] {dagbag.py:538} INFO - Filling up the DagBag from /opt/anaconda3/lib/python3.8/site-packages/airflow/example_dags/example_kubernetes_executor.py
[2023-12-06T10:28:31.699+0700] {logging_mixin.py:137} INFO - [2023-12-06T10:28:31.699+0700] {example_kubernetes_executor.py:41} WARNING - The example_kubernetes_executor example DAG requires the kubernetes provider. Please install it with: pip install apache-airflow[cncf.kubernetes]
[2023-12-06T10:28:31.699+0700] {processor.py:755} WARNING - No viable dags retrieved from /opt/anaconda3/lib/python3.8/site-packages/airflow/example_dags/example_kubernetes_executor.py
[2023-12-06T10:28:32.453+0700] {processor.py:175} INFO - Processing /opt/anaconda3/lib/python3.8/site-packages/airflow/example_dags/example_kubernetes_executor.py took 0.820 seconds
[2023-12-06T10:44:40.218+0700] {processor.py:153} INFO - Started process (PID=7399) to work on /opt/anaconda3/lib/python3.8/site-packages/airflow/example_dags/example_kubernetes_executor.py
[2023-12-06T10:44:40.219+0700] {processor.py:743} INFO - Processing file /opt/anaconda3/lib/python3.8/site-packages/airflow/example_dags/example_kubernetes_executor.py for tasks to queue
[2023-12-06T10:44:40.220+0700] {logging_mixin.py:137} INFO - [2023-12-06T10:44:40.219+0700] {dagbag.py:538} INFO - Filling up the DagBag from /opt/anaconda3/lib/python3.8/site-packages/airflow/example_dags/example_kubernetes_executor.py
[2023-12-06T10:44:40.337+0700] {logging_mixin.py:137} INFO - [2023-12-06T10:44:40.337+0700] {example_kubernetes_executor.py:41} WARNING - The example_kubernetes_executor example DAG requires the kubernetes provider. Please install it with: pip install apache-airflow[cncf.kubernetes]
[2023-12-06T10:44:40.338+0700] {processor.py:755} WARNING - No viable dags retrieved from /opt/anaconda3/lib/python3.8/site-packages/airflow/example_dags/example_kubernetes_executor.py
[2023-12-06T10:44:41.411+0700] {processor.py:175} INFO - Processing /opt/anaconda3/lib/python3.8/site-packages/airflow/example_dags/example_kubernetes_executor.py took 1.194 seconds
[2023-12-06T10:48:02.908+0700] {processor.py:153} INFO - Started process (PID=9556) to work on /opt/anaconda3/lib/python3.8/site-packages/airflow/example_dags/example_kubernetes_executor.py
[2023-12-06T10:48:02.911+0700] {processor.py:743} INFO - Processing file /opt/anaconda3/lib/python3.8/site-packages/airflow/example_dags/example_kubernetes_executor.py for tasks to queue
[2023-12-06T10:48:02.915+0700] {logging_mixin.py:137} INFO - [2023-12-06T10:48:02.915+0700] {dagbag.py:538} INFO - Filling up the DagBag from /opt/anaconda3/lib/python3.8/site-packages/airflow/example_dags/example_kubernetes_executor.py
[2023-12-06T10:48:03.047+0700] {logging_mixin.py:137} INFO - [2023-12-06T10:48:03.047+0700] {example_kubernetes_executor.py:41} WARNING - The example_kubernetes_executor example DAG requires the kubernetes provider. Please install it with: pip install apache-airflow[cncf.kubernetes]
[2023-12-06T10:48:03.048+0700] {processor.py:755} WARNING - No viable dags retrieved from /opt/anaconda3/lib/python3.8/site-packages/airflow/example_dags/example_kubernetes_executor.py
[2023-12-06T10:48:04.141+0700] {processor.py:175} INFO - Processing /opt/anaconda3/lib/python3.8/site-packages/airflow/example_dags/example_kubernetes_executor.py took 1.234 seconds
[2023-12-06T10:55:28.031+0700] {processor.py:153} INFO - Started process (PID=14496) to work on /opt/anaconda3/lib/python3.8/site-packages/airflow/example_dags/example_kubernetes_executor.py
[2023-12-06T10:55:28.033+0700] {processor.py:743} INFO - Processing file /opt/anaconda3/lib/python3.8/site-packages/airflow/example_dags/example_kubernetes_executor.py for tasks to queue
[2023-12-06T10:55:28.034+0700] {logging_mixin.py:137} INFO - [2023-12-06T10:55:28.034+0700] {dagbag.py:538} INFO - Filling up the DagBag from /opt/anaconda3/lib/python3.8/site-packages/airflow/example_dags/example_kubernetes_executor.py
[2023-12-06T10:55:28.101+0700] {logging_mixin.py:137} INFO - [2023-12-06T10:55:28.101+0700] {example_kubernetes_executor.py:41} WARNING - The example_kubernetes_executor example DAG requires the kubernetes provider. Please install it with: pip install apache-airflow[cncf.kubernetes]
[2023-12-06T10:55:28.102+0700] {processor.py:755} WARNING - No viable dags retrieved from /opt/anaconda3/lib/python3.8/site-packages/airflow/example_dags/example_kubernetes_executor.py
[2023-12-06T10:55:29.212+0700] {processor.py:175} INFO - Processing /opt/anaconda3/lib/python3.8/site-packages/airflow/example_dags/example_kubernetes_executor.py took 1.181 seconds
[2023-12-06T11:04:40.094+0700] {processor.py:153} INFO - Started process (PID=20405) to work on /opt/anaconda3/lib/python3.8/site-packages/airflow/example_dags/example_kubernetes_executor.py
[2023-12-06T11:04:40.096+0700] {processor.py:743} INFO - Processing file /opt/anaconda3/lib/python3.8/site-packages/airflow/example_dags/example_kubernetes_executor.py for tasks to queue
[2023-12-06T11:04:40.097+0700] {logging_mixin.py:137} INFO - [2023-12-06T11:04:40.097+0700] {dagbag.py:538} INFO - Filling up the DagBag from /opt/anaconda3/lib/python3.8/site-packages/airflow/example_dags/example_kubernetes_executor.py
[2023-12-06T11:04:40.164+0700] {logging_mixin.py:137} INFO - [2023-12-06T11:04:40.164+0700] {example_kubernetes_executor.py:41} WARNING - The example_kubernetes_executor example DAG requires the kubernetes provider. Please install it with: pip install apache-airflow[cncf.kubernetes]
[2023-12-06T11:04:40.177+0700] {processor.py:755} WARNING - No viable dags retrieved from /opt/anaconda3/lib/python3.8/site-packages/airflow/example_dags/example_kubernetes_executor.py
[2023-12-06T11:04:41.760+0700] {processor.py:175} INFO - Processing /opt/anaconda3/lib/python3.8/site-packages/airflow/example_dags/example_kubernetes_executor.py took 1.666 seconds
[2023-12-06T11:07:55.370+0700] {processor.py:153} INFO - Started process (PID=22445) to work on /opt/anaconda3/lib/python3.8/site-packages/airflow/example_dags/example_kubernetes_executor.py
[2023-12-06T11:07:55.372+0700] {processor.py:743} INFO - Processing file /opt/anaconda3/lib/python3.8/site-packages/airflow/example_dags/example_kubernetes_executor.py for tasks to queue
[2023-12-06T11:07:55.373+0700] {logging_mixin.py:137} INFO - [2023-12-06T11:07:55.373+0700] {dagbag.py:538} INFO - Filling up the DagBag from /opt/anaconda3/lib/python3.8/site-packages/airflow/example_dags/example_kubernetes_executor.py
[2023-12-06T11:07:55.443+0700] {logging_mixin.py:137} INFO - [2023-12-06T11:07:55.443+0700] {example_kubernetes_executor.py:41} WARNING - The example_kubernetes_executor example DAG requires the kubernetes provider. Please install it with: pip install apache-airflow[cncf.kubernetes]
[2023-12-06T11:07:55.444+0700] {processor.py:755} WARNING - No viable dags retrieved from /opt/anaconda3/lib/python3.8/site-packages/airflow/example_dags/example_kubernetes_executor.py
[2023-12-06T11:07:56.772+0700] {processor.py:175} INFO - Processing /opt/anaconda3/lib/python3.8/site-packages/airflow/example_dags/example_kubernetes_executor.py took 1.403 seconds
[2023-12-06T11:11:24.703+0700] {processor.py:153} INFO - Started process (PID=24856) to work on /opt/anaconda3/lib/python3.8/site-packages/airflow/example_dags/example_kubernetes_executor.py
[2023-12-06T11:11:24.705+0700] {processor.py:743} INFO - Processing file /opt/anaconda3/lib/python3.8/site-packages/airflow/example_dags/example_kubernetes_executor.py for tasks to queue
[2023-12-06T11:11:24.706+0700] {logging_mixin.py:137} INFO - [2023-12-06T11:11:24.706+0700] {dagbag.py:538} INFO - Filling up the DagBag from /opt/anaconda3/lib/python3.8/site-packages/airflow/example_dags/example_kubernetes_executor.py
[2023-12-06T11:11:24.762+0700] {logging_mixin.py:137} INFO - [2023-12-06T11:11:24.762+0700] {example_kubernetes_executor.py:41} WARNING - The example_kubernetes_executor example DAG requires the kubernetes provider. Please install it with: pip install apache-airflow[cncf.kubernetes]
[2023-12-06T11:11:24.763+0700] {processor.py:755} WARNING - No viable dags retrieved from /opt/anaconda3/lib/python3.8/site-packages/airflow/example_dags/example_kubernetes_executor.py
[2023-12-06T11:11:25.989+0700] {processor.py:175} INFO - Processing /opt/anaconda3/lib/python3.8/site-packages/airflow/example_dags/example_kubernetes_executor.py took 1.287 seconds
[2023-12-06T11:16:15.078+0700] {processor.py:153} INFO - Started process (PID=27964) to work on /opt/anaconda3/lib/python3.8/site-packages/airflow/example_dags/example_kubernetes_executor.py
[2023-12-06T11:16:15.081+0700] {processor.py:743} INFO - Processing file /opt/anaconda3/lib/python3.8/site-packages/airflow/example_dags/example_kubernetes_executor.py for tasks to queue
[2023-12-06T11:16:15.082+0700] {logging_mixin.py:137} INFO - [2023-12-06T11:16:15.082+0700] {dagbag.py:538} INFO - Filling up the DagBag from /opt/anaconda3/lib/python3.8/site-packages/airflow/example_dags/example_kubernetes_executor.py
[2023-12-06T11:16:15.221+0700] {logging_mixin.py:137} INFO - [2023-12-06T11:16:15.221+0700] {example_kubernetes_executor.py:41} WARNING - The example_kubernetes_executor example DAG requires the kubernetes provider. Please install it with: pip install apache-airflow[cncf.kubernetes]
[2023-12-06T11:16:15.222+0700] {processor.py:755} WARNING - No viable dags retrieved from /opt/anaconda3/lib/python3.8/site-packages/airflow/example_dags/example_kubernetes_executor.py
[2023-12-06T11:16:16.325+0700] {processor.py:175} INFO - Processing /opt/anaconda3/lib/python3.8/site-packages/airflow/example_dags/example_kubernetes_executor.py took 1.249 seconds
[2023-12-06T11:22:08.216+0700] {processor.py:153} INFO - Started process (PID=31760) to work on /opt/anaconda3/lib/python3.8/site-packages/airflow/example_dags/example_kubernetes_executor.py
[2023-12-06T11:22:08.217+0700] {processor.py:743} INFO - Processing file /opt/anaconda3/lib/python3.8/site-packages/airflow/example_dags/example_kubernetes_executor.py for tasks to queue
[2023-12-06T11:22:08.218+0700] {logging_mixin.py:137} INFO - [2023-12-06T11:22:08.218+0700] {dagbag.py:538} INFO - Filling up the DagBag from /opt/anaconda3/lib/python3.8/site-packages/airflow/example_dags/example_kubernetes_executor.py
[2023-12-06T11:22:08.305+0700] {logging_mixin.py:137} INFO - [2023-12-06T11:22:08.305+0700] {example_kubernetes_executor.py:41} WARNING - The example_kubernetes_executor example DAG requires the kubernetes provider. Please install it with: pip install apache-airflow[cncf.kubernetes]
[2023-12-06T11:22:08.305+0700] {processor.py:755} WARNING - No viable dags retrieved from /opt/anaconda3/lib/python3.8/site-packages/airflow/example_dags/example_kubernetes_executor.py
[2023-12-06T11:22:09.672+0700] {processor.py:175} INFO - Processing /opt/anaconda3/lib/python3.8/site-packages/airflow/example_dags/example_kubernetes_executor.py took 1.457 seconds
[2023-12-06T11:28:08.902+0700] {processor.py:153} INFO - Started process (PID=35501) to work on /opt/anaconda3/lib/python3.8/site-packages/airflow/example_dags/example_kubernetes_executor.py
[2023-12-06T11:28:08.903+0700] {processor.py:743} INFO - Processing file /opt/anaconda3/lib/python3.8/site-packages/airflow/example_dags/example_kubernetes_executor.py for tasks to queue
[2023-12-06T11:28:08.904+0700] {logging_mixin.py:137} INFO - [2023-12-06T11:28:08.904+0700] {dagbag.py:538} INFO - Filling up the DagBag from /opt/anaconda3/lib/python3.8/site-packages/airflow/example_dags/example_kubernetes_executor.py
[2023-12-06T11:28:08.976+0700] {logging_mixin.py:137} INFO - [2023-12-06T11:28:08.976+0700] {example_kubernetes_executor.py:41} WARNING - The example_kubernetes_executor example DAG requires the kubernetes provider. Please install it with: pip install apache-airflow[cncf.kubernetes]
[2023-12-06T11:28:08.977+0700] {processor.py:755} WARNING - No viable dags retrieved from /opt/anaconda3/lib/python3.8/site-packages/airflow/example_dags/example_kubernetes_executor.py
[2023-12-06T11:28:09.975+0700] {processor.py:175} INFO - Processing /opt/anaconda3/lib/python3.8/site-packages/airflow/example_dags/example_kubernetes_executor.py took 1.074 seconds
[2023-12-06T11:35:35.084+0700] {processor.py:153} INFO - Started process (PID=40379) to work on /opt/anaconda3/lib/python3.8/site-packages/airflow/example_dags/example_kubernetes_executor.py
[2023-12-06T11:35:35.085+0700] {processor.py:743} INFO - Processing file /opt/anaconda3/lib/python3.8/site-packages/airflow/example_dags/example_kubernetes_executor.py for tasks to queue
[2023-12-06T11:35:35.086+0700] {logging_mixin.py:137} INFO - [2023-12-06T11:35:35.086+0700] {dagbag.py:538} INFO - Filling up the DagBag from /opt/anaconda3/lib/python3.8/site-packages/airflow/example_dags/example_kubernetes_executor.py
[2023-12-06T11:35:35.154+0700] {logging_mixin.py:137} INFO - [2023-12-06T11:35:35.154+0700] {example_kubernetes_executor.py:41} WARNING - The example_kubernetes_executor example DAG requires the kubernetes provider. Please install it with: pip install apache-airflow[cncf.kubernetes]
[2023-12-06T11:35:35.155+0700] {processor.py:755} WARNING - No viable dags retrieved from /opt/anaconda3/lib/python3.8/site-packages/airflow/example_dags/example_kubernetes_executor.py
[2023-12-06T11:35:36.284+0700] {processor.py:175} INFO - Processing /opt/anaconda3/lib/python3.8/site-packages/airflow/example_dags/example_kubernetes_executor.py took 1.201 seconds
[2023-12-06T11:40:26.542+0700] {processor.py:153} INFO - Started process (PID=43452) to work on /opt/anaconda3/lib/python3.8/site-packages/airflow/example_dags/example_kubernetes_executor.py
[2023-12-06T11:40:26.543+0700] {processor.py:743} INFO - Processing file /opt/anaconda3/lib/python3.8/site-packages/airflow/example_dags/example_kubernetes_executor.py for tasks to queue
[2023-12-06T11:40:26.544+0700] {logging_mixin.py:137} INFO - [2023-12-06T11:40:26.544+0700] {dagbag.py:538} INFO - Filling up the DagBag from /opt/anaconda3/lib/python3.8/site-packages/airflow/example_dags/example_kubernetes_executor.py
[2023-12-06T11:40:26.611+0700] {logging_mixin.py:137} INFO - [2023-12-06T11:40:26.611+0700] {example_kubernetes_executor.py:41} WARNING - The example_kubernetes_executor example DAG requires the kubernetes provider. Please install it with: pip install apache-airflow[cncf.kubernetes]
[2023-12-06T11:40:26.612+0700] {processor.py:755} WARNING - No viable dags retrieved from /opt/anaconda3/lib/python3.8/site-packages/airflow/example_dags/example_kubernetes_executor.py
[2023-12-06T11:40:27.479+0700] {processor.py:175} INFO - Processing /opt/anaconda3/lib/python3.8/site-packages/airflow/example_dags/example_kubernetes_executor.py took 0.938 seconds
[2023-12-06T11:43:33.499+0700] {processor.py:153} INFO - Started process (PID=45474) to work on /opt/anaconda3/lib/python3.8/site-packages/airflow/example_dags/example_kubernetes_executor.py
[2023-12-06T11:43:33.501+0700] {processor.py:743} INFO - Processing file /opt/anaconda3/lib/python3.8/site-packages/airflow/example_dags/example_kubernetes_executor.py for tasks to queue
[2023-12-06T11:43:33.502+0700] {logging_mixin.py:137} INFO - [2023-12-06T11:43:33.502+0700] {dagbag.py:538} INFO - Filling up the DagBag from /opt/anaconda3/lib/python3.8/site-packages/airflow/example_dags/example_kubernetes_executor.py
[2023-12-06T11:43:33.578+0700] {logging_mixin.py:137} INFO - [2023-12-06T11:43:33.578+0700] {example_kubernetes_executor.py:41} WARNING - The example_kubernetes_executor example DAG requires the kubernetes provider. Please install it with: pip install apache-airflow[cncf.kubernetes]
[2023-12-06T11:43:33.579+0700] {processor.py:755} WARNING - No viable dags retrieved from /opt/anaconda3/lib/python3.8/site-packages/airflow/example_dags/example_kubernetes_executor.py
[2023-12-06T11:43:34.580+0700] {processor.py:175} INFO - Processing /opt/anaconda3/lib/python3.8/site-packages/airflow/example_dags/example_kubernetes_executor.py took 1.082 seconds
[2023-12-06T11:47:13.030+0700] {processor.py:153} INFO - Started process (PID=47829) to work on /opt/anaconda3/lib/python3.8/site-packages/airflow/example_dags/example_kubernetes_executor.py
[2023-12-06T11:47:13.031+0700] {processor.py:743} INFO - Processing file /opt/anaconda3/lib/python3.8/site-packages/airflow/example_dags/example_kubernetes_executor.py for tasks to queue
[2023-12-06T11:47:13.032+0700] {logging_mixin.py:137} INFO - [2023-12-06T11:47:13.032+0700] {dagbag.py:538} INFO - Filling up the DagBag from /opt/anaconda3/lib/python3.8/site-packages/airflow/example_dags/example_kubernetes_executor.py
[2023-12-06T11:47:13.120+0700] {logging_mixin.py:137} INFO - [2023-12-06T11:47:13.119+0700] {example_kubernetes_executor.py:41} WARNING - The example_kubernetes_executor example DAG requires the kubernetes provider. Please install it with: pip install apache-airflow[cncf.kubernetes]
[2023-12-06T11:47:13.120+0700] {processor.py:755} WARNING - No viable dags retrieved from /opt/anaconda3/lib/python3.8/site-packages/airflow/example_dags/example_kubernetes_executor.py
[2023-12-06T11:47:13.990+0700] {processor.py:175} INFO - Processing /opt/anaconda3/lib/python3.8/site-packages/airflow/example_dags/example_kubernetes_executor.py took 0.960 seconds
[2023-12-06T11:53:09.747+0700] {processor.py:153} INFO - Started process (PID=51663) to work on /opt/anaconda3/lib/python3.8/site-packages/airflow/example_dags/example_kubernetes_executor.py
[2023-12-06T11:53:09.749+0700] {processor.py:743} INFO - Processing file /opt/anaconda3/lib/python3.8/site-packages/airflow/example_dags/example_kubernetes_executor.py for tasks to queue
[2023-12-06T11:53:09.750+0700] {logging_mixin.py:137} INFO - [2023-12-06T11:53:09.750+0700] {dagbag.py:538} INFO - Filling up the DagBag from /opt/anaconda3/lib/python3.8/site-packages/airflow/example_dags/example_kubernetes_executor.py
[2023-12-06T11:53:09.852+0700] {logging_mixin.py:137} INFO - [2023-12-06T11:53:09.852+0700] {example_kubernetes_executor.py:41} WARNING - The example_kubernetes_executor example DAG requires the kubernetes provider. Please install it with: pip install apache-airflow[cncf.kubernetes]
[2023-12-06T11:53:09.852+0700] {processor.py:755} WARNING - No viable dags retrieved from /opt/anaconda3/lib/python3.8/site-packages/airflow/example_dags/example_kubernetes_executor.py
[2023-12-06T11:53:10.815+0700] {processor.py:175} INFO - Processing /opt/anaconda3/lib/python3.8/site-packages/airflow/example_dags/example_kubernetes_executor.py took 1.069 seconds
[2023-12-06T11:57:56.051+0700] {processor.py:153} INFO - Started process (PID=54725) to work on /opt/anaconda3/lib/python3.8/site-packages/airflow/example_dags/example_kubernetes_executor.py
[2023-12-06T11:57:56.053+0700] {processor.py:743} INFO - Processing file /opt/anaconda3/lib/python3.8/site-packages/airflow/example_dags/example_kubernetes_executor.py for tasks to queue
[2023-12-06T11:57:56.054+0700] {logging_mixin.py:137} INFO - [2023-12-06T11:57:56.054+0700] {dagbag.py:538} INFO - Filling up the DagBag from /opt/anaconda3/lib/python3.8/site-packages/airflow/example_dags/example_kubernetes_executor.py
[2023-12-06T11:57:56.105+0700] {logging_mixin.py:137} INFO - [2023-12-06T11:57:56.105+0700] {example_kubernetes_executor.py:41} WARNING - The example_kubernetes_executor example DAG requires the kubernetes provider. Please install it with: pip install apache-airflow[cncf.kubernetes]
[2023-12-06T11:57:56.105+0700] {processor.py:755} WARNING - No viable dags retrieved from /opt/anaconda3/lib/python3.8/site-packages/airflow/example_dags/example_kubernetes_executor.py
[2023-12-06T11:57:57.021+0700] {processor.py:175} INFO - Processing /opt/anaconda3/lib/python3.8/site-packages/airflow/example_dags/example_kubernetes_executor.py took 0.970 seconds
[2023-12-06T12:02:47.661+0700] {processor.py:153} INFO - Started process (PID=57899) to work on /opt/anaconda3/lib/python3.8/site-packages/airflow/example_dags/example_kubernetes_executor.py
[2023-12-06T12:02:47.663+0700] {processor.py:743} INFO - Processing file /opt/anaconda3/lib/python3.8/site-packages/airflow/example_dags/example_kubernetes_executor.py for tasks to queue
[2023-12-06T12:02:47.663+0700] {logging_mixin.py:137} INFO - [2023-12-06T12:02:47.663+0700] {dagbag.py:538} INFO - Filling up the DagBag from /opt/anaconda3/lib/python3.8/site-packages/airflow/example_dags/example_kubernetes_executor.py
[2023-12-06T12:02:47.709+0700] {logging_mixin.py:137} INFO - [2023-12-06T12:02:47.709+0700] {example_kubernetes_executor.py:41} WARNING - The example_kubernetes_executor example DAG requires the kubernetes provider. Please install it with: pip install apache-airflow[cncf.kubernetes]
[2023-12-06T12:02:47.709+0700] {processor.py:755} WARNING - No viable dags retrieved from /opt/anaconda3/lib/python3.8/site-packages/airflow/example_dags/example_kubernetes_executor.py
[2023-12-06T12:02:48.453+0700] {processor.py:175} INFO - Processing /opt/anaconda3/lib/python3.8/site-packages/airflow/example_dags/example_kubernetes_executor.py took 0.793 seconds
[2023-12-06T15:16:40.914+0700] {processor.py:153} INFO - Started process (PID=62385) to work on /opt/anaconda3/lib/python3.8/site-packages/airflow/example_dags/example_kubernetes_executor.py
[2023-12-06T15:16:40.916+0700] {processor.py:743} INFO - Processing file /opt/anaconda3/lib/python3.8/site-packages/airflow/example_dags/example_kubernetes_executor.py for tasks to queue
[2023-12-06T15:16:40.916+0700] {logging_mixin.py:137} INFO - [2023-12-06T15:16:40.916+0700] {dagbag.py:538} INFO - Filling up the DagBag from /opt/anaconda3/lib/python3.8/site-packages/airflow/example_dags/example_kubernetes_executor.py
[2023-12-06T15:16:40.962+0700] {logging_mixin.py:137} INFO - [2023-12-06T15:16:40.962+0700] {example_kubernetes_executor.py:41} WARNING - The example_kubernetes_executor example DAG requires the kubernetes provider. Please install it with: pip install apache-airflow[cncf.kubernetes]
[2023-12-06T15:16:40.962+0700] {processor.py:755} WARNING - No viable dags retrieved from /opt/anaconda3/lib/python3.8/site-packages/airflow/example_dags/example_kubernetes_executor.py
[2023-12-06T15:16:41.645+0700] {processor.py:175} INFO - Processing /opt/anaconda3/lib/python3.8/site-packages/airflow/example_dags/example_kubernetes_executor.py took 0.732 seconds
[2023-12-06T15:21:24.546+0700] {processor.py:153} INFO - Started process (PID=65347) to work on /opt/anaconda3/lib/python3.8/site-packages/airflow/example_dags/example_kubernetes_executor.py
[2023-12-06T15:21:24.549+0700] {processor.py:743} INFO - Processing file /opt/anaconda3/lib/python3.8/site-packages/airflow/example_dags/example_kubernetes_executor.py for tasks to queue
[2023-12-06T15:21:24.550+0700] {logging_mixin.py:137} INFO - [2023-12-06T15:21:24.550+0700] {dagbag.py:538} INFO - Filling up the DagBag from /opt/anaconda3/lib/python3.8/site-packages/airflow/example_dags/example_kubernetes_executor.py
[2023-12-06T15:21:24.636+0700] {logging_mixin.py:137} INFO - [2023-12-06T15:21:24.636+0700] {example_kubernetes_executor.py:41} WARNING - The example_kubernetes_executor example DAG requires the kubernetes provider. Please install it with: pip install apache-airflow[cncf.kubernetes]
[2023-12-06T15:21:24.637+0700] {processor.py:755} WARNING - No viable dags retrieved from /opt/anaconda3/lib/python3.8/site-packages/airflow/example_dags/example_kubernetes_executor.py
[2023-12-06T15:21:25.360+0700] {processor.py:175} INFO - Processing /opt/anaconda3/lib/python3.8/site-packages/airflow/example_dags/example_kubernetes_executor.py took 0.816 seconds
[2023-12-06T15:26:16.881+0700] {processor.py:153} INFO - Started process (PID=68515) to work on /opt/anaconda3/lib/python3.8/site-packages/airflow/example_dags/example_kubernetes_executor.py
[2023-12-06T15:26:16.883+0700] {processor.py:743} INFO - Processing file /opt/anaconda3/lib/python3.8/site-packages/airflow/example_dags/example_kubernetes_executor.py for tasks to queue
[2023-12-06T15:26:16.884+0700] {logging_mixin.py:137} INFO - [2023-12-06T15:26:16.884+0700] {dagbag.py:538} INFO - Filling up the DagBag from /opt/anaconda3/lib/python3.8/site-packages/airflow/example_dags/example_kubernetes_executor.py
[2023-12-06T15:26:16.975+0700] {logging_mixin.py:137} INFO - [2023-12-06T15:26:16.975+0700] {example_kubernetes_executor.py:41} WARNING - The example_kubernetes_executor example DAG requires the kubernetes provider. Please install it with: pip install apache-airflow[cncf.kubernetes]
[2023-12-06T15:26:16.976+0700] {processor.py:755} WARNING - No viable dags retrieved from /opt/anaconda3/lib/python3.8/site-packages/airflow/example_dags/example_kubernetes_executor.py
[2023-12-06T15:26:18.303+0700] {processor.py:175} INFO - Processing /opt/anaconda3/lib/python3.8/site-packages/airflow/example_dags/example_kubernetes_executor.py took 1.424 seconds
[2023-12-06T15:30:59.420+0700] {processor.py:153} INFO - Started process (PID=71575) to work on /opt/anaconda3/lib/python3.8/site-packages/airflow/example_dags/example_kubernetes_executor.py
[2023-12-06T15:30:59.422+0700] {processor.py:743} INFO - Processing file /opt/anaconda3/lib/python3.8/site-packages/airflow/example_dags/example_kubernetes_executor.py for tasks to queue
[2023-12-06T15:30:59.423+0700] {logging_mixin.py:137} INFO - [2023-12-06T15:30:59.423+0700] {dagbag.py:538} INFO - Filling up the DagBag from /opt/anaconda3/lib/python3.8/site-packages/airflow/example_dags/example_kubernetes_executor.py
[2023-12-06T15:30:59.474+0700] {logging_mixin.py:137} INFO - [2023-12-06T15:30:59.473+0700] {example_kubernetes_executor.py:41} WARNING - The example_kubernetes_executor example DAG requires the kubernetes provider. Please install it with: pip install apache-airflow[cncf.kubernetes]
[2023-12-06T15:30:59.474+0700] {processor.py:755} WARNING - No viable dags retrieved from /opt/anaconda3/lib/python3.8/site-packages/airflow/example_dags/example_kubernetes_executor.py
[2023-12-06T15:31:00.528+0700] {processor.py:175} INFO - Processing /opt/anaconda3/lib/python3.8/site-packages/airflow/example_dags/example_kubernetes_executor.py took 1.109 seconds
[2023-12-06T15:33:43.375+0700] {processor.py:153} INFO - Started process (PID=73303) to work on /opt/anaconda3/lib/python3.8/site-packages/airflow/example_dags/example_kubernetes_executor.py
[2023-12-06T15:33:43.376+0700] {processor.py:743} INFO - Processing file /opt/anaconda3/lib/python3.8/site-packages/airflow/example_dags/example_kubernetes_executor.py for tasks to queue
[2023-12-06T15:33:43.377+0700] {logging_mixin.py:137} INFO - [2023-12-06T15:33:43.377+0700] {dagbag.py:538} INFO - Filling up the DagBag from /opt/anaconda3/lib/python3.8/site-packages/airflow/example_dags/example_kubernetes_executor.py
[2023-12-06T15:33:43.431+0700] {logging_mixin.py:137} INFO - [2023-12-06T15:33:43.431+0700] {example_kubernetes_executor.py:41} WARNING - The example_kubernetes_executor example DAG requires the kubernetes provider. Please install it with: pip install apache-airflow[cncf.kubernetes]
[2023-12-06T15:33:43.431+0700] {processor.py:755} WARNING - No viable dags retrieved from /opt/anaconda3/lib/python3.8/site-packages/airflow/example_dags/example_kubernetes_executor.py
[2023-12-06T15:33:44.185+0700] {processor.py:175} INFO - Processing /opt/anaconda3/lib/python3.8/site-packages/airflow/example_dags/example_kubernetes_executor.py took 0.811 seconds
[2023-12-06T15:38:20.410+0700] {processor.py:153} INFO - Started process (PID=76267) to work on /opt/anaconda3/lib/python3.8/site-packages/airflow/example_dags/example_kubernetes_executor.py
[2023-12-06T15:38:20.412+0700] {processor.py:743} INFO - Processing file /opt/anaconda3/lib/python3.8/site-packages/airflow/example_dags/example_kubernetes_executor.py for tasks to queue
[2023-12-06T15:38:20.413+0700] {logging_mixin.py:137} INFO - [2023-12-06T15:38:20.413+0700] {dagbag.py:538} INFO - Filling up the DagBag from /opt/anaconda3/lib/python3.8/site-packages/airflow/example_dags/example_kubernetes_executor.py
[2023-12-06T15:38:20.473+0700] {logging_mixin.py:137} INFO - [2023-12-06T15:38:20.472+0700] {example_kubernetes_executor.py:41} WARNING - The example_kubernetes_executor example DAG requires the kubernetes provider. Please install it with: pip install apache-airflow[cncf.kubernetes]
[2023-12-06T15:38:20.473+0700] {processor.py:755} WARNING - No viable dags retrieved from /opt/anaconda3/lib/python3.8/site-packages/airflow/example_dags/example_kubernetes_executor.py
[2023-12-06T15:38:21.286+0700] {processor.py:175} INFO - Processing /opt/anaconda3/lib/python3.8/site-packages/airflow/example_dags/example_kubernetes_executor.py took 0.876 seconds
