[2023-12-06T10:16:53.813+0700] {processor.py:153} INFO - Started process (PID=91079) to work on /opt/anaconda3/lib/python3.8/site-packages/airflow/example_dags/example_task_group_decorator.py
[2023-12-06T10:16:53.813+0700] {processor.py:743} INFO - Processing file /opt/anaconda3/lib/python3.8/site-packages/airflow/example_dags/example_task_group_decorator.py for tasks to queue
[2023-12-06T10:16:53.814+0700] {logging_mixin.py:137} INFO - [2023-12-06T10:16:53.814+0700] {dagbag.py:538} INFO - Filling up the DagBag from /opt/anaconda3/lib/python3.8/site-packages/airflow/example_dags/example_task_group_decorator.py
[2023-12-06T10:16:53.881+0700] {processor.py:753} INFO - DAG(s) dict_keys(['example_task_group_decorator']) retrieved from /opt/anaconda3/lib/python3.8/site-packages/airflow/example_dags/example_task_group_decorator.py
[2023-12-06T10:16:54.946+0700] {logging_mixin.py:137} INFO - [2023-12-06T10:16:54.946+0700] {dag.py:2676} INFO - Sync 1 DAGs
[2023-12-06T10:16:54.968+0700] {logging_mixin.py:137} INFO - [2023-12-06T10:16:54.968+0700] {dag.py:3423} INFO - Setting next_dagrun for example_task_group_decorator to 2023-12-05T03:16:54.968367+00:00, run_after=2023-12-06T03:16:54.968367+00:00
[2023-12-06T10:16:54.995+0700] {processor.py:175} INFO - Processing /opt/anaconda3/lib/python3.8/site-packages/airflow/example_dags/example_task_group_decorator.py took 1.183 seconds
[2023-12-06T10:20:15.296+0700] {processor.py:153} INFO - Started process (PID=93332) to work on /opt/anaconda3/lib/python3.8/site-packages/airflow/example_dags/example_task_group_decorator.py
[2023-12-06T10:20:15.307+0700] {processor.py:743} INFO - Processing file /opt/anaconda3/lib/python3.8/site-packages/airflow/example_dags/example_task_group_decorator.py for tasks to queue
[2023-12-06T10:20:15.309+0700] {logging_mixin.py:137} INFO - [2023-12-06T10:20:15.309+0700] {dagbag.py:538} INFO - Filling up the DagBag from /opt/anaconda3/lib/python3.8/site-packages/airflow/example_dags/example_task_group_decorator.py
[2023-12-06T10:20:15.418+0700] {processor.py:753} INFO - DAG(s) dict_keys(['example_task_group_decorator']) retrieved from /opt/anaconda3/lib/python3.8/site-packages/airflow/example_dags/example_task_group_decorator.py
[2023-12-06T10:20:16.952+0700] {logging_mixin.py:137} INFO - [2023-12-06T10:20:16.951+0700] {dag.py:2676} INFO - Sync 1 DAGs
[2023-12-06T10:20:17.165+0700] {logging_mixin.py:137} INFO - [2023-12-06T10:20:17.164+0700] {dag.py:3423} INFO - Setting next_dagrun for example_task_group_decorator to 2023-12-05T03:20:17.164450+00:00, run_after=2023-12-06T03:20:17.164450+00:00
[2023-12-06T10:20:17.211+0700] {processor.py:175} INFO - Processing /opt/anaconda3/lib/python3.8/site-packages/airflow/example_dags/example_task_group_decorator.py took 1.916 seconds
[2023-12-06T10:25:14.320+0700] {processor.py:153} INFO - Started process (PID=96646) to work on /opt/anaconda3/lib/python3.8/site-packages/airflow/example_dags/example_task_group_decorator.py
[2023-12-06T10:25:14.321+0700] {processor.py:743} INFO - Processing file /opt/anaconda3/lib/python3.8/site-packages/airflow/example_dags/example_task_group_decorator.py for tasks to queue
[2023-12-06T10:25:14.322+0700] {logging_mixin.py:137} INFO - [2023-12-06T10:25:14.322+0700] {dagbag.py:538} INFO - Filling up the DagBag from /opt/anaconda3/lib/python3.8/site-packages/airflow/example_dags/example_task_group_decorator.py
[2023-12-06T10:25:14.404+0700] {processor.py:753} INFO - DAG(s) dict_keys(['example_task_group_decorator']) retrieved from /opt/anaconda3/lib/python3.8/site-packages/airflow/example_dags/example_task_group_decorator.py
[2023-12-06T10:25:15.332+0700] {logging_mixin.py:137} INFO - [2023-12-06T10:25:15.332+0700] {dag.py:2676} INFO - Sync 1 DAGs
[2023-12-06T10:25:15.361+0700] {logging_mixin.py:137} INFO - [2023-12-06T10:25:15.361+0700] {dag.py:3423} INFO - Setting next_dagrun for example_task_group_decorator to 2023-12-05T03:25:15.360936+00:00, run_after=2023-12-06T03:25:15.360936+00:00
[2023-12-06T10:25:15.385+0700] {processor.py:175} INFO - Processing /opt/anaconda3/lib/python3.8/site-packages/airflow/example_dags/example_task_group_decorator.py took 1.066 seconds
[2023-12-06T10:27:27.455+0700] {processor.py:153} INFO - Started process (PID=98210) to work on /opt/anaconda3/lib/python3.8/site-packages/airflow/example_dags/example_task_group_decorator.py
[2023-12-06T10:27:27.457+0700] {processor.py:743} INFO - Processing file /opt/anaconda3/lib/python3.8/site-packages/airflow/example_dags/example_task_group_decorator.py for tasks to queue
[2023-12-06T10:27:27.458+0700] {logging_mixin.py:137} INFO - [2023-12-06T10:27:27.458+0700] {dagbag.py:538} INFO - Filling up the DagBag from /opt/anaconda3/lib/python3.8/site-packages/airflow/example_dags/example_task_group_decorator.py
[2023-12-06T10:27:27.517+0700] {processor.py:753} INFO - DAG(s) dict_keys(['example_task_group_decorator']) retrieved from /opt/anaconda3/lib/python3.8/site-packages/airflow/example_dags/example_task_group_decorator.py
[2023-12-06T10:27:28.386+0700] {logging_mixin.py:137} INFO - [2023-12-06T10:27:28.385+0700] {dag.py:2676} INFO - Sync 1 DAGs
[2023-12-06T10:27:28.402+0700] {logging_mixin.py:137} INFO - [2023-12-06T10:27:28.402+0700] {dag.py:3423} INFO - Setting next_dagrun for example_task_group_decorator to 2023-12-05T03:27:28.402024+00:00, run_after=2023-12-06T03:27:28.402024+00:00
[2023-12-06T10:27:28.423+0700] {processor.py:175} INFO - Processing /opt/anaconda3/lib/python3.8/site-packages/airflow/example_dags/example_task_group_decorator.py took 0.969 seconds
[2023-12-06T10:43:08.470+0700] {processor.py:153} INFO - Started process (PID=6329) to work on /opt/anaconda3/lib/python3.8/site-packages/airflow/example_dags/example_task_group_decorator.py
[2023-12-06T10:43:08.471+0700] {processor.py:743} INFO - Processing file /opt/anaconda3/lib/python3.8/site-packages/airflow/example_dags/example_task_group_decorator.py for tasks to queue
[2023-12-06T10:43:08.471+0700] {logging_mixin.py:137} INFO - [2023-12-06T10:43:08.471+0700] {dagbag.py:538} INFO - Filling up the DagBag from /opt/anaconda3/lib/python3.8/site-packages/airflow/example_dags/example_task_group_decorator.py
[2023-12-06T10:43:08.549+0700] {processor.py:753} INFO - DAG(s) dict_keys(['example_task_group_decorator']) retrieved from /opt/anaconda3/lib/python3.8/site-packages/airflow/example_dags/example_task_group_decorator.py
[2023-12-06T10:43:10.194+0700] {logging_mixin.py:137} INFO - [2023-12-06T10:43:10.194+0700] {dag.py:2676} INFO - Sync 1 DAGs
[2023-12-06T10:43:10.296+0700] {logging_mixin.py:137} INFO - [2023-12-06T10:43:10.295+0700] {dag.py:3423} INFO - Setting next_dagrun for example_task_group_decorator to 2023-12-05T03:43:10.295278+00:00, run_after=2023-12-06T03:43:10.295278+00:00
[2023-12-06T10:43:10.393+0700] {processor.py:175} INFO - Processing /opt/anaconda3/lib/python3.8/site-packages/airflow/example_dags/example_task_group_decorator.py took 1.924 seconds
[2023-12-06T10:46:44.762+0700] {processor.py:153} INFO - Started process (PID=8649) to work on /opt/anaconda3/lib/python3.8/site-packages/airflow/example_dags/example_task_group_decorator.py
[2023-12-06T10:46:44.763+0700] {processor.py:743} INFO - Processing file /opt/anaconda3/lib/python3.8/site-packages/airflow/example_dags/example_task_group_decorator.py for tasks to queue
[2023-12-06T10:46:44.764+0700] {logging_mixin.py:137} INFO - [2023-12-06T10:46:44.764+0700] {dagbag.py:538} INFO - Filling up the DagBag from /opt/anaconda3/lib/python3.8/site-packages/airflow/example_dags/example_task_group_decorator.py
[2023-12-06T10:46:44.857+0700] {processor.py:753} INFO - DAG(s) dict_keys(['example_task_group_decorator']) retrieved from /opt/anaconda3/lib/python3.8/site-packages/airflow/example_dags/example_task_group_decorator.py
[2023-12-06T10:46:45.885+0700] {logging_mixin.py:137} INFO - [2023-12-06T10:46:45.885+0700] {dag.py:2676} INFO - Sync 1 DAGs
[2023-12-06T10:46:45.912+0700] {logging_mixin.py:137} INFO - [2023-12-06T10:46:45.912+0700] {dag.py:3423} INFO - Setting next_dagrun for example_task_group_decorator to 2023-12-05T03:46:45.912165+00:00, run_after=2023-12-06T03:46:45.912165+00:00
[2023-12-06T10:46:45.937+0700] {processor.py:175} INFO - Processing /opt/anaconda3/lib/python3.8/site-packages/airflow/example_dags/example_task_group_decorator.py took 1.176 seconds
[2023-12-06T10:51:26.836+0700] {processor.py:153} INFO - Started process (PID=11872) to work on /opt/anaconda3/lib/python3.8/site-packages/airflow/example_dags/example_task_group_decorator.py
[2023-12-06T10:51:26.837+0700] {processor.py:743} INFO - Processing file /opt/anaconda3/lib/python3.8/site-packages/airflow/example_dags/example_task_group_decorator.py for tasks to queue
[2023-12-06T10:51:26.838+0700] {logging_mixin.py:137} INFO - [2023-12-06T10:51:26.837+0700] {dagbag.py:538} INFO - Filling up the DagBag from /opt/anaconda3/lib/python3.8/site-packages/airflow/example_dags/example_task_group_decorator.py
[2023-12-06T10:51:26.934+0700] {processor.py:753} INFO - DAG(s) dict_keys(['example_task_group_decorator']) retrieved from /opt/anaconda3/lib/python3.8/site-packages/airflow/example_dags/example_task_group_decorator.py
[2023-12-06T10:51:28.469+0700] {logging_mixin.py:137} INFO - [2023-12-06T10:51:28.462+0700] {dag.py:2676} INFO - Sync 1 DAGs
[2023-12-06T10:51:28.503+0700] {logging_mixin.py:137} INFO - [2023-12-06T10:51:28.502+0700] {dag.py:3423} INFO - Setting next_dagrun for example_task_group_decorator to 2023-12-05T03:51:28.502585+00:00, run_after=2023-12-06T03:51:28.502585+00:00
[2023-12-06T10:51:28.538+0700] {processor.py:175} INFO - Processing /opt/anaconda3/lib/python3.8/site-packages/airflow/example_dags/example_task_group_decorator.py took 1.703 seconds
[2023-12-06T10:54:04.846+0700] {processor.py:153} INFO - Started process (PID=13562) to work on /opt/anaconda3/lib/python3.8/site-packages/airflow/example_dags/example_task_group_decorator.py
[2023-12-06T10:54:04.848+0700] {processor.py:743} INFO - Processing file /opt/anaconda3/lib/python3.8/site-packages/airflow/example_dags/example_task_group_decorator.py for tasks to queue
[2023-12-06T10:54:04.849+0700] {logging_mixin.py:137} INFO - [2023-12-06T10:54:04.849+0700] {dagbag.py:538} INFO - Filling up the DagBag from /opt/anaconda3/lib/python3.8/site-packages/airflow/example_dags/example_task_group_decorator.py
[2023-12-06T10:54:04.943+0700] {processor.py:753} INFO - DAG(s) dict_keys(['example_task_group_decorator']) retrieved from /opt/anaconda3/lib/python3.8/site-packages/airflow/example_dags/example_task_group_decorator.py
[2023-12-06T10:54:05.976+0700] {logging_mixin.py:137} INFO - [2023-12-06T10:54:05.976+0700] {dag.py:2676} INFO - Sync 1 DAGs
[2023-12-06T10:54:05.995+0700] {logging_mixin.py:137} INFO - [2023-12-06T10:54:05.995+0700] {dag.py:3423} INFO - Setting next_dagrun for example_task_group_decorator to 2023-12-05T03:54:05.995437+00:00, run_after=2023-12-06T03:54:05.995437+00:00
[2023-12-06T10:54:06.022+0700] {processor.py:175} INFO - Processing /opt/anaconda3/lib/python3.8/site-packages/airflow/example_dags/example_task_group_decorator.py took 1.176 seconds
[2023-12-06T10:57:15.476+0700] {processor.py:153} INFO - Started process (PID=15620) to work on /opt/anaconda3/lib/python3.8/site-packages/airflow/example_dags/example_task_group_decorator.py
[2023-12-06T10:57:15.477+0700] {processor.py:743} INFO - Processing file /opt/anaconda3/lib/python3.8/site-packages/airflow/example_dags/example_task_group_decorator.py for tasks to queue
[2023-12-06T10:57:15.478+0700] {logging_mixin.py:137} INFO - [2023-12-06T10:57:15.478+0700] {dagbag.py:538} INFO - Filling up the DagBag from /opt/anaconda3/lib/python3.8/site-packages/airflow/example_dags/example_task_group_decorator.py
[2023-12-06T10:57:15.567+0700] {processor.py:753} INFO - DAG(s) dict_keys(['example_task_group_decorator']) retrieved from /opt/anaconda3/lib/python3.8/site-packages/airflow/example_dags/example_task_group_decorator.py
[2023-12-06T10:57:16.893+0700] {logging_mixin.py:137} INFO - [2023-12-06T10:57:16.892+0700] {dag.py:2676} INFO - Sync 1 DAGs
[2023-12-06T10:57:16.919+0700] {logging_mixin.py:137} INFO - [2023-12-06T10:57:16.919+0700] {dag.py:3423} INFO - Setting next_dagrun for example_task_group_decorator to 2023-12-05T03:57:16.919603+00:00, run_after=2023-12-06T03:57:16.919603+00:00
[2023-12-06T10:57:16.944+0700] {processor.py:175} INFO - Processing /opt/anaconda3/lib/python3.8/site-packages/airflow/example_dags/example_task_group_decorator.py took 1.469 seconds
[2023-12-06T11:02:08.369+0700] {processor.py:153} INFO - Started process (PID=18689) to work on /opt/anaconda3/lib/python3.8/site-packages/airflow/example_dags/example_task_group_decorator.py
[2023-12-06T11:02:08.370+0700] {processor.py:743} INFO - Processing file /opt/anaconda3/lib/python3.8/site-packages/airflow/example_dags/example_task_group_decorator.py for tasks to queue
[2023-12-06T11:02:08.371+0700] {logging_mixin.py:137} INFO - [2023-12-06T11:02:08.371+0700] {dagbag.py:538} INFO - Filling up the DagBag from /opt/anaconda3/lib/python3.8/site-packages/airflow/example_dags/example_task_group_decorator.py
[2023-12-06T11:02:08.437+0700] {processor.py:753} INFO - DAG(s) dict_keys(['example_task_group_decorator']) retrieved from /opt/anaconda3/lib/python3.8/site-packages/airflow/example_dags/example_task_group_decorator.py
[2023-12-06T11:02:09.408+0700] {logging_mixin.py:137} INFO - [2023-12-06T11:02:09.407+0700] {dag.py:2676} INFO - Sync 1 DAGs
[2023-12-06T11:02:09.430+0700] {logging_mixin.py:137} INFO - [2023-12-06T11:02:09.430+0700] {dag.py:3423} INFO - Setting next_dagrun for example_task_group_decorator to 2023-12-05T04:02:09.429849+00:00, run_after=2023-12-06T04:02:09.429849+00:00
[2023-12-06T11:02:09.453+0700] {processor.py:175} INFO - Processing /opt/anaconda3/lib/python3.8/site-packages/airflow/example_dags/example_task_group_decorator.py took 1.085 seconds
[2023-12-06T11:06:30.292+0700] {processor.py:153} INFO - Started process (PID=21539) to work on /opt/anaconda3/lib/python3.8/site-packages/airflow/example_dags/example_task_group_decorator.py
[2023-12-06T11:06:30.293+0700] {processor.py:743} INFO - Processing file /opt/anaconda3/lib/python3.8/site-packages/airflow/example_dags/example_task_group_decorator.py for tasks to queue
[2023-12-06T11:06:30.294+0700] {logging_mixin.py:137} INFO - [2023-12-06T11:06:30.294+0700] {dagbag.py:538} INFO - Filling up the DagBag from /opt/anaconda3/lib/python3.8/site-packages/airflow/example_dags/example_task_group_decorator.py
[2023-12-06T11:06:30.366+0700] {processor.py:753} INFO - DAG(s) dict_keys(['example_task_group_decorator']) retrieved from /opt/anaconda3/lib/python3.8/site-packages/airflow/example_dags/example_task_group_decorator.py
[2023-12-06T11:06:31.335+0700] {logging_mixin.py:137} INFO - [2023-12-06T11:06:31.334+0700] {dag.py:2676} INFO - Sync 1 DAGs
[2023-12-06T11:06:31.355+0700] {logging_mixin.py:137} INFO - [2023-12-06T11:06:31.355+0700] {dag.py:3423} INFO - Setting next_dagrun for example_task_group_decorator to 2023-12-05T04:06:31.355548+00:00, run_after=2023-12-06T04:06:31.355548+00:00
[2023-12-06T11:06:31.383+0700] {processor.py:175} INFO - Processing /opt/anaconda3/lib/python3.8/site-packages/airflow/example_dags/example_task_group_decorator.py took 1.092 seconds
[2023-12-06T11:09:51.894+0700] {processor.py:153} INFO - Started process (PID=23785) to work on /opt/anaconda3/lib/python3.8/site-packages/airflow/example_dags/example_task_group_decorator.py
[2023-12-06T11:09:51.896+0700] {processor.py:743} INFO - Processing file /opt/anaconda3/lib/python3.8/site-packages/airflow/example_dags/example_task_group_decorator.py for tasks to queue
[2023-12-06T11:09:51.897+0700] {logging_mixin.py:137} INFO - [2023-12-06T11:09:51.897+0700] {dagbag.py:538} INFO - Filling up the DagBag from /opt/anaconda3/lib/python3.8/site-packages/airflow/example_dags/example_task_group_decorator.py
[2023-12-06T11:09:51.963+0700] {processor.py:753} INFO - DAG(s) dict_keys(['example_task_group_decorator']) retrieved from /opt/anaconda3/lib/python3.8/site-packages/airflow/example_dags/example_task_group_decorator.py
[2023-12-06T11:09:52.905+0700] {logging_mixin.py:137} INFO - [2023-12-06T11:09:52.905+0700] {dag.py:2676} INFO - Sync 1 DAGs
[2023-12-06T11:09:52.932+0700] {logging_mixin.py:137} INFO - [2023-12-06T11:09:52.932+0700] {dag.py:3423} INFO - Setting next_dagrun for example_task_group_decorator to 2023-12-05T04:09:52.931908+00:00, run_after=2023-12-06T04:09:52.931908+00:00
[2023-12-06T11:09:52.966+0700] {processor.py:175} INFO - Processing /opt/anaconda3/lib/python3.8/site-packages/airflow/example_dags/example_task_group_decorator.py took 1.073 seconds
[2023-12-06T11:13:22.472+0700] {processor.py:153} INFO - Started process (PID=26102) to work on /opt/anaconda3/lib/python3.8/site-packages/airflow/example_dags/example_task_group_decorator.py
[2023-12-06T11:13:22.474+0700] {processor.py:743} INFO - Processing file /opt/anaconda3/lib/python3.8/site-packages/airflow/example_dags/example_task_group_decorator.py for tasks to queue
[2023-12-06T11:13:22.475+0700] {logging_mixin.py:137} INFO - [2023-12-06T11:13:22.475+0700] {dagbag.py:538} INFO - Filling up the DagBag from /opt/anaconda3/lib/python3.8/site-packages/airflow/example_dags/example_task_group_decorator.py
[2023-12-06T11:13:22.571+0700] {processor.py:753} INFO - DAG(s) dict_keys(['example_task_group_decorator']) retrieved from /opt/anaconda3/lib/python3.8/site-packages/airflow/example_dags/example_task_group_decorator.py
[2023-12-06T11:13:23.579+0700] {logging_mixin.py:137} INFO - [2023-12-06T11:13:23.578+0700] {dag.py:2676} INFO - Sync 1 DAGs
[2023-12-06T11:13:23.607+0700] {logging_mixin.py:137} INFO - [2023-12-06T11:13:23.607+0700] {dag.py:3423} INFO - Setting next_dagrun for example_task_group_decorator to 2023-12-05T04:13:23.607071+00:00, run_after=2023-12-06T04:13:23.607071+00:00
[2023-12-06T11:13:23.644+0700] {processor.py:175} INFO - Processing /opt/anaconda3/lib/python3.8/site-packages/airflow/example_dags/example_task_group_decorator.py took 1.174 seconds
[2023-12-06T11:17:58.862+0700] {processor.py:153} INFO - Started process (PID=29040) to work on /opt/anaconda3/lib/python3.8/site-packages/airflow/example_dags/example_task_group_decorator.py
[2023-12-06T11:17:58.863+0700] {processor.py:743} INFO - Processing file /opt/anaconda3/lib/python3.8/site-packages/airflow/example_dags/example_task_group_decorator.py for tasks to queue
[2023-12-06T11:17:58.864+0700] {logging_mixin.py:137} INFO - [2023-12-06T11:17:58.863+0700] {dagbag.py:538} INFO - Filling up the DagBag from /opt/anaconda3/lib/python3.8/site-packages/airflow/example_dags/example_task_group_decorator.py
[2023-12-06T11:17:58.956+0700] {processor.py:753} INFO - DAG(s) dict_keys(['example_task_group_decorator']) retrieved from /opt/anaconda3/lib/python3.8/site-packages/airflow/example_dags/example_task_group_decorator.py
[2023-12-06T11:17:59.975+0700] {logging_mixin.py:137} INFO - [2023-12-06T11:17:59.975+0700] {dag.py:2676} INFO - Sync 1 DAGs
[2023-12-06T11:17:59.998+0700] {logging_mixin.py:137} INFO - [2023-12-06T11:17:59.998+0700] {dag.py:3423} INFO - Setting next_dagrun for example_task_group_decorator to 2023-12-05T04:17:59.997971+00:00, run_after=2023-12-06T04:17:59.997971+00:00
[2023-12-06T11:18:00.027+0700] {processor.py:175} INFO - Processing /opt/anaconda3/lib/python3.8/site-packages/airflow/example_dags/example_task_group_decorator.py took 1.166 seconds
[2023-12-06T11:20:53.878+0700] {processor.py:153} INFO - Started process (PID=30971) to work on /opt/anaconda3/lib/python3.8/site-packages/airflow/example_dags/example_task_group_decorator.py
[2023-12-06T11:20:53.880+0700] {processor.py:743} INFO - Processing file /opt/anaconda3/lib/python3.8/site-packages/airflow/example_dags/example_task_group_decorator.py for tasks to queue
[2023-12-06T11:20:53.880+0700] {logging_mixin.py:137} INFO - [2023-12-06T11:20:53.880+0700] {dagbag.py:538} INFO - Filling up the DagBag from /opt/anaconda3/lib/python3.8/site-packages/airflow/example_dags/example_task_group_decorator.py
[2023-12-06T11:20:53.951+0700] {processor.py:753} INFO - DAG(s) dict_keys(['example_task_group_decorator']) retrieved from /opt/anaconda3/lib/python3.8/site-packages/airflow/example_dags/example_task_group_decorator.py
[2023-12-06T11:20:55.250+0700] {logging_mixin.py:137} INFO - [2023-12-06T11:20:55.249+0700] {dag.py:2676} INFO - Sync 1 DAGs
[2023-12-06T11:20:55.273+0700] {logging_mixin.py:137} INFO - [2023-12-06T11:20:55.272+0700] {dag.py:3423} INFO - Setting next_dagrun for example_task_group_decorator to 2023-12-05T04:20:55.272695+00:00, run_after=2023-12-06T04:20:55.272695+00:00
[2023-12-06T11:20:55.298+0700] {processor.py:175} INFO - Processing /opt/anaconda3/lib/python3.8/site-packages/airflow/example_dags/example_task_group_decorator.py took 1.422 seconds
[2023-12-06T11:23:50.355+0700] {processor.py:153} INFO - Started process (PID=32794) to work on /opt/anaconda3/lib/python3.8/site-packages/airflow/example_dags/example_task_group_decorator.py
[2023-12-06T11:23:50.358+0700] {processor.py:743} INFO - Processing file /opt/anaconda3/lib/python3.8/site-packages/airflow/example_dags/example_task_group_decorator.py for tasks to queue
[2023-12-06T11:23:50.360+0700] {logging_mixin.py:137} INFO - [2023-12-06T11:23:50.359+0700] {dagbag.py:538} INFO - Filling up the DagBag from /opt/anaconda3/lib/python3.8/site-packages/airflow/example_dags/example_task_group_decorator.py
[2023-12-06T11:23:50.527+0700] {processor.py:753} INFO - DAG(s) dict_keys(['example_task_group_decorator']) retrieved from /opt/anaconda3/lib/python3.8/site-packages/airflow/example_dags/example_task_group_decorator.py
[2023-12-06T11:23:53.327+0700] {logging_mixin.py:137} INFO - [2023-12-06T11:23:53.327+0700] {dag.py:2676} INFO - Sync 1 DAGs
[2023-12-06T11:23:53.399+0700] {logging_mixin.py:137} INFO - [2023-12-06T11:23:53.399+0700] {dag.py:3423} INFO - Setting next_dagrun for example_task_group_decorator to 2023-12-05T04:23:53.399289+00:00, run_after=2023-12-06T04:23:53.399289+00:00
[2023-12-06T11:23:53.474+0700] {processor.py:175} INFO - Processing /opt/anaconda3/lib/python3.8/site-packages/airflow/example_dags/example_task_group_decorator.py took 3.120 seconds
[2023-12-06T11:26:45.453+0700] {processor.py:153} INFO - Started process (PID=34707) to work on /opt/anaconda3/lib/python3.8/site-packages/airflow/example_dags/example_task_group_decorator.py
[2023-12-06T11:26:45.455+0700] {processor.py:743} INFO - Processing file /opt/anaconda3/lib/python3.8/site-packages/airflow/example_dags/example_task_group_decorator.py for tasks to queue
[2023-12-06T11:26:45.456+0700] {logging_mixin.py:137} INFO - [2023-12-06T11:26:45.456+0700] {dagbag.py:538} INFO - Filling up the DagBag from /opt/anaconda3/lib/python3.8/site-packages/airflow/example_dags/example_task_group_decorator.py
[2023-12-06T11:26:45.547+0700] {processor.py:753} INFO - DAG(s) dict_keys(['example_task_group_decorator']) retrieved from /opt/anaconda3/lib/python3.8/site-packages/airflow/example_dags/example_task_group_decorator.py
[2023-12-06T11:26:46.830+0700] {logging_mixin.py:137} INFO - [2023-12-06T11:26:46.829+0700] {dag.py:2676} INFO - Sync 1 DAGs
[2023-12-06T11:26:46.854+0700] {logging_mixin.py:137} INFO - [2023-12-06T11:26:46.854+0700] {dag.py:3423} INFO - Setting next_dagrun for example_task_group_decorator to 2023-12-05T04:26:46.854439+00:00, run_after=2023-12-06T04:26:46.854439+00:00
[2023-12-06T11:26:46.882+0700] {processor.py:175} INFO - Processing /opt/anaconda3/lib/python3.8/site-packages/airflow/example_dags/example_task_group_decorator.py took 1.430 seconds
[2023-12-06T11:29:48.328+0700] {processor.py:153} INFO - Started process (PID=36636) to work on /opt/anaconda3/lib/python3.8/site-packages/airflow/example_dags/example_task_group_decorator.py
[2023-12-06T11:29:48.331+0700] {processor.py:743} INFO - Processing file /opt/anaconda3/lib/python3.8/site-packages/airflow/example_dags/example_task_group_decorator.py for tasks to queue
[2023-12-06T11:29:48.331+0700] {logging_mixin.py:137} INFO - [2023-12-06T11:29:48.331+0700] {dagbag.py:538} INFO - Filling up the DagBag from /opt/anaconda3/lib/python3.8/site-packages/airflow/example_dags/example_task_group_decorator.py
[2023-12-06T11:29:48.480+0700] {processor.py:753} INFO - DAG(s) dict_keys(['example_task_group_decorator']) retrieved from /opt/anaconda3/lib/python3.8/site-packages/airflow/example_dags/example_task_group_decorator.py
[2023-12-06T11:29:49.673+0700] {logging_mixin.py:137} INFO - [2023-12-06T11:29:49.673+0700] {dag.py:2676} INFO - Sync 1 DAGs
[2023-12-06T11:29:49.698+0700] {logging_mixin.py:137} INFO - [2023-12-06T11:29:49.698+0700] {dag.py:3423} INFO - Setting next_dagrun for example_task_group_decorator to 2023-12-05T04:29:49.697904+00:00, run_after=2023-12-06T04:29:49.697904+00:00
[2023-12-06T11:29:49.721+0700] {processor.py:175} INFO - Processing /opt/anaconda3/lib/python3.8/site-packages/airflow/example_dags/example_task_group_decorator.py took 1.394 seconds
[2023-12-06T11:33:11.136+0700] {processor.py:153} INFO - Started process (PID=38783) to work on /opt/anaconda3/lib/python3.8/site-packages/airflow/example_dags/example_task_group_decorator.py
[2023-12-06T11:33:11.138+0700] {processor.py:743} INFO - Processing file /opt/anaconda3/lib/python3.8/site-packages/airflow/example_dags/example_task_group_decorator.py for tasks to queue
[2023-12-06T11:33:11.140+0700] {logging_mixin.py:137} INFO - [2023-12-06T11:33:11.140+0700] {dagbag.py:538} INFO - Filling up the DagBag from /opt/anaconda3/lib/python3.8/site-packages/airflow/example_dags/example_task_group_decorator.py
[2023-12-06T11:33:11.232+0700] {processor.py:753} INFO - DAG(s) dict_keys(['example_task_group_decorator']) retrieved from /opt/anaconda3/lib/python3.8/site-packages/airflow/example_dags/example_task_group_decorator.py
[2023-12-06T11:33:12.359+0700] {logging_mixin.py:137} INFO - [2023-12-06T11:33:12.359+0700] {dag.py:2676} INFO - Sync 1 DAGs
[2023-12-06T11:33:12.385+0700] {logging_mixin.py:137} INFO - [2023-12-06T11:33:12.385+0700] {dag.py:3423} INFO - Setting next_dagrun for example_task_group_decorator to 2023-12-05T04:33:12.385582+00:00, run_after=2023-12-06T04:33:12.385582+00:00
[2023-12-06T11:33:12.412+0700] {processor.py:175} INFO - Processing /opt/anaconda3/lib/python3.8/site-packages/airflow/example_dags/example_task_group_decorator.py took 1.277 seconds
[2023-12-06T11:38:55.165+0700] {processor.py:153} INFO - Started process (PID=42523) to work on /opt/anaconda3/lib/python3.8/site-packages/airflow/example_dags/example_task_group_decorator.py
[2023-12-06T11:38:55.167+0700] {processor.py:743} INFO - Processing file /opt/anaconda3/lib/python3.8/site-packages/airflow/example_dags/example_task_group_decorator.py for tasks to queue
[2023-12-06T11:38:55.168+0700] {logging_mixin.py:137} INFO - [2023-12-06T11:38:55.168+0700] {dagbag.py:538} INFO - Filling up the DagBag from /opt/anaconda3/lib/python3.8/site-packages/airflow/example_dags/example_task_group_decorator.py
[2023-12-06T11:38:55.259+0700] {processor.py:753} INFO - DAG(s) dict_keys(['example_task_group_decorator']) retrieved from /opt/anaconda3/lib/python3.8/site-packages/airflow/example_dags/example_task_group_decorator.py
[2023-12-06T11:38:56.172+0700] {logging_mixin.py:137} INFO - [2023-12-06T11:38:56.172+0700] {dag.py:2676} INFO - Sync 1 DAGs
[2023-12-06T11:38:56.194+0700] {logging_mixin.py:137} INFO - [2023-12-06T11:38:56.194+0700] {dag.py:3423} INFO - Setting next_dagrun for example_task_group_decorator to 2023-12-05T04:38:56.194500+00:00, run_after=2023-12-06T04:38:56.194500+00:00
[2023-12-06T11:38:56.219+0700] {processor.py:175} INFO - Processing /opt/anaconda3/lib/python3.8/site-packages/airflow/example_dags/example_task_group_decorator.py took 1.054 seconds
[2023-12-06T11:42:14.521+0700] {processor.py:153} INFO - Started process (PID=44681) to work on /opt/anaconda3/lib/python3.8/site-packages/airflow/example_dags/example_task_group_decorator.py
[2023-12-06T11:42:14.523+0700] {processor.py:743} INFO - Processing file /opt/anaconda3/lib/python3.8/site-packages/airflow/example_dags/example_task_group_decorator.py for tasks to queue
[2023-12-06T11:42:14.523+0700] {logging_mixin.py:137} INFO - [2023-12-06T11:42:14.523+0700] {dagbag.py:538} INFO - Filling up the DagBag from /opt/anaconda3/lib/python3.8/site-packages/airflow/example_dags/example_task_group_decorator.py
[2023-12-06T11:42:14.588+0700] {processor.py:753} INFO - DAG(s) dict_keys(['example_task_group_decorator']) retrieved from /opt/anaconda3/lib/python3.8/site-packages/airflow/example_dags/example_task_group_decorator.py
[2023-12-06T11:42:15.894+0700] {logging_mixin.py:137} INFO - [2023-12-06T11:42:15.894+0700] {dag.py:2676} INFO - Sync 1 DAGs
[2023-12-06T11:42:15.923+0700] {logging_mixin.py:137} INFO - [2023-12-06T11:42:15.923+0700] {dag.py:3423} INFO - Setting next_dagrun for example_task_group_decorator to 2023-12-05T04:42:15.922887+00:00, run_after=2023-12-06T04:42:15.922887+00:00
[2023-12-06T11:42:15.959+0700] {processor.py:175} INFO - Processing /opt/anaconda3/lib/python3.8/site-packages/airflow/example_dags/example_task_group_decorator.py took 1.439 seconds
[2023-12-06T11:45:33.652+0700] {processor.py:153} INFO - Started process (PID=46709) to work on /opt/anaconda3/lib/python3.8/site-packages/airflow/example_dags/example_task_group_decorator.py
[2023-12-06T11:45:33.653+0700] {processor.py:743} INFO - Processing file /opt/anaconda3/lib/python3.8/site-packages/airflow/example_dags/example_task_group_decorator.py for tasks to queue
[2023-12-06T11:45:33.654+0700] {logging_mixin.py:137} INFO - [2023-12-06T11:45:33.654+0700] {dagbag.py:538} INFO - Filling up the DagBag from /opt/anaconda3/lib/python3.8/site-packages/airflow/example_dags/example_task_group_decorator.py
[2023-12-06T11:45:33.742+0700] {processor.py:753} INFO - DAG(s) dict_keys(['example_task_group_decorator']) retrieved from /opt/anaconda3/lib/python3.8/site-packages/airflow/example_dags/example_task_group_decorator.py
[2023-12-06T11:45:34.619+0700] {logging_mixin.py:137} INFO - [2023-12-06T11:45:34.618+0700] {dag.py:2676} INFO - Sync 1 DAGs
[2023-12-06T11:45:34.638+0700] {logging_mixin.py:137} INFO - [2023-12-06T11:45:34.638+0700] {dag.py:3423} INFO - Setting next_dagrun for example_task_group_decorator to 2023-12-05T04:45:34.638108+00:00, run_after=2023-12-06T04:45:34.638108+00:00
[2023-12-06T11:45:34.663+0700] {processor.py:175} INFO - Processing /opt/anaconda3/lib/python3.8/site-packages/airflow/example_dags/example_task_group_decorator.py took 1.012 seconds
[2023-12-06T11:48:56.878+0700] {processor.py:153} INFO - Started process (PID=48954) to work on /opt/anaconda3/lib/python3.8/site-packages/airflow/example_dags/example_task_group_decorator.py
[2023-12-06T11:48:56.880+0700] {processor.py:743} INFO - Processing file /opt/anaconda3/lib/python3.8/site-packages/airflow/example_dags/example_task_group_decorator.py for tasks to queue
[2023-12-06T11:48:56.881+0700] {logging_mixin.py:137} INFO - [2023-12-06T11:48:56.881+0700] {dagbag.py:538} INFO - Filling up the DagBag from /opt/anaconda3/lib/python3.8/site-packages/airflow/example_dags/example_task_group_decorator.py
[2023-12-06T11:48:56.953+0700] {processor.py:753} INFO - DAG(s) dict_keys(['example_task_group_decorator']) retrieved from /opt/anaconda3/lib/python3.8/site-packages/airflow/example_dags/example_task_group_decorator.py
[2023-12-06T11:48:58.466+0700] {logging_mixin.py:137} INFO - [2023-12-06T11:48:58.466+0700] {dag.py:2676} INFO - Sync 1 DAGs
[2023-12-06T11:48:58.495+0700] {logging_mixin.py:137} INFO - [2023-12-06T11:48:58.495+0700] {dag.py:3423} INFO - Setting next_dagrun for example_task_group_decorator to 2023-12-05T04:48:58.494937+00:00, run_after=2023-12-06T04:48:58.494937+00:00
[2023-12-06T11:48:58.526+0700] {processor.py:175} INFO - Processing /opt/anaconda3/lib/python3.8/site-packages/airflow/example_dags/example_task_group_decorator.py took 1.648 seconds
[2023-12-06T11:52:05.369+0700] {processor.py:153} INFO - Started process (PID=50983) to work on /opt/anaconda3/lib/python3.8/site-packages/airflow/example_dags/example_task_group_decorator.py
[2023-12-06T11:52:05.370+0700] {processor.py:743} INFO - Processing file /opt/anaconda3/lib/python3.8/site-packages/airflow/example_dags/example_task_group_decorator.py for tasks to queue
[2023-12-06T11:52:05.371+0700] {logging_mixin.py:137} INFO - [2023-12-06T11:52:05.371+0700] {dagbag.py:538} INFO - Filling up the DagBag from /opt/anaconda3/lib/python3.8/site-packages/airflow/example_dags/example_task_group_decorator.py
[2023-12-06T11:52:05.437+0700] {processor.py:753} INFO - DAG(s) dict_keys(['example_task_group_decorator']) retrieved from /opt/anaconda3/lib/python3.8/site-packages/airflow/example_dags/example_task_group_decorator.py
[2023-12-06T11:52:06.371+0700] {logging_mixin.py:137} INFO - [2023-12-06T11:52:06.370+0700] {dag.py:2676} INFO - Sync 1 DAGs
[2023-12-06T11:52:06.389+0700] {logging_mixin.py:137} INFO - [2023-12-06T11:52:06.389+0700] {dag.py:3423} INFO - Setting next_dagrun for example_task_group_decorator to 2023-12-05T04:52:06.389215+00:00, run_after=2023-12-06T04:52:06.389215+00:00
[2023-12-06T11:52:06.419+0700] {processor.py:175} INFO - Processing /opt/anaconda3/lib/python3.8/site-packages/airflow/example_dags/example_task_group_decorator.py took 1.051 seconds
[2023-12-06T11:54:34.874+0700] {processor.py:153} INFO - Started process (PID=52568) to work on /opt/anaconda3/lib/python3.8/site-packages/airflow/example_dags/example_task_group_decorator.py
[2023-12-06T11:54:34.875+0700] {processor.py:743} INFO - Processing file /opt/anaconda3/lib/python3.8/site-packages/airflow/example_dags/example_task_group_decorator.py for tasks to queue
[2023-12-06T11:54:34.876+0700] {logging_mixin.py:137} INFO - [2023-12-06T11:54:34.876+0700] {dagbag.py:538} INFO - Filling up the DagBag from /opt/anaconda3/lib/python3.8/site-packages/airflow/example_dags/example_task_group_decorator.py
[2023-12-06T11:54:34.961+0700] {processor.py:753} INFO - DAG(s) dict_keys(['example_task_group_decorator']) retrieved from /opt/anaconda3/lib/python3.8/site-packages/airflow/example_dags/example_task_group_decorator.py
[2023-12-06T11:54:35.848+0700] {logging_mixin.py:137} INFO - [2023-12-06T11:54:35.848+0700] {dag.py:2676} INFO - Sync 1 DAGs
[2023-12-06T11:54:35.868+0700] {logging_mixin.py:137} INFO - [2023-12-06T11:54:35.868+0700] {dag.py:3423} INFO - Setting next_dagrun for example_task_group_decorator to 2023-12-05T04:54:35.867885+00:00, run_after=2023-12-06T04:54:35.867885+00:00
[2023-12-06T11:54:35.890+0700] {processor.py:175} INFO - Processing /opt/anaconda3/lib/python3.8/site-packages/airflow/example_dags/example_task_group_decorator.py took 1.017 seconds
[2023-12-06T11:56:54.976+0700] {processor.py:153} INFO - Started process (PID=54046) to work on /opt/anaconda3/lib/python3.8/site-packages/airflow/example_dags/example_task_group_decorator.py
[2023-12-06T11:56:54.978+0700] {processor.py:743} INFO - Processing file /opt/anaconda3/lib/python3.8/site-packages/airflow/example_dags/example_task_group_decorator.py for tasks to queue
[2023-12-06T11:56:54.979+0700] {logging_mixin.py:137} INFO - [2023-12-06T11:56:54.979+0700] {dagbag.py:538} INFO - Filling up the DagBag from /opt/anaconda3/lib/python3.8/site-packages/airflow/example_dags/example_task_group_decorator.py
[2023-12-06T11:56:55.045+0700] {processor.py:753} INFO - DAG(s) dict_keys(['example_task_group_decorator']) retrieved from /opt/anaconda3/lib/python3.8/site-packages/airflow/example_dags/example_task_group_decorator.py
[2023-12-06T11:56:56.425+0700] {logging_mixin.py:137} INFO - [2023-12-06T11:56:56.425+0700] {dag.py:2676} INFO - Sync 1 DAGs
[2023-12-06T11:56:56.453+0700] {logging_mixin.py:137} INFO - [2023-12-06T11:56:56.452+0700] {dag.py:3423} INFO - Setting next_dagrun for example_task_group_decorator to 2023-12-05T04:56:56.452625+00:00, run_after=2023-12-06T04:56:56.452625+00:00
[2023-12-06T11:56:56.491+0700] {processor.py:175} INFO - Processing /opt/anaconda3/lib/python3.8/site-packages/airflow/example_dags/example_task_group_decorator.py took 1.516 seconds
[2023-12-06T11:59:20.981+0700] {processor.py:153} INFO - Started process (PID=55632) to work on /opt/anaconda3/lib/python3.8/site-packages/airflow/example_dags/example_task_group_decorator.py
[2023-12-06T11:59:20.983+0700] {processor.py:743} INFO - Processing file /opt/anaconda3/lib/python3.8/site-packages/airflow/example_dags/example_task_group_decorator.py for tasks to queue
[2023-12-06T11:59:20.984+0700] {logging_mixin.py:137} INFO - [2023-12-06T11:59:20.984+0700] {dagbag.py:538} INFO - Filling up the DagBag from /opt/anaconda3/lib/python3.8/site-packages/airflow/example_dags/example_task_group_decorator.py
[2023-12-06T11:59:21.061+0700] {processor.py:753} INFO - DAG(s) dict_keys(['example_task_group_decorator']) retrieved from /opt/anaconda3/lib/python3.8/site-packages/airflow/example_dags/example_task_group_decorator.py
[2023-12-06T11:59:21.879+0700] {logging_mixin.py:137} INFO - [2023-12-06T11:59:21.879+0700] {dag.py:2676} INFO - Sync 1 DAGs
[2023-12-06T11:59:21.897+0700] {logging_mixin.py:137} INFO - [2023-12-06T11:59:21.897+0700] {dag.py:3423} INFO - Setting next_dagrun for example_task_group_decorator to 2023-12-05T04:59:21.896997+00:00, run_after=2023-12-06T04:59:21.896997+00:00
[2023-12-06T11:59:21.919+0700] {processor.py:175} INFO - Processing /opt/anaconda3/lib/python3.8/site-packages/airflow/example_dags/example_task_group_decorator.py took 0.939 seconds
[2023-12-06T12:01:52.791+0700] {processor.py:153} INFO - Started process (PID=57228) to work on /opt/anaconda3/lib/python3.8/site-packages/airflow/example_dags/example_task_group_decorator.py
[2023-12-06T12:01:52.793+0700] {processor.py:743} INFO - Processing file /opt/anaconda3/lib/python3.8/site-packages/airflow/example_dags/example_task_group_decorator.py for tasks to queue
[2023-12-06T12:01:52.794+0700] {logging_mixin.py:137} INFO - [2023-12-06T12:01:52.793+0700] {dagbag.py:538} INFO - Filling up the DagBag from /opt/anaconda3/lib/python3.8/site-packages/airflow/example_dags/example_task_group_decorator.py
[2023-12-06T12:01:52.859+0700] {processor.py:753} INFO - DAG(s) dict_keys(['example_task_group_decorator']) retrieved from /opt/anaconda3/lib/python3.8/site-packages/airflow/example_dags/example_task_group_decorator.py
[2023-12-06T12:01:54.155+0700] {logging_mixin.py:137} INFO - [2023-12-06T12:01:54.154+0700] {dag.py:2676} INFO - Sync 1 DAGs
[2023-12-06T12:01:54.186+0700] {logging_mixin.py:137} INFO - [2023-12-06T12:01:54.185+0700] {dag.py:3423} INFO - Setting next_dagrun for example_task_group_decorator to 2023-12-05T05:01:54.185830+00:00, run_after=2023-12-06T05:01:54.185830+00:00
[2023-12-06T12:01:54.219+0700] {processor.py:175} INFO - Processing /opt/anaconda3/lib/python3.8/site-packages/airflow/example_dags/example_task_group_decorator.py took 1.430 seconds
[2023-12-06T12:58:06.132+0700] {processor.py:153} INFO - Started process (PID=59050) to work on /opt/anaconda3/lib/python3.8/site-packages/airflow/example_dags/example_task_group_decorator.py
[2023-12-06T12:58:06.134+0700] {processor.py:743} INFO - Processing file /opt/anaconda3/lib/python3.8/site-packages/airflow/example_dags/example_task_group_decorator.py for tasks to queue
[2023-12-06T12:58:06.135+0700] {logging_mixin.py:137} INFO - [2023-12-06T12:58:06.135+0700] {dagbag.py:538} INFO - Filling up the DagBag from /opt/anaconda3/lib/python3.8/site-packages/airflow/example_dags/example_task_group_decorator.py
[2023-12-06T12:58:06.247+0700] {processor.py:753} INFO - DAG(s) dict_keys(['example_task_group_decorator']) retrieved from /opt/anaconda3/lib/python3.8/site-packages/airflow/example_dags/example_task_group_decorator.py
[2023-12-06T12:58:07.661+0700] {logging_mixin.py:137} INFO - [2023-12-06T12:58:07.661+0700] {dag.py:2676} INFO - Sync 1 DAGs
[2023-12-06T12:58:07.678+0700] {logging_mixin.py:137} INFO - [2023-12-06T12:58:07.678+0700] {dag.py:3423} INFO - Setting next_dagrun for example_task_group_decorator to 2023-12-05T05:58:07.678240+00:00, run_after=2023-12-06T05:58:07.678240+00:00
[2023-12-06T12:58:07.698+0700] {processor.py:175} INFO - Processing /opt/anaconda3/lib/python3.8/site-packages/airflow/example_dags/example_task_group_decorator.py took 1.567 seconds
[2023-12-06T15:15:49.171+0700] {processor.py:153} INFO - Started process (PID=61813) to work on /opt/anaconda3/lib/python3.8/site-packages/airflow/example_dags/example_task_group_decorator.py
[2023-12-06T15:15:49.173+0700] {processor.py:743} INFO - Processing file /opt/anaconda3/lib/python3.8/site-packages/airflow/example_dags/example_task_group_decorator.py for tasks to queue
[2023-12-06T15:15:49.174+0700] {logging_mixin.py:137} INFO - [2023-12-06T15:15:49.174+0700] {dagbag.py:538} INFO - Filling up the DagBag from /opt/anaconda3/lib/python3.8/site-packages/airflow/example_dags/example_task_group_decorator.py
[2023-12-06T15:15:49.234+0700] {processor.py:753} INFO - DAG(s) dict_keys(['example_task_group_decorator']) retrieved from /opt/anaconda3/lib/python3.8/site-packages/airflow/example_dags/example_task_group_decorator.py
[2023-12-06T15:15:49.958+0700] {logging_mixin.py:137} INFO - [2023-12-06T15:15:49.958+0700] {dag.py:2676} INFO - Sync 1 DAGs
[2023-12-06T15:15:49.976+0700] {logging_mixin.py:137} INFO - [2023-12-06T15:15:49.976+0700] {dag.py:3423} INFO - Setting next_dagrun for example_task_group_decorator to 2023-12-05T08:15:49.976298+00:00, run_after=2023-12-06T08:15:49.976298+00:00
[2023-12-06T15:15:49.997+0700] {processor.py:175} INFO - Processing /opt/anaconda3/lib/python3.8/site-packages/airflow/example_dags/example_task_group_decorator.py took 0.827 seconds
[2023-12-06T15:18:05.569+0700] {processor.py:153} INFO - Started process (PID=63293) to work on /opt/anaconda3/lib/python3.8/site-packages/airflow/example_dags/example_task_group_decorator.py
[2023-12-06T15:18:05.570+0700] {processor.py:743} INFO - Processing file /opt/anaconda3/lib/python3.8/site-packages/airflow/example_dags/example_task_group_decorator.py for tasks to queue
[2023-12-06T15:18:05.571+0700] {logging_mixin.py:137} INFO - [2023-12-06T15:18:05.571+0700] {dagbag.py:538} INFO - Filling up the DagBag from /opt/anaconda3/lib/python3.8/site-packages/airflow/example_dags/example_task_group_decorator.py
[2023-12-06T15:18:05.631+0700] {processor.py:753} INFO - DAG(s) dict_keys(['example_task_group_decorator']) retrieved from /opt/anaconda3/lib/python3.8/site-packages/airflow/example_dags/example_task_group_decorator.py
[2023-12-06T15:18:06.368+0700] {logging_mixin.py:137} INFO - [2023-12-06T15:18:06.368+0700] {dag.py:2676} INFO - Sync 1 DAGs
[2023-12-06T15:18:06.384+0700] {logging_mixin.py:137} INFO - [2023-12-06T15:18:06.384+0700] {dag.py:3423} INFO - Setting next_dagrun for example_task_group_decorator to 2023-12-05T08:18:06.383875+00:00, run_after=2023-12-06T08:18:06.383875+00:00
[2023-12-06T15:18:06.406+0700] {processor.py:175} INFO - Processing /opt/anaconda3/lib/python3.8/site-packages/airflow/example_dags/example_task_group_decorator.py took 0.838 seconds
[2023-12-06T15:20:22.817+0700] {processor.py:153} INFO - Started process (PID=64768) to work on /opt/anaconda3/lib/python3.8/site-packages/airflow/example_dags/example_task_group_decorator.py
[2023-12-06T15:20:22.818+0700] {processor.py:743} INFO - Processing file /opt/anaconda3/lib/python3.8/site-packages/airflow/example_dags/example_task_group_decorator.py for tasks to queue
[2023-12-06T15:20:22.818+0700] {logging_mixin.py:137} INFO - [2023-12-06T15:20:22.818+0700] {dagbag.py:538} INFO - Filling up the DagBag from /opt/anaconda3/lib/python3.8/site-packages/airflow/example_dags/example_task_group_decorator.py
[2023-12-06T15:20:22.873+0700] {processor.py:753} INFO - DAG(s) dict_keys(['example_task_group_decorator']) retrieved from /opt/anaconda3/lib/python3.8/site-packages/airflow/example_dags/example_task_group_decorator.py
[2023-12-06T15:20:23.991+0700] {logging_mixin.py:137} INFO - [2023-12-06T15:20:23.991+0700] {dag.py:2676} INFO - Sync 1 DAGs
[2023-12-06T15:20:24.011+0700] {logging_mixin.py:137} INFO - [2023-12-06T15:20:24.010+0700] {dag.py:3423} INFO - Setting next_dagrun for example_task_group_decorator to 2023-12-05T08:20:24.010733+00:00, run_after=2023-12-06T08:20:24.010733+00:00
[2023-12-06T15:20:24.033+0700] {processor.py:175} INFO - Processing /opt/anaconda3/lib/python3.8/site-packages/airflow/example_dags/example_task_group_decorator.py took 1.217 seconds
[2023-12-06T15:22:49.396+0700] {processor.py:153} INFO - Started process (PID=66251) to work on /opt/anaconda3/lib/python3.8/site-packages/airflow/example_dags/example_task_group_decorator.py
[2023-12-06T15:22:49.398+0700] {processor.py:743} INFO - Processing file /opt/anaconda3/lib/python3.8/site-packages/airflow/example_dags/example_task_group_decorator.py for tasks to queue
[2023-12-06T15:22:49.399+0700] {logging_mixin.py:137} INFO - [2023-12-06T15:22:49.399+0700] {dagbag.py:538} INFO - Filling up the DagBag from /opt/anaconda3/lib/python3.8/site-packages/airflow/example_dags/example_task_group_decorator.py
[2023-12-06T15:22:49.531+0700] {processor.py:753} INFO - DAG(s) dict_keys(['example_task_group_decorator']) retrieved from /opt/anaconda3/lib/python3.8/site-packages/airflow/example_dags/example_task_group_decorator.py
[2023-12-06T15:22:50.456+0700] {logging_mixin.py:137} INFO - [2023-12-06T15:22:50.456+0700] {dag.py:2676} INFO - Sync 1 DAGs
[2023-12-06T15:22:50.475+0700] {logging_mixin.py:137} INFO - [2023-12-06T15:22:50.475+0700] {dag.py:3423} INFO - Setting next_dagrun for example_task_group_decorator to 2023-12-05T08:22:50.475345+00:00, run_after=2023-12-06T08:22:50.475345+00:00
[2023-12-06T15:22:50.499+0700] {processor.py:175} INFO - Processing /opt/anaconda3/lib/python3.8/site-packages/airflow/example_dags/example_task_group_decorator.py took 1.103 seconds
[2023-12-06T15:25:11.137+0700] {processor.py:153} INFO - Started process (PID=67834) to work on /opt/anaconda3/lib/python3.8/site-packages/airflow/example_dags/example_task_group_decorator.py
[2023-12-06T15:25:11.139+0700] {processor.py:743} INFO - Processing file /opt/anaconda3/lib/python3.8/site-packages/airflow/example_dags/example_task_group_decorator.py for tasks to queue
[2023-12-06T15:25:11.140+0700] {logging_mixin.py:137} INFO - [2023-12-06T15:25:11.140+0700] {dagbag.py:538} INFO - Filling up the DagBag from /opt/anaconda3/lib/python3.8/site-packages/airflow/example_dags/example_task_group_decorator.py
[2023-12-06T15:25:11.225+0700] {processor.py:753} INFO - DAG(s) dict_keys(['example_task_group_decorator']) retrieved from /opt/anaconda3/lib/python3.8/site-packages/airflow/example_dags/example_task_group_decorator.py
[2023-12-06T15:25:12.096+0700] {logging_mixin.py:137} INFO - [2023-12-06T15:25:12.095+0700] {dag.py:2676} INFO - Sync 1 DAGs
[2023-12-06T15:25:12.123+0700] {logging_mixin.py:137} INFO - [2023-12-06T15:25:12.123+0700] {dag.py:3423} INFO - Setting next_dagrun for example_task_group_decorator to 2023-12-05T08:25:12.123445+00:00, run_after=2023-12-06T08:25:12.123445+00:00
[2023-12-06T15:25:12.161+0700] {processor.py:175} INFO - Processing /opt/anaconda3/lib/python3.8/site-packages/airflow/example_dags/example_task_group_decorator.py took 1.025 seconds
[2023-12-06T15:27:42.427+0700] {processor.py:153} INFO - Started process (PID=69421) to work on /opt/anaconda3/lib/python3.8/site-packages/airflow/example_dags/example_task_group_decorator.py
[2023-12-06T15:27:42.429+0700] {processor.py:743} INFO - Processing file /opt/anaconda3/lib/python3.8/site-packages/airflow/example_dags/example_task_group_decorator.py for tasks to queue
[2023-12-06T15:27:42.430+0700] {logging_mixin.py:137} INFO - [2023-12-06T15:27:42.430+0700] {dagbag.py:538} INFO - Filling up the DagBag from /opt/anaconda3/lib/python3.8/site-packages/airflow/example_dags/example_task_group_decorator.py
[2023-12-06T15:27:42.521+0700] {processor.py:753} INFO - DAG(s) dict_keys(['example_task_group_decorator']) retrieved from /opt/anaconda3/lib/python3.8/site-packages/airflow/example_dags/example_task_group_decorator.py
[2023-12-06T15:27:43.641+0700] {logging_mixin.py:137} INFO - [2023-12-06T15:27:43.641+0700] {dag.py:2676} INFO - Sync 1 DAGs
[2023-12-06T15:27:43.669+0700] {logging_mixin.py:137} INFO - [2023-12-06T15:27:43.668+0700] {dag.py:3423} INFO - Setting next_dagrun for example_task_group_decorator to 2023-12-05T08:27:43.668742+00:00, run_after=2023-12-06T08:27:43.668742+00:00
[2023-12-06T15:27:43.700+0700] {processor.py:175} INFO - Processing /opt/anaconda3/lib/python3.8/site-packages/airflow/example_dags/example_task_group_decorator.py took 1.274 seconds
[2023-12-06T15:30:00.838+0700] {processor.py:153} INFO - Started process (PID=70896) to work on /opt/anaconda3/lib/python3.8/site-packages/airflow/example_dags/example_task_group_decorator.py
[2023-12-06T15:30:00.840+0700] {processor.py:743} INFO - Processing file /opt/anaconda3/lib/python3.8/site-packages/airflow/example_dags/example_task_group_decorator.py for tasks to queue
[2023-12-06T15:30:00.841+0700] {logging_mixin.py:137} INFO - [2023-12-06T15:30:00.841+0700] {dagbag.py:538} INFO - Filling up the DagBag from /opt/anaconda3/lib/python3.8/site-packages/airflow/example_dags/example_task_group_decorator.py
[2023-12-06T15:30:00.920+0700] {processor.py:753} INFO - DAG(s) dict_keys(['example_task_group_decorator']) retrieved from /opt/anaconda3/lib/python3.8/site-packages/airflow/example_dags/example_task_group_decorator.py
[2023-12-06T15:30:01.910+0700] {logging_mixin.py:137} INFO - [2023-12-06T15:30:01.910+0700] {dag.py:2676} INFO - Sync 1 DAGs
[2023-12-06T15:30:01.931+0700] {logging_mixin.py:137} INFO - [2023-12-06T15:30:01.930+0700] {dag.py:3423} INFO - Setting next_dagrun for example_task_group_decorator to 2023-12-05T08:30:01.930673+00:00, run_after=2023-12-06T08:30:01.930673+00:00
[2023-12-06T15:30:01.957+0700] {processor.py:175} INFO - Processing /opt/anaconda3/lib/python3.8/site-packages/airflow/example_dags/example_task_group_decorator.py took 1.119 seconds
[2023-12-06T15:32:38.392+0700] {processor.py:153} INFO - Started process (PID=72616) to work on /opt/anaconda3/lib/python3.8/site-packages/airflow/example_dags/example_task_group_decorator.py
[2023-12-06T15:32:38.394+0700] {processor.py:743} INFO - Processing file /opt/anaconda3/lib/python3.8/site-packages/airflow/example_dags/example_task_group_decorator.py for tasks to queue
[2023-12-06T15:32:38.395+0700] {logging_mixin.py:137} INFO - [2023-12-06T15:32:38.395+0700] {dagbag.py:538} INFO - Filling up the DagBag from /opt/anaconda3/lib/python3.8/site-packages/airflow/example_dags/example_task_group_decorator.py
[2023-12-06T15:32:38.458+0700] {processor.py:753} INFO - DAG(s) dict_keys(['example_task_group_decorator']) retrieved from /opt/anaconda3/lib/python3.8/site-packages/airflow/example_dags/example_task_group_decorator.py
[2023-12-06T15:32:39.318+0700] {logging_mixin.py:137} INFO - [2023-12-06T15:32:39.318+0700] {dag.py:2676} INFO - Sync 1 DAGs
[2023-12-06T15:32:39.339+0700] {logging_mixin.py:137} INFO - [2023-12-06T15:32:39.339+0700] {dag.py:3423} INFO - Setting next_dagrun for example_task_group_decorator to 2023-12-05T08:32:39.338993+00:00, run_after=2023-12-06T08:32:39.338993+00:00
[2023-12-06T15:32:39.367+0700] {processor.py:175} INFO - Processing /opt/anaconda3/lib/python3.8/site-packages/airflow/example_dags/example_task_group_decorator.py took 0.975 seconds
[2023-12-06T15:34:55.597+0700] {processor.py:153} INFO - Started process (PID=74100) to work on /opt/anaconda3/lib/python3.8/site-packages/airflow/example_dags/example_task_group_decorator.py
[2023-12-06T15:34:55.599+0700] {processor.py:743} INFO - Processing file /opt/anaconda3/lib/python3.8/site-packages/airflow/example_dags/example_task_group_decorator.py for tasks to queue
[2023-12-06T15:34:55.600+0700] {logging_mixin.py:137} INFO - [2023-12-06T15:34:55.600+0700] {dagbag.py:538} INFO - Filling up the DagBag from /opt/anaconda3/lib/python3.8/site-packages/airflow/example_dags/example_task_group_decorator.py
[2023-12-06T15:34:55.659+0700] {processor.py:753} INFO - DAG(s) dict_keys(['example_task_group_decorator']) retrieved from /opt/anaconda3/lib/python3.8/site-packages/airflow/example_dags/example_task_group_decorator.py
[2023-12-06T15:34:56.570+0700] {logging_mixin.py:137} INFO - [2023-12-06T15:34:56.570+0700] {dag.py:2676} INFO - Sync 1 DAGs
[2023-12-06T15:34:56.589+0700] {logging_mixin.py:137} INFO - [2023-12-06T15:34:56.588+0700] {dag.py:3423} INFO - Setting next_dagrun for example_task_group_decorator to 2023-12-05T08:34:56.588821+00:00, run_after=2023-12-06T08:34:56.588821+00:00
[2023-12-06T15:34:56.610+0700] {processor.py:175} INFO - Processing /opt/anaconda3/lib/python3.8/site-packages/airflow/example_dags/example_task_group_decorator.py took 1.014 seconds
[2023-12-06T15:37:20.408+0700] {processor.py:153} INFO - Started process (PID=75694) to work on /opt/anaconda3/lib/python3.8/site-packages/airflow/example_dags/example_task_group_decorator.py
[2023-12-06T15:37:20.410+0700] {processor.py:743} INFO - Processing file /opt/anaconda3/lib/python3.8/site-packages/airflow/example_dags/example_task_group_decorator.py for tasks to queue
[2023-12-06T15:37:20.411+0700] {logging_mixin.py:137} INFO - [2023-12-06T15:37:20.411+0700] {dagbag.py:538} INFO - Filling up the DagBag from /opt/anaconda3/lib/python3.8/site-packages/airflow/example_dags/example_task_group_decorator.py
[2023-12-06T15:37:20.501+0700] {processor.py:753} INFO - DAG(s) dict_keys(['example_task_group_decorator']) retrieved from /opt/anaconda3/lib/python3.8/site-packages/airflow/example_dags/example_task_group_decorator.py
[2023-12-06T15:37:21.399+0700] {logging_mixin.py:137} INFO - [2023-12-06T15:37:21.399+0700] {dag.py:2676} INFO - Sync 1 DAGs
[2023-12-06T15:37:21.416+0700] {logging_mixin.py:137} INFO - [2023-12-06T15:37:21.416+0700] {dag.py:3423} INFO - Setting next_dagrun for example_task_group_decorator to 2023-12-05T08:37:21.416177+00:00, run_after=2023-12-06T08:37:21.416177+00:00
[2023-12-06T15:37:21.437+0700] {processor.py:175} INFO - Processing /opt/anaconda3/lib/python3.8/site-packages/airflow/example_dags/example_task_group_decorator.py took 1.030 seconds
[2023-12-06T15:39:40.112+0700] {processor.py:153} INFO - Started process (PID=77169) to work on /opt/anaconda3/lib/python3.8/site-packages/airflow/example_dags/example_task_group_decorator.py
[2023-12-06T15:39:40.114+0700] {processor.py:743} INFO - Processing file /opt/anaconda3/lib/python3.8/site-packages/airflow/example_dags/example_task_group_decorator.py for tasks to queue
[2023-12-06T15:39:40.115+0700] {logging_mixin.py:137} INFO - [2023-12-06T15:39:40.115+0700] {dagbag.py:538} INFO - Filling up the DagBag from /opt/anaconda3/lib/python3.8/site-packages/airflow/example_dags/example_task_group_decorator.py
[2023-12-06T15:39:40.192+0700] {processor.py:753} INFO - DAG(s) dict_keys(['example_task_group_decorator']) retrieved from /opt/anaconda3/lib/python3.8/site-packages/airflow/example_dags/example_task_group_decorator.py
[2023-12-06T15:39:41.082+0700] {logging_mixin.py:137} INFO - [2023-12-06T15:39:41.081+0700] {dag.py:2676} INFO - Sync 1 DAGs
[2023-12-06T15:39:41.103+0700] {logging_mixin.py:137} INFO - [2023-12-06T15:39:41.103+0700] {dag.py:3423} INFO - Setting next_dagrun for example_task_group_decorator to 2023-12-05T08:39:41.103285+00:00, run_after=2023-12-06T08:39:41.103285+00:00
[2023-12-06T15:39:41.133+0700] {processor.py:175} INFO - Processing /opt/anaconda3/lib/python3.8/site-packages/airflow/example_dags/example_task_group_decorator.py took 1.021 seconds
