[2023-12-06T10:17:19.633+0700] {processor.py:153} INFO - Started process (PID=91344) to work on /opt/anaconda3/lib/python3.8/site-packages/airflow/example_dags/example_short_circuit_decorator.py
[2023-12-06T10:17:19.634+0700] {processor.py:743} INFO - Processing file /opt/anaconda3/lib/python3.8/site-packages/airflow/example_dags/example_short_circuit_decorator.py for tasks to queue
[2023-12-06T10:17:19.635+0700] {logging_mixin.py:137} INFO - [2023-12-06T10:17:19.634+0700] {dagbag.py:538} INFO - Filling up the DagBag from /opt/anaconda3/lib/python3.8/site-packages/airflow/example_dags/example_short_circuit_decorator.py
[2023-12-06T10:17:19.711+0700] {processor.py:753} INFO - DAG(s) dict_keys(['example_short_circuit_decorator']) retrieved from /opt/anaconda3/lib/python3.8/site-packages/airflow/example_dags/example_short_circuit_decorator.py
[2023-12-06T10:17:20.569+0700] {logging_mixin.py:137} INFO - [2023-12-06T10:17:20.569+0700] {dag.py:2676} INFO - Sync 1 DAGs
[2023-12-06T10:17:20.593+0700] {logging_mixin.py:137} INFO - [2023-12-06T10:17:20.593+0700] {dag.py:3423} INFO - Setting next_dagrun for example_short_circuit_decorator to 2023-12-05T03:17:20.592993+00:00, run_after=2023-12-06T03:17:20.592993+00:00
[2023-12-06T10:17:20.616+0700] {processor.py:175} INFO - Processing /opt/anaconda3/lib/python3.8/site-packages/airflow/example_dags/example_short_circuit_decorator.py took 0.983 seconds
[2023-12-06T10:20:55.999+0700] {processor.py:153} INFO - Started process (PID=93789) to work on /opt/anaconda3/lib/python3.8/site-packages/airflow/example_dags/example_short_circuit_decorator.py
[2023-12-06T10:20:56.001+0700] {processor.py:743} INFO - Processing file /opt/anaconda3/lib/python3.8/site-packages/airflow/example_dags/example_short_circuit_decorator.py for tasks to queue
[2023-12-06T10:20:56.002+0700] {logging_mixin.py:137} INFO - [2023-12-06T10:20:56.001+0700] {dagbag.py:538} INFO - Filling up the DagBag from /opt/anaconda3/lib/python3.8/site-packages/airflow/example_dags/example_short_circuit_decorator.py
[2023-12-06T10:20:56.070+0700] {processor.py:753} INFO - DAG(s) dict_keys(['example_short_circuit_decorator']) retrieved from /opt/anaconda3/lib/python3.8/site-packages/airflow/example_dags/example_short_circuit_decorator.py
[2023-12-06T10:20:57.010+0700] {logging_mixin.py:137} INFO - [2023-12-06T10:20:57.009+0700] {dag.py:2676} INFO - Sync 1 DAGs
[2023-12-06T10:20:57.029+0700] {logging_mixin.py:137} INFO - [2023-12-06T10:20:57.028+0700] {dag.py:3423} INFO - Setting next_dagrun for example_short_circuit_decorator to 2023-12-05T03:20:57.028768+00:00, run_after=2023-12-06T03:20:57.028768+00:00
[2023-12-06T10:20:57.052+0700] {processor.py:175} INFO - Processing /opt/anaconda3/lib/python3.8/site-packages/airflow/example_dags/example_short_circuit_decorator.py took 1.054 seconds
[2023-12-06T10:25:40.478+0700] {processor.py:153} INFO - Started process (PID=96944) to work on /opt/anaconda3/lib/python3.8/site-packages/airflow/example_dags/example_short_circuit_decorator.py
[2023-12-06T10:25:40.480+0700] {processor.py:743} INFO - Processing file /opt/anaconda3/lib/python3.8/site-packages/airflow/example_dags/example_short_circuit_decorator.py for tasks to queue
[2023-12-06T10:25:40.481+0700] {logging_mixin.py:137} INFO - [2023-12-06T10:25:40.481+0700] {dagbag.py:538} INFO - Filling up the DagBag from /opt/anaconda3/lib/python3.8/site-packages/airflow/example_dags/example_short_circuit_decorator.py
[2023-12-06T10:25:40.560+0700] {processor.py:753} INFO - DAG(s) dict_keys(['example_short_circuit_decorator']) retrieved from /opt/anaconda3/lib/python3.8/site-packages/airflow/example_dags/example_short_circuit_decorator.py
[2023-12-06T10:25:41.450+0700] {logging_mixin.py:137} INFO - [2023-12-06T10:25:41.449+0700] {dag.py:2676} INFO - Sync 1 DAGs
[2023-12-06T10:25:41.466+0700] {logging_mixin.py:137} INFO - [2023-12-06T10:25:41.466+0700] {dag.py:3423} INFO - Setting next_dagrun for example_short_circuit_decorator to 2023-12-05T03:25:41.466509+00:00, run_after=2023-12-06T03:25:41.466509+00:00
[2023-12-06T10:25:41.489+0700] {processor.py:175} INFO - Processing /opt/anaconda3/lib/python3.8/site-packages/airflow/example_dags/example_short_circuit_decorator.py took 1.011 seconds
[2023-12-06T10:27:53.225+0700] {processor.py:153} INFO - Started process (PID=98446) to work on /opt/anaconda3/lib/python3.8/site-packages/airflow/example_dags/example_short_circuit_decorator.py
[2023-12-06T10:27:53.227+0700] {processor.py:743} INFO - Processing file /opt/anaconda3/lib/python3.8/site-packages/airflow/example_dags/example_short_circuit_decorator.py for tasks to queue
[2023-12-06T10:27:53.228+0700] {logging_mixin.py:137} INFO - [2023-12-06T10:27:53.227+0700] {dagbag.py:538} INFO - Filling up the DagBag from /opt/anaconda3/lib/python3.8/site-packages/airflow/example_dags/example_short_circuit_decorator.py
[2023-12-06T10:27:53.303+0700] {processor.py:753} INFO - DAG(s) dict_keys(['example_short_circuit_decorator']) retrieved from /opt/anaconda3/lib/python3.8/site-packages/airflow/example_dags/example_short_circuit_decorator.py
[2023-12-06T10:27:54.319+0700] {logging_mixin.py:137} INFO - [2023-12-06T10:27:54.319+0700] {dag.py:2676} INFO - Sync 1 DAGs
[2023-12-06T10:27:54.338+0700] {logging_mixin.py:137} INFO - [2023-12-06T10:27:54.337+0700] {dag.py:3423} INFO - Setting next_dagrun for example_short_circuit_decorator to 2023-12-05T03:27:54.337682+00:00, run_after=2023-12-06T03:27:54.337682+00:00
[2023-12-06T10:27:54.360+0700] {processor.py:175} INFO - Processing /opt/anaconda3/lib/python3.8/site-packages/airflow/example_dags/example_short_circuit_decorator.py took 1.136 seconds
[2023-12-06T10:43:49.237+0700] {processor.py:153} INFO - Started process (PID=6822) to work on /opt/anaconda3/lib/python3.8/site-packages/airflow/example_dags/example_short_circuit_decorator.py
[2023-12-06T10:43:49.239+0700] {processor.py:743} INFO - Processing file /opt/anaconda3/lib/python3.8/site-packages/airflow/example_dags/example_short_circuit_decorator.py for tasks to queue
[2023-12-06T10:43:49.240+0700] {logging_mixin.py:137} INFO - [2023-12-06T10:43:49.239+0700] {dagbag.py:538} INFO - Filling up the DagBag from /opt/anaconda3/lib/python3.8/site-packages/airflow/example_dags/example_short_circuit_decorator.py
[2023-12-06T10:43:49.369+0700] {processor.py:753} INFO - DAG(s) dict_keys(['example_short_circuit_decorator']) retrieved from /opt/anaconda3/lib/python3.8/site-packages/airflow/example_dags/example_short_circuit_decorator.py
[2023-12-06T10:43:50.640+0700] {logging_mixin.py:137} INFO - [2023-12-06T10:43:50.639+0700] {dag.py:2676} INFO - Sync 1 DAGs
[2023-12-06T10:43:50.680+0700] {logging_mixin.py:137} INFO - [2023-12-06T10:43:50.680+0700] {dag.py:3423} INFO - Setting next_dagrun for example_short_circuit_decorator to 2023-12-05T03:43:50.679796+00:00, run_after=2023-12-06T03:43:50.679796+00:00
[2023-12-06T10:43:50.726+0700] {processor.py:175} INFO - Processing /opt/anaconda3/lib/python3.8/site-packages/airflow/example_dags/example_short_circuit_decorator.py took 1.490 seconds
[2023-12-06T10:47:13.396+0700] {processor.py:153} INFO - Started process (PID=8986) to work on /opt/anaconda3/lib/python3.8/site-packages/airflow/example_dags/example_short_circuit_decorator.py
[2023-12-06T10:47:13.398+0700] {processor.py:743} INFO - Processing file /opt/anaconda3/lib/python3.8/site-packages/airflow/example_dags/example_short_circuit_decorator.py for tasks to queue
[2023-12-06T10:47:13.399+0700] {logging_mixin.py:137} INFO - [2023-12-06T10:47:13.398+0700] {dagbag.py:538} INFO - Filling up the DagBag from /opt/anaconda3/lib/python3.8/site-packages/airflow/example_dags/example_short_circuit_decorator.py
[2023-12-06T10:47:13.469+0700] {processor.py:753} INFO - DAG(s) dict_keys(['example_short_circuit_decorator']) retrieved from /opt/anaconda3/lib/python3.8/site-packages/airflow/example_dags/example_short_circuit_decorator.py
[2023-12-06T10:47:14.427+0700] {logging_mixin.py:137} INFO - [2023-12-06T10:47:14.426+0700] {dag.py:2676} INFO - Sync 1 DAGs
[2023-12-06T10:47:14.446+0700] {logging_mixin.py:137} INFO - [2023-12-06T10:47:14.446+0700] {dag.py:3423} INFO - Setting next_dagrun for example_short_circuit_decorator to 2023-12-05T03:47:14.445977+00:00, run_after=2023-12-06T03:47:14.445977+00:00
[2023-12-06T10:47:14.475+0700] {processor.py:175} INFO - Processing /opt/anaconda3/lib/python3.8/site-packages/airflow/example_dags/example_short_circuit_decorator.py took 1.079 seconds
[2023-12-06T10:51:57.240+0700] {processor.py:153} INFO - Started process (PID=12209) to work on /opt/anaconda3/lib/python3.8/site-packages/airflow/example_dags/example_short_circuit_decorator.py
[2023-12-06T10:51:57.242+0700] {processor.py:743} INFO - Processing file /opt/anaconda3/lib/python3.8/site-packages/airflow/example_dags/example_short_circuit_decorator.py for tasks to queue
[2023-12-06T10:51:57.243+0700] {logging_mixin.py:137} INFO - [2023-12-06T10:51:57.243+0700] {dagbag.py:538} INFO - Filling up the DagBag from /opt/anaconda3/lib/python3.8/site-packages/airflow/example_dags/example_short_circuit_decorator.py
[2023-12-06T10:51:57.316+0700] {processor.py:753} INFO - DAG(s) dict_keys(['example_short_circuit_decorator']) retrieved from /opt/anaconda3/lib/python3.8/site-packages/airflow/example_dags/example_short_circuit_decorator.py
[2023-12-06T10:51:58.357+0700] {logging_mixin.py:137} INFO - [2023-12-06T10:51:58.357+0700] {dag.py:2676} INFO - Sync 1 DAGs
[2023-12-06T10:51:58.379+0700] {logging_mixin.py:137} INFO - [2023-12-06T10:51:58.379+0700] {dag.py:3423} INFO - Setting next_dagrun for example_short_circuit_decorator to 2023-12-05T03:51:58.379366+00:00, run_after=2023-12-06T03:51:58.379366+00:00
[2023-12-06T10:51:58.403+0700] {processor.py:175} INFO - Processing /opt/anaconda3/lib/python3.8/site-packages/airflow/example_dags/example_short_circuit_decorator.py took 1.164 seconds
[2023-12-06T10:54:41.530+0700] {processor.py:153} INFO - Started process (PID=13936) to work on /opt/anaconda3/lib/python3.8/site-packages/airflow/example_dags/example_short_circuit_decorator.py
[2023-12-06T10:54:41.532+0700] {processor.py:743} INFO - Processing file /opt/anaconda3/lib/python3.8/site-packages/airflow/example_dags/example_short_circuit_decorator.py for tasks to queue
[2023-12-06T10:54:41.533+0700] {logging_mixin.py:137} INFO - [2023-12-06T10:54:41.532+0700] {dagbag.py:538} INFO - Filling up the DagBag from /opt/anaconda3/lib/python3.8/site-packages/airflow/example_dags/example_short_circuit_decorator.py
[2023-12-06T10:54:41.610+0700] {processor.py:753} INFO - DAG(s) dict_keys(['example_short_circuit_decorator']) retrieved from /opt/anaconda3/lib/python3.8/site-packages/airflow/example_dags/example_short_circuit_decorator.py
[2023-12-06T10:54:42.781+0700] {logging_mixin.py:137} INFO - [2023-12-06T10:54:42.781+0700] {dag.py:2676} INFO - Sync 1 DAGs
[2023-12-06T10:54:42.802+0700] {logging_mixin.py:137} INFO - [2023-12-06T10:54:42.802+0700] {dag.py:3423} INFO - Setting next_dagrun for example_short_circuit_decorator to 2023-12-05T03:54:42.802005+00:00, run_after=2023-12-06T03:54:42.802005+00:00
[2023-12-06T10:54:42.827+0700] {processor.py:175} INFO - Processing /opt/anaconda3/lib/python3.8/site-packages/airflow/example_dags/example_short_circuit_decorator.py took 1.298 seconds
[2023-12-06T10:57:52.357+0700] {processor.py:153} INFO - Started process (PID=15959) to work on /opt/anaconda3/lib/python3.8/site-packages/airflow/example_dags/example_short_circuit_decorator.py
[2023-12-06T10:57:52.359+0700] {processor.py:743} INFO - Processing file /opt/anaconda3/lib/python3.8/site-packages/airflow/example_dags/example_short_circuit_decorator.py for tasks to queue
[2023-12-06T10:57:52.360+0700] {logging_mixin.py:137} INFO - [2023-12-06T10:57:52.360+0700] {dagbag.py:538} INFO - Filling up the DagBag from /opt/anaconda3/lib/python3.8/site-packages/airflow/example_dags/example_short_circuit_decorator.py
[2023-12-06T10:57:52.456+0700] {processor.py:753} INFO - DAG(s) dict_keys(['example_short_circuit_decorator']) retrieved from /opt/anaconda3/lib/python3.8/site-packages/airflow/example_dags/example_short_circuit_decorator.py
[2023-12-06T10:57:53.500+0700] {logging_mixin.py:137} INFO - [2023-12-06T10:57:53.500+0700] {dag.py:2676} INFO - Sync 1 DAGs
[2023-12-06T10:57:53.524+0700] {logging_mixin.py:137} INFO - [2023-12-06T10:57:53.524+0700] {dag.py:3423} INFO - Setting next_dagrun for example_short_circuit_decorator to 2023-12-05T03:57:53.524155+00:00, run_after=2023-12-06T03:57:53.524155+00:00
[2023-12-06T10:57:53.548+0700] {processor.py:175} INFO - Processing /opt/anaconda3/lib/python3.8/site-packages/airflow/example_dags/example_short_circuit_decorator.py took 1.192 seconds
[2023-12-06T11:03:39.868+0700] {processor.py:153} INFO - Started process (PID=19719) to work on /opt/anaconda3/lib/python3.8/site-packages/airflow/example_dags/example_short_circuit_decorator.py
[2023-12-06T11:03:39.870+0700] {processor.py:743} INFO - Processing file /opt/anaconda3/lib/python3.8/site-packages/airflow/example_dags/example_short_circuit_decorator.py for tasks to queue
[2023-12-06T11:03:39.871+0700] {logging_mixin.py:137} INFO - [2023-12-06T11:03:39.871+0700] {dagbag.py:538} INFO - Filling up the DagBag from /opt/anaconda3/lib/python3.8/site-packages/airflow/example_dags/example_short_circuit_decorator.py
[2023-12-06T11:03:39.938+0700] {processor.py:753} INFO - DAG(s) dict_keys(['example_short_circuit_decorator']) retrieved from /opt/anaconda3/lib/python3.8/site-packages/airflow/example_dags/example_short_circuit_decorator.py
[2023-12-06T11:03:40.997+0700] {logging_mixin.py:137} INFO - [2023-12-06T11:03:40.996+0700] {dag.py:2676} INFO - Sync 1 DAGs
[2023-12-06T11:03:41.020+0700] {logging_mixin.py:137} INFO - [2023-12-06T11:03:41.019+0700] {dag.py:3423} INFO - Setting next_dagrun for example_short_circuit_decorator to 2023-12-05T04:03:41.019515+00:00, run_after=2023-12-06T04:03:41.019515+00:00
[2023-12-06T11:03:41.049+0700] {processor.py:175} INFO - Processing /opt/anaconda3/lib/python3.8/site-packages/airflow/example_dags/example_short_circuit_decorator.py took 1.181 seconds
[2023-12-06T11:07:02.469+0700] {processor.py:153} INFO - Started process (PID=21877) to work on /opt/anaconda3/lib/python3.8/site-packages/airflow/example_dags/example_short_circuit_decorator.py
[2023-12-06T11:07:02.471+0700] {processor.py:743} INFO - Processing file /opt/anaconda3/lib/python3.8/site-packages/airflow/example_dags/example_short_circuit_decorator.py for tasks to queue
[2023-12-06T11:07:02.472+0700] {logging_mixin.py:137} INFO - [2023-12-06T11:07:02.472+0700] {dagbag.py:538} INFO - Filling up the DagBag from /opt/anaconda3/lib/python3.8/site-packages/airflow/example_dags/example_short_circuit_decorator.py
[2023-12-06T11:07:02.562+0700] {processor.py:753} INFO - DAG(s) dict_keys(['example_short_circuit_decorator']) retrieved from /opt/anaconda3/lib/python3.8/site-packages/airflow/example_dags/example_short_circuit_decorator.py
[2023-12-06T11:07:03.813+0700] {logging_mixin.py:137} INFO - [2023-12-06T11:07:03.812+0700] {dag.py:2676} INFO - Sync 1 DAGs
[2023-12-06T11:07:03.840+0700] {logging_mixin.py:137} INFO - [2023-12-06T11:07:03.840+0700] {dag.py:3423} INFO - Setting next_dagrun for example_short_circuit_decorator to 2023-12-05T04:07:03.840332+00:00, run_after=2023-12-06T04:07:03.840332+00:00
[2023-12-06T11:07:03.868+0700] {processor.py:175} INFO - Processing /opt/anaconda3/lib/python3.8/site-packages/airflow/example_dags/example_short_circuit_decorator.py took 1.400 seconds
[2023-12-06T11:10:24.208+0700] {processor.py:153} INFO - Started process (PID=24181) to work on /opt/anaconda3/lib/python3.8/site-packages/airflow/example_dags/example_short_circuit_decorator.py
[2023-12-06T11:10:24.210+0700] {processor.py:743} INFO - Processing file /opt/anaconda3/lib/python3.8/site-packages/airflow/example_dags/example_short_circuit_decorator.py for tasks to queue
[2023-12-06T11:10:24.212+0700] {logging_mixin.py:137} INFO - [2023-12-06T11:10:24.212+0700] {dagbag.py:538} INFO - Filling up the DagBag from /opt/anaconda3/lib/python3.8/site-packages/airflow/example_dags/example_short_circuit_decorator.py
[2023-12-06T11:10:24.352+0700] {processor.py:753} INFO - DAG(s) dict_keys(['example_short_circuit_decorator']) retrieved from /opt/anaconda3/lib/python3.8/site-packages/airflow/example_dags/example_short_circuit_decorator.py
[2023-12-06T11:10:26.802+0700] {logging_mixin.py:137} INFO - [2023-12-06T11:10:26.802+0700] {dag.py:2676} INFO - Sync 1 DAGs
[2023-12-06T11:10:26.838+0700] {logging_mixin.py:137} INFO - [2023-12-06T11:10:26.838+0700] {dag.py:3423} INFO - Setting next_dagrun for example_short_circuit_decorator to 2023-12-05T04:10:26.837957+00:00, run_after=2023-12-06T04:10:26.837957+00:00
[2023-12-06T11:10:26.873+0700] {processor.py:175} INFO - Processing /opt/anaconda3/lib/python3.8/site-packages/airflow/example_dags/example_short_circuit_decorator.py took 2.666 seconds
[2023-12-06T11:14:55.303+0700] {processor.py:153} INFO - Started process (PID=27106) to work on /opt/anaconda3/lib/python3.8/site-packages/airflow/example_dags/example_short_circuit_decorator.py
[2023-12-06T11:14:55.304+0700] {processor.py:743} INFO - Processing file /opt/anaconda3/lib/python3.8/site-packages/airflow/example_dags/example_short_circuit_decorator.py for tasks to queue
[2023-12-06T11:14:55.305+0700] {logging_mixin.py:137} INFO - [2023-12-06T11:14:55.305+0700] {dagbag.py:538} INFO - Filling up the DagBag from /opt/anaconda3/lib/python3.8/site-packages/airflow/example_dags/example_short_circuit_decorator.py
[2023-12-06T11:14:55.374+0700] {processor.py:753} INFO - DAG(s) dict_keys(['example_short_circuit_decorator']) retrieved from /opt/anaconda3/lib/python3.8/site-packages/airflow/example_dags/example_short_circuit_decorator.py
[2023-12-06T11:14:56.744+0700] {logging_mixin.py:137} INFO - [2023-12-06T11:14:56.743+0700] {dag.py:2676} INFO - Sync 1 DAGs
[2023-12-06T11:14:56.762+0700] {logging_mixin.py:137} INFO - [2023-12-06T11:14:56.762+0700] {dag.py:3423} INFO - Setting next_dagrun for example_short_circuit_decorator to 2023-12-05T04:14:56.762610+00:00, run_after=2023-12-06T04:14:56.762610+00:00
[2023-12-06T11:14:56.788+0700] {processor.py:175} INFO - Processing /opt/anaconda3/lib/python3.8/site-packages/airflow/example_dags/example_short_circuit_decorator.py took 1.486 seconds
[2023-12-06T11:18:29.877+0700] {processor.py:153} INFO - Started process (PID=29376) to work on /opt/anaconda3/lib/python3.8/site-packages/airflow/example_dags/example_short_circuit_decorator.py
[2023-12-06T11:18:29.879+0700] {processor.py:743} INFO - Processing file /opt/anaconda3/lib/python3.8/site-packages/airflow/example_dags/example_short_circuit_decorator.py for tasks to queue
[2023-12-06T11:18:29.880+0700] {logging_mixin.py:137} INFO - [2023-12-06T11:18:29.880+0700] {dagbag.py:538} INFO - Filling up the DagBag from /opt/anaconda3/lib/python3.8/site-packages/airflow/example_dags/example_short_circuit_decorator.py
[2023-12-06T11:18:29.947+0700] {processor.py:753} INFO - DAG(s) dict_keys(['example_short_circuit_decorator']) retrieved from /opt/anaconda3/lib/python3.8/site-packages/airflow/example_dags/example_short_circuit_decorator.py
[2023-12-06T11:18:30.909+0700] {logging_mixin.py:137} INFO - [2023-12-06T11:18:30.909+0700] {dag.py:2676} INFO - Sync 1 DAGs
[2023-12-06T11:18:30.929+0700] {logging_mixin.py:137} INFO - [2023-12-06T11:18:30.929+0700] {dag.py:3423} INFO - Setting next_dagrun for example_short_circuit_decorator to 2023-12-05T04:18:30.929500+00:00, run_after=2023-12-06T04:18:30.929500+00:00
[2023-12-06T11:18:30.956+0700] {processor.py:175} INFO - Processing /opt/anaconda3/lib/python3.8/site-packages/airflow/example_dags/example_short_circuit_decorator.py took 1.080 seconds
[2023-12-06T11:21:30.350+0700] {processor.py:153} INFO - Started process (PID=31311) to work on /opt/anaconda3/lib/python3.8/site-packages/airflow/example_dags/example_short_circuit_decorator.py
[2023-12-06T11:21:30.352+0700] {processor.py:743} INFO - Processing file /opt/anaconda3/lib/python3.8/site-packages/airflow/example_dags/example_short_circuit_decorator.py for tasks to queue
[2023-12-06T11:21:30.352+0700] {logging_mixin.py:137} INFO - [2023-12-06T11:21:30.352+0700] {dagbag.py:538} INFO - Filling up the DagBag from /opt/anaconda3/lib/python3.8/site-packages/airflow/example_dags/example_short_circuit_decorator.py
[2023-12-06T11:21:30.418+0700] {processor.py:753} INFO - DAG(s) dict_keys(['example_short_circuit_decorator']) retrieved from /opt/anaconda3/lib/python3.8/site-packages/airflow/example_dags/example_short_circuit_decorator.py
[2023-12-06T11:21:31.357+0700] {logging_mixin.py:137} INFO - [2023-12-06T11:21:31.356+0700] {dag.py:2676} INFO - Sync 1 DAGs
[2023-12-06T11:21:31.382+0700] {logging_mixin.py:137} INFO - [2023-12-06T11:21:31.382+0700] {dag.py:3423} INFO - Setting next_dagrun for example_short_circuit_decorator to 2023-12-05T04:21:31.381560+00:00, run_after=2023-12-06T04:21:31.381560+00:00
[2023-12-06T11:21:31.410+0700] {processor.py:175} INFO - Processing /opt/anaconda3/lib/python3.8/site-packages/airflow/example_dags/example_short_circuit_decorator.py took 1.061 seconds
[2023-12-06T11:24:35.288+0700] {processor.py:153} INFO - Started process (PID=33247) to work on /opt/anaconda3/lib/python3.8/site-packages/airflow/example_dags/example_short_circuit_decorator.py
[2023-12-06T11:24:35.290+0700] {processor.py:743} INFO - Processing file /opt/anaconda3/lib/python3.8/site-packages/airflow/example_dags/example_short_circuit_decorator.py for tasks to queue
[2023-12-06T11:24:35.291+0700] {logging_mixin.py:137} INFO - [2023-12-06T11:24:35.290+0700] {dagbag.py:538} INFO - Filling up the DagBag from /opt/anaconda3/lib/python3.8/site-packages/airflow/example_dags/example_short_circuit_decorator.py
[2023-12-06T11:24:35.364+0700] {processor.py:753} INFO - DAG(s) dict_keys(['example_short_circuit_decorator']) retrieved from /opt/anaconda3/lib/python3.8/site-packages/airflow/example_dags/example_short_circuit_decorator.py
[2023-12-06T11:24:36.528+0700] {logging_mixin.py:137} INFO - [2023-12-06T11:24:36.528+0700] {dag.py:2676} INFO - Sync 1 DAGs
[2023-12-06T11:24:36.556+0700] {logging_mixin.py:137} INFO - [2023-12-06T11:24:36.555+0700] {dag.py:3423} INFO - Setting next_dagrun for example_short_circuit_decorator to 2023-12-05T04:24:36.555657+00:00, run_after=2023-12-06T04:24:36.555657+00:00
[2023-12-06T11:24:36.582+0700] {processor.py:175} INFO - Processing /opt/anaconda3/lib/python3.8/site-packages/airflow/example_dags/example_short_circuit_decorator.py took 1.295 seconds
[2023-12-06T11:27:18.376+0700] {processor.py:153} INFO - Started process (PID=35043) to work on /opt/anaconda3/lib/python3.8/site-packages/airflow/example_dags/example_short_circuit_decorator.py
[2023-12-06T11:27:18.378+0700] {processor.py:743} INFO - Processing file /opt/anaconda3/lib/python3.8/site-packages/airflow/example_dags/example_short_circuit_decorator.py for tasks to queue
[2023-12-06T11:27:18.380+0700] {logging_mixin.py:137} INFO - [2023-12-06T11:27:18.378+0700] {dagbag.py:538} INFO - Filling up the DagBag from /opt/anaconda3/lib/python3.8/site-packages/airflow/example_dags/example_short_circuit_decorator.py
[2023-12-06T11:27:18.466+0700] {processor.py:753} INFO - DAG(s) dict_keys(['example_short_circuit_decorator']) retrieved from /opt/anaconda3/lib/python3.8/site-packages/airflow/example_dags/example_short_circuit_decorator.py
[2023-12-06T11:27:19.825+0700] {logging_mixin.py:137} INFO - [2023-12-06T11:27:19.825+0700] {dag.py:2676} INFO - Sync 1 DAGs
[2023-12-06T11:27:19.849+0700] {logging_mixin.py:137} INFO - [2023-12-06T11:27:19.849+0700] {dag.py:3423} INFO - Setting next_dagrun for example_short_circuit_decorator to 2023-12-05T04:27:19.849261+00:00, run_after=2023-12-06T04:27:19.849261+00:00
[2023-12-06T11:27:19.875+0700] {processor.py:175} INFO - Processing /opt/anaconda3/lib/python3.8/site-packages/airflow/example_dags/example_short_circuit_decorator.py took 1.499 seconds
[2023-12-06T11:30:24.154+0700] {processor.py:153} INFO - Started process (PID=36986) to work on /opt/anaconda3/lib/python3.8/site-packages/airflow/example_dags/example_short_circuit_decorator.py
[2023-12-06T11:30:24.156+0700] {processor.py:743} INFO - Processing file /opt/anaconda3/lib/python3.8/site-packages/airflow/example_dags/example_short_circuit_decorator.py for tasks to queue
[2023-12-06T11:30:24.157+0700] {logging_mixin.py:137} INFO - [2023-12-06T11:30:24.157+0700] {dagbag.py:538} INFO - Filling up the DagBag from /opt/anaconda3/lib/python3.8/site-packages/airflow/example_dags/example_short_circuit_decorator.py
[2023-12-06T11:30:24.225+0700] {processor.py:753} INFO - DAG(s) dict_keys(['example_short_circuit_decorator']) retrieved from /opt/anaconda3/lib/python3.8/site-packages/airflow/example_dags/example_short_circuit_decorator.py
[2023-12-06T11:30:25.235+0700] {logging_mixin.py:137} INFO - [2023-12-06T11:30:25.234+0700] {dag.py:2676} INFO - Sync 1 DAGs
[2023-12-06T11:30:25.256+0700] {logging_mixin.py:137} INFO - [2023-12-06T11:30:25.256+0700] {dag.py:3423} INFO - Setting next_dagrun for example_short_circuit_decorator to 2023-12-05T04:30:25.256488+00:00, run_after=2023-12-06T04:30:25.256488+00:00
[2023-12-06T11:30:25.278+0700] {processor.py:175} INFO - Processing /opt/anaconda3/lib/python3.8/site-packages/airflow/example_dags/example_short_circuit_decorator.py took 1.124 seconds
[2023-12-06T11:34:14.190+0700] {processor.py:153} INFO - Started process (PID=39372) to work on /opt/anaconda3/lib/python3.8/site-packages/airflow/example_dags/example_short_circuit_decorator.py
[2023-12-06T11:34:14.196+0700] {processor.py:743} INFO - Processing file /opt/anaconda3/lib/python3.8/site-packages/airflow/example_dags/example_short_circuit_decorator.py for tasks to queue
[2023-12-06T11:34:14.201+0700] {logging_mixin.py:137} INFO - [2023-12-06T11:34:14.201+0700] {dagbag.py:538} INFO - Filling up the DagBag from /opt/anaconda3/lib/python3.8/site-packages/airflow/example_dags/example_short_circuit_decorator.py
[2023-12-06T11:34:15.074+0700] {processor.py:753} INFO - DAG(s) dict_keys(['example_short_circuit_decorator']) retrieved from /opt/anaconda3/lib/python3.8/site-packages/airflow/example_dags/example_short_circuit_decorator.py
[2023-12-06T11:34:25.453+0700] {logging_mixin.py:137} INFO - [2023-12-06T11:34:25.452+0700] {dag.py:2676} INFO - Sync 1 DAGs
[2023-12-06T11:34:25.592+0700] {logging_mixin.py:137} INFO - [2023-12-06T11:34:25.587+0700] {dag.py:3423} INFO - Setting next_dagrun for example_short_circuit_decorator to 2023-12-05T04:34:25.586083+00:00, run_after=2023-12-06T04:34:25.586083+00:00
[2023-12-06T11:34:25.687+0700] {processor.py:175} INFO - Processing /opt/anaconda3/lib/python3.8/site-packages/airflow/example_dags/example_short_circuit_decorator.py took 11.503 seconds
[2023-12-06T11:39:33.658+0700] {processor.py:153} INFO - Started process (PID=42879) to work on /opt/anaconda3/lib/python3.8/site-packages/airflow/example_dags/example_short_circuit_decorator.py
[2023-12-06T11:39:33.660+0700] {processor.py:743} INFO - Processing file /opt/anaconda3/lib/python3.8/site-packages/airflow/example_dags/example_short_circuit_decorator.py for tasks to queue
[2023-12-06T11:39:33.661+0700] {logging_mixin.py:137} INFO - [2023-12-06T11:39:33.661+0700] {dagbag.py:538} INFO - Filling up the DagBag from /opt/anaconda3/lib/python3.8/site-packages/airflow/example_dags/example_short_circuit_decorator.py
[2023-12-06T11:39:33.762+0700] {processor.py:753} INFO - DAG(s) dict_keys(['example_short_circuit_decorator']) retrieved from /opt/anaconda3/lib/python3.8/site-packages/airflow/example_dags/example_short_circuit_decorator.py
[2023-12-06T11:39:34.811+0700] {logging_mixin.py:137} INFO - [2023-12-06T11:39:34.811+0700] {dag.py:2676} INFO - Sync 1 DAGs
[2023-12-06T11:39:34.845+0700] {logging_mixin.py:137} INFO - [2023-12-06T11:39:34.844+0700] {dag.py:3423} INFO - Setting next_dagrun for example_short_circuit_decorator to 2023-12-05T04:39:34.844105+00:00, run_after=2023-12-06T04:39:34.844105+00:00
[2023-12-06T11:39:34.885+0700] {processor.py:175} INFO - Processing /opt/anaconda3/lib/python3.8/site-packages/airflow/example_dags/example_short_circuit_decorator.py took 1.227 seconds
[2023-12-06T11:42:46.251+0700] {processor.py:153} INFO - Started process (PID=45021) to work on /opt/anaconda3/lib/python3.8/site-packages/airflow/example_dags/example_short_circuit_decorator.py
[2023-12-06T11:42:46.252+0700] {processor.py:743} INFO - Processing file /opt/anaconda3/lib/python3.8/site-packages/airflow/example_dags/example_short_circuit_decorator.py for tasks to queue
[2023-12-06T11:42:46.253+0700] {logging_mixin.py:137} INFO - [2023-12-06T11:42:46.253+0700] {dagbag.py:538} INFO - Filling up the DagBag from /opt/anaconda3/lib/python3.8/site-packages/airflow/example_dags/example_short_circuit_decorator.py
[2023-12-06T11:42:46.325+0700] {processor.py:753} INFO - DAG(s) dict_keys(['example_short_circuit_decorator']) retrieved from /opt/anaconda3/lib/python3.8/site-packages/airflow/example_dags/example_short_circuit_decorator.py
[2023-12-06T11:42:47.223+0700] {logging_mixin.py:137} INFO - [2023-12-06T11:42:47.222+0700] {dag.py:2676} INFO - Sync 1 DAGs
[2023-12-06T11:42:47.243+0700] {logging_mixin.py:137} INFO - [2023-12-06T11:42:47.243+0700] {dag.py:3423} INFO - Setting next_dagrun for example_short_circuit_decorator to 2023-12-05T04:42:47.243577+00:00, run_after=2023-12-06T04:42:47.243577+00:00
[2023-12-06T11:42:47.269+0700] {processor.py:175} INFO - Processing /opt/anaconda3/lib/python3.8/site-packages/airflow/example_dags/example_short_circuit_decorator.py took 1.019 seconds
[2023-12-06T11:46:08.471+0700] {processor.py:153} INFO - Started process (PID=47151) to work on /opt/anaconda3/lib/python3.8/site-packages/airflow/example_dags/example_short_circuit_decorator.py
[2023-12-06T11:46:08.473+0700] {processor.py:743} INFO - Processing file /opt/anaconda3/lib/python3.8/site-packages/airflow/example_dags/example_short_circuit_decorator.py for tasks to queue
[2023-12-06T11:46:08.473+0700] {logging_mixin.py:137} INFO - [2023-12-06T11:46:08.473+0700] {dagbag.py:538} INFO - Filling up the DagBag from /opt/anaconda3/lib/python3.8/site-packages/airflow/example_dags/example_short_circuit_decorator.py
[2023-12-06T11:46:08.556+0700] {processor.py:753} INFO - DAG(s) dict_keys(['example_short_circuit_decorator']) retrieved from /opt/anaconda3/lib/python3.8/site-packages/airflow/example_dags/example_short_circuit_decorator.py
[2023-12-06T11:46:09.628+0700] {logging_mixin.py:137} INFO - [2023-12-06T11:46:09.628+0700] {dag.py:2676} INFO - Sync 1 DAGs
[2023-12-06T11:46:09.650+0700] {logging_mixin.py:137} INFO - [2023-12-06T11:46:09.650+0700] {dag.py:3423} INFO - Setting next_dagrun for example_short_circuit_decorator to 2023-12-05T04:46:09.650237+00:00, run_after=2023-12-06T04:46:09.650237+00:00
[2023-12-06T11:46:09.675+0700] {processor.py:175} INFO - Processing /opt/anaconda3/lib/python3.8/site-packages/airflow/example_dags/example_short_circuit_decorator.py took 1.205 seconds
[2023-12-06T11:49:31.086+0700] {processor.py:153} INFO - Started process (PID=49297) to work on /opt/anaconda3/lib/python3.8/site-packages/airflow/example_dags/example_short_circuit_decorator.py
[2023-12-06T11:49:31.089+0700] {processor.py:743} INFO - Processing file /opt/anaconda3/lib/python3.8/site-packages/airflow/example_dags/example_short_circuit_decorator.py for tasks to queue
[2023-12-06T11:49:31.092+0700] {logging_mixin.py:137} INFO - [2023-12-06T11:49:31.092+0700] {dagbag.py:538} INFO - Filling up the DagBag from /opt/anaconda3/lib/python3.8/site-packages/airflow/example_dags/example_short_circuit_decorator.py
[2023-12-06T11:49:31.244+0700] {processor.py:753} INFO - DAG(s) dict_keys(['example_short_circuit_decorator']) retrieved from /opt/anaconda3/lib/python3.8/site-packages/airflow/example_dags/example_short_circuit_decorator.py
[2023-12-06T11:49:32.878+0700] {logging_mixin.py:137} INFO - [2023-12-06T11:49:32.878+0700] {dag.py:2676} INFO - Sync 1 DAGs
[2023-12-06T11:49:32.904+0700] {logging_mixin.py:137} INFO - [2023-12-06T11:49:32.904+0700] {dag.py:3423} INFO - Setting next_dagrun for example_short_circuit_decorator to 2023-12-05T04:49:32.904316+00:00, run_after=2023-12-06T04:49:32.904316+00:00
[2023-12-06T11:49:32.934+0700] {processor.py:175} INFO - Processing /opt/anaconda3/lib/python3.8/site-packages/airflow/example_dags/example_short_circuit_decorator.py took 1.849 seconds
[2023-12-06T11:52:32.992+0700] {processor.py:153} INFO - Started process (PID=51320) to work on /opt/anaconda3/lib/python3.8/site-packages/airflow/example_dags/example_short_circuit_decorator.py
[2023-12-06T11:52:32.993+0700] {processor.py:743} INFO - Processing file /opt/anaconda3/lib/python3.8/site-packages/airflow/example_dags/example_short_circuit_decorator.py for tasks to queue
[2023-12-06T11:52:32.994+0700] {logging_mixin.py:137} INFO - [2023-12-06T11:52:32.994+0700] {dagbag.py:538} INFO - Filling up the DagBag from /opt/anaconda3/lib/python3.8/site-packages/airflow/example_dags/example_short_circuit_decorator.py
[2023-12-06T11:52:33.053+0700] {processor.py:753} INFO - DAG(s) dict_keys(['example_short_circuit_decorator']) retrieved from /opt/anaconda3/lib/python3.8/site-packages/airflow/example_dags/example_short_circuit_decorator.py
[2023-12-06T11:52:33.915+0700] {logging_mixin.py:137} INFO - [2023-12-06T11:52:33.914+0700] {dag.py:2676} INFO - Sync 1 DAGs
[2023-12-06T11:52:33.935+0700] {logging_mixin.py:137} INFO - [2023-12-06T11:52:33.935+0700] {dag.py:3423} INFO - Setting next_dagrun for example_short_circuit_decorator to 2023-12-05T04:52:33.934873+00:00, run_after=2023-12-06T04:52:33.934873+00:00
[2023-12-06T11:52:33.961+0700] {processor.py:175} INFO - Processing /opt/anaconda3/lib/python3.8/site-packages/airflow/example_dags/example_short_circuit_decorator.py took 0.970 seconds
[2023-12-06T11:55:01.296+0700] {processor.py:153} INFO - Started process (PID=52902) to work on /opt/anaconda3/lib/python3.8/site-packages/airflow/example_dags/example_short_circuit_decorator.py
[2023-12-06T11:55:01.298+0700] {processor.py:743} INFO - Processing file /opt/anaconda3/lib/python3.8/site-packages/airflow/example_dags/example_short_circuit_decorator.py for tasks to queue
[2023-12-06T11:55:01.299+0700] {logging_mixin.py:137} INFO - [2023-12-06T11:55:01.298+0700] {dagbag.py:538} INFO - Filling up the DagBag from /opt/anaconda3/lib/python3.8/site-packages/airflow/example_dags/example_short_circuit_decorator.py
[2023-12-06T11:55:01.359+0700] {processor.py:753} INFO - DAG(s) dict_keys(['example_short_circuit_decorator']) retrieved from /opt/anaconda3/lib/python3.8/site-packages/airflow/example_dags/example_short_circuit_decorator.py
[2023-12-06T11:55:02.256+0700] {logging_mixin.py:137} INFO - [2023-12-06T11:55:02.256+0700] {dag.py:2676} INFO - Sync 1 DAGs
[2023-12-06T11:55:02.276+0700] {logging_mixin.py:137} INFO - [2023-12-06T11:55:02.275+0700] {dag.py:3423} INFO - Setting next_dagrun for example_short_circuit_decorator to 2023-12-05T04:55:02.275724+00:00, run_after=2023-12-06T04:55:02.275724+00:00
[2023-12-06T11:55:02.305+0700] {processor.py:175} INFO - Processing /opt/anaconda3/lib/python3.8/site-packages/airflow/example_dags/example_short_circuit_decorator.py took 1.010 seconds
[2023-12-06T11:57:24.409+0700] {processor.py:153} INFO - Started process (PID=54385) to work on /opt/anaconda3/lib/python3.8/site-packages/airflow/example_dags/example_short_circuit_decorator.py
[2023-12-06T11:57:24.410+0700] {processor.py:743} INFO - Processing file /opt/anaconda3/lib/python3.8/site-packages/airflow/example_dags/example_short_circuit_decorator.py for tasks to queue
[2023-12-06T11:57:24.411+0700] {logging_mixin.py:137} INFO - [2023-12-06T11:57:24.411+0700] {dagbag.py:538} INFO - Filling up the DagBag from /opt/anaconda3/lib/python3.8/site-packages/airflow/example_dags/example_short_circuit_decorator.py
[2023-12-06T11:57:24.485+0700] {processor.py:753} INFO - DAG(s) dict_keys(['example_short_circuit_decorator']) retrieved from /opt/anaconda3/lib/python3.8/site-packages/airflow/example_dags/example_short_circuit_decorator.py
[2023-12-06T11:57:25.395+0700] {logging_mixin.py:137} INFO - [2023-12-06T11:57:25.395+0700] {dag.py:2676} INFO - Sync 1 DAGs
[2023-12-06T11:57:25.414+0700] {logging_mixin.py:137} INFO - [2023-12-06T11:57:25.414+0700] {dag.py:3423} INFO - Setting next_dagrun for example_short_circuit_decorator to 2023-12-05T04:57:25.414002+00:00, run_after=2023-12-06T04:57:25.414002+00:00
[2023-12-06T11:57:25.434+0700] {processor.py:175} INFO - Processing /opt/anaconda3/lib/python3.8/site-packages/airflow/example_dags/example_short_circuit_decorator.py took 1.026 seconds
[2023-12-06T11:59:51.500+0700] {processor.py:153} INFO - Started process (PID=55978) to work on /opt/anaconda3/lib/python3.8/site-packages/airflow/example_dags/example_short_circuit_decorator.py
[2023-12-06T11:59:51.502+0700] {processor.py:743} INFO - Processing file /opt/anaconda3/lib/python3.8/site-packages/airflow/example_dags/example_short_circuit_decorator.py for tasks to queue
[2023-12-06T11:59:51.503+0700] {logging_mixin.py:137} INFO - [2023-12-06T11:59:51.503+0700] {dagbag.py:538} INFO - Filling up the DagBag from /opt/anaconda3/lib/python3.8/site-packages/airflow/example_dags/example_short_circuit_decorator.py
[2023-12-06T11:59:51.569+0700] {processor.py:753} INFO - DAG(s) dict_keys(['example_short_circuit_decorator']) retrieved from /opt/anaconda3/lib/python3.8/site-packages/airflow/example_dags/example_short_circuit_decorator.py
[2023-12-06T11:59:52.379+0700] {logging_mixin.py:137} INFO - [2023-12-06T11:59:52.379+0700] {dag.py:2676} INFO - Sync 1 DAGs
[2023-12-06T11:59:52.400+0700] {logging_mixin.py:137} INFO - [2023-12-06T11:59:52.399+0700] {dag.py:3423} INFO - Setting next_dagrun for example_short_circuit_decorator to 2023-12-05T04:59:52.399859+00:00, run_after=2023-12-06T04:59:52.399859+00:00
[2023-12-06T11:59:52.422+0700] {processor.py:175} INFO - Processing /opt/anaconda3/lib/python3.8/site-packages/airflow/example_dags/example_short_circuit_decorator.py took 0.922 seconds
[2023-12-06T12:02:21.021+0700] {processor.py:153} INFO - Started process (PID=57564) to work on /opt/anaconda3/lib/python3.8/site-packages/airflow/example_dags/example_short_circuit_decorator.py
[2023-12-06T12:02:21.023+0700] {processor.py:743} INFO - Processing file /opt/anaconda3/lib/python3.8/site-packages/airflow/example_dags/example_short_circuit_decorator.py for tasks to queue
[2023-12-06T12:02:21.024+0700] {logging_mixin.py:137} INFO - [2023-12-06T12:02:21.024+0700] {dagbag.py:538} INFO - Filling up the DagBag from /opt/anaconda3/lib/python3.8/site-packages/airflow/example_dags/example_short_circuit_decorator.py
[2023-12-06T12:02:21.082+0700] {processor.py:753} INFO - DAG(s) dict_keys(['example_short_circuit_decorator']) retrieved from /opt/anaconda3/lib/python3.8/site-packages/airflow/example_dags/example_short_circuit_decorator.py
[2023-12-06T12:02:22.184+0700] {logging_mixin.py:137} INFO - [2023-12-06T12:02:22.183+0700] {dag.py:2676} INFO - Sync 1 DAGs
[2023-12-06T12:02:22.209+0700] {logging_mixin.py:137} INFO - [2023-12-06T12:02:22.209+0700] {dag.py:3423} INFO - Setting next_dagrun for example_short_circuit_decorator to 2023-12-05T05:02:22.209394+00:00, run_after=2023-12-06T05:02:22.209394+00:00
[2023-12-06T12:02:22.242+0700] {processor.py:175} INFO - Processing /opt/anaconda3/lib/python3.8/site-packages/airflow/example_dags/example_short_circuit_decorator.py took 1.221 seconds
[2023-12-06T15:13:24.080+0700] {processor.py:153} INFO - Started process (PID=60223) to work on /opt/anaconda3/lib/python3.8/site-packages/airflow/example_dags/example_short_circuit_decorator.py
[2023-12-06T15:13:24.082+0700] {processor.py:743} INFO - Processing file /opt/anaconda3/lib/python3.8/site-packages/airflow/example_dags/example_short_circuit_decorator.py for tasks to queue
[2023-12-06T15:13:24.083+0700] {logging_mixin.py:137} INFO - [2023-12-06T15:13:24.083+0700] {dagbag.py:538} INFO - Filling up the DagBag from /opt/anaconda3/lib/python3.8/site-packages/airflow/example_dags/example_short_circuit_decorator.py
[2023-12-06T15:13:24.161+0700] {processor.py:753} INFO - DAG(s) dict_keys(['example_short_circuit_decorator']) retrieved from /opt/anaconda3/lib/python3.8/site-packages/airflow/example_dags/example_short_circuit_decorator.py
[2023-12-06T15:13:25.742+0700] {logging_mixin.py:137} INFO - [2023-12-06T15:13:25.742+0700] {dag.py:2676} INFO - Sync 1 DAGs
[2023-12-06T15:13:25.768+0700] {logging_mixin.py:137} INFO - [2023-12-06T15:13:25.768+0700] {dag.py:3423} INFO - Setting next_dagrun for example_short_circuit_decorator to 2023-12-05T08:13:25.768259+00:00, run_after=2023-12-06T08:13:25.768259+00:00
[2023-12-06T15:13:25.797+0700] {processor.py:175} INFO - Processing /opt/anaconda3/lib/python3.8/site-packages/airflow/example_dags/example_short_circuit_decorator.py took 1.717 seconds
[2023-12-06T15:16:13.015+0700] {processor.py:153} INFO - Started process (PID=62044) to work on /opt/anaconda3/lib/python3.8/site-packages/airflow/example_dags/example_short_circuit_decorator.py
[2023-12-06T15:16:13.017+0700] {processor.py:743} INFO - Processing file /opt/anaconda3/lib/python3.8/site-packages/airflow/example_dags/example_short_circuit_decorator.py for tasks to queue
[2023-12-06T15:16:13.018+0700] {logging_mixin.py:137} INFO - [2023-12-06T15:16:13.017+0700] {dagbag.py:538} INFO - Filling up the DagBag from /opt/anaconda3/lib/python3.8/site-packages/airflow/example_dags/example_short_circuit_decorator.py
[2023-12-06T15:16:13.072+0700] {processor.py:753} INFO - DAG(s) dict_keys(['example_short_circuit_decorator']) retrieved from /opt/anaconda3/lib/python3.8/site-packages/airflow/example_dags/example_short_circuit_decorator.py
[2023-12-06T15:16:13.784+0700] {logging_mixin.py:137} INFO - [2023-12-06T15:16:13.783+0700] {dag.py:2676} INFO - Sync 1 DAGs
[2023-12-06T15:16:13.800+0700] {logging_mixin.py:137} INFO - [2023-12-06T15:16:13.800+0700] {dag.py:3423} INFO - Setting next_dagrun for example_short_circuit_decorator to 2023-12-05T08:16:13.800443+00:00, run_after=2023-12-06T08:16:13.800443+00:00
[2023-12-06T15:16:13.822+0700] {processor.py:175} INFO - Processing /opt/anaconda3/lib/python3.8/site-packages/airflow/example_dags/example_short_circuit_decorator.py took 0.807 seconds
[2023-12-06T15:18:31.741+0700] {processor.py:153} INFO - Started process (PID=63523) to work on /opt/anaconda3/lib/python3.8/site-packages/airflow/example_dags/example_short_circuit_decorator.py
[2023-12-06T15:18:31.743+0700] {processor.py:743} INFO - Processing file /opt/anaconda3/lib/python3.8/site-packages/airflow/example_dags/example_short_circuit_decorator.py for tasks to queue
[2023-12-06T15:18:31.744+0700] {logging_mixin.py:137} INFO - [2023-12-06T15:18:31.743+0700] {dagbag.py:538} INFO - Filling up the DagBag from /opt/anaconda3/lib/python3.8/site-packages/airflow/example_dags/example_short_circuit_decorator.py
[2023-12-06T15:18:31.798+0700] {processor.py:753} INFO - DAG(s) dict_keys(['example_short_circuit_decorator']) retrieved from /opt/anaconda3/lib/python3.8/site-packages/airflow/example_dags/example_short_circuit_decorator.py
[2023-12-06T15:18:32.576+0700] {logging_mixin.py:137} INFO - [2023-12-06T15:18:32.575+0700] {dag.py:2676} INFO - Sync 1 DAGs
[2023-12-06T15:18:32.592+0700] {logging_mixin.py:137} INFO - [2023-12-06T15:18:32.592+0700] {dag.py:3423} INFO - Setting next_dagrun for example_short_circuit_decorator to 2023-12-05T08:18:32.592329+00:00, run_after=2023-12-06T08:18:32.592329+00:00
[2023-12-06T15:18:32.614+0700] {processor.py:175} INFO - Processing /opt/anaconda3/lib/python3.8/site-packages/airflow/example_dags/example_short_circuit_decorator.py took 0.874 seconds
[2023-12-06T15:20:49.238+0700] {processor.py:153} INFO - Started process (PID=64998) to work on /opt/anaconda3/lib/python3.8/site-packages/airflow/example_dags/example_short_circuit_decorator.py
[2023-12-06T15:20:49.239+0700] {processor.py:743} INFO - Processing file /opt/anaconda3/lib/python3.8/site-packages/airflow/example_dags/example_short_circuit_decorator.py for tasks to queue
[2023-12-06T15:20:49.240+0700] {logging_mixin.py:137} INFO - [2023-12-06T15:20:49.240+0700] {dagbag.py:538} INFO - Filling up the DagBag from /opt/anaconda3/lib/python3.8/site-packages/airflow/example_dags/example_short_circuit_decorator.py
[2023-12-06T15:20:49.493+0700] {processor.py:753} INFO - DAG(s) dict_keys(['example_short_circuit_decorator']) retrieved from /opt/anaconda3/lib/python3.8/site-packages/airflow/example_dags/example_short_circuit_decorator.py
[2023-12-06T15:20:51.442+0700] {logging_mixin.py:137} INFO - [2023-12-06T15:20:51.442+0700] {dag.py:2676} INFO - Sync 1 DAGs
[2023-12-06T15:20:51.480+0700] {logging_mixin.py:137} INFO - [2023-12-06T15:20:51.480+0700] {dag.py:3423} INFO - Setting next_dagrun for example_short_circuit_decorator to 2023-12-05T08:20:51.480104+00:00, run_after=2023-12-06T08:20:51.480104+00:00
[2023-12-06T15:20:51.509+0700] {processor.py:175} INFO - Processing /opt/anaconda3/lib/python3.8/site-packages/airflow/example_dags/example_short_circuit_decorator.py took 2.273 seconds
[2023-12-06T15:23:17.232+0700] {processor.py:153} INFO - Started process (PID=66589) to work on /opt/anaconda3/lib/python3.8/site-packages/airflow/example_dags/example_short_circuit_decorator.py
[2023-12-06T15:23:17.234+0700] {processor.py:743} INFO - Processing file /opt/anaconda3/lib/python3.8/site-packages/airflow/example_dags/example_short_circuit_decorator.py for tasks to queue
[2023-12-06T15:23:17.235+0700] {logging_mixin.py:137} INFO - [2023-12-06T15:23:17.235+0700] {dagbag.py:538} INFO - Filling up the DagBag from /opt/anaconda3/lib/python3.8/site-packages/airflow/example_dags/example_short_circuit_decorator.py
[2023-12-06T15:23:17.290+0700] {processor.py:753} INFO - DAG(s) dict_keys(['example_short_circuit_decorator']) retrieved from /opt/anaconda3/lib/python3.8/site-packages/airflow/example_dags/example_short_circuit_decorator.py
[2023-12-06T15:23:18.112+0700] {logging_mixin.py:137} INFO - [2023-12-06T15:23:18.112+0700] {dag.py:2676} INFO - Sync 1 DAGs
[2023-12-06T15:23:18.131+0700] {logging_mixin.py:137} INFO - [2023-12-06T15:23:18.131+0700] {dag.py:3423} INFO - Setting next_dagrun for example_short_circuit_decorator to 2023-12-05T08:23:18.131061+00:00, run_after=2023-12-06T08:23:18.131061+00:00
[2023-12-06T15:23:18.154+0700] {processor.py:175} INFO - Processing /opt/anaconda3/lib/python3.8/site-packages/airflow/example_dags/example_short_circuit_decorator.py took 0.923 seconds
[2023-12-06T15:25:45.011+0700] {processor.py:153} INFO - Started process (PID=68175) to work on /opt/anaconda3/lib/python3.8/site-packages/airflow/example_dags/example_short_circuit_decorator.py
[2023-12-06T15:25:45.013+0700] {processor.py:743} INFO - Processing file /opt/anaconda3/lib/python3.8/site-packages/airflow/example_dags/example_short_circuit_decorator.py for tasks to queue
[2023-12-06T15:25:45.014+0700] {logging_mixin.py:137} INFO - [2023-12-06T15:25:45.014+0700] {dagbag.py:538} INFO - Filling up the DagBag from /opt/anaconda3/lib/python3.8/site-packages/airflow/example_dags/example_short_circuit_decorator.py
[2023-12-06T15:25:45.089+0700] {processor.py:753} INFO - DAG(s) dict_keys(['example_short_circuit_decorator']) retrieved from /opt/anaconda3/lib/python3.8/site-packages/airflow/example_dags/example_short_circuit_decorator.py
[2023-12-06T15:25:46.137+0700] {logging_mixin.py:137} INFO - [2023-12-06T15:25:46.135+0700] {dag.py:2676} INFO - Sync 1 DAGs
[2023-12-06T15:25:46.173+0700] {logging_mixin.py:137} INFO - [2023-12-06T15:25:46.173+0700] {dag.py:3423} INFO - Setting next_dagrun for example_short_circuit_decorator to 2023-12-05T08:25:46.172956+00:00, run_after=2023-12-06T08:25:46.172956+00:00
[2023-12-06T15:25:46.213+0700] {processor.py:175} INFO - Processing /opt/anaconda3/lib/python3.8/site-packages/airflow/example_dags/example_short_circuit_decorator.py took 1.203 seconds
[2023-12-06T15:28:08.089+0700] {processor.py:153} INFO - Started process (PID=69757) to work on /opt/anaconda3/lib/python3.8/site-packages/airflow/example_dags/example_short_circuit_decorator.py
[2023-12-06T15:28:08.095+0700] {processor.py:743} INFO - Processing file /opt/anaconda3/lib/python3.8/site-packages/airflow/example_dags/example_short_circuit_decorator.py for tasks to queue
[2023-12-06T15:28:08.099+0700] {logging_mixin.py:137} INFO - [2023-12-06T15:28:08.098+0700] {dagbag.py:538} INFO - Filling up the DagBag from /opt/anaconda3/lib/python3.8/site-packages/airflow/example_dags/example_short_circuit_decorator.py
[2023-12-06T15:28:08.184+0700] {processor.py:753} INFO - DAG(s) dict_keys(['example_short_circuit_decorator']) retrieved from /opt/anaconda3/lib/python3.8/site-packages/airflow/example_dags/example_short_circuit_decorator.py
[2023-12-06T15:28:09.505+0700] {logging_mixin.py:137} INFO - [2023-12-06T15:28:09.504+0700] {dag.py:2676} INFO - Sync 1 DAGs
[2023-12-06T15:28:09.522+0700] {logging_mixin.py:137} INFO - [2023-12-06T15:28:09.522+0700] {dag.py:3423} INFO - Setting next_dagrun for example_short_circuit_decorator to 2023-12-05T08:28:09.522247+00:00, run_after=2023-12-06T08:28:09.522247+00:00
[2023-12-06T15:28:09.545+0700] {processor.py:175} INFO - Processing /opt/anaconda3/lib/python3.8/site-packages/airflow/example_dags/example_short_circuit_decorator.py took 1.457 seconds
[2023-12-06T15:30:28.002+0700] {processor.py:153} INFO - Started process (PID=71236) to work on /opt/anaconda3/lib/python3.8/site-packages/airflow/example_dags/example_short_circuit_decorator.py
[2023-12-06T15:30:28.004+0700] {processor.py:743} INFO - Processing file /opt/anaconda3/lib/python3.8/site-packages/airflow/example_dags/example_short_circuit_decorator.py for tasks to queue
[2023-12-06T15:30:28.004+0700] {logging_mixin.py:137} INFO - [2023-12-06T15:30:28.004+0700] {dagbag.py:538} INFO - Filling up the DagBag from /opt/anaconda3/lib/python3.8/site-packages/airflow/example_dags/example_short_circuit_decorator.py
[2023-12-06T15:30:28.057+0700] {processor.py:753} INFO - DAG(s) dict_keys(['example_short_circuit_decorator']) retrieved from /opt/anaconda3/lib/python3.8/site-packages/airflow/example_dags/example_short_circuit_decorator.py
[2023-12-06T15:30:28.779+0700] {logging_mixin.py:137} INFO - [2023-12-06T15:30:28.779+0700] {dag.py:2676} INFO - Sync 1 DAGs
[2023-12-06T15:30:28.796+0700] {logging_mixin.py:137} INFO - [2023-12-06T15:30:28.796+0700] {dag.py:3423} INFO - Setting next_dagrun for example_short_circuit_decorator to 2023-12-05T08:30:28.796173+00:00, run_after=2023-12-06T08:30:28.796173+00:00
[2023-12-06T15:30:28.818+0700] {processor.py:175} INFO - Processing /opt/anaconda3/lib/python3.8/site-packages/airflow/example_dags/example_short_circuit_decorator.py took 0.817 seconds
[2023-12-06T15:33:04.780+0700] {processor.py:153} INFO - Started process (PID=72951) to work on /opt/anaconda3/lib/python3.8/site-packages/airflow/example_dags/example_short_circuit_decorator.py
[2023-12-06T15:33:04.781+0700] {processor.py:743} INFO - Processing file /opt/anaconda3/lib/python3.8/site-packages/airflow/example_dags/example_short_circuit_decorator.py for tasks to queue
[2023-12-06T15:33:04.782+0700] {logging_mixin.py:137} INFO - [2023-12-06T15:33:04.782+0700] {dagbag.py:538} INFO - Filling up the DagBag from /opt/anaconda3/lib/python3.8/site-packages/airflow/example_dags/example_short_circuit_decorator.py
[2023-12-06T15:33:04.842+0700] {processor.py:753} INFO - DAG(s) dict_keys(['example_short_circuit_decorator']) retrieved from /opt/anaconda3/lib/python3.8/site-packages/airflow/example_dags/example_short_circuit_decorator.py
[2023-12-06T15:33:05.853+0700] {logging_mixin.py:137} INFO - [2023-12-06T15:33:05.852+0700] {dag.py:2676} INFO - Sync 1 DAGs
[2023-12-06T15:33:05.870+0700] {logging_mixin.py:137} INFO - [2023-12-06T15:33:05.870+0700] {dag.py:3423} INFO - Setting next_dagrun for example_short_circuit_decorator to 2023-12-05T08:33:05.870236+00:00, run_after=2023-12-06T08:33:05.870236+00:00
[2023-12-06T15:33:05.892+0700] {processor.py:175} INFO - Processing /opt/anaconda3/lib/python3.8/site-packages/airflow/example_dags/example_short_circuit_decorator.py took 1.114 seconds
[2023-12-06T15:35:24.391+0700] {processor.py:153} INFO - Started process (PID=74439) to work on /opt/anaconda3/lib/python3.8/site-packages/airflow/example_dags/example_short_circuit_decorator.py
[2023-12-06T15:35:24.393+0700] {processor.py:743} INFO - Processing file /opt/anaconda3/lib/python3.8/site-packages/airflow/example_dags/example_short_circuit_decorator.py for tasks to queue
[2023-12-06T15:35:24.394+0700] {logging_mixin.py:137} INFO - [2023-12-06T15:35:24.393+0700] {dagbag.py:538} INFO - Filling up the DagBag from /opt/anaconda3/lib/python3.8/site-packages/airflow/example_dags/example_short_circuit_decorator.py
[2023-12-06T15:35:24.543+0700] {processor.py:753} INFO - DAG(s) dict_keys(['example_short_circuit_decorator']) retrieved from /opt/anaconda3/lib/python3.8/site-packages/airflow/example_dags/example_short_circuit_decorator.py
[2023-12-06T15:35:26.007+0700] {logging_mixin.py:137} INFO - [2023-12-06T15:35:26.007+0700] {dag.py:2676} INFO - Sync 1 DAGs
[2023-12-06T15:35:26.027+0700] {logging_mixin.py:137} INFO - [2023-12-06T15:35:26.026+0700] {dag.py:3423} INFO - Setting next_dagrun for example_short_circuit_decorator to 2023-12-05T08:35:26.026716+00:00, run_after=2023-12-06T08:35:26.026716+00:00
[2023-12-06T15:35:26.047+0700] {processor.py:175} INFO - Processing /opt/anaconda3/lib/python3.8/site-packages/airflow/example_dags/example_short_circuit_decorator.py took 1.657 seconds
[2023-12-06T15:37:44.692+0700] {processor.py:153} INFO - Started process (PID=75926) to work on /opt/anaconda3/lib/python3.8/site-packages/airflow/example_dags/example_short_circuit_decorator.py
[2023-12-06T15:37:44.694+0700] {processor.py:743} INFO - Processing file /opt/anaconda3/lib/python3.8/site-packages/airflow/example_dags/example_short_circuit_decorator.py for tasks to queue
[2023-12-06T15:37:44.695+0700] {logging_mixin.py:137} INFO - [2023-12-06T15:37:44.695+0700] {dagbag.py:538} INFO - Filling up the DagBag from /opt/anaconda3/lib/python3.8/site-packages/airflow/example_dags/example_short_circuit_decorator.py
[2023-12-06T15:37:44.780+0700] {processor.py:753} INFO - DAG(s) dict_keys(['example_short_circuit_decorator']) retrieved from /opt/anaconda3/lib/python3.8/site-packages/airflow/example_dags/example_short_circuit_decorator.py
[2023-12-06T15:37:45.500+0700] {logging_mixin.py:137} INFO - [2023-12-06T15:37:45.500+0700] {dag.py:2676} INFO - Sync 1 DAGs
[2023-12-06T15:37:45.517+0700] {logging_mixin.py:137} INFO - [2023-12-06T15:37:45.516+0700] {dag.py:3423} INFO - Setting next_dagrun for example_short_circuit_decorator to 2023-12-05T08:37:45.516738+00:00, run_after=2023-12-06T08:37:45.516738+00:00
[2023-12-06T15:37:45.537+0700] {processor.py:175} INFO - Processing /opt/anaconda3/lib/python3.8/site-packages/airflow/example_dags/example_short_circuit_decorator.py took 0.846 seconds
[2023-12-06T15:40:06.664+0700] {processor.py:153} INFO - Started process (PID=77505) to work on /opt/anaconda3/lib/python3.8/site-packages/airflow/example_dags/example_short_circuit_decorator.py
[2023-12-06T15:40:06.666+0700] {processor.py:743} INFO - Processing file /opt/anaconda3/lib/python3.8/site-packages/airflow/example_dags/example_short_circuit_decorator.py for tasks to queue
[2023-12-06T15:40:06.667+0700] {logging_mixin.py:137} INFO - [2023-12-06T15:40:06.667+0700] {dagbag.py:538} INFO - Filling up the DagBag from /opt/anaconda3/lib/python3.8/site-packages/airflow/example_dags/example_short_circuit_decorator.py
[2023-12-06T15:40:06.727+0700] {processor.py:753} INFO - DAG(s) dict_keys(['example_short_circuit_decorator']) retrieved from /opt/anaconda3/lib/python3.8/site-packages/airflow/example_dags/example_short_circuit_decorator.py
[2023-12-06T15:40:07.450+0700] {logging_mixin.py:137} INFO - [2023-12-06T15:40:07.449+0700] {dag.py:2676} INFO - Sync 1 DAGs
[2023-12-06T15:40:07.466+0700] {logging_mixin.py:137} INFO - [2023-12-06T15:40:07.466+0700] {dag.py:3423} INFO - Setting next_dagrun for example_short_circuit_decorator to 2023-12-05T08:40:07.466272+00:00, run_after=2023-12-06T08:40:07.466272+00:00
[2023-12-06T15:40:07.487+0700] {processor.py:175} INFO - Processing /opt/anaconda3/lib/python3.8/site-packages/airflow/example_dags/example_short_circuit_decorator.py took 0.824 seconds
