[2023-12-06T10:16:48.954+0700] {processor.py:153} INFO - Started process (PID=90969) to work on /opt/anaconda3/lib/python3.8/site-packages/airflow/example_dags/example_time_delta_sensor_async.py
[2023-12-06T10:16:48.955+0700] {processor.py:743} INFO - Processing file /opt/anaconda3/lib/python3.8/site-packages/airflow/example_dags/example_time_delta_sensor_async.py for tasks to queue
[2023-12-06T10:16:48.955+0700] {logging_mixin.py:137} INFO - [2023-12-06T10:16:48.955+0700] {dagbag.py:538} INFO - Filling up the DagBag from /opt/anaconda3/lib/python3.8/site-packages/airflow/example_dags/example_time_delta_sensor_async.py
[2023-12-06T10:16:48.988+0700] {processor.py:753} INFO - DAG(s) dict_keys(['example_time_delta_sensor_async']) retrieved from /opt/anaconda3/lib/python3.8/site-packages/airflow/example_dags/example_time_delta_sensor_async.py
[2023-12-06T10:16:50.454+0700] {logging_mixin.py:137} INFO - [2023-12-06T10:16:50.454+0700] {dag.py:2676} INFO - Sync 1 DAGs
[2023-12-06T10:16:50.473+0700] {logging_mixin.py:137} INFO - [2023-12-06T10:16:50.472+0700] {dag.py:3423} INFO - Setting next_dagrun for example_time_delta_sensor_async to None, run_after=None
[2023-12-06T10:16:50.496+0700] {processor.py:175} INFO - Processing /opt/anaconda3/lib/python3.8/site-packages/airflow/example_dags/example_time_delta_sensor_async.py took 1.543 seconds
[2023-12-06T10:20:08.251+0700] {processor.py:153} INFO - Started process (PID=93222) to work on /opt/anaconda3/lib/python3.8/site-packages/airflow/example_dags/example_time_delta_sensor_async.py
[2023-12-06T10:20:08.253+0700] {processor.py:743} INFO - Processing file /opt/anaconda3/lib/python3.8/site-packages/airflow/example_dags/example_time_delta_sensor_async.py for tasks to queue
[2023-12-06T10:20:08.254+0700] {logging_mixin.py:137} INFO - [2023-12-06T10:20:08.253+0700] {dagbag.py:538} INFO - Filling up the DagBag from /opt/anaconda3/lib/python3.8/site-packages/airflow/example_dags/example_time_delta_sensor_async.py
[2023-12-06T10:20:08.287+0700] {processor.py:753} INFO - DAG(s) dict_keys(['example_time_delta_sensor_async']) retrieved from /opt/anaconda3/lib/python3.8/site-packages/airflow/example_dags/example_time_delta_sensor_async.py
[2023-12-06T10:20:10.339+0700] {logging_mixin.py:137} INFO - [2023-12-06T10:20:10.338+0700] {dag.py:2676} INFO - Sync 1 DAGs
[2023-12-06T10:20:10.375+0700] {logging_mixin.py:137} INFO - [2023-12-06T10:20:10.375+0700] {dag.py:3423} INFO - Setting next_dagrun for example_time_delta_sensor_async to None, run_after=None
[2023-12-06T10:20:10.409+0700] {processor.py:175} INFO - Processing /opt/anaconda3/lib/python3.8/site-packages/airflow/example_dags/example_time_delta_sensor_async.py took 2.158 seconds
[2023-12-06T10:22:58.131+0700] {processor.py:153} INFO - Started process (PID=95051) to work on /opt/anaconda3/lib/python3.8/site-packages/airflow/example_dags/example_time_delta_sensor_async.py
[2023-12-06T10:22:58.133+0700] {processor.py:743} INFO - Processing file /opt/anaconda3/lib/python3.8/site-packages/airflow/example_dags/example_time_delta_sensor_async.py for tasks to queue
[2023-12-06T10:22:58.134+0700] {logging_mixin.py:137} INFO - [2023-12-06T10:22:58.133+0700] {dagbag.py:538} INFO - Filling up the DagBag from /opt/anaconda3/lib/python3.8/site-packages/airflow/example_dags/example_time_delta_sensor_async.py
[2023-12-06T10:22:58.165+0700] {processor.py:753} INFO - DAG(s) dict_keys(['example_time_delta_sensor_async']) retrieved from /opt/anaconda3/lib/python3.8/site-packages/airflow/example_dags/example_time_delta_sensor_async.py
[2023-12-06T10:22:59.813+0700] {logging_mixin.py:137} INFO - [2023-12-06T10:22:59.813+0700] {dag.py:2676} INFO - Sync 1 DAGs
[2023-12-06T10:22:59.830+0700] {logging_mixin.py:137} INFO - [2023-12-06T10:22:59.830+0700] {dag.py:3423} INFO - Setting next_dagrun for example_time_delta_sensor_async to None, run_after=None
[2023-12-06T10:22:59.849+0700] {processor.py:175} INFO - Processing /opt/anaconda3/lib/python3.8/site-packages/airflow/example_dags/example_time_delta_sensor_async.py took 1.718 seconds
[2023-12-06T10:25:09.258+0700] {processor.py:153} INFO - Started process (PID=96636) to work on /opt/anaconda3/lib/python3.8/site-packages/airflow/example_dags/example_time_delta_sensor_async.py
[2023-12-06T10:25:09.260+0700] {processor.py:743} INFO - Processing file /opt/anaconda3/lib/python3.8/site-packages/airflow/example_dags/example_time_delta_sensor_async.py for tasks to queue
[2023-12-06T10:25:09.261+0700] {logging_mixin.py:137} INFO - [2023-12-06T10:25:09.261+0700] {dagbag.py:538} INFO - Filling up the DagBag from /opt/anaconda3/lib/python3.8/site-packages/airflow/example_dags/example_time_delta_sensor_async.py
[2023-12-06T10:25:09.294+0700] {processor.py:753} INFO - DAG(s) dict_keys(['example_time_delta_sensor_async']) retrieved from /opt/anaconda3/lib/python3.8/site-packages/airflow/example_dags/example_time_delta_sensor_async.py
[2023-12-06T10:25:10.743+0700] {logging_mixin.py:137} INFO - [2023-12-06T10:25:10.743+0700] {dag.py:2676} INFO - Sync 1 DAGs
[2023-12-06T10:25:10.760+0700] {logging_mixin.py:137} INFO - [2023-12-06T10:25:10.760+0700] {dag.py:3423} INFO - Setting next_dagrun for example_time_delta_sensor_async to None, run_after=None
[2023-12-06T10:25:10.780+0700] {processor.py:175} INFO - Processing /opt/anaconda3/lib/python3.8/site-packages/airflow/example_dags/example_time_delta_sensor_async.py took 1.522 seconds
[2023-12-06T10:27:22.723+0700] {processor.py:153} INFO - Started process (PID=98101) to work on /opt/anaconda3/lib/python3.8/site-packages/airflow/example_dags/example_time_delta_sensor_async.py
[2023-12-06T10:27:22.724+0700] {processor.py:743} INFO - Processing file /opt/anaconda3/lib/python3.8/site-packages/airflow/example_dags/example_time_delta_sensor_async.py for tasks to queue
[2023-12-06T10:27:22.725+0700] {logging_mixin.py:137} INFO - [2023-12-06T10:27:22.725+0700] {dagbag.py:538} INFO - Filling up the DagBag from /opt/anaconda3/lib/python3.8/site-packages/airflow/example_dags/example_time_delta_sensor_async.py
[2023-12-06T10:27:22.755+0700] {processor.py:753} INFO - DAG(s) dict_keys(['example_time_delta_sensor_async']) retrieved from /opt/anaconda3/lib/python3.8/site-packages/airflow/example_dags/example_time_delta_sensor_async.py
[2023-12-06T10:27:24.208+0700] {logging_mixin.py:137} INFO - [2023-12-06T10:27:24.207+0700] {dag.py:2676} INFO - Sync 1 DAGs
[2023-12-06T10:27:24.248+0700] {logging_mixin.py:137} INFO - [2023-12-06T10:27:24.247+0700] {dag.py:3423} INFO - Setting next_dagrun for example_time_delta_sensor_async to None, run_after=None
[2023-12-06T10:27:24.266+0700] {processor.py:175} INFO - Processing /opt/anaconda3/lib/python3.8/site-packages/airflow/example_dags/example_time_delta_sensor_async.py took 1.544 seconds
[2023-12-06T10:43:01.420+0700] {processor.py:153} INFO - Started process (PID=6219) to work on /opt/anaconda3/lib/python3.8/site-packages/airflow/example_dags/example_time_delta_sensor_async.py
[2023-12-06T10:43:01.421+0700] {processor.py:743} INFO - Processing file /opt/anaconda3/lib/python3.8/site-packages/airflow/example_dags/example_time_delta_sensor_async.py for tasks to queue
[2023-12-06T10:43:01.422+0700] {logging_mixin.py:137} INFO - [2023-12-06T10:43:01.422+0700] {dagbag.py:538} INFO - Filling up the DagBag from /opt/anaconda3/lib/python3.8/site-packages/airflow/example_dags/example_time_delta_sensor_async.py
[2023-12-06T10:43:01.458+0700] {processor.py:753} INFO - DAG(s) dict_keys(['example_time_delta_sensor_async']) retrieved from /opt/anaconda3/lib/python3.8/site-packages/airflow/example_dags/example_time_delta_sensor_async.py
[2023-12-06T10:43:03.247+0700] {logging_mixin.py:137} INFO - [2023-12-06T10:43:03.247+0700] {dag.py:2676} INFO - Sync 1 DAGs
[2023-12-06T10:43:03.276+0700] {logging_mixin.py:137} INFO - [2023-12-06T10:43:03.275+0700] {dag.py:3423} INFO - Setting next_dagrun for example_time_delta_sensor_async to None, run_after=None
[2023-12-06T10:43:03.305+0700] {processor.py:175} INFO - Processing /opt/anaconda3/lib/python3.8/site-packages/airflow/example_dags/example_time_delta_sensor_async.py took 1.886 seconds
[2023-12-06T10:46:39.396+0700] {processor.py:153} INFO - Started process (PID=8646) to work on /opt/anaconda3/lib/python3.8/site-packages/airflow/example_dags/example_time_delta_sensor_async.py
[2023-12-06T10:46:39.398+0700] {processor.py:743} INFO - Processing file /opt/anaconda3/lib/python3.8/site-packages/airflow/example_dags/example_time_delta_sensor_async.py for tasks to queue
[2023-12-06T10:46:39.399+0700] {logging_mixin.py:137} INFO - [2023-12-06T10:46:39.399+0700] {dagbag.py:538} INFO - Filling up the DagBag from /opt/anaconda3/lib/python3.8/site-packages/airflow/example_dags/example_time_delta_sensor_async.py
[2023-12-06T10:46:39.438+0700] {processor.py:753} INFO - DAG(s) dict_keys(['example_time_delta_sensor_async']) retrieved from /opt/anaconda3/lib/python3.8/site-packages/airflow/example_dags/example_time_delta_sensor_async.py
[2023-12-06T10:46:41.253+0700] {logging_mixin.py:137} INFO - [2023-12-06T10:46:41.253+0700] {dag.py:2676} INFO - Sync 1 DAGs
[2023-12-06T10:46:41.274+0700] {logging_mixin.py:137} INFO - [2023-12-06T10:46:41.274+0700] {dag.py:3423} INFO - Setting next_dagrun for example_time_delta_sensor_async to None, run_after=None
[2023-12-06T10:46:41.294+0700] {processor.py:175} INFO - Processing /opt/anaconda3/lib/python3.8/site-packages/airflow/example_dags/example_time_delta_sensor_async.py took 1.899 seconds
[2023-12-06T10:51:19.472+0700] {processor.py:153} INFO - Started process (PID=11763) to work on /opt/anaconda3/lib/python3.8/site-packages/airflow/example_dags/example_time_delta_sensor_async.py
[2023-12-06T10:51:19.475+0700] {processor.py:743} INFO - Processing file /opt/anaconda3/lib/python3.8/site-packages/airflow/example_dags/example_time_delta_sensor_async.py for tasks to queue
[2023-12-06T10:51:19.480+0700] {logging_mixin.py:137} INFO - [2023-12-06T10:51:19.476+0700] {dagbag.py:538} INFO - Filling up the DagBag from /opt/anaconda3/lib/python3.8/site-packages/airflow/example_dags/example_time_delta_sensor_async.py
[2023-12-06T10:51:19.616+0700] {processor.py:753} INFO - DAG(s) dict_keys(['example_time_delta_sensor_async']) retrieved from /opt/anaconda3/lib/python3.8/site-packages/airflow/example_dags/example_time_delta_sensor_async.py
[2023-12-06T10:51:22.301+0700] {logging_mixin.py:137} INFO - [2023-12-06T10:51:22.301+0700] {dag.py:2676} INFO - Sync 1 DAGs
[2023-12-06T10:51:22.324+0700] {logging_mixin.py:137} INFO - [2023-12-06T10:51:22.324+0700] {dag.py:3423} INFO - Setting next_dagrun for example_time_delta_sensor_async to None, run_after=None
[2023-12-06T10:51:22.346+0700] {processor.py:175} INFO - Processing /opt/anaconda3/lib/python3.8/site-packages/airflow/example_dags/example_time_delta_sensor_async.py took 2.876 seconds
[2023-12-06T10:53:58.978+0700] {processor.py:153} INFO - Started process (PID=13454) to work on /opt/anaconda3/lib/python3.8/site-packages/airflow/example_dags/example_time_delta_sensor_async.py
[2023-12-06T10:53:58.980+0700] {processor.py:743} INFO - Processing file /opt/anaconda3/lib/python3.8/site-packages/airflow/example_dags/example_time_delta_sensor_async.py for tasks to queue
[2023-12-06T10:53:58.980+0700] {logging_mixin.py:137} INFO - [2023-12-06T10:53:58.980+0700] {dagbag.py:538} INFO - Filling up the DagBag from /opt/anaconda3/lib/python3.8/site-packages/airflow/example_dags/example_time_delta_sensor_async.py
[2023-12-06T10:53:59.018+0700] {processor.py:753} INFO - DAG(s) dict_keys(['example_time_delta_sensor_async']) retrieved from /opt/anaconda3/lib/python3.8/site-packages/airflow/example_dags/example_time_delta_sensor_async.py
[2023-12-06T10:54:00.723+0700] {logging_mixin.py:137} INFO - [2023-12-06T10:54:00.723+0700] {dag.py:2676} INFO - Sync 1 DAGs
[2023-12-06T10:54:00.745+0700] {logging_mixin.py:137} INFO - [2023-12-06T10:54:00.745+0700] {dag.py:3423} INFO - Setting next_dagrun for example_time_delta_sensor_async to None, run_after=None
[2023-12-06T10:54:00.777+0700] {processor.py:175} INFO - Processing /opt/anaconda3/lib/python3.8/site-packages/airflow/example_dags/example_time_delta_sensor_async.py took 1.800 seconds
[2023-12-06T10:57:00.843+0700] {processor.py:153} INFO - Started process (PID=15399) to work on /opt/anaconda3/lib/python3.8/site-packages/airflow/example_dags/example_time_delta_sensor_async.py
[2023-12-06T10:57:00.846+0700] {processor.py:743} INFO - Processing file /opt/anaconda3/lib/python3.8/site-packages/airflow/example_dags/example_time_delta_sensor_async.py for tasks to queue
[2023-12-06T10:57:00.847+0700] {logging_mixin.py:137} INFO - [2023-12-06T10:57:00.847+0700] {dagbag.py:538} INFO - Filling up the DagBag from /opt/anaconda3/lib/python3.8/site-packages/airflow/example_dags/example_time_delta_sensor_async.py
[2023-12-06T10:57:00.901+0700] {processor.py:753} INFO - DAG(s) dict_keys(['example_time_delta_sensor_async']) retrieved from /opt/anaconda3/lib/python3.8/site-packages/airflow/example_dags/example_time_delta_sensor_async.py
[2023-12-06T10:57:04.127+0700] {logging_mixin.py:137} INFO - [2023-12-06T10:57:04.127+0700] {dag.py:2676} INFO - Sync 1 DAGs
[2023-12-06T10:57:04.173+0700] {logging_mixin.py:137} INFO - [2023-12-06T10:57:04.173+0700] {dag.py:3423} INFO - Setting next_dagrun for example_time_delta_sensor_async to None, run_after=None
[2023-12-06T10:57:04.231+0700] {processor.py:175} INFO - Processing /opt/anaconda3/lib/python3.8/site-packages/airflow/example_dags/example_time_delta_sensor_async.py took 3.390 seconds
[2023-12-06T11:01:53.562+0700] {processor.py:153} INFO - Started process (PID=18568) to work on /opt/anaconda3/lib/python3.8/site-packages/airflow/example_dags/example_time_delta_sensor_async.py
[2023-12-06T11:01:53.563+0700] {processor.py:743} INFO - Processing file /opt/anaconda3/lib/python3.8/site-packages/airflow/example_dags/example_time_delta_sensor_async.py for tasks to queue
[2023-12-06T11:01:53.564+0700] {logging_mixin.py:137} INFO - [2023-12-06T11:01:53.564+0700] {dagbag.py:538} INFO - Filling up the DagBag from /opt/anaconda3/lib/python3.8/site-packages/airflow/example_dags/example_time_delta_sensor_async.py
[2023-12-06T11:01:53.596+0700] {processor.py:753} INFO - DAG(s) dict_keys(['example_time_delta_sensor_async']) retrieved from /opt/anaconda3/lib/python3.8/site-packages/airflow/example_dags/example_time_delta_sensor_async.py
[2023-12-06T11:01:54.831+0700] {logging_mixin.py:137} INFO - [2023-12-06T11:01:54.831+0700] {dag.py:2676} INFO - Sync 1 DAGs
[2023-12-06T11:01:54.851+0700] {logging_mixin.py:137} INFO - [2023-12-06T11:01:54.850+0700] {dag.py:3423} INFO - Setting next_dagrun for example_time_delta_sensor_async to None, run_after=None
[2023-12-06T11:01:54.877+0700] {processor.py:175} INFO - Processing /opt/anaconda3/lib/python3.8/site-packages/airflow/example_dags/example_time_delta_sensor_async.py took 1.317 seconds
[2023-12-06T11:06:24.796+0700] {processor.py:153} INFO - Started process (PID=21535) to work on /opt/anaconda3/lib/python3.8/site-packages/airflow/example_dags/example_time_delta_sensor_async.py
[2023-12-06T11:06:24.798+0700] {processor.py:743} INFO - Processing file /opt/anaconda3/lib/python3.8/site-packages/airflow/example_dags/example_time_delta_sensor_async.py for tasks to queue
[2023-12-06T11:06:24.799+0700] {logging_mixin.py:137} INFO - [2023-12-06T11:06:24.799+0700] {dagbag.py:538} INFO - Filling up the DagBag from /opt/anaconda3/lib/python3.8/site-packages/airflow/example_dags/example_time_delta_sensor_async.py
[2023-12-06T11:06:24.844+0700] {processor.py:753} INFO - DAG(s) dict_keys(['example_time_delta_sensor_async']) retrieved from /opt/anaconda3/lib/python3.8/site-packages/airflow/example_dags/example_time_delta_sensor_async.py
[2023-12-06T11:06:26.485+0700] {logging_mixin.py:137} INFO - [2023-12-06T11:06:26.485+0700] {dag.py:2676} INFO - Sync 1 DAGs
[2023-12-06T11:06:26.506+0700] {logging_mixin.py:137} INFO - [2023-12-06T11:06:26.506+0700] {dag.py:3423} INFO - Setting next_dagrun for example_time_delta_sensor_async to None, run_after=None
[2023-12-06T11:06:26.532+0700] {processor.py:175} INFO - Processing /opt/anaconda3/lib/python3.8/site-packages/airflow/example_dags/example_time_delta_sensor_async.py took 1.737 seconds
[2023-12-06T11:09:46.357+0700] {processor.py:153} INFO - Started process (PID=23782) to work on /opt/anaconda3/lib/python3.8/site-packages/airflow/example_dags/example_time_delta_sensor_async.py
[2023-12-06T11:09:46.358+0700] {processor.py:743} INFO - Processing file /opt/anaconda3/lib/python3.8/site-packages/airflow/example_dags/example_time_delta_sensor_async.py for tasks to queue
[2023-12-06T11:09:46.359+0700] {logging_mixin.py:137} INFO - [2023-12-06T11:09:46.359+0700] {dagbag.py:538} INFO - Filling up the DagBag from /opt/anaconda3/lib/python3.8/site-packages/airflow/example_dags/example_time_delta_sensor_async.py
[2023-12-06T11:09:46.401+0700] {processor.py:753} INFO - DAG(s) dict_keys(['example_time_delta_sensor_async']) retrieved from /opt/anaconda3/lib/python3.8/site-packages/airflow/example_dags/example_time_delta_sensor_async.py
[2023-12-06T11:09:48.405+0700] {logging_mixin.py:137} INFO - [2023-12-06T11:09:48.405+0700] {dag.py:2676} INFO - Sync 1 DAGs
[2023-12-06T11:09:48.426+0700] {logging_mixin.py:137} INFO - [2023-12-06T11:09:48.425+0700] {dag.py:3423} INFO - Setting next_dagrun for example_time_delta_sensor_async to None, run_after=None
[2023-12-06T11:09:48.448+0700] {processor.py:175} INFO - Processing /opt/anaconda3/lib/python3.8/site-packages/airflow/example_dags/example_time_delta_sensor_async.py took 2.092 seconds
[2023-12-06T11:13:16.042+0700] {processor.py:153} INFO - Started process (PID=25993) to work on /opt/anaconda3/lib/python3.8/site-packages/airflow/example_dags/example_time_delta_sensor_async.py
[2023-12-06T11:13:16.043+0700] {processor.py:743} INFO - Processing file /opt/anaconda3/lib/python3.8/site-packages/airflow/example_dags/example_time_delta_sensor_async.py for tasks to queue
[2023-12-06T11:13:16.045+0700] {logging_mixin.py:137} INFO - [2023-12-06T11:13:16.044+0700] {dagbag.py:538} INFO - Filling up the DagBag from /opt/anaconda3/lib/python3.8/site-packages/airflow/example_dags/example_time_delta_sensor_async.py
[2023-12-06T11:13:16.084+0700] {processor.py:753} INFO - DAG(s) dict_keys(['example_time_delta_sensor_async']) retrieved from /opt/anaconda3/lib/python3.8/site-packages/airflow/example_dags/example_time_delta_sensor_async.py
[2023-12-06T11:13:17.665+0700] {logging_mixin.py:137} INFO - [2023-12-06T11:13:17.664+0700] {dag.py:2676} INFO - Sync 1 DAGs
[2023-12-06T11:13:17.691+0700] {logging_mixin.py:137} INFO - [2023-12-06T11:13:17.690+0700] {dag.py:3423} INFO - Setting next_dagrun for example_time_delta_sensor_async to None, run_after=None
[2023-12-06T11:13:17.728+0700] {processor.py:175} INFO - Processing /opt/anaconda3/lib/python3.8/site-packages/airflow/example_dags/example_time_delta_sensor_async.py took 1.687 seconds
[2023-12-06T11:17:52.810+0700] {processor.py:153} INFO - Started process (PID=29036) to work on /opt/anaconda3/lib/python3.8/site-packages/airflow/example_dags/example_time_delta_sensor_async.py
[2023-12-06T11:17:52.812+0700] {processor.py:743} INFO - Processing file /opt/anaconda3/lib/python3.8/site-packages/airflow/example_dags/example_time_delta_sensor_async.py for tasks to queue
[2023-12-06T11:17:52.813+0700] {logging_mixin.py:137} INFO - [2023-12-06T11:17:52.813+0700] {dagbag.py:538} INFO - Filling up the DagBag from /opt/anaconda3/lib/python3.8/site-packages/airflow/example_dags/example_time_delta_sensor_async.py
[2023-12-06T11:17:52.852+0700] {processor.py:753} INFO - DAG(s) dict_keys(['example_time_delta_sensor_async']) retrieved from /opt/anaconda3/lib/python3.8/site-packages/airflow/example_dags/example_time_delta_sensor_async.py
[2023-12-06T11:17:54.571+0700] {logging_mixin.py:137} INFO - [2023-12-06T11:17:54.571+0700] {dag.py:2676} INFO - Sync 1 DAGs
[2023-12-06T11:17:54.597+0700] {logging_mixin.py:137} INFO - [2023-12-06T11:17:54.597+0700] {dag.py:3423} INFO - Setting next_dagrun for example_time_delta_sensor_async to None, run_after=None
[2023-12-06T11:17:54.619+0700] {processor.py:175} INFO - Processing /opt/anaconda3/lib/python3.8/site-packages/airflow/example_dags/example_time_delta_sensor_async.py took 1.810 seconds
[2023-12-06T11:20:48.667+0700] {processor.py:153} INFO - Started process (PID=30863) to work on /opt/anaconda3/lib/python3.8/site-packages/airflow/example_dags/example_time_delta_sensor_async.py
[2023-12-06T11:20:48.669+0700] {processor.py:743} INFO - Processing file /opt/anaconda3/lib/python3.8/site-packages/airflow/example_dags/example_time_delta_sensor_async.py for tasks to queue
[2023-12-06T11:20:48.670+0700] {logging_mixin.py:137} INFO - [2023-12-06T11:20:48.670+0700] {dagbag.py:538} INFO - Filling up the DagBag from /opt/anaconda3/lib/python3.8/site-packages/airflow/example_dags/example_time_delta_sensor_async.py
[2023-12-06T11:20:48.707+0700] {processor.py:753} INFO - DAG(s) dict_keys(['example_time_delta_sensor_async']) retrieved from /opt/anaconda3/lib/python3.8/site-packages/airflow/example_dags/example_time_delta_sensor_async.py
[2023-12-06T11:20:50.246+0700] {logging_mixin.py:137} INFO - [2023-12-06T11:20:50.246+0700] {dag.py:2676} INFO - Sync 1 DAGs
[2023-12-06T11:20:50.263+0700] {logging_mixin.py:137} INFO - [2023-12-06T11:20:50.263+0700] {dag.py:3423} INFO - Setting next_dagrun for example_time_delta_sensor_async to None, run_after=None
[2023-12-06T11:20:50.281+0700] {processor.py:175} INFO - Processing /opt/anaconda3/lib/python3.8/site-packages/airflow/example_dags/example_time_delta_sensor_async.py took 1.614 seconds
[2023-12-06T11:23:40.876+0700] {processor.py:153} INFO - Started process (PID=32687) to work on /opt/anaconda3/lib/python3.8/site-packages/airflow/example_dags/example_time_delta_sensor_async.py
[2023-12-06T11:23:40.878+0700] {processor.py:743} INFO - Processing file /opt/anaconda3/lib/python3.8/site-packages/airflow/example_dags/example_time_delta_sensor_async.py for tasks to queue
[2023-12-06T11:23:40.879+0700] {logging_mixin.py:137} INFO - [2023-12-06T11:23:40.879+0700] {dagbag.py:538} INFO - Filling up the DagBag from /opt/anaconda3/lib/python3.8/site-packages/airflow/example_dags/example_time_delta_sensor_async.py
[2023-12-06T11:23:40.931+0700] {processor.py:753} INFO - DAG(s) dict_keys(['example_time_delta_sensor_async']) retrieved from /opt/anaconda3/lib/python3.8/site-packages/airflow/example_dags/example_time_delta_sensor_async.py
[2023-12-06T11:23:42.776+0700] {logging_mixin.py:137} INFO - [2023-12-06T11:23:42.776+0700] {dag.py:2676} INFO - Sync 1 DAGs
[2023-12-06T11:23:42.820+0700] {logging_mixin.py:137} INFO - [2023-12-06T11:23:42.819+0700] {dag.py:3423} INFO - Setting next_dagrun for example_time_delta_sensor_async to None, run_after=None
[2023-12-06T11:23:42.861+0700] {processor.py:175} INFO - Processing /opt/anaconda3/lib/python3.8/site-packages/airflow/example_dags/example_time_delta_sensor_async.py took 1.987 seconds
[2023-12-06T11:26:39.024+0700] {processor.py:153} INFO - Started process (PID=34598) to work on /opt/anaconda3/lib/python3.8/site-packages/airflow/example_dags/example_time_delta_sensor_async.py
[2023-12-06T11:26:39.027+0700] {processor.py:743} INFO - Processing file /opt/anaconda3/lib/python3.8/site-packages/airflow/example_dags/example_time_delta_sensor_async.py for tasks to queue
[2023-12-06T11:26:39.028+0700] {logging_mixin.py:137} INFO - [2023-12-06T11:26:39.028+0700] {dagbag.py:538} INFO - Filling up the DagBag from /opt/anaconda3/lib/python3.8/site-packages/airflow/example_dags/example_time_delta_sensor_async.py
[2023-12-06T11:26:39.099+0700] {processor.py:753} INFO - DAG(s) dict_keys(['example_time_delta_sensor_async']) retrieved from /opt/anaconda3/lib/python3.8/site-packages/airflow/example_dags/example_time_delta_sensor_async.py
[2023-12-06T11:26:41.548+0700] {logging_mixin.py:137} INFO - [2023-12-06T11:26:41.548+0700] {dag.py:2676} INFO - Sync 1 DAGs
[2023-12-06T11:26:41.566+0700] {logging_mixin.py:137} INFO - [2023-12-06T11:26:41.566+0700] {dag.py:3423} INFO - Setting next_dagrun for example_time_delta_sensor_async to None, run_after=None
[2023-12-06T11:26:41.590+0700] {processor.py:175} INFO - Processing /opt/anaconda3/lib/python3.8/site-packages/airflow/example_dags/example_time_delta_sensor_async.py took 2.567 seconds
[2023-12-06T11:29:42.991+0700] {processor.py:153} INFO - Started process (PID=36525) to work on /opt/anaconda3/lib/python3.8/site-packages/airflow/example_dags/example_time_delta_sensor_async.py
[2023-12-06T11:29:42.995+0700] {processor.py:743} INFO - Processing file /opt/anaconda3/lib/python3.8/site-packages/airflow/example_dags/example_time_delta_sensor_async.py for tasks to queue
[2023-12-06T11:29:42.997+0700] {logging_mixin.py:137} INFO - [2023-12-06T11:29:42.996+0700] {dagbag.py:538} INFO - Filling up the DagBag from /opt/anaconda3/lib/python3.8/site-packages/airflow/example_dags/example_time_delta_sensor_async.py
[2023-12-06T11:29:43.106+0700] {processor.py:753} INFO - DAG(s) dict_keys(['example_time_delta_sensor_async']) retrieved from /opt/anaconda3/lib/python3.8/site-packages/airflow/example_dags/example_time_delta_sensor_async.py
[2023-12-06T11:29:45.040+0700] {logging_mixin.py:137} INFO - [2023-12-06T11:29:45.039+0700] {dag.py:2676} INFO - Sync 1 DAGs
[2023-12-06T11:29:45.070+0700] {logging_mixin.py:137} INFO - [2023-12-06T11:29:45.070+0700] {dag.py:3423} INFO - Setting next_dagrun for example_time_delta_sensor_async to None, run_after=None
[2023-12-06T11:29:45.111+0700] {processor.py:175} INFO - Processing /opt/anaconda3/lib/python3.8/site-packages/airflow/example_dags/example_time_delta_sensor_async.py took 2.123 seconds
[2023-12-06T11:33:02.178+0700] {processor.py:153} INFO - Started process (PID=38672) to work on /opt/anaconda3/lib/python3.8/site-packages/airflow/example_dags/example_time_delta_sensor_async.py
[2023-12-06T11:33:02.180+0700] {processor.py:743} INFO - Processing file /opt/anaconda3/lib/python3.8/site-packages/airflow/example_dags/example_time_delta_sensor_async.py for tasks to queue
[2023-12-06T11:33:02.181+0700] {logging_mixin.py:137} INFO - [2023-12-06T11:33:02.181+0700] {dagbag.py:538} INFO - Filling up the DagBag from /opt/anaconda3/lib/python3.8/site-packages/airflow/example_dags/example_time_delta_sensor_async.py
[2023-12-06T11:33:02.225+0700] {processor.py:753} INFO - DAG(s) dict_keys(['example_time_delta_sensor_async']) retrieved from /opt/anaconda3/lib/python3.8/site-packages/airflow/example_dags/example_time_delta_sensor_async.py
[2023-12-06T11:33:05.363+0700] {logging_mixin.py:137} INFO - [2023-12-06T11:33:05.357+0700] {dag.py:2676} INFO - Sync 1 DAGs
[2023-12-06T11:33:05.513+0700] {logging_mixin.py:137} INFO - [2023-12-06T11:33:05.513+0700] {dag.py:3423} INFO - Setting next_dagrun for example_time_delta_sensor_async to None, run_after=None
[2023-12-06T11:33:05.630+0700] {processor.py:175} INFO - Processing /opt/anaconda3/lib/python3.8/site-packages/airflow/example_dags/example_time_delta_sensor_async.py took 3.453 seconds
[2023-12-06T11:38:45.920+0700] {processor.py:153} INFO - Started process (PID=42407) to work on /opt/anaconda3/lib/python3.8/site-packages/airflow/example_dags/example_time_delta_sensor_async.py
[2023-12-06T11:38:45.922+0700] {processor.py:743} INFO - Processing file /opt/anaconda3/lib/python3.8/site-packages/airflow/example_dags/example_time_delta_sensor_async.py for tasks to queue
[2023-12-06T11:38:45.923+0700] {logging_mixin.py:137} INFO - [2023-12-06T11:38:45.923+0700] {dagbag.py:538} INFO - Filling up the DagBag from /opt/anaconda3/lib/python3.8/site-packages/airflow/example_dags/example_time_delta_sensor_async.py
[2023-12-06T11:38:45.965+0700] {processor.py:753} INFO - DAG(s) dict_keys(['example_time_delta_sensor_async']) retrieved from /opt/anaconda3/lib/python3.8/site-packages/airflow/example_dags/example_time_delta_sensor_async.py
[2023-12-06T11:38:50.418+0700] {logging_mixin.py:137} INFO - [2023-12-06T11:38:50.418+0700] {dag.py:2676} INFO - Sync 1 DAGs
[2023-12-06T11:38:50.441+0700] {logging_mixin.py:137} INFO - [2023-12-06T11:38:50.441+0700] {dag.py:3423} INFO - Setting next_dagrun for example_time_delta_sensor_async to None, run_after=None
[2023-12-06T11:38:50.465+0700] {processor.py:175} INFO - Processing /opt/anaconda3/lib/python3.8/site-packages/airflow/example_dags/example_time_delta_sensor_async.py took 4.546 seconds
[2023-12-06T11:42:07.987+0700] {processor.py:153} INFO - Started process (PID=44571) to work on /opt/anaconda3/lib/python3.8/site-packages/airflow/example_dags/example_time_delta_sensor_async.py
[2023-12-06T11:42:07.989+0700] {processor.py:743} INFO - Processing file /opt/anaconda3/lib/python3.8/site-packages/airflow/example_dags/example_time_delta_sensor_async.py for tasks to queue
[2023-12-06T11:42:07.990+0700] {logging_mixin.py:137} INFO - [2023-12-06T11:42:07.990+0700] {dagbag.py:538} INFO - Filling up the DagBag from /opt/anaconda3/lib/python3.8/site-packages/airflow/example_dags/example_time_delta_sensor_async.py
[2023-12-06T11:42:08.044+0700] {processor.py:753} INFO - DAG(s) dict_keys(['example_time_delta_sensor_async']) retrieved from /opt/anaconda3/lib/python3.8/site-packages/airflow/example_dags/example_time_delta_sensor_async.py
[2023-12-06T11:42:10.111+0700] {logging_mixin.py:137} INFO - [2023-12-06T11:42:10.111+0700] {dag.py:2676} INFO - Sync 1 DAGs
[2023-12-06T11:42:10.131+0700] {logging_mixin.py:137} INFO - [2023-12-06T11:42:10.131+0700] {dag.py:3423} INFO - Setting next_dagrun for example_time_delta_sensor_async to None, run_after=None
[2023-12-06T11:42:10.152+0700] {processor.py:175} INFO - Processing /opt/anaconda3/lib/python3.8/site-packages/airflow/example_dags/example_time_delta_sensor_async.py took 2.166 seconds
[2023-12-06T11:45:27.067+0700] {processor.py:153} INFO - Started process (PID=46705) to work on /opt/anaconda3/lib/python3.8/site-packages/airflow/example_dags/example_time_delta_sensor_async.py
[2023-12-06T11:45:27.069+0700] {processor.py:743} INFO - Processing file /opt/anaconda3/lib/python3.8/site-packages/airflow/example_dags/example_time_delta_sensor_async.py for tasks to queue
[2023-12-06T11:45:27.070+0700] {logging_mixin.py:137} INFO - [2023-12-06T11:45:27.070+0700] {dagbag.py:538} INFO - Filling up the DagBag from /opt/anaconda3/lib/python3.8/site-packages/airflow/example_dags/example_time_delta_sensor_async.py
[2023-12-06T11:45:27.105+0700] {processor.py:753} INFO - DAG(s) dict_keys(['example_time_delta_sensor_async']) retrieved from /opt/anaconda3/lib/python3.8/site-packages/airflow/example_dags/example_time_delta_sensor_async.py
[2023-12-06T11:45:28.830+0700] {logging_mixin.py:137} INFO - [2023-12-06T11:45:28.829+0700] {dag.py:2676} INFO - Sync 1 DAGs
[2023-12-06T11:45:28.852+0700] {logging_mixin.py:137} INFO - [2023-12-06T11:45:28.852+0700] {dag.py:3423} INFO - Setting next_dagrun for example_time_delta_sensor_async to None, run_after=None
[2023-12-06T11:45:28.876+0700] {processor.py:175} INFO - Processing /opt/anaconda3/lib/python3.8/site-packages/airflow/example_dags/example_time_delta_sensor_async.py took 1.810 seconds
[2023-12-06T11:48:51.219+0700] {processor.py:153} INFO - Started process (PID=48846) to work on /opt/anaconda3/lib/python3.8/site-packages/airflow/example_dags/example_time_delta_sensor_async.py
[2023-12-06T11:48:51.221+0700] {processor.py:743} INFO - Processing file /opt/anaconda3/lib/python3.8/site-packages/airflow/example_dags/example_time_delta_sensor_async.py for tasks to queue
[2023-12-06T11:48:51.222+0700] {logging_mixin.py:137} INFO - [2023-12-06T11:48:51.222+0700] {dagbag.py:538} INFO - Filling up the DagBag from /opt/anaconda3/lib/python3.8/site-packages/airflow/example_dags/example_time_delta_sensor_async.py
[2023-12-06T11:48:51.266+0700] {processor.py:753} INFO - DAG(s) dict_keys(['example_time_delta_sensor_async']) retrieved from /opt/anaconda3/lib/python3.8/site-packages/airflow/example_dags/example_time_delta_sensor_async.py
[2023-12-06T11:48:53.100+0700] {logging_mixin.py:137} INFO - [2023-12-06T11:48:53.100+0700] {dag.py:2676} INFO - Sync 1 DAGs
[2023-12-06T11:48:53.121+0700] {logging_mixin.py:137} INFO - [2023-12-06T11:48:53.121+0700] {dag.py:3423} INFO - Setting next_dagrun for example_time_delta_sensor_async to None, run_after=None
[2023-12-06T11:48:53.142+0700] {processor.py:175} INFO - Processing /opt/anaconda3/lib/python3.8/site-packages/airflow/example_dags/example_time_delta_sensor_async.py took 1.924 seconds
[2023-12-06T11:52:00.337+0700] {processor.py:153} INFO - Started process (PID=50932) to work on /opt/anaconda3/lib/python3.8/site-packages/airflow/example_dags/example_time_delta_sensor_async.py
[2023-12-06T11:52:00.339+0700] {processor.py:743} INFO - Processing file /opt/anaconda3/lib/python3.8/site-packages/airflow/example_dags/example_time_delta_sensor_async.py for tasks to queue
[2023-12-06T11:52:00.340+0700] {logging_mixin.py:137} INFO - [2023-12-06T11:52:00.339+0700] {dagbag.py:538} INFO - Filling up the DagBag from /opt/anaconda3/lib/python3.8/site-packages/airflow/example_dags/example_time_delta_sensor_async.py
[2023-12-06T11:52:00.404+0700] {processor.py:753} INFO - DAG(s) dict_keys(['example_time_delta_sensor_async']) retrieved from /opt/anaconda3/lib/python3.8/site-packages/airflow/example_dags/example_time_delta_sensor_async.py
[2023-12-06T11:52:02.137+0700] {logging_mixin.py:137} INFO - [2023-12-06T11:52:02.137+0700] {dag.py:2676} INFO - Sync 1 DAGs
[2023-12-06T11:52:02.158+0700] {logging_mixin.py:137} INFO - [2023-12-06T11:52:02.158+0700] {dag.py:3423} INFO - Setting next_dagrun for example_time_delta_sensor_async to None, run_after=None
[2023-12-06T11:52:02.181+0700] {processor.py:175} INFO - Processing /opt/anaconda3/lib/python3.8/site-packages/airflow/example_dags/example_time_delta_sensor_async.py took 1.845 seconds
[2023-12-06T11:54:29.628+0700] {processor.py:153} INFO - Started process (PID=52564) to work on /opt/anaconda3/lib/python3.8/site-packages/airflow/example_dags/example_time_delta_sensor_async.py
[2023-12-06T11:54:29.630+0700] {processor.py:743} INFO - Processing file /opt/anaconda3/lib/python3.8/site-packages/airflow/example_dags/example_time_delta_sensor_async.py for tasks to queue
[2023-12-06T11:54:29.630+0700] {logging_mixin.py:137} INFO - [2023-12-06T11:54:29.630+0700] {dagbag.py:538} INFO - Filling up the DagBag from /opt/anaconda3/lib/python3.8/site-packages/airflow/example_dags/example_time_delta_sensor_async.py
[2023-12-06T11:54:29.672+0700] {processor.py:753} INFO - DAG(s) dict_keys(['example_time_delta_sensor_async']) retrieved from /opt/anaconda3/lib/python3.8/site-packages/airflow/example_dags/example_time_delta_sensor_async.py
[2023-12-06T11:54:31.246+0700] {logging_mixin.py:137} INFO - [2023-12-06T11:54:31.246+0700] {dag.py:2676} INFO - Sync 1 DAGs
[2023-12-06T11:54:31.266+0700] {logging_mixin.py:137} INFO - [2023-12-06T11:54:31.266+0700] {dag.py:3423} INFO - Setting next_dagrun for example_time_delta_sensor_async to None, run_after=None
[2023-12-06T11:54:31.287+0700] {processor.py:175} INFO - Processing /opt/anaconda3/lib/python3.8/site-packages/airflow/example_dags/example_time_delta_sensor_async.py took 1.660 seconds
[2023-12-06T11:56:50.954+0700] {processor.py:153} INFO - Started process (PID=54042) to work on /opt/anaconda3/lib/python3.8/site-packages/airflow/example_dags/example_time_delta_sensor_async.py
[2023-12-06T11:56:50.956+0700] {processor.py:743} INFO - Processing file /opt/anaconda3/lib/python3.8/site-packages/airflow/example_dags/example_time_delta_sensor_async.py for tasks to queue
[2023-12-06T11:56:50.956+0700] {logging_mixin.py:137} INFO - [2023-12-06T11:56:50.956+0700] {dagbag.py:538} INFO - Filling up the DagBag from /opt/anaconda3/lib/python3.8/site-packages/airflow/example_dags/example_time_delta_sensor_async.py
[2023-12-06T11:56:50.989+0700] {processor.py:753} INFO - DAG(s) dict_keys(['example_time_delta_sensor_async']) retrieved from /opt/anaconda3/lib/python3.8/site-packages/airflow/example_dags/example_time_delta_sensor_async.py
[2023-12-06T11:56:52.378+0700] {logging_mixin.py:137} INFO - [2023-12-06T11:56:52.377+0700] {dag.py:2676} INFO - Sync 1 DAGs
[2023-12-06T11:56:52.395+0700] {logging_mixin.py:137} INFO - [2023-12-06T11:56:52.395+0700] {dag.py:3423} INFO - Setting next_dagrun for example_time_delta_sensor_async to None, run_after=None
[2023-12-06T11:56:52.414+0700] {processor.py:175} INFO - Processing /opt/anaconda3/lib/python3.8/site-packages/airflow/example_dags/example_time_delta_sensor_async.py took 1.461 seconds
[2023-12-06T11:59:14.814+0700] {processor.py:153} INFO - Started process (PID=55627) to work on /opt/anaconda3/lib/python3.8/site-packages/airflow/example_dags/example_time_delta_sensor_async.py
[2023-12-06T11:59:14.816+0700] {processor.py:743} INFO - Processing file /opt/anaconda3/lib/python3.8/site-packages/airflow/example_dags/example_time_delta_sensor_async.py for tasks to queue
[2023-12-06T11:59:14.817+0700] {logging_mixin.py:137} INFO - [2023-12-06T11:59:14.817+0700] {dagbag.py:538} INFO - Filling up the DagBag from /opt/anaconda3/lib/python3.8/site-packages/airflow/example_dags/example_time_delta_sensor_async.py
[2023-12-06T11:59:14.848+0700] {processor.py:753} INFO - DAG(s) dict_keys(['example_time_delta_sensor_async']) retrieved from /opt/anaconda3/lib/python3.8/site-packages/airflow/example_dags/example_time_delta_sensor_async.py
[2023-12-06T11:59:16.170+0700] {logging_mixin.py:137} INFO - [2023-12-06T11:59:16.170+0700] {dag.py:2676} INFO - Sync 1 DAGs
[2023-12-06T11:59:16.188+0700] {logging_mixin.py:137} INFO - [2023-12-06T11:59:16.187+0700] {dag.py:3423} INFO - Setting next_dagrun for example_time_delta_sensor_async to None, run_after=None
[2023-12-06T11:59:16.206+0700] {processor.py:175} INFO - Processing /opt/anaconda3/lib/python3.8/site-packages/airflow/example_dags/example_time_delta_sensor_async.py took 1.393 seconds
[2023-12-06T12:01:46.681+0700] {processor.py:153} INFO - Started process (PID=57224) to work on /opt/anaconda3/lib/python3.8/site-packages/airflow/example_dags/example_time_delta_sensor_async.py
[2023-12-06T12:01:46.683+0700] {processor.py:743} INFO - Processing file /opt/anaconda3/lib/python3.8/site-packages/airflow/example_dags/example_time_delta_sensor_async.py for tasks to queue
[2023-12-06T12:01:46.684+0700] {logging_mixin.py:137} INFO - [2023-12-06T12:01:46.684+0700] {dagbag.py:538} INFO - Filling up the DagBag from /opt/anaconda3/lib/python3.8/site-packages/airflow/example_dags/example_time_delta_sensor_async.py
[2023-12-06T12:01:46.717+0700] {processor.py:753} INFO - DAG(s) dict_keys(['example_time_delta_sensor_async']) retrieved from /opt/anaconda3/lib/python3.8/site-packages/airflow/example_dags/example_time_delta_sensor_async.py
[2023-12-06T12:01:49.007+0700] {logging_mixin.py:137} INFO - [2023-12-06T12:01:49.006+0700] {dag.py:2676} INFO - Sync 1 DAGs
[2023-12-06T12:01:49.028+0700] {logging_mixin.py:137} INFO - [2023-12-06T12:01:49.028+0700] {dag.py:3423} INFO - Setting next_dagrun for example_time_delta_sensor_async to None, run_after=None
[2023-12-06T12:01:49.054+0700] {processor.py:175} INFO - Processing /opt/anaconda3/lib/python3.8/site-packages/airflow/example_dags/example_time_delta_sensor_async.py took 2.373 seconds
[2023-12-06T12:04:18.512+0700] {processor.py:153} INFO - Started process (PID=58815) to work on /opt/anaconda3/lib/python3.8/site-packages/airflow/example_dags/example_time_delta_sensor_async.py
[2023-12-06T12:04:18.515+0700] {processor.py:743} INFO - Processing file /opt/anaconda3/lib/python3.8/site-packages/airflow/example_dags/example_time_delta_sensor_async.py for tasks to queue
[2023-12-06T12:04:18.517+0700] {logging_mixin.py:137} INFO - [2023-12-06T12:04:18.516+0700] {dagbag.py:538} INFO - Filling up the DagBag from /opt/anaconda3/lib/python3.8/site-packages/airflow/example_dags/example_time_delta_sensor_async.py
[2023-12-06T12:04:18.571+0700] {processor.py:753} INFO - DAG(s) dict_keys(['example_time_delta_sensor_async']) retrieved from /opt/anaconda3/lib/python3.8/site-packages/airflow/example_dags/example_time_delta_sensor_async.py
[2023-12-06T12:58:00.477+0700] {logging_mixin.py:137} INFO - [2023-12-06T12:58:00.477+0700] {dag.py:2676} INFO - Sync 1 DAGs
[2023-12-06T12:58:00.652+0700] {logging_mixin.py:137} INFO - [2023-12-06T12:58:00.651+0700] {dag.py:3423} INFO - Setting next_dagrun for example_time_delta_sensor_async to None, run_after=None
[2023-12-06T12:58:00.809+0700] {processor.py:175} INFO - Processing /opt/anaconda3/lib/python3.8/site-packages/airflow/example_dags/example_time_delta_sensor_async.py took 8.367 seconds
[2023-12-06T15:15:44.718+0700] {processor.py:153} INFO - Started process (PID=61705) to work on /opt/anaconda3/lib/python3.8/site-packages/airflow/example_dags/example_time_delta_sensor_async.py
[2023-12-06T15:15:44.719+0700] {processor.py:743} INFO - Processing file /opt/anaconda3/lib/python3.8/site-packages/airflow/example_dags/example_time_delta_sensor_async.py for tasks to queue
[2023-12-06T15:15:44.721+0700] {logging_mixin.py:137} INFO - [2023-12-06T15:15:44.721+0700] {dagbag.py:538} INFO - Filling up the DagBag from /opt/anaconda3/lib/python3.8/site-packages/airflow/example_dags/example_time_delta_sensor_async.py
[2023-12-06T15:15:44.752+0700] {processor.py:753} INFO - DAG(s) dict_keys(['example_time_delta_sensor_async']) retrieved from /opt/anaconda3/lib/python3.8/site-packages/airflow/example_dags/example_time_delta_sensor_async.py
[2023-12-06T15:15:46.154+0700] {logging_mixin.py:137} INFO - [2023-12-06T15:15:46.154+0700] {dag.py:2676} INFO - Sync 1 DAGs
[2023-12-06T15:15:46.172+0700] {logging_mixin.py:137} INFO - [2023-12-06T15:15:46.172+0700] {dag.py:3423} INFO - Setting next_dagrun for example_time_delta_sensor_async to None, run_after=None
[2023-12-06T15:15:46.215+0700] {processor.py:175} INFO - Processing /opt/anaconda3/lib/python3.8/site-packages/airflow/example_dags/example_time_delta_sensor_async.py took 1.498 seconds
[2023-12-06T15:18:01.554+0700] {processor.py:153} INFO - Started process (PID=63185) to work on /opt/anaconda3/lib/python3.8/site-packages/airflow/example_dags/example_time_delta_sensor_async.py
[2023-12-06T15:18:01.556+0700] {processor.py:743} INFO - Processing file /opt/anaconda3/lib/python3.8/site-packages/airflow/example_dags/example_time_delta_sensor_async.py for tasks to queue
[2023-12-06T15:18:01.556+0700] {logging_mixin.py:137} INFO - [2023-12-06T15:18:01.556+0700] {dagbag.py:538} INFO - Filling up the DagBag from /opt/anaconda3/lib/python3.8/site-packages/airflow/example_dags/example_time_delta_sensor_async.py
[2023-12-06T15:18:01.586+0700] {processor.py:753} INFO - DAG(s) dict_keys(['example_time_delta_sensor_async']) retrieved from /opt/anaconda3/lib/python3.8/site-packages/airflow/example_dags/example_time_delta_sensor_async.py
[2023-12-06T15:18:03.001+0700] {logging_mixin.py:137} INFO - [2023-12-06T15:18:03.001+0700] {dag.py:2676} INFO - Sync 1 DAGs
[2023-12-06T15:18:03.018+0700] {logging_mixin.py:137} INFO - [2023-12-06T15:18:03.018+0700] {dag.py:3423} INFO - Setting next_dagrun for example_time_delta_sensor_async to None, run_after=None
[2023-12-06T15:18:03.036+0700] {processor.py:175} INFO - Processing /opt/anaconda3/lib/python3.8/site-packages/airflow/example_dags/example_time_delta_sensor_async.py took 1.482 seconds
[2023-12-06T15:20:18.970+0700] {processor.py:153} INFO - Started process (PID=64660) to work on /opt/anaconda3/lib/python3.8/site-packages/airflow/example_dags/example_time_delta_sensor_async.py
[2023-12-06T15:20:18.970+0700] {processor.py:743} INFO - Processing file /opt/anaconda3/lib/python3.8/site-packages/airflow/example_dags/example_time_delta_sensor_async.py for tasks to queue
[2023-12-06T15:20:18.971+0700] {logging_mixin.py:137} INFO - [2023-12-06T15:20:18.971+0700] {dagbag.py:538} INFO - Filling up the DagBag from /opt/anaconda3/lib/python3.8/site-packages/airflow/example_dags/example_time_delta_sensor_async.py
[2023-12-06T15:20:19.000+0700] {processor.py:753} INFO - DAG(s) dict_keys(['example_time_delta_sensor_async']) retrieved from /opt/anaconda3/lib/python3.8/site-packages/airflow/example_dags/example_time_delta_sensor_async.py
[2023-12-06T15:20:20.014+0700] {logging_mixin.py:137} INFO - [2023-12-06T15:20:20.013+0700] {dag.py:2676} INFO - Sync 1 DAGs
[2023-12-06T15:20:20.032+0700] {logging_mixin.py:137} INFO - [2023-12-06T15:20:20.032+0700] {dag.py:3423} INFO - Setting next_dagrun for example_time_delta_sensor_async to None, run_after=None
[2023-12-06T15:20:20.055+0700] {processor.py:175} INFO - Processing /opt/anaconda3/lib/python3.8/site-packages/airflow/example_dags/example_time_delta_sensor_async.py took 1.086 seconds
[2023-12-06T15:22:44.115+0700] {processor.py:153} INFO - Started process (PID=66248) to work on /opt/anaconda3/lib/python3.8/site-packages/airflow/example_dags/example_time_delta_sensor_async.py
[2023-12-06T15:22:44.116+0700] {processor.py:743} INFO - Processing file /opt/anaconda3/lib/python3.8/site-packages/airflow/example_dags/example_time_delta_sensor_async.py for tasks to queue
[2023-12-06T15:22:44.117+0700] {logging_mixin.py:137} INFO - [2023-12-06T15:22:44.117+0700] {dagbag.py:538} INFO - Filling up the DagBag from /opt/anaconda3/lib/python3.8/site-packages/airflow/example_dags/example_time_delta_sensor_async.py
[2023-12-06T15:22:44.152+0700] {processor.py:753} INFO - DAG(s) dict_keys(['example_time_delta_sensor_async']) retrieved from /opt/anaconda3/lib/python3.8/site-packages/airflow/example_dags/example_time_delta_sensor_async.py
[2023-12-06T15:22:45.767+0700] {logging_mixin.py:137} INFO - [2023-12-06T15:22:45.767+0700] {dag.py:2676} INFO - Sync 1 DAGs
[2023-12-06T15:22:45.798+0700] {logging_mixin.py:137} INFO - [2023-12-06T15:22:45.797+0700] {dag.py:3423} INFO - Setting next_dagrun for example_time_delta_sensor_async to None, run_after=None
[2023-12-06T15:22:45.828+0700] {processor.py:175} INFO - Processing /opt/anaconda3/lib/python3.8/site-packages/airflow/example_dags/example_time_delta_sensor_async.py took 1.714 seconds
[2023-12-06T15:25:05.839+0700] {processor.py:153} INFO - Started process (PID=67725) to work on /opt/anaconda3/lib/python3.8/site-packages/airflow/example_dags/example_time_delta_sensor_async.py
[2023-12-06T15:25:05.840+0700] {processor.py:743} INFO - Processing file /opt/anaconda3/lib/python3.8/site-packages/airflow/example_dags/example_time_delta_sensor_async.py for tasks to queue
[2023-12-06T15:25:05.841+0700] {logging_mixin.py:137} INFO - [2023-12-06T15:25:05.841+0700] {dagbag.py:538} INFO - Filling up the DagBag from /opt/anaconda3/lib/python3.8/site-packages/airflow/example_dags/example_time_delta_sensor_async.py
[2023-12-06T15:25:05.876+0700] {processor.py:753} INFO - DAG(s) dict_keys(['example_time_delta_sensor_async']) retrieved from /opt/anaconda3/lib/python3.8/site-packages/airflow/example_dags/example_time_delta_sensor_async.py
[2023-12-06T15:25:07.495+0700] {logging_mixin.py:137} INFO - [2023-12-06T15:25:07.494+0700] {dag.py:2676} INFO - Sync 1 DAGs
[2023-12-06T15:25:07.517+0700] {logging_mixin.py:137} INFO - [2023-12-06T15:25:07.517+0700] {dag.py:3423} INFO - Setting next_dagrun for example_time_delta_sensor_async to None, run_after=None
[2023-12-06T15:25:07.543+0700] {processor.py:175} INFO - Processing /opt/anaconda3/lib/python3.8/site-packages/airflow/example_dags/example_time_delta_sensor_async.py took 1.705 seconds
[2023-12-06T15:27:37.389+0700] {processor.py:153} INFO - Started process (PID=69419) to work on /opt/anaconda3/lib/python3.8/site-packages/airflow/example_dags/example_time_delta_sensor_async.py
[2023-12-06T15:27:37.391+0700] {processor.py:743} INFO - Processing file /opt/anaconda3/lib/python3.8/site-packages/airflow/example_dags/example_time_delta_sensor_async.py for tasks to queue
[2023-12-06T15:27:37.392+0700] {logging_mixin.py:137} INFO - [2023-12-06T15:27:37.391+0700] {dagbag.py:538} INFO - Filling up the DagBag from /opt/anaconda3/lib/python3.8/site-packages/airflow/example_dags/example_time_delta_sensor_async.py
[2023-12-06T15:27:37.421+0700] {processor.py:753} INFO - DAG(s) dict_keys(['example_time_delta_sensor_async']) retrieved from /opt/anaconda3/lib/python3.8/site-packages/airflow/example_dags/example_time_delta_sensor_async.py
[2023-12-06T15:27:38.494+0700] {logging_mixin.py:137} INFO - [2023-12-06T15:27:38.493+0700] {dag.py:2676} INFO - Sync 1 DAGs
[2023-12-06T15:27:38.512+0700] {logging_mixin.py:137} INFO - [2023-12-06T15:27:38.512+0700] {dag.py:3423} INFO - Setting next_dagrun for example_time_delta_sensor_async to None, run_after=None
[2023-12-06T15:27:38.535+0700] {processor.py:175} INFO - Processing /opt/anaconda3/lib/python3.8/site-packages/airflow/example_dags/example_time_delta_sensor_async.py took 1.147 seconds
[2023-12-06T15:29:55.679+0700] {processor.py:153} INFO - Started process (PID=70893) to work on /opt/anaconda3/lib/python3.8/site-packages/airflow/example_dags/example_time_delta_sensor_async.py
[2023-12-06T15:29:55.680+0700] {processor.py:743} INFO - Processing file /opt/anaconda3/lib/python3.8/site-packages/airflow/example_dags/example_time_delta_sensor_async.py for tasks to queue
[2023-12-06T15:29:55.681+0700] {logging_mixin.py:137} INFO - [2023-12-06T15:29:55.681+0700] {dagbag.py:538} INFO - Filling up the DagBag from /opt/anaconda3/lib/python3.8/site-packages/airflow/example_dags/example_time_delta_sensor_async.py
[2023-12-06T15:29:55.713+0700] {processor.py:753} INFO - DAG(s) dict_keys(['example_time_delta_sensor_async']) retrieved from /opt/anaconda3/lib/python3.8/site-packages/airflow/example_dags/example_time_delta_sensor_async.py
[2023-12-06T15:29:56.754+0700] {logging_mixin.py:137} INFO - [2023-12-06T15:29:56.754+0700] {dag.py:2676} INFO - Sync 1 DAGs
[2023-12-06T15:29:56.771+0700] {logging_mixin.py:137} INFO - [2023-12-06T15:29:56.771+0700] {dag.py:3423} INFO - Setting next_dagrun for example_time_delta_sensor_async to None, run_after=None
[2023-12-06T15:29:56.792+0700] {processor.py:175} INFO - Processing /opt/anaconda3/lib/python3.8/site-packages/airflow/example_dags/example_time_delta_sensor_async.py took 1.114 seconds
[2023-12-06T15:32:33.412+0700] {processor.py:153} INFO - Started process (PID=72613) to work on /opt/anaconda3/lib/python3.8/site-packages/airflow/example_dags/example_time_delta_sensor_async.py
[2023-12-06T15:32:33.414+0700] {processor.py:743} INFO - Processing file /opt/anaconda3/lib/python3.8/site-packages/airflow/example_dags/example_time_delta_sensor_async.py for tasks to queue
[2023-12-06T15:32:33.414+0700] {logging_mixin.py:137} INFO - [2023-12-06T15:32:33.414+0700] {dagbag.py:538} INFO - Filling up the DagBag from /opt/anaconda3/lib/python3.8/site-packages/airflow/example_dags/example_time_delta_sensor_async.py
[2023-12-06T15:32:33.446+0700] {processor.py:753} INFO - DAG(s) dict_keys(['example_time_delta_sensor_async']) retrieved from /opt/anaconda3/lib/python3.8/site-packages/airflow/example_dags/example_time_delta_sensor_async.py
[2023-12-06T15:32:35.169+0700] {logging_mixin.py:137} INFO - [2023-12-06T15:32:35.169+0700] {dag.py:2676} INFO - Sync 1 DAGs
[2023-12-06T15:32:35.187+0700] {logging_mixin.py:137} INFO - [2023-12-06T15:32:35.187+0700] {dag.py:3423} INFO - Setting next_dagrun for example_time_delta_sensor_async to None, run_after=None
[2023-12-06T15:32:35.208+0700] {processor.py:175} INFO - Processing /opt/anaconda3/lib/python3.8/site-packages/airflow/example_dags/example_time_delta_sensor_async.py took 1.797 seconds
[2023-12-06T15:34:50.746+0700] {processor.py:153} INFO - Started process (PID=74096) to work on /opt/anaconda3/lib/python3.8/site-packages/airflow/example_dags/example_time_delta_sensor_async.py
[2023-12-06T15:34:50.748+0700] {processor.py:743} INFO - Processing file /opt/anaconda3/lib/python3.8/site-packages/airflow/example_dags/example_time_delta_sensor_async.py for tasks to queue
[2023-12-06T15:34:50.749+0700] {logging_mixin.py:137} INFO - [2023-12-06T15:34:50.749+0700] {dagbag.py:538} INFO - Filling up the DagBag from /opt/anaconda3/lib/python3.8/site-packages/airflow/example_dags/example_time_delta_sensor_async.py
[2023-12-06T15:34:50.781+0700] {processor.py:753} INFO - DAG(s) dict_keys(['example_time_delta_sensor_async']) retrieved from /opt/anaconda3/lib/python3.8/site-packages/airflow/example_dags/example_time_delta_sensor_async.py
[2023-12-06T15:34:52.471+0700] {logging_mixin.py:137} INFO - [2023-12-06T15:34:52.471+0700] {dag.py:2676} INFO - Sync 1 DAGs
[2023-12-06T15:34:52.488+0700] {logging_mixin.py:137} INFO - [2023-12-06T15:34:52.488+0700] {dag.py:3423} INFO - Setting next_dagrun for example_time_delta_sensor_async to None, run_after=None
[2023-12-06T15:34:52.506+0700] {processor.py:175} INFO - Processing /opt/anaconda3/lib/python3.8/site-packages/airflow/example_dags/example_time_delta_sensor_async.py took 1.760 seconds
[2023-12-06T15:37:15.595+0700] {processor.py:153} INFO - Started process (PID=75587) to work on /opt/anaconda3/lib/python3.8/site-packages/airflow/example_dags/example_time_delta_sensor_async.py
[2023-12-06T15:37:15.597+0700] {processor.py:743} INFO - Processing file /opt/anaconda3/lib/python3.8/site-packages/airflow/example_dags/example_time_delta_sensor_async.py for tasks to queue
[2023-12-06T15:37:15.597+0700] {logging_mixin.py:137} INFO - [2023-12-06T15:37:15.597+0700] {dagbag.py:538} INFO - Filling up the DagBag from /opt/anaconda3/lib/python3.8/site-packages/airflow/example_dags/example_time_delta_sensor_async.py
[2023-12-06T15:37:15.629+0700] {processor.py:753} INFO - DAG(s) dict_keys(['example_time_delta_sensor_async']) retrieved from /opt/anaconda3/lib/python3.8/site-packages/airflow/example_dags/example_time_delta_sensor_async.py
[2023-12-06T15:37:17.474+0700] {logging_mixin.py:137} INFO - [2023-12-06T15:37:17.474+0700] {dag.py:2676} INFO - Sync 1 DAGs
[2023-12-06T15:37:17.504+0700] {logging_mixin.py:137} INFO - [2023-12-06T15:37:17.503+0700] {dag.py:3423} INFO - Setting next_dagrun for example_time_delta_sensor_async to None, run_after=None
[2023-12-06T15:37:17.537+0700] {processor.py:175} INFO - Processing /opt/anaconda3/lib/python3.8/site-packages/airflow/example_dags/example_time_delta_sensor_async.py took 1.942 seconds
[2023-12-06T15:39:36.395+0700] {processor.py:153} INFO - Started process (PID=77166) to work on /opt/anaconda3/lib/python3.8/site-packages/airflow/example_dags/example_time_delta_sensor_async.py
[2023-12-06T15:39:36.396+0700] {processor.py:743} INFO - Processing file /opt/anaconda3/lib/python3.8/site-packages/airflow/example_dags/example_time_delta_sensor_async.py for tasks to queue
[2023-12-06T15:39:36.397+0700] {logging_mixin.py:137} INFO - [2023-12-06T15:39:36.397+0700] {dagbag.py:538} INFO - Filling up the DagBag from /opt/anaconda3/lib/python3.8/site-packages/airflow/example_dags/example_time_delta_sensor_async.py
[2023-12-06T15:39:36.431+0700] {processor.py:753} INFO - DAG(s) dict_keys(['example_time_delta_sensor_async']) retrieved from /opt/anaconda3/lib/python3.8/site-packages/airflow/example_dags/example_time_delta_sensor_async.py
[2023-12-06T15:39:37.851+0700] {logging_mixin.py:137} INFO - [2023-12-06T15:39:37.851+0700] {dag.py:2676} INFO - Sync 1 DAGs
[2023-12-06T15:39:37.868+0700] {logging_mixin.py:137} INFO - [2023-12-06T15:39:37.868+0700] {dag.py:3423} INFO - Setting next_dagrun for example_time_delta_sensor_async to None, run_after=None
[2023-12-06T15:39:37.886+0700] {processor.py:175} INFO - Processing /opt/anaconda3/lib/python3.8/site-packages/airflow/example_dags/example_time_delta_sensor_async.py took 1.492 seconds
