[2023-12-06T10:18:05.840+0700] {processor.py:153} INFO - Started process (PID=91886) to work on /opt/anaconda3/lib/python3.8/site-packages/airflow/example_dags/example_external_task_marker_dag.py
[2023-12-06T10:18:05.841+0700] {processor.py:743} INFO - Processing file /opt/anaconda3/lib/python3.8/site-packages/airflow/example_dags/example_external_task_marker_dag.py for tasks to queue
[2023-12-06T10:18:05.841+0700] {logging_mixin.py:137} INFO - [2023-12-06T10:18:05.841+0700] {dagbag.py:538} INFO - Filling up the DagBag from /opt/anaconda3/lib/python3.8/site-packages/airflow/example_dags/example_external_task_marker_dag.py
[2023-12-06T10:18:05.879+0700] {processor.py:753} INFO - DAG(s) dict_keys(['example_external_task_marker_parent', 'example_external_task_marker_child']) retrieved from /opt/anaconda3/lib/python3.8/site-packages/airflow/example_dags/example_external_task_marker_dag.py
[2023-12-06T10:18:07.764+0700] {logging_mixin.py:137} INFO - [2023-12-06T10:18:07.763+0700] {dag.py:2676} INFO - Sync 2 DAGs
[2023-12-06T10:18:07.781+0700] {logging_mixin.py:137} INFO - [2023-12-06T10:18:07.781+0700] {dag.py:3423} INFO - Setting next_dagrun for example_external_task_marker_child to None, run_after=None
[2023-12-06T10:18:07.785+0700] {logging_mixin.py:137} INFO - [2023-12-06T10:18:07.785+0700] {dag.py:3423} INFO - Setting next_dagrun for example_external_task_marker_parent to None, run_after=None
[2023-12-06T10:18:07.804+0700] {processor.py:175} INFO - Processing /opt/anaconda3/lib/python3.8/site-packages/airflow/example_dags/example_external_task_marker_dag.py took 1.965 seconds
[2023-12-06T10:21:51.910+0700] {processor.py:153} INFO - Started process (PID=94366) to work on /opt/anaconda3/lib/python3.8/site-packages/airflow/example_dags/example_external_task_marker_dag.py
[2023-12-06T10:21:51.911+0700] {processor.py:743} INFO - Processing file /opt/anaconda3/lib/python3.8/site-packages/airflow/example_dags/example_external_task_marker_dag.py for tasks to queue
[2023-12-06T10:21:51.912+0700] {logging_mixin.py:137} INFO - [2023-12-06T10:21:51.912+0700] {dagbag.py:538} INFO - Filling up the DagBag from /opt/anaconda3/lib/python3.8/site-packages/airflow/example_dags/example_external_task_marker_dag.py
[2023-12-06T10:21:51.978+0700] {processor.py:753} INFO - DAG(s) dict_keys(['example_external_task_marker_parent', 'example_external_task_marker_child']) retrieved from /opt/anaconda3/lib/python3.8/site-packages/airflow/example_dags/example_external_task_marker_dag.py
[2023-12-06T10:21:54.221+0700] {logging_mixin.py:137} INFO - [2023-12-06T10:21:54.221+0700] {dag.py:2676} INFO - Sync 2 DAGs
[2023-12-06T10:21:54.243+0700] {logging_mixin.py:137} INFO - [2023-12-06T10:21:54.243+0700] {dag.py:3423} INFO - Setting next_dagrun for example_external_task_marker_child to None, run_after=None
[2023-12-06T10:21:54.246+0700] {logging_mixin.py:137} INFO - [2023-12-06T10:21:54.246+0700] {dag.py:3423} INFO - Setting next_dagrun for example_external_task_marker_parent to None, run_after=None
[2023-12-06T10:21:54.265+0700] {processor.py:175} INFO - Processing /opt/anaconda3/lib/python3.8/site-packages/airflow/example_dags/example_external_task_marker_dag.py took 2.357 seconds
[2023-12-06T10:28:35.671+0700] {processor.py:153} INFO - Started process (PID=98903) to work on /opt/anaconda3/lib/python3.8/site-packages/airflow/example_dags/example_external_task_marker_dag.py
[2023-12-06T10:28:35.673+0700] {processor.py:743} INFO - Processing file /opt/anaconda3/lib/python3.8/site-packages/airflow/example_dags/example_external_task_marker_dag.py for tasks to queue
[2023-12-06T10:28:35.674+0700] {logging_mixin.py:137} INFO - [2023-12-06T10:28:35.674+0700] {dagbag.py:538} INFO - Filling up the DagBag from /opt/anaconda3/lib/python3.8/site-packages/airflow/example_dags/example_external_task_marker_dag.py
[2023-12-06T10:28:35.709+0700] {processor.py:753} INFO - DAG(s) dict_keys(['example_external_task_marker_parent', 'example_external_task_marker_child']) retrieved from /opt/anaconda3/lib/python3.8/site-packages/airflow/example_dags/example_external_task_marker_dag.py
[2023-12-06T10:28:37.299+0700] {logging_mixin.py:137} INFO - [2023-12-06T10:28:37.298+0700] {dag.py:2676} INFO - Sync 2 DAGs
[2023-12-06T10:28:37.317+0700] {logging_mixin.py:137} INFO - [2023-12-06T10:28:37.316+0700] {dag.py:3423} INFO - Setting next_dagrun for example_external_task_marker_child to None, run_after=None
[2023-12-06T10:28:37.320+0700] {logging_mixin.py:137} INFO - [2023-12-06T10:28:37.320+0700] {dag.py:3423} INFO - Setting next_dagrun for example_external_task_marker_parent to None, run_after=None
[2023-12-06T10:28:37.340+0700] {processor.py:175} INFO - Processing /opt/anaconda3/lib/python3.8/site-packages/airflow/example_dags/example_external_task_marker_dag.py took 1.669 seconds
[2023-12-06T10:44:45.580+0700] {processor.py:153} INFO - Started process (PID=7402) to work on /opt/anaconda3/lib/python3.8/site-packages/airflow/example_dags/example_external_task_marker_dag.py
[2023-12-06T10:44:45.582+0700] {processor.py:743} INFO - Processing file /opt/anaconda3/lib/python3.8/site-packages/airflow/example_dags/example_external_task_marker_dag.py for tasks to queue
[2023-12-06T10:44:45.583+0700] {logging_mixin.py:137} INFO - [2023-12-06T10:44:45.583+0700] {dagbag.py:538} INFO - Filling up the DagBag from /opt/anaconda3/lib/python3.8/site-packages/airflow/example_dags/example_external_task_marker_dag.py
[2023-12-06T10:44:45.621+0700] {processor.py:753} INFO - DAG(s) dict_keys(['example_external_task_marker_parent', 'example_external_task_marker_child']) retrieved from /opt/anaconda3/lib/python3.8/site-packages/airflow/example_dags/example_external_task_marker_dag.py
[2023-12-06T10:44:47.331+0700] {logging_mixin.py:137} INFO - [2023-12-06T10:44:47.330+0700] {dag.py:2676} INFO - Sync 2 DAGs
[2023-12-06T10:44:47.360+0700] {logging_mixin.py:137} INFO - [2023-12-06T10:44:47.360+0700] {dag.py:3423} INFO - Setting next_dagrun for example_external_task_marker_child to None, run_after=None
[2023-12-06T10:44:47.364+0700] {logging_mixin.py:137} INFO - [2023-12-06T10:44:47.364+0700] {dag.py:3423} INFO - Setting next_dagrun for example_external_task_marker_parent to None, run_after=None
[2023-12-06T10:44:47.388+0700] {processor.py:175} INFO - Processing /opt/anaconda3/lib/python3.8/site-packages/airflow/example_dags/example_external_task_marker_dag.py took 1.809 seconds
[2023-12-06T10:48:07.939+0700] {processor.py:153} INFO - Started process (PID=9558) to work on /opt/anaconda3/lib/python3.8/site-packages/airflow/example_dags/example_external_task_marker_dag.py
[2023-12-06T10:48:07.941+0700] {processor.py:743} INFO - Processing file /opt/anaconda3/lib/python3.8/site-packages/airflow/example_dags/example_external_task_marker_dag.py for tasks to queue
[2023-12-06T10:48:07.942+0700] {logging_mixin.py:137} INFO - [2023-12-06T10:48:07.942+0700] {dagbag.py:538} INFO - Filling up the DagBag from /opt/anaconda3/lib/python3.8/site-packages/airflow/example_dags/example_external_task_marker_dag.py
[2023-12-06T10:48:07.983+0700] {processor.py:753} INFO - DAG(s) dict_keys(['example_external_task_marker_parent', 'example_external_task_marker_child']) retrieved from /opt/anaconda3/lib/python3.8/site-packages/airflow/example_dags/example_external_task_marker_dag.py
[2023-12-06T10:48:09.626+0700] {logging_mixin.py:137} INFO - [2023-12-06T10:48:09.626+0700] {dag.py:2676} INFO - Sync 2 DAGs
[2023-12-06T10:48:09.647+0700] {logging_mixin.py:137} INFO - [2023-12-06T10:48:09.647+0700] {dag.py:3423} INFO - Setting next_dagrun for example_external_task_marker_child to None, run_after=None
[2023-12-06T10:48:09.651+0700] {logging_mixin.py:137} INFO - [2023-12-06T10:48:09.651+0700] {dag.py:3423} INFO - Setting next_dagrun for example_external_task_marker_parent to None, run_after=None
[2023-12-06T10:48:09.677+0700] {processor.py:175} INFO - Processing /opt/anaconda3/lib/python3.8/site-packages/airflow/example_dags/example_external_task_marker_dag.py took 1.738 seconds
[2023-12-06T10:55:33.021+0700] {processor.py:153} INFO - Started process (PID=14499) to work on /opt/anaconda3/lib/python3.8/site-packages/airflow/example_dags/example_external_task_marker_dag.py
[2023-12-06T10:55:33.024+0700] {processor.py:743} INFO - Processing file /opt/anaconda3/lib/python3.8/site-packages/airflow/example_dags/example_external_task_marker_dag.py for tasks to queue
[2023-12-06T10:55:33.025+0700] {logging_mixin.py:137} INFO - [2023-12-06T10:55:33.025+0700] {dagbag.py:538} INFO - Filling up the DagBag from /opt/anaconda3/lib/python3.8/site-packages/airflow/example_dags/example_external_task_marker_dag.py
[2023-12-06T10:55:33.058+0700] {processor.py:753} INFO - DAG(s) dict_keys(['example_external_task_marker_parent', 'example_external_task_marker_child']) retrieved from /opt/anaconda3/lib/python3.8/site-packages/airflow/example_dags/example_external_task_marker_dag.py
[2023-12-06T10:55:34.885+0700] {logging_mixin.py:137} INFO - [2023-12-06T10:55:34.885+0700] {dag.py:2676} INFO - Sync 2 DAGs
[2023-12-06T10:55:34.912+0700] {logging_mixin.py:137} INFO - [2023-12-06T10:55:34.912+0700] {dag.py:3423} INFO - Setting next_dagrun for example_external_task_marker_child to None, run_after=None
[2023-12-06T10:55:34.919+0700] {logging_mixin.py:137} INFO - [2023-12-06T10:55:34.919+0700] {dag.py:3423} INFO - Setting next_dagrun for example_external_task_marker_parent to None, run_after=None
[2023-12-06T10:55:34.948+0700] {processor.py:175} INFO - Processing /opt/anaconda3/lib/python3.8/site-packages/airflow/example_dags/example_external_task_marker_dag.py took 1.928 seconds
[2023-12-06T11:04:46.272+0700] {processor.py:153} INFO - Started process (PID=20411) to work on /opt/anaconda3/lib/python3.8/site-packages/airflow/example_dags/example_external_task_marker_dag.py
[2023-12-06T11:04:46.274+0700] {processor.py:743} INFO - Processing file /opt/anaconda3/lib/python3.8/site-packages/airflow/example_dags/example_external_task_marker_dag.py for tasks to queue
[2023-12-06T11:04:46.274+0700] {logging_mixin.py:137} INFO - [2023-12-06T11:04:46.274+0700] {dagbag.py:538} INFO - Filling up the DagBag from /opt/anaconda3/lib/python3.8/site-packages/airflow/example_dags/example_external_task_marker_dag.py
[2023-12-06T11:04:46.320+0700] {processor.py:753} INFO - DAG(s) dict_keys(['example_external_task_marker_parent', 'example_external_task_marker_child']) retrieved from /opt/anaconda3/lib/python3.8/site-packages/airflow/example_dags/example_external_task_marker_dag.py
[2023-12-06T11:04:48.436+0700] {logging_mixin.py:137} INFO - [2023-12-06T11:04:48.435+0700] {dag.py:2676} INFO - Sync 2 DAGs
[2023-12-06T11:04:48.461+0700] {logging_mixin.py:137} INFO - [2023-12-06T11:04:48.461+0700] {dag.py:3423} INFO - Setting next_dagrun for example_external_task_marker_child to None, run_after=None
[2023-12-06T11:04:48.466+0700] {logging_mixin.py:137} INFO - [2023-12-06T11:04:48.465+0700] {dag.py:3423} INFO - Setting next_dagrun for example_external_task_marker_parent to None, run_after=None
[2023-12-06T11:04:48.494+0700] {processor.py:175} INFO - Processing /opt/anaconda3/lib/python3.8/site-packages/airflow/example_dags/example_external_task_marker_dag.py took 2.223 seconds
[2023-12-06T11:08:00.448+0700] {processor.py:153} INFO - Started process (PID=22575) to work on /opt/anaconda3/lib/python3.8/site-packages/airflow/example_dags/example_external_task_marker_dag.py
[2023-12-06T11:08:00.450+0700] {processor.py:743} INFO - Processing file /opt/anaconda3/lib/python3.8/site-packages/airflow/example_dags/example_external_task_marker_dag.py for tasks to queue
[2023-12-06T11:08:00.451+0700] {logging_mixin.py:137} INFO - [2023-12-06T11:08:00.450+0700] {dagbag.py:538} INFO - Filling up the DagBag from /opt/anaconda3/lib/python3.8/site-packages/airflow/example_dags/example_external_task_marker_dag.py
[2023-12-06T11:08:00.489+0700] {processor.py:753} INFO - DAG(s) dict_keys(['example_external_task_marker_parent', 'example_external_task_marker_child']) retrieved from /opt/anaconda3/lib/python3.8/site-packages/airflow/example_dags/example_external_task_marker_dag.py
[2023-12-06T11:08:02.385+0700] {logging_mixin.py:137} INFO - [2023-12-06T11:08:02.384+0700] {dag.py:2676} INFO - Sync 2 DAGs
[2023-12-06T11:08:02.403+0700] {logging_mixin.py:137} INFO - [2023-12-06T11:08:02.403+0700] {dag.py:3423} INFO - Setting next_dagrun for example_external_task_marker_child to None, run_after=None
[2023-12-06T11:08:02.406+0700] {logging_mixin.py:137} INFO - [2023-12-06T11:08:02.405+0700] {dag.py:3423} INFO - Setting next_dagrun for example_external_task_marker_parent to None, run_after=None
[2023-12-06T11:08:02.427+0700] {processor.py:175} INFO - Processing /opt/anaconda3/lib/python3.8/site-packages/airflow/example_dags/example_external_task_marker_dag.py took 1.980 seconds
[2023-12-06T11:11:30.855+0700] {processor.py:153} INFO - Started process (PID=24860) to work on /opt/anaconda3/lib/python3.8/site-packages/airflow/example_dags/example_external_task_marker_dag.py
[2023-12-06T11:11:30.858+0700] {processor.py:743} INFO - Processing file /opt/anaconda3/lib/python3.8/site-packages/airflow/example_dags/example_external_task_marker_dag.py for tasks to queue
[2023-12-06T11:11:30.858+0700] {logging_mixin.py:137} INFO - [2023-12-06T11:11:30.858+0700] {dagbag.py:538} INFO - Filling up the DagBag from /opt/anaconda3/lib/python3.8/site-packages/airflow/example_dags/example_external_task_marker_dag.py
[2023-12-06T11:11:30.953+0700] {processor.py:753} INFO - DAG(s) dict_keys(['example_external_task_marker_child', 'example_external_task_marker_parent']) retrieved from /opt/anaconda3/lib/python3.8/site-packages/airflow/example_dags/example_external_task_marker_dag.py
[2023-12-06T11:11:34.097+0700] {logging_mixin.py:137} INFO - [2023-12-06T11:11:34.096+0700] {dag.py:2676} INFO - Sync 2 DAGs
[2023-12-06T11:11:34.118+0700] {logging_mixin.py:137} INFO - [2023-12-06T11:11:34.118+0700] {dag.py:3423} INFO - Setting next_dagrun for example_external_task_marker_child to None, run_after=None
[2023-12-06T11:11:34.123+0700] {logging_mixin.py:137} INFO - [2023-12-06T11:11:34.122+0700] {dag.py:3423} INFO - Setting next_dagrun for example_external_task_marker_parent to None, run_after=None
[2023-12-06T11:11:34.146+0700] {processor.py:175} INFO - Processing /opt/anaconda3/lib/python3.8/site-packages/airflow/example_dags/example_external_task_marker_dag.py took 3.292 seconds
[2023-12-06T11:16:19.603+0700] {processor.py:153} INFO - Started process (PID=28029) to work on /opt/anaconda3/lib/python3.8/site-packages/airflow/example_dags/example_external_task_marker_dag.py
[2023-12-06T11:16:19.605+0700] {processor.py:743} INFO - Processing file /opt/anaconda3/lib/python3.8/site-packages/airflow/example_dags/example_external_task_marker_dag.py for tasks to queue
[2023-12-06T11:16:19.605+0700] {logging_mixin.py:137} INFO - [2023-12-06T11:16:19.605+0700] {dagbag.py:538} INFO - Filling up the DagBag from /opt/anaconda3/lib/python3.8/site-packages/airflow/example_dags/example_external_task_marker_dag.py
[2023-12-06T11:16:19.641+0700] {processor.py:753} INFO - DAG(s) dict_keys(['example_external_task_marker_parent', 'example_external_task_marker_child']) retrieved from /opt/anaconda3/lib/python3.8/site-packages/airflow/example_dags/example_external_task_marker_dag.py
[2023-12-06T11:16:20.991+0700] {logging_mixin.py:137} INFO - [2023-12-06T11:16:20.991+0700] {dag.py:2676} INFO - Sync 2 DAGs
[2023-12-06T11:16:21.009+0700] {logging_mixin.py:137} INFO - [2023-12-06T11:16:21.009+0700] {dag.py:3423} INFO - Setting next_dagrun for example_external_task_marker_child to None, run_after=None
[2023-12-06T11:16:21.013+0700] {logging_mixin.py:137} INFO - [2023-12-06T11:16:21.013+0700] {dag.py:3423} INFO - Setting next_dagrun for example_external_task_marker_parent to None, run_after=None
[2023-12-06T11:16:21.037+0700] {processor.py:175} INFO - Processing /opt/anaconda3/lib/python3.8/site-packages/airflow/example_dags/example_external_task_marker_dag.py took 1.435 seconds
[2023-12-06T11:22:13.622+0700] {processor.py:153} INFO - Started process (PID=31763) to work on /opt/anaconda3/lib/python3.8/site-packages/airflow/example_dags/example_external_task_marker_dag.py
[2023-12-06T11:22:13.624+0700] {processor.py:743} INFO - Processing file /opt/anaconda3/lib/python3.8/site-packages/airflow/example_dags/example_external_task_marker_dag.py for tasks to queue
[2023-12-06T11:22:13.625+0700] {logging_mixin.py:137} INFO - [2023-12-06T11:22:13.625+0700] {dagbag.py:538} INFO - Filling up the DagBag from /opt/anaconda3/lib/python3.8/site-packages/airflow/example_dags/example_external_task_marker_dag.py
[2023-12-06T11:22:13.665+0700] {processor.py:753} INFO - DAG(s) dict_keys(['example_external_task_marker_parent', 'example_external_task_marker_child']) retrieved from /opt/anaconda3/lib/python3.8/site-packages/airflow/example_dags/example_external_task_marker_dag.py
[2023-12-06T11:22:15.621+0700] {logging_mixin.py:137} INFO - [2023-12-06T11:22:15.621+0700] {dag.py:2676} INFO - Sync 2 DAGs
[2023-12-06T11:22:15.646+0700] {logging_mixin.py:137} INFO - [2023-12-06T11:22:15.646+0700] {dag.py:3423} INFO - Setting next_dagrun for example_external_task_marker_child to None, run_after=None
[2023-12-06T11:22:15.649+0700] {logging_mixin.py:137} INFO - [2023-12-06T11:22:15.649+0700] {dag.py:3423} INFO - Setting next_dagrun for example_external_task_marker_parent to None, run_after=None
[2023-12-06T11:22:15.671+0700] {processor.py:175} INFO - Processing /opt/anaconda3/lib/python3.8/site-packages/airflow/example_dags/example_external_task_marker_dag.py took 2.049 seconds
[2023-12-06T11:28:13.674+0700] {processor.py:153} INFO - Started process (PID=35611) to work on /opt/anaconda3/lib/python3.8/site-packages/airflow/example_dags/example_external_task_marker_dag.py
[2023-12-06T11:28:13.676+0700] {processor.py:743} INFO - Processing file /opt/anaconda3/lib/python3.8/site-packages/airflow/example_dags/example_external_task_marker_dag.py for tasks to queue
[2023-12-06T11:28:13.677+0700] {logging_mixin.py:137} INFO - [2023-12-06T11:28:13.676+0700] {dagbag.py:538} INFO - Filling up the DagBag from /opt/anaconda3/lib/python3.8/site-packages/airflow/example_dags/example_external_task_marker_dag.py
[2023-12-06T11:28:13.722+0700] {processor.py:753} INFO - DAG(s) dict_keys(['example_external_task_marker_child', 'example_external_task_marker_parent']) retrieved from /opt/anaconda3/lib/python3.8/site-packages/airflow/example_dags/example_external_task_marker_dag.py
[2023-12-06T11:28:15.575+0700] {logging_mixin.py:137} INFO - [2023-12-06T11:28:15.575+0700] {dag.py:2676} INFO - Sync 2 DAGs
[2023-12-06T11:28:15.599+0700] {logging_mixin.py:137} INFO - [2023-12-06T11:28:15.598+0700] {dag.py:3423} INFO - Setting next_dagrun for example_external_task_marker_child to None, run_after=None
[2023-12-06T11:28:15.601+0700] {logging_mixin.py:137} INFO - [2023-12-06T11:28:15.601+0700] {dag.py:3423} INFO - Setting next_dagrun for example_external_task_marker_parent to None, run_after=None
[2023-12-06T11:28:15.620+0700] {processor.py:175} INFO - Processing /opt/anaconda3/lib/python3.8/site-packages/airflow/example_dags/example_external_task_marker_dag.py took 1.946 seconds
[2023-12-06T11:35:40.684+0700] {processor.py:153} INFO - Started process (PID=40383) to work on /opt/anaconda3/lib/python3.8/site-packages/airflow/example_dags/example_external_task_marker_dag.py
[2023-12-06T11:35:40.687+0700] {processor.py:743} INFO - Processing file /opt/anaconda3/lib/python3.8/site-packages/airflow/example_dags/example_external_task_marker_dag.py for tasks to queue
[2023-12-06T11:35:40.690+0700] {logging_mixin.py:137} INFO - [2023-12-06T11:35:40.688+0700] {dagbag.py:538} INFO - Filling up the DagBag from /opt/anaconda3/lib/python3.8/site-packages/airflow/example_dags/example_external_task_marker_dag.py
[2023-12-06T11:35:40.777+0700] {processor.py:753} INFO - DAG(s) dict_keys(['example_external_task_marker_child', 'example_external_task_marker_parent']) retrieved from /opt/anaconda3/lib/python3.8/site-packages/airflow/example_dags/example_external_task_marker_dag.py
[2023-12-06T11:35:43.084+0700] {logging_mixin.py:137} INFO - [2023-12-06T11:35:43.084+0700] {dag.py:2676} INFO - Sync 2 DAGs
[2023-12-06T11:35:43.115+0700] {logging_mixin.py:137} INFO - [2023-12-06T11:35:43.114+0700] {dag.py:3423} INFO - Setting next_dagrun for example_external_task_marker_child to None, run_after=None
[2023-12-06T11:35:43.117+0700] {logging_mixin.py:137} INFO - [2023-12-06T11:35:43.117+0700] {dag.py:3423} INFO - Setting next_dagrun for example_external_task_marker_parent to None, run_after=None
[2023-12-06T11:35:43.148+0700] {processor.py:175} INFO - Processing /opt/anaconda3/lib/python3.8/site-packages/airflow/example_dags/example_external_task_marker_dag.py took 2.471 seconds
[2023-12-06T11:43:37.945+0700] {processor.py:153} INFO - Started process (PID=45581) to work on /opt/anaconda3/lib/python3.8/site-packages/airflow/example_dags/example_external_task_marker_dag.py
[2023-12-06T11:43:37.948+0700] {processor.py:743} INFO - Processing file /opt/anaconda3/lib/python3.8/site-packages/airflow/example_dags/example_external_task_marker_dag.py for tasks to queue
[2023-12-06T11:43:37.949+0700] {logging_mixin.py:137} INFO - [2023-12-06T11:43:37.948+0700] {dagbag.py:538} INFO - Filling up the DagBag from /opt/anaconda3/lib/python3.8/site-packages/airflow/example_dags/example_external_task_marker_dag.py
[2023-12-06T11:43:37.984+0700] {processor.py:753} INFO - DAG(s) dict_keys(['example_external_task_marker_parent', 'example_external_task_marker_child']) retrieved from /opt/anaconda3/lib/python3.8/site-packages/airflow/example_dags/example_external_task_marker_dag.py
[2023-12-06T11:43:39.973+0700] {logging_mixin.py:137} INFO - [2023-12-06T11:43:39.973+0700] {dag.py:2676} INFO - Sync 2 DAGs
[2023-12-06T11:43:39.999+0700] {logging_mixin.py:137} INFO - [2023-12-06T11:43:39.999+0700] {dag.py:3423} INFO - Setting next_dagrun for example_external_task_marker_child to None, run_after=None
[2023-12-06T11:43:40.002+0700] {logging_mixin.py:137} INFO - [2023-12-06T11:43:40.002+0700] {dag.py:3423} INFO - Setting next_dagrun for example_external_task_marker_parent to None, run_after=None
[2023-12-06T11:43:40.028+0700] {processor.py:175} INFO - Processing /opt/anaconda3/lib/python3.8/site-packages/airflow/example_dags/example_external_task_marker_dag.py took 2.084 seconds
[2023-12-06T11:47:17.244+0700] {processor.py:153} INFO - Started process (PID=47939) to work on /opt/anaconda3/lib/python3.8/site-packages/airflow/example_dags/example_external_task_marker_dag.py
[2023-12-06T11:47:17.246+0700] {processor.py:743} INFO - Processing file /opt/anaconda3/lib/python3.8/site-packages/airflow/example_dags/example_external_task_marker_dag.py for tasks to queue
[2023-12-06T11:47:17.247+0700] {logging_mixin.py:137} INFO - [2023-12-06T11:47:17.246+0700] {dagbag.py:538} INFO - Filling up the DagBag from /opt/anaconda3/lib/python3.8/site-packages/airflow/example_dags/example_external_task_marker_dag.py
[2023-12-06T11:47:17.279+0700] {processor.py:753} INFO - DAG(s) dict_keys(['example_external_task_marker_child', 'example_external_task_marker_parent']) retrieved from /opt/anaconda3/lib/python3.8/site-packages/airflow/example_dags/example_external_task_marker_dag.py
[2023-12-06T11:47:18.771+0700] {logging_mixin.py:137} INFO - [2023-12-06T11:47:18.771+0700] {dag.py:2676} INFO - Sync 2 DAGs
[2023-12-06T11:47:18.792+0700] {logging_mixin.py:137} INFO - [2023-12-06T11:47:18.791+0700] {dag.py:3423} INFO - Setting next_dagrun for example_external_task_marker_child to None, run_after=None
[2023-12-06T11:47:18.794+0700] {logging_mixin.py:137} INFO - [2023-12-06T11:47:18.794+0700] {dag.py:3423} INFO - Setting next_dagrun for example_external_task_marker_parent to None, run_after=None
[2023-12-06T11:47:18.814+0700] {processor.py:175} INFO - Processing /opt/anaconda3/lib/python3.8/site-packages/airflow/example_dags/example_external_task_marker_dag.py took 1.571 seconds
[2023-12-06T11:53:13.792+0700] {processor.py:153} INFO - Started process (PID=51668) to work on /opt/anaconda3/lib/python3.8/site-packages/airflow/example_dags/example_external_task_marker_dag.py
[2023-12-06T11:53:13.794+0700] {processor.py:743} INFO - Processing file /opt/anaconda3/lib/python3.8/site-packages/airflow/example_dags/example_external_task_marker_dag.py for tasks to queue
[2023-12-06T11:53:13.795+0700] {logging_mixin.py:137} INFO - [2023-12-06T11:53:13.795+0700] {dagbag.py:538} INFO - Filling up the DagBag from /opt/anaconda3/lib/python3.8/site-packages/airflow/example_dags/example_external_task_marker_dag.py
[2023-12-06T11:53:13.828+0700] {processor.py:753} INFO - DAG(s) dict_keys(['example_external_task_marker_parent', 'example_external_task_marker_child']) retrieved from /opt/anaconda3/lib/python3.8/site-packages/airflow/example_dags/example_external_task_marker_dag.py
[2023-12-06T11:53:15.968+0700] {logging_mixin.py:137} INFO - [2023-12-06T11:53:15.968+0700] {dag.py:2676} INFO - Sync 2 DAGs
[2023-12-06T11:53:15.995+0700] {logging_mixin.py:137} INFO - [2023-12-06T11:53:15.995+0700] {dag.py:3423} INFO - Setting next_dagrun for example_external_task_marker_child to None, run_after=None
[2023-12-06T11:53:15.999+0700] {logging_mixin.py:137} INFO - [2023-12-06T11:53:15.999+0700] {dag.py:3423} INFO - Setting next_dagrun for example_external_task_marker_parent to None, run_after=None
[2023-12-06T11:53:16.029+0700] {processor.py:175} INFO - Processing /opt/anaconda3/lib/python3.8/site-packages/airflow/example_dags/example_external_task_marker_dag.py took 2.238 seconds
[2023-12-06T11:58:00.967+0700] {processor.py:153} INFO - Started process (PID=54729) to work on /opt/anaconda3/lib/python3.8/site-packages/airflow/example_dags/example_external_task_marker_dag.py
[2023-12-06T11:58:00.969+0700] {processor.py:743} INFO - Processing file /opt/anaconda3/lib/python3.8/site-packages/airflow/example_dags/example_external_task_marker_dag.py for tasks to queue
[2023-12-06T11:58:00.970+0700] {logging_mixin.py:137} INFO - [2023-12-06T11:58:00.970+0700] {dagbag.py:538} INFO - Filling up the DagBag from /opt/anaconda3/lib/python3.8/site-packages/airflow/example_dags/example_external_task_marker_dag.py
[2023-12-06T11:58:00.999+0700] {processor.py:753} INFO - DAG(s) dict_keys(['example_external_task_marker_child', 'example_external_task_marker_parent']) retrieved from /opt/anaconda3/lib/python3.8/site-packages/airflow/example_dags/example_external_task_marker_dag.py
[2023-12-06T11:58:02.541+0700] {logging_mixin.py:137} INFO - [2023-12-06T11:58:02.541+0700] {dag.py:2676} INFO - Sync 2 DAGs
[2023-12-06T11:58:02.558+0700] {logging_mixin.py:137} INFO - [2023-12-06T11:58:02.558+0700] {dag.py:3423} INFO - Setting next_dagrun for example_external_task_marker_child to None, run_after=None
[2023-12-06T11:58:02.561+0700] {logging_mixin.py:137} INFO - [2023-12-06T11:58:02.561+0700] {dag.py:3423} INFO - Setting next_dagrun for example_external_task_marker_parent to None, run_after=None
[2023-12-06T11:58:02.578+0700] {processor.py:175} INFO - Processing /opt/anaconda3/lib/python3.8/site-packages/airflow/example_dags/example_external_task_marker_dag.py took 1.612 seconds
[2023-12-06T12:02:52.183+0700] {processor.py:153} INFO - Started process (PID=57902) to work on /opt/anaconda3/lib/python3.8/site-packages/airflow/example_dags/example_external_task_marker_dag.py
[2023-12-06T12:02:52.184+0700] {processor.py:743} INFO - Processing file /opt/anaconda3/lib/python3.8/site-packages/airflow/example_dags/example_external_task_marker_dag.py for tasks to queue
[2023-12-06T12:02:52.185+0700] {logging_mixin.py:137} INFO - [2023-12-06T12:02:52.185+0700] {dagbag.py:538} INFO - Filling up the DagBag from /opt/anaconda3/lib/python3.8/site-packages/airflow/example_dags/example_external_task_marker_dag.py
[2023-12-06T12:02:52.226+0700] {processor.py:753} INFO - DAG(s) dict_keys(['example_external_task_marker_parent', 'example_external_task_marker_child']) retrieved from /opt/anaconda3/lib/python3.8/site-packages/airflow/example_dags/example_external_task_marker_dag.py
[2023-12-06T12:02:53.265+0700] {logging_mixin.py:137} INFO - [2023-12-06T12:02:53.264+0700] {dag.py:2676} INFO - Sync 2 DAGs
[2023-12-06T12:02:53.280+0700] {logging_mixin.py:137} INFO - [2023-12-06T12:02:53.280+0700] {dag.py:3423} INFO - Setting next_dagrun for example_external_task_marker_child to None, run_after=None
[2023-12-06T12:02:53.283+0700] {logging_mixin.py:137} INFO - [2023-12-06T12:02:53.283+0700] {dag.py:3423} INFO - Setting next_dagrun for example_external_task_marker_parent to None, run_after=None
[2023-12-06T12:02:53.302+0700] {processor.py:175} INFO - Processing /opt/anaconda3/lib/python3.8/site-packages/airflow/example_dags/example_external_task_marker_dag.py took 1.121 seconds
[2023-12-06T15:16:44.631+0700] {processor.py:153} INFO - Started process (PID=62388) to work on /opt/anaconda3/lib/python3.8/site-packages/airflow/example_dags/example_external_task_marker_dag.py
[2023-12-06T15:16:44.634+0700] {processor.py:743} INFO - Processing file /opt/anaconda3/lib/python3.8/site-packages/airflow/example_dags/example_external_task_marker_dag.py for tasks to queue
[2023-12-06T15:16:44.635+0700] {logging_mixin.py:137} INFO - [2023-12-06T15:16:44.634+0700] {dagbag.py:538} INFO - Filling up the DagBag from /opt/anaconda3/lib/python3.8/site-packages/airflow/example_dags/example_external_task_marker_dag.py
[2023-12-06T15:16:44.664+0700] {processor.py:753} INFO - DAG(s) dict_keys(['example_external_task_marker_parent', 'example_external_task_marker_child']) retrieved from /opt/anaconda3/lib/python3.8/site-packages/airflow/example_dags/example_external_task_marker_dag.py
[2023-12-06T15:16:45.616+0700] {logging_mixin.py:137} INFO - [2023-12-06T15:16:45.616+0700] {dag.py:2676} INFO - Sync 2 DAGs
[2023-12-06T15:16:45.633+0700] {logging_mixin.py:137} INFO - [2023-12-06T15:16:45.633+0700] {dag.py:3423} INFO - Setting next_dagrun for example_external_task_marker_child to None, run_after=None
[2023-12-06T15:16:45.636+0700] {logging_mixin.py:137} INFO - [2023-12-06T15:16:45.636+0700] {dag.py:3423} INFO - Setting next_dagrun for example_external_task_marker_parent to None, run_after=None
[2023-12-06T15:16:45.654+0700] {processor.py:175} INFO - Processing /opt/anaconda3/lib/python3.8/site-packages/airflow/example_dags/example_external_task_marker_dag.py took 1.024 seconds
[2023-12-06T15:21:28.848+0700] {processor.py:153} INFO - Started process (PID=65455) to work on /opt/anaconda3/lib/python3.8/site-packages/airflow/example_dags/example_external_task_marker_dag.py
[2023-12-06T15:21:28.850+0700] {processor.py:743} INFO - Processing file /opt/anaconda3/lib/python3.8/site-packages/airflow/example_dags/example_external_task_marker_dag.py for tasks to queue
[2023-12-06T15:21:28.851+0700] {logging_mixin.py:137} INFO - [2023-12-06T15:21:28.850+0700] {dagbag.py:538} INFO - Filling up the DagBag from /opt/anaconda3/lib/python3.8/site-packages/airflow/example_dags/example_external_task_marker_dag.py
[2023-12-06T15:21:28.888+0700] {processor.py:753} INFO - DAG(s) dict_keys(['example_external_task_marker_parent', 'example_external_task_marker_child']) retrieved from /opt/anaconda3/lib/python3.8/site-packages/airflow/example_dags/example_external_task_marker_dag.py
[2023-12-06T15:21:30.279+0700] {logging_mixin.py:137} INFO - [2023-12-06T15:21:30.279+0700] {dag.py:2676} INFO - Sync 2 DAGs
[2023-12-06T15:21:30.297+0700] {logging_mixin.py:137} INFO - [2023-12-06T15:21:30.297+0700] {dag.py:3423} INFO - Setting next_dagrun for example_external_task_marker_child to None, run_after=None
[2023-12-06T15:21:30.300+0700] {logging_mixin.py:137} INFO - [2023-12-06T15:21:30.300+0700] {dag.py:3423} INFO - Setting next_dagrun for example_external_task_marker_parent to None, run_after=None
[2023-12-06T15:21:30.321+0700] {processor.py:175} INFO - Processing /opt/anaconda3/lib/python3.8/site-packages/airflow/example_dags/example_external_task_marker_dag.py took 1.474 seconds
[2023-12-06T15:26:21.181+0700] {processor.py:153} INFO - Started process (PID=68623) to work on /opt/anaconda3/lib/python3.8/site-packages/airflow/example_dags/example_external_task_marker_dag.py
[2023-12-06T15:26:21.183+0700] {processor.py:743} INFO - Processing file /opt/anaconda3/lib/python3.8/site-packages/airflow/example_dags/example_external_task_marker_dag.py for tasks to queue
[2023-12-06T15:26:21.183+0700] {logging_mixin.py:137} INFO - [2023-12-06T15:26:21.183+0700] {dagbag.py:538} INFO - Filling up the DagBag from /opt/anaconda3/lib/python3.8/site-packages/airflow/example_dags/example_external_task_marker_dag.py
[2023-12-06T15:26:21.215+0700] {processor.py:753} INFO - DAG(s) dict_keys(['example_external_task_marker_child', 'example_external_task_marker_parent']) retrieved from /opt/anaconda3/lib/python3.8/site-packages/airflow/example_dags/example_external_task_marker_dag.py
[2023-12-06T15:26:22.245+0700] {logging_mixin.py:137} INFO - [2023-12-06T15:26:22.244+0700] {dag.py:2676} INFO - Sync 2 DAGs
[2023-12-06T15:26:22.263+0700] {logging_mixin.py:137} INFO - [2023-12-06T15:26:22.263+0700] {dag.py:3423} INFO - Setting next_dagrun for example_external_task_marker_child to None, run_after=None
[2023-12-06T15:26:22.266+0700] {logging_mixin.py:137} INFO - [2023-12-06T15:26:22.266+0700] {dag.py:3423} INFO - Setting next_dagrun for example_external_task_marker_parent to None, run_after=None
[2023-12-06T15:26:22.287+0700] {processor.py:175} INFO - Processing /opt/anaconda3/lib/python3.8/site-packages/airflow/example_dags/example_external_task_marker_dag.py took 1.107 seconds
[2023-12-06T15:31:04.054+0700] {processor.py:153} INFO - Started process (PID=71577) to work on /opt/anaconda3/lib/python3.8/site-packages/airflow/example_dags/example_external_task_marker_dag.py
[2023-12-06T15:31:04.055+0700] {processor.py:743} INFO - Processing file /opt/anaconda3/lib/python3.8/site-packages/airflow/example_dags/example_external_task_marker_dag.py for tasks to queue
[2023-12-06T15:31:04.056+0700] {logging_mixin.py:137} INFO - [2023-12-06T15:31:04.056+0700] {dagbag.py:538} INFO - Filling up the DagBag from /opt/anaconda3/lib/python3.8/site-packages/airflow/example_dags/example_external_task_marker_dag.py
[2023-12-06T15:31:04.099+0700] {processor.py:753} INFO - DAG(s) dict_keys(['example_external_task_marker_child', 'example_external_task_marker_parent']) retrieved from /opt/anaconda3/lib/python3.8/site-packages/airflow/example_dags/example_external_task_marker_dag.py
[2023-12-06T15:31:05.668+0700] {logging_mixin.py:137} INFO - [2023-12-06T15:31:05.667+0700] {dag.py:2676} INFO - Sync 2 DAGs
[2023-12-06T15:31:05.687+0700] {logging_mixin.py:137} INFO - [2023-12-06T15:31:05.687+0700] {dag.py:3423} INFO - Setting next_dagrun for example_external_task_marker_child to None, run_after=None
[2023-12-06T15:31:05.690+0700] {logging_mixin.py:137} INFO - [2023-12-06T15:31:05.690+0700] {dag.py:3423} INFO - Setting next_dagrun for example_external_task_marker_parent to None, run_after=None
[2023-12-06T15:31:05.714+0700] {processor.py:175} INFO - Processing /opt/anaconda3/lib/python3.8/site-packages/airflow/example_dags/example_external_task_marker_dag.py took 1.661 seconds
[2023-12-06T15:36:02.329+0700] {processor.py:153} INFO - Started process (PID=74796) to work on /opt/anaconda3/lib/python3.8/site-packages/airflow/example_dags/example_external_task_marker_dag.py
[2023-12-06T15:36:02.331+0700] {processor.py:743} INFO - Processing file /opt/anaconda3/lib/python3.8/site-packages/airflow/example_dags/example_external_task_marker_dag.py for tasks to queue
[2023-12-06T15:36:02.332+0700] {logging_mixin.py:137} INFO - [2023-12-06T15:36:02.332+0700] {dagbag.py:538} INFO - Filling up the DagBag from /opt/anaconda3/lib/python3.8/site-packages/airflow/example_dags/example_external_task_marker_dag.py
[2023-12-06T15:36:02.365+0700] {processor.py:753} INFO - DAG(s) dict_keys(['example_external_task_marker_child', 'example_external_task_marker_parent']) retrieved from /opt/anaconda3/lib/python3.8/site-packages/airflow/example_dags/example_external_task_marker_dag.py
[2023-12-06T15:36:04.296+0700] {logging_mixin.py:137} INFO - [2023-12-06T15:36:04.295+0700] {dag.py:2676} INFO - Sync 2 DAGs
[2023-12-06T15:36:04.312+0700] {logging_mixin.py:137} INFO - [2023-12-06T15:36:04.312+0700] {dag.py:3423} INFO - Setting next_dagrun for example_external_task_marker_child to None, run_after=None
[2023-12-06T15:36:04.315+0700] {logging_mixin.py:137} INFO - [2023-12-06T15:36:04.315+0700] {dag.py:3423} INFO - Setting next_dagrun for example_external_task_marker_parent to None, run_after=None
[2023-12-06T15:36:04.332+0700] {processor.py:175} INFO - Processing /opt/anaconda3/lib/python3.8/site-packages/airflow/example_dags/example_external_task_marker_dag.py took 2.004 seconds
