[2023-12-06T10:18:19.630+0700] {processor.py:153} INFO - Started process (PID=92072) to work on /opt/anaconda3/lib/python3.8/site-packages/airflow/example_dags/example_complex.py
[2023-12-06T10:18:19.631+0700] {processor.py:743} INFO - Processing file /opt/anaconda3/lib/python3.8/site-packages/airflow/example_dags/example_complex.py for tasks to queue
[2023-12-06T10:18:19.631+0700] {logging_mixin.py:137} INFO - [2023-12-06T10:18:19.631+0700] {dagbag.py:538} INFO - Filling up the DagBag from /opt/anaconda3/lib/python3.8/site-packages/airflow/example_dags/example_complex.py
[2023-12-06T10:18:19.663+0700] {logging_mixin.py:137} INFO - [2023-12-06T10:18:19.662+0700] {taskmixin.py:205} WARNING - Dependency <Task(BashOperator): create_entry_group>, delete_entry_group already registered for DAG: example_complex
[2023-12-06T10:18:19.663+0700] {logging_mixin.py:137} INFO - [2023-12-06T10:18:19.663+0700] {taskmixin.py:205} WARNING - Dependency <Task(BashOperator): delete_entry_group>, create_entry_group already registered for DAG: example_complex
[2023-12-06T10:18:19.663+0700] {logging_mixin.py:137} INFO - [2023-12-06T10:18:19.663+0700] {taskmixin.py:205} WARNING - Dependency <Task(BashOperator): create_entry_gcs>, delete_entry already registered for DAG: example_complex
[2023-12-06T10:18:19.663+0700] {logging_mixin.py:137} INFO - [2023-12-06T10:18:19.663+0700] {taskmixin.py:205} WARNING - Dependency <Task(BashOperator): delete_entry>, create_entry_gcs already registered for DAG: example_complex
[2023-12-06T10:18:19.664+0700] {logging_mixin.py:137} INFO - [2023-12-06T10:18:19.664+0700] {taskmixin.py:205} WARNING - Dependency <Task(BashOperator): create_tag>, delete_tag already registered for DAG: example_complex
[2023-12-06T10:18:19.664+0700] {logging_mixin.py:137} INFO - [2023-12-06T10:18:19.664+0700] {taskmixin.py:205} WARNING - Dependency <Task(BashOperator): delete_tag>, create_tag already registered for DAG: example_complex
[2023-12-06T10:18:19.674+0700] {processor.py:753} INFO - DAG(s) dict_keys(['example_complex']) retrieved from /opt/anaconda3/lib/python3.8/site-packages/airflow/example_dags/example_complex.py
[2023-12-06T10:18:20.725+0700] {logging_mixin.py:137} INFO - [2023-12-06T10:18:20.724+0700] {dag.py:2676} INFO - Sync 1 DAGs
[2023-12-06T10:18:20.744+0700] {logging_mixin.py:137} INFO - [2023-12-06T10:18:20.744+0700] {dag.py:3423} INFO - Setting next_dagrun for example_complex to None, run_after=None
[2023-12-06T10:18:20.769+0700] {processor.py:175} INFO - Processing /opt/anaconda3/lib/python3.8/site-packages/airflow/example_dags/example_complex.py took 1.139 seconds
[2023-12-06T10:22:08.635+0700] {processor.py:153} INFO - Started process (PID=94592) to work on /opt/anaconda3/lib/python3.8/site-packages/airflow/example_dags/example_complex.py
[2023-12-06T10:22:08.637+0700] {processor.py:743} INFO - Processing file /opt/anaconda3/lib/python3.8/site-packages/airflow/example_dags/example_complex.py for tasks to queue
[2023-12-06T10:22:08.637+0700] {logging_mixin.py:137} INFO - [2023-12-06T10:22:08.637+0700] {dagbag.py:538} INFO - Filling up the DagBag from /opt/anaconda3/lib/python3.8/site-packages/airflow/example_dags/example_complex.py
[2023-12-06T10:22:08.673+0700] {logging_mixin.py:137} INFO - [2023-12-06T10:22:08.673+0700] {taskmixin.py:205} WARNING - Dependency <Task(BashOperator): create_entry_group>, delete_entry_group already registered for DAG: example_complex
[2023-12-06T10:22:08.673+0700] {logging_mixin.py:137} INFO - [2023-12-06T10:22:08.673+0700] {taskmixin.py:205} WARNING - Dependency <Task(BashOperator): delete_entry_group>, create_entry_group already registered for DAG: example_complex
[2023-12-06T10:22:08.674+0700] {logging_mixin.py:137} INFO - [2023-12-06T10:22:08.674+0700] {taskmixin.py:205} WARNING - Dependency <Task(BashOperator): create_entry_gcs>, delete_entry already registered for DAG: example_complex
[2023-12-06T10:22:08.674+0700] {logging_mixin.py:137} INFO - [2023-12-06T10:22:08.674+0700] {taskmixin.py:205} WARNING - Dependency <Task(BashOperator): delete_entry>, create_entry_gcs already registered for DAG: example_complex
[2023-12-06T10:22:08.674+0700] {logging_mixin.py:137} INFO - [2023-12-06T10:22:08.674+0700] {taskmixin.py:205} WARNING - Dependency <Task(BashOperator): create_tag>, delete_tag already registered for DAG: example_complex
[2023-12-06T10:22:08.674+0700] {logging_mixin.py:137} INFO - [2023-12-06T10:22:08.674+0700] {taskmixin.py:205} WARNING - Dependency <Task(BashOperator): delete_tag>, create_tag already registered for DAG: example_complex
[2023-12-06T10:22:08.685+0700] {processor.py:753} INFO - DAG(s) dict_keys(['example_complex']) retrieved from /opt/anaconda3/lib/python3.8/site-packages/airflow/example_dags/example_complex.py
[2023-12-06T10:22:09.685+0700] {logging_mixin.py:137} INFO - [2023-12-06T10:22:09.685+0700] {dag.py:2676} INFO - Sync 1 DAGs
[2023-12-06T10:22:09.704+0700] {logging_mixin.py:137} INFO - [2023-12-06T10:22:09.704+0700] {dag.py:3423} INFO - Setting next_dagrun for example_complex to None, run_after=None
[2023-12-06T10:22:09.725+0700] {processor.py:175} INFO - Processing /opt/anaconda3/lib/python3.8/site-packages/airflow/example_dags/example_complex.py took 1.091 seconds
[2023-12-06T10:28:48.339+0700] {processor.py:153} INFO - Started process (PID=99017) to work on /opt/anaconda3/lib/python3.8/site-packages/airflow/example_dags/example_complex.py
[2023-12-06T10:28:48.341+0700] {processor.py:743} INFO - Processing file /opt/anaconda3/lib/python3.8/site-packages/airflow/example_dags/example_complex.py for tasks to queue
[2023-12-06T10:28:48.342+0700] {logging_mixin.py:137} INFO - [2023-12-06T10:28:48.342+0700] {dagbag.py:538} INFO - Filling up the DagBag from /opt/anaconda3/lib/python3.8/site-packages/airflow/example_dags/example_complex.py
[2023-12-06T10:28:48.374+0700] {logging_mixin.py:137} INFO - [2023-12-06T10:28:48.374+0700] {taskmixin.py:205} WARNING - Dependency <Task(BashOperator): create_entry_group>, delete_entry_group already registered for DAG: example_complex
[2023-12-06T10:28:48.375+0700] {logging_mixin.py:137} INFO - [2023-12-06T10:28:48.375+0700] {taskmixin.py:205} WARNING - Dependency <Task(BashOperator): delete_entry_group>, create_entry_group already registered for DAG: example_complex
[2023-12-06T10:28:48.375+0700] {logging_mixin.py:137} INFO - [2023-12-06T10:28:48.375+0700] {taskmixin.py:205} WARNING - Dependency <Task(BashOperator): create_entry_gcs>, delete_entry already registered for DAG: example_complex
[2023-12-06T10:28:48.375+0700] {logging_mixin.py:137} INFO - [2023-12-06T10:28:48.375+0700] {taskmixin.py:205} WARNING - Dependency <Task(BashOperator): delete_entry>, create_entry_gcs already registered for DAG: example_complex
[2023-12-06T10:28:48.376+0700] {logging_mixin.py:137} INFO - [2023-12-06T10:28:48.376+0700] {taskmixin.py:205} WARNING - Dependency <Task(BashOperator): create_tag>, delete_tag already registered for DAG: example_complex
[2023-12-06T10:28:48.376+0700] {logging_mixin.py:137} INFO - [2023-12-06T10:28:48.376+0700] {taskmixin.py:205} WARNING - Dependency <Task(BashOperator): delete_tag>, create_tag already registered for DAG: example_complex
[2023-12-06T10:28:48.386+0700] {processor.py:753} INFO - DAG(s) dict_keys(['example_complex']) retrieved from /opt/anaconda3/lib/python3.8/site-packages/airflow/example_dags/example_complex.py
[2023-12-06T10:28:49.347+0700] {logging_mixin.py:137} INFO - [2023-12-06T10:28:49.347+0700] {dag.py:2676} INFO - Sync 1 DAGs
[2023-12-06T10:28:49.364+0700] {logging_mixin.py:137} INFO - [2023-12-06T10:28:49.364+0700] {dag.py:3423} INFO - Setting next_dagrun for example_complex to None, run_after=None
[2023-12-06T10:28:49.384+0700] {processor.py:175} INFO - Processing /opt/anaconda3/lib/python3.8/site-packages/airflow/example_dags/example_complex.py took 1.046 seconds
[2023-12-06T10:45:11.822+0700] {processor.py:153} INFO - Started process (PID=7678) to work on /opt/anaconda3/lib/python3.8/site-packages/airflow/example_dags/example_complex.py
[2023-12-06T10:45:11.825+0700] {processor.py:743} INFO - Processing file /opt/anaconda3/lib/python3.8/site-packages/airflow/example_dags/example_complex.py for tasks to queue
[2023-12-06T10:45:11.830+0700] {logging_mixin.py:137} INFO - [2023-12-06T10:45:11.827+0700] {dagbag.py:538} INFO - Filling up the DagBag from /opt/anaconda3/lib/python3.8/site-packages/airflow/example_dags/example_complex.py
[2023-12-06T10:45:11.931+0700] {logging_mixin.py:137} INFO - [2023-12-06T10:45:11.931+0700] {taskmixin.py:205} WARNING - Dependency <Task(BashOperator): create_entry_group>, delete_entry_group already registered for DAG: example_complex
[2023-12-06T10:45:11.931+0700] {logging_mixin.py:137} INFO - [2023-12-06T10:45:11.931+0700] {taskmixin.py:205} WARNING - Dependency <Task(BashOperator): delete_entry_group>, create_entry_group already registered for DAG: example_complex
[2023-12-06T10:45:11.932+0700] {logging_mixin.py:137} INFO - [2023-12-06T10:45:11.931+0700] {taskmixin.py:205} WARNING - Dependency <Task(BashOperator): create_entry_gcs>, delete_entry already registered for DAG: example_complex
[2023-12-06T10:45:11.932+0700] {logging_mixin.py:137} INFO - [2023-12-06T10:45:11.932+0700] {taskmixin.py:205} WARNING - Dependency <Task(BashOperator): delete_entry>, create_entry_gcs already registered for DAG: example_complex
[2023-12-06T10:45:11.932+0700] {logging_mixin.py:137} INFO - [2023-12-06T10:45:11.932+0700] {taskmixin.py:205} WARNING - Dependency <Task(BashOperator): create_tag>, delete_tag already registered for DAG: example_complex
[2023-12-06T10:45:11.932+0700] {logging_mixin.py:137} INFO - [2023-12-06T10:45:11.932+0700] {taskmixin.py:205} WARNING - Dependency <Task(BashOperator): delete_tag>, create_tag already registered for DAG: example_complex
[2023-12-06T10:45:11.952+0700] {processor.py:753} INFO - DAG(s) dict_keys(['example_complex']) retrieved from /opt/anaconda3/lib/python3.8/site-packages/airflow/example_dags/example_complex.py
[2023-12-06T10:45:13.296+0700] {logging_mixin.py:137} INFO - [2023-12-06T10:45:13.296+0700] {dag.py:2676} INFO - Sync 1 DAGs
[2023-12-06T10:45:13.326+0700] {logging_mixin.py:137} INFO - [2023-12-06T10:45:13.325+0700] {dag.py:3423} INFO - Setting next_dagrun for example_complex to None, run_after=None
[2023-12-06T10:45:13.360+0700] {processor.py:175} INFO - Processing /opt/anaconda3/lib/python3.8/site-packages/airflow/example_dags/example_complex.py took 1.539 seconds
[2023-12-06T10:48:23.546+0700] {processor.py:153} INFO - Started process (PID=9773) to work on /opt/anaconda3/lib/python3.8/site-packages/airflow/example_dags/example_complex.py
[2023-12-06T10:48:23.548+0700] {processor.py:743} INFO - Processing file /opt/anaconda3/lib/python3.8/site-packages/airflow/example_dags/example_complex.py for tasks to queue
[2023-12-06T10:48:23.550+0700] {logging_mixin.py:137} INFO - [2023-12-06T10:48:23.550+0700] {dagbag.py:538} INFO - Filling up the DagBag from /opt/anaconda3/lib/python3.8/site-packages/airflow/example_dags/example_complex.py
[2023-12-06T10:48:23.596+0700] {logging_mixin.py:137} INFO - [2023-12-06T10:48:23.595+0700] {taskmixin.py:205} WARNING - Dependency <Task(BashOperator): create_entry_group>, delete_entry_group already registered for DAG: example_complex
[2023-12-06T10:48:23.596+0700] {logging_mixin.py:137} INFO - [2023-12-06T10:48:23.596+0700] {taskmixin.py:205} WARNING - Dependency <Task(BashOperator): delete_entry_group>, create_entry_group already registered for DAG: example_complex
[2023-12-06T10:48:23.596+0700] {logging_mixin.py:137} INFO - [2023-12-06T10:48:23.596+0700] {taskmixin.py:205} WARNING - Dependency <Task(BashOperator): create_entry_gcs>, delete_entry already registered for DAG: example_complex
[2023-12-06T10:48:23.596+0700] {logging_mixin.py:137} INFO - [2023-12-06T10:48:23.596+0700] {taskmixin.py:205} WARNING - Dependency <Task(BashOperator): delete_entry>, create_entry_gcs already registered for DAG: example_complex
[2023-12-06T10:48:23.597+0700] {logging_mixin.py:137} INFO - [2023-12-06T10:48:23.597+0700] {taskmixin.py:205} WARNING - Dependency <Task(BashOperator): create_tag>, delete_tag already registered for DAG: example_complex
[2023-12-06T10:48:23.597+0700] {logging_mixin.py:137} INFO - [2023-12-06T10:48:23.597+0700] {taskmixin.py:205} WARNING - Dependency <Task(BashOperator): delete_tag>, create_tag already registered for DAG: example_complex
[2023-12-06T10:48:23.615+0700] {processor.py:753} INFO - DAG(s) dict_keys(['example_complex']) retrieved from /opt/anaconda3/lib/python3.8/site-packages/airflow/example_dags/example_complex.py
[2023-12-06T10:48:24.573+0700] {logging_mixin.py:137} INFO - [2023-12-06T10:48:24.573+0700] {dag.py:2676} INFO - Sync 1 DAGs
[2023-12-06T10:48:24.598+0700] {logging_mixin.py:137} INFO - [2023-12-06T10:48:24.598+0700] {dag.py:3423} INFO - Setting next_dagrun for example_complex to None, run_after=None
[2023-12-06T10:48:24.629+0700] {processor.py:175} INFO - Processing /opt/anaconda3/lib/python3.8/site-packages/airflow/example_dags/example_complex.py took 1.084 seconds
[2023-12-06T10:55:50.210+0700] {processor.py:153} INFO - Started process (PID=14720) to work on /opt/anaconda3/lib/python3.8/site-packages/airflow/example_dags/example_complex.py
[2023-12-06T10:55:50.213+0700] {processor.py:743} INFO - Processing file /opt/anaconda3/lib/python3.8/site-packages/airflow/example_dags/example_complex.py for tasks to queue
[2023-12-06T10:55:50.214+0700] {logging_mixin.py:137} INFO - [2023-12-06T10:55:50.213+0700] {dagbag.py:538} INFO - Filling up the DagBag from /opt/anaconda3/lib/python3.8/site-packages/airflow/example_dags/example_complex.py
[2023-12-06T10:55:50.250+0700] {logging_mixin.py:137} INFO - [2023-12-06T10:55:50.250+0700] {taskmixin.py:205} WARNING - Dependency <Task(BashOperator): create_entry_group>, delete_entry_group already registered for DAG: example_complex
[2023-12-06T10:55:50.251+0700] {logging_mixin.py:137} INFO - [2023-12-06T10:55:50.250+0700] {taskmixin.py:205} WARNING - Dependency <Task(BashOperator): delete_entry_group>, create_entry_group already registered for DAG: example_complex
[2023-12-06T10:55:50.251+0700] {logging_mixin.py:137} INFO - [2023-12-06T10:55:50.251+0700] {taskmixin.py:205} WARNING - Dependency <Task(BashOperator): create_entry_gcs>, delete_entry already registered for DAG: example_complex
[2023-12-06T10:55:50.251+0700] {logging_mixin.py:137} INFO - [2023-12-06T10:55:50.251+0700] {taskmixin.py:205} WARNING - Dependency <Task(BashOperator): delete_entry>, create_entry_gcs already registered for DAG: example_complex
[2023-12-06T10:55:50.252+0700] {logging_mixin.py:137} INFO - [2023-12-06T10:55:50.252+0700] {taskmixin.py:205} WARNING - Dependency <Task(BashOperator): create_tag>, delete_tag already registered for DAG: example_complex
[2023-12-06T10:55:50.252+0700] {logging_mixin.py:137} INFO - [2023-12-06T10:55:50.252+0700] {taskmixin.py:205} WARNING - Dependency <Task(BashOperator): delete_tag>, create_tag already registered for DAG: example_complex
[2023-12-06T10:55:50.266+0700] {processor.py:753} INFO - DAG(s) dict_keys(['example_complex']) retrieved from /opt/anaconda3/lib/python3.8/site-packages/airflow/example_dags/example_complex.py
[2023-12-06T10:55:53.104+0700] {logging_mixin.py:137} INFO - [2023-12-06T10:55:53.104+0700] {dag.py:2676} INFO - Sync 1 DAGs
[2023-12-06T10:55:53.155+0700] {logging_mixin.py:137} INFO - [2023-12-06T10:55:53.154+0700] {dag.py:3423} INFO - Setting next_dagrun for example_complex to None, run_after=None
[2023-12-06T10:55:53.196+0700] {processor.py:175} INFO - Processing /opt/anaconda3/lib/python3.8/site-packages/airflow/example_dags/example_complex.py took 2.986 seconds
[2023-12-06T11:05:06.476+0700] {processor.py:153} INFO - Started process (PID=20636) to work on /opt/anaconda3/lib/python3.8/site-packages/airflow/example_dags/example_complex.py
[2023-12-06T11:05:06.479+0700] {processor.py:743} INFO - Processing file /opt/anaconda3/lib/python3.8/site-packages/airflow/example_dags/example_complex.py for tasks to queue
[2023-12-06T11:05:06.479+0700] {logging_mixin.py:137} INFO - [2023-12-06T11:05:06.479+0700] {dagbag.py:538} INFO - Filling up the DagBag from /opt/anaconda3/lib/python3.8/site-packages/airflow/example_dags/example_complex.py
[2023-12-06T11:05:06.586+0700] {logging_mixin.py:137} INFO - [2023-12-06T11:05:06.586+0700] {taskmixin.py:205} WARNING - Dependency <Task(BashOperator): create_entry_group>, delete_entry_group already registered for DAG: example_complex
[2023-12-06T11:05:06.587+0700] {logging_mixin.py:137} INFO - [2023-12-06T11:05:06.586+0700] {taskmixin.py:205} WARNING - Dependency <Task(BashOperator): delete_entry_group>, create_entry_group already registered for DAG: example_complex
[2023-12-06T11:05:06.588+0700] {logging_mixin.py:137} INFO - [2023-12-06T11:05:06.587+0700] {taskmixin.py:205} WARNING - Dependency <Task(BashOperator): create_entry_gcs>, delete_entry already registered for DAG: example_complex
[2023-12-06T11:05:06.588+0700] {logging_mixin.py:137} INFO - [2023-12-06T11:05:06.588+0700] {taskmixin.py:205} WARNING - Dependency <Task(BashOperator): delete_entry>, create_entry_gcs already registered for DAG: example_complex
[2023-12-06T11:05:06.588+0700] {logging_mixin.py:137} INFO - [2023-12-06T11:05:06.588+0700] {taskmixin.py:205} WARNING - Dependency <Task(BashOperator): create_tag>, delete_tag already registered for DAG: example_complex
[2023-12-06T11:05:06.589+0700] {logging_mixin.py:137} INFO - [2023-12-06T11:05:06.588+0700] {taskmixin.py:205} WARNING - Dependency <Task(BashOperator): delete_tag>, create_tag already registered for DAG: example_complex
[2023-12-06T11:05:06.605+0700] {processor.py:753} INFO - DAG(s) dict_keys(['example_complex']) retrieved from /opt/anaconda3/lib/python3.8/site-packages/airflow/example_dags/example_complex.py
[2023-12-06T11:05:08.036+0700] {logging_mixin.py:137} INFO - [2023-12-06T11:05:08.036+0700] {dag.py:2676} INFO - Sync 1 DAGs
[2023-12-06T11:05:08.080+0700] {logging_mixin.py:137} INFO - [2023-12-06T11:05:08.080+0700] {dag.py:3423} INFO - Setting next_dagrun for example_complex to None, run_after=None
[2023-12-06T11:05:08.120+0700] {processor.py:175} INFO - Processing /opt/anaconda3/lib/python3.8/site-packages/airflow/example_dags/example_complex.py took 1.647 seconds
[2023-12-06T11:11:49.648+0700] {processor.py:153} INFO - Started process (PID=25082) to work on /opt/anaconda3/lib/python3.8/site-packages/airflow/example_dags/example_complex.py
[2023-12-06T11:11:49.650+0700] {processor.py:743} INFO - Processing file /opt/anaconda3/lib/python3.8/site-packages/airflow/example_dags/example_complex.py for tasks to queue
[2023-12-06T11:11:49.651+0700] {logging_mixin.py:137} INFO - [2023-12-06T11:11:49.651+0700] {dagbag.py:538} INFO - Filling up the DagBag from /opt/anaconda3/lib/python3.8/site-packages/airflow/example_dags/example_complex.py
[2023-12-06T11:11:49.684+0700] {logging_mixin.py:137} INFO - [2023-12-06T11:11:49.683+0700] {taskmixin.py:205} WARNING - Dependency <Task(BashOperator): create_entry_group>, delete_entry_group already registered for DAG: example_complex
[2023-12-06T11:11:49.685+0700] {logging_mixin.py:137} INFO - [2023-12-06T11:11:49.684+0700] {taskmixin.py:205} WARNING - Dependency <Task(BashOperator): delete_entry_group>, create_entry_group already registered for DAG: example_complex
[2023-12-06T11:11:49.685+0700] {logging_mixin.py:137} INFO - [2023-12-06T11:11:49.685+0700] {taskmixin.py:205} WARNING - Dependency <Task(BashOperator): create_entry_gcs>, delete_entry already registered for DAG: example_complex
[2023-12-06T11:11:49.685+0700] {logging_mixin.py:137} INFO - [2023-12-06T11:11:49.685+0700] {taskmixin.py:205} WARNING - Dependency <Task(BashOperator): delete_entry>, create_entry_gcs already registered for DAG: example_complex
[2023-12-06T11:11:49.686+0700] {logging_mixin.py:137} INFO - [2023-12-06T11:11:49.686+0700] {taskmixin.py:205} WARNING - Dependency <Task(BashOperator): create_tag>, delete_tag already registered for DAG: example_complex
[2023-12-06T11:11:49.686+0700] {logging_mixin.py:137} INFO - [2023-12-06T11:11:49.686+0700] {taskmixin.py:205} WARNING - Dependency <Task(BashOperator): delete_tag>, create_tag already registered for DAG: example_complex
[2023-12-06T11:11:49.694+0700] {processor.py:753} INFO - DAG(s) dict_keys(['example_complex']) retrieved from /opt/anaconda3/lib/python3.8/site-packages/airflow/example_dags/example_complex.py
[2023-12-06T11:11:51.598+0700] {logging_mixin.py:137} INFO - [2023-12-06T11:11:51.597+0700] {dag.py:2676} INFO - Sync 1 DAGs
[2023-12-06T11:11:51.648+0700] {logging_mixin.py:137} INFO - [2023-12-06T11:11:51.647+0700] {dag.py:3423} INFO - Setting next_dagrun for example_complex to None, run_after=None
[2023-12-06T11:11:51.689+0700] {processor.py:175} INFO - Processing /opt/anaconda3/lib/python3.8/site-packages/airflow/example_dags/example_complex.py took 2.041 seconds
[2023-12-06T11:19:29.102+0700] {processor.py:153} INFO - Started process (PID=30071) to work on /opt/anaconda3/lib/python3.8/site-packages/airflow/example_dags/example_complex.py
[2023-12-06T11:19:29.104+0700] {processor.py:743} INFO - Processing file /opt/anaconda3/lib/python3.8/site-packages/airflow/example_dags/example_complex.py for tasks to queue
[2023-12-06T11:19:29.106+0700] {logging_mixin.py:137} INFO - [2023-12-06T11:19:29.106+0700] {dagbag.py:538} INFO - Filling up the DagBag from /opt/anaconda3/lib/python3.8/site-packages/airflow/example_dags/example_complex.py
[2023-12-06T11:19:29.141+0700] {logging_mixin.py:137} INFO - [2023-12-06T11:19:29.141+0700] {taskmixin.py:205} WARNING - Dependency <Task(BashOperator): create_entry_group>, delete_entry_group already registered for DAG: example_complex
[2023-12-06T11:19:29.142+0700] {logging_mixin.py:137} INFO - [2023-12-06T11:19:29.142+0700] {taskmixin.py:205} WARNING - Dependency <Task(BashOperator): delete_entry_group>, create_entry_group already registered for DAG: example_complex
[2023-12-06T11:19:29.142+0700] {logging_mixin.py:137} INFO - [2023-12-06T11:19:29.142+0700] {taskmixin.py:205} WARNING - Dependency <Task(BashOperator): create_entry_gcs>, delete_entry already registered for DAG: example_complex
[2023-12-06T11:19:29.142+0700] {logging_mixin.py:137} INFO - [2023-12-06T11:19:29.142+0700] {taskmixin.py:205} WARNING - Dependency <Task(BashOperator): delete_entry>, create_entry_gcs already registered for DAG: example_complex
[2023-12-06T11:19:29.143+0700] {logging_mixin.py:137} INFO - [2023-12-06T11:19:29.142+0700] {taskmixin.py:205} WARNING - Dependency <Task(BashOperator): create_tag>, delete_tag already registered for DAG: example_complex
[2023-12-06T11:19:29.143+0700] {logging_mixin.py:137} INFO - [2023-12-06T11:19:29.143+0700] {taskmixin.py:205} WARNING - Dependency <Task(BashOperator): delete_tag>, create_tag already registered for DAG: example_complex
[2023-12-06T11:19:29.153+0700] {processor.py:753} INFO - DAG(s) dict_keys(['example_complex']) retrieved from /opt/anaconda3/lib/python3.8/site-packages/airflow/example_dags/example_complex.py
[2023-12-06T11:19:30.564+0700] {logging_mixin.py:137} INFO - [2023-12-06T11:19:30.563+0700] {dag.py:2676} INFO - Sync 1 DAGs
[2023-12-06T11:19:30.599+0700] {logging_mixin.py:137} INFO - [2023-12-06T11:19:30.599+0700] {dag.py:3423} INFO - Setting next_dagrun for example_complex to None, run_after=None
[2023-12-06T11:19:30.636+0700] {processor.py:175} INFO - Processing /opt/anaconda3/lib/python3.8/site-packages/airflow/example_dags/example_complex.py took 1.535 seconds
[2023-12-06T11:25:28.615+0700] {processor.py:153} INFO - Started process (PID=33854) to work on /opt/anaconda3/lib/python3.8/site-packages/airflow/example_dags/example_complex.py
[2023-12-06T11:25:28.617+0700] {processor.py:743} INFO - Processing file /opt/anaconda3/lib/python3.8/site-packages/airflow/example_dags/example_complex.py for tasks to queue
[2023-12-06T11:25:28.618+0700] {logging_mixin.py:137} INFO - [2023-12-06T11:25:28.617+0700] {dagbag.py:538} INFO - Filling up the DagBag from /opt/anaconda3/lib/python3.8/site-packages/airflow/example_dags/example_complex.py
[2023-12-06T11:25:28.652+0700] {logging_mixin.py:137} INFO - [2023-12-06T11:25:28.652+0700] {taskmixin.py:205} WARNING - Dependency <Task(BashOperator): create_entry_group>, delete_entry_group already registered for DAG: example_complex
[2023-12-06T11:25:28.652+0700] {logging_mixin.py:137} INFO - [2023-12-06T11:25:28.652+0700] {taskmixin.py:205} WARNING - Dependency <Task(BashOperator): delete_entry_group>, create_entry_group already registered for DAG: example_complex
[2023-12-06T11:25:28.653+0700] {logging_mixin.py:137} INFO - [2023-12-06T11:25:28.652+0700] {taskmixin.py:205} WARNING - Dependency <Task(BashOperator): create_entry_gcs>, delete_entry already registered for DAG: example_complex
[2023-12-06T11:25:28.653+0700] {logging_mixin.py:137} INFO - [2023-12-06T11:25:28.653+0700] {taskmixin.py:205} WARNING - Dependency <Task(BashOperator): delete_entry>, create_entry_gcs already registered for DAG: example_complex
[2023-12-06T11:25:28.653+0700] {logging_mixin.py:137} INFO - [2023-12-06T11:25:28.653+0700] {taskmixin.py:205} WARNING - Dependency <Task(BashOperator): create_tag>, delete_tag already registered for DAG: example_complex
[2023-12-06T11:25:28.653+0700] {logging_mixin.py:137} INFO - [2023-12-06T11:25:28.653+0700] {taskmixin.py:205} WARNING - Dependency <Task(BashOperator): delete_tag>, create_tag already registered for DAG: example_complex
[2023-12-06T11:25:28.665+0700] {processor.py:753} INFO - DAG(s) dict_keys(['example_complex']) retrieved from /opt/anaconda3/lib/python3.8/site-packages/airflow/example_dags/example_complex.py
[2023-12-06T11:25:29.634+0700] {logging_mixin.py:137} INFO - [2023-12-06T11:25:29.633+0700] {dag.py:2676} INFO - Sync 1 DAGs
[2023-12-06T11:25:29.664+0700] {logging_mixin.py:137} INFO - [2023-12-06T11:25:29.664+0700] {dag.py:3423} INFO - Setting next_dagrun for example_complex to None, run_after=None
[2023-12-06T11:25:29.695+0700] {processor.py:175} INFO - Processing /opt/anaconda3/lib/python3.8/site-packages/airflow/example_dags/example_complex.py took 1.081 seconds
[2023-12-06T11:31:24.920+0700] {processor.py:153} INFO - Started process (PID=37659) to work on /opt/anaconda3/lib/python3.8/site-packages/airflow/example_dags/example_complex.py
[2023-12-06T11:31:24.921+0700] {processor.py:743} INFO - Processing file /opt/anaconda3/lib/python3.8/site-packages/airflow/example_dags/example_complex.py for tasks to queue
[2023-12-06T11:31:24.922+0700] {logging_mixin.py:137} INFO - [2023-12-06T11:31:24.922+0700] {dagbag.py:538} INFO - Filling up the DagBag from /opt/anaconda3/lib/python3.8/site-packages/airflow/example_dags/example_complex.py
[2023-12-06T11:31:24.955+0700] {logging_mixin.py:137} INFO - [2023-12-06T11:31:24.954+0700] {taskmixin.py:205} WARNING - Dependency <Task(BashOperator): create_entry_group>, delete_entry_group already registered for DAG: example_complex
[2023-12-06T11:31:24.955+0700] {logging_mixin.py:137} INFO - [2023-12-06T11:31:24.955+0700] {taskmixin.py:205} WARNING - Dependency <Task(BashOperator): delete_entry_group>, create_entry_group already registered for DAG: example_complex
[2023-12-06T11:31:24.955+0700] {logging_mixin.py:137} INFO - [2023-12-06T11:31:24.955+0700] {taskmixin.py:205} WARNING - Dependency <Task(BashOperator): create_entry_gcs>, delete_entry already registered for DAG: example_complex
[2023-12-06T11:31:24.955+0700] {logging_mixin.py:137} INFO - [2023-12-06T11:31:24.955+0700] {taskmixin.py:205} WARNING - Dependency <Task(BashOperator): delete_entry>, create_entry_gcs already registered for DAG: example_complex
[2023-12-06T11:31:24.956+0700] {logging_mixin.py:137} INFO - [2023-12-06T11:31:24.955+0700] {taskmixin.py:205} WARNING - Dependency <Task(BashOperator): create_tag>, delete_tag already registered for DAG: example_complex
[2023-12-06T11:31:24.956+0700] {logging_mixin.py:137} INFO - [2023-12-06T11:31:24.956+0700] {taskmixin.py:205} WARNING - Dependency <Task(BashOperator): delete_tag>, create_tag already registered for DAG: example_complex
[2023-12-06T11:31:24.964+0700] {processor.py:753} INFO - DAG(s) dict_keys(['example_complex']) retrieved from /opt/anaconda3/lib/python3.8/site-packages/airflow/example_dags/example_complex.py
[2023-12-06T11:31:25.926+0700] {logging_mixin.py:137} INFO - [2023-12-06T11:31:25.925+0700] {dag.py:2676} INFO - Sync 1 DAGs
[2023-12-06T11:31:25.950+0700] {logging_mixin.py:137} INFO - [2023-12-06T11:31:25.950+0700] {dag.py:3423} INFO - Setting next_dagrun for example_complex to None, run_after=None
[2023-12-06T11:31:25.971+0700] {processor.py:175} INFO - Processing /opt/anaconda3/lib/python3.8/site-packages/airflow/example_dags/example_complex.py took 1.052 seconds
[2023-12-06T11:40:48.491+0700] {processor.py:153} INFO - Started process (PID=43675) to work on /opt/anaconda3/lib/python3.8/site-packages/airflow/example_dags/example_complex.py
[2023-12-06T11:40:48.493+0700] {processor.py:743} INFO - Processing file /opt/anaconda3/lib/python3.8/site-packages/airflow/example_dags/example_complex.py for tasks to queue
[2023-12-06T11:40:48.494+0700] {logging_mixin.py:137} INFO - [2023-12-06T11:40:48.494+0700] {dagbag.py:538} INFO - Filling up the DagBag from /opt/anaconda3/lib/python3.8/site-packages/airflow/example_dags/example_complex.py
[2023-12-06T11:40:48.537+0700] {logging_mixin.py:137} INFO - [2023-12-06T11:40:48.536+0700] {taskmixin.py:205} WARNING - Dependency <Task(BashOperator): create_entry_group>, delete_entry_group already registered for DAG: example_complex
[2023-12-06T11:40:48.537+0700] {logging_mixin.py:137} INFO - [2023-12-06T11:40:48.537+0700] {taskmixin.py:205} WARNING - Dependency <Task(BashOperator): delete_entry_group>, create_entry_group already registered for DAG: example_complex
[2023-12-06T11:40:48.538+0700] {logging_mixin.py:137} INFO - [2023-12-06T11:40:48.538+0700] {taskmixin.py:205} WARNING - Dependency <Task(BashOperator): create_entry_gcs>, delete_entry already registered for DAG: example_complex
[2023-12-06T11:40:48.538+0700] {logging_mixin.py:137} INFO - [2023-12-06T11:40:48.538+0700] {taskmixin.py:205} WARNING - Dependency <Task(BashOperator): delete_entry>, create_entry_gcs already registered for DAG: example_complex
[2023-12-06T11:40:48.539+0700] {logging_mixin.py:137} INFO - [2023-12-06T11:40:48.539+0700] {taskmixin.py:205} WARNING - Dependency <Task(BashOperator): create_tag>, delete_tag already registered for DAG: example_complex
[2023-12-06T11:40:48.540+0700] {logging_mixin.py:137} INFO - [2023-12-06T11:40:48.540+0700] {taskmixin.py:205} WARNING - Dependency <Task(BashOperator): delete_tag>, create_tag already registered for DAG: example_complex
[2023-12-06T11:40:48.553+0700] {processor.py:753} INFO - DAG(s) dict_keys(['example_complex']) retrieved from /opt/anaconda3/lib/python3.8/site-packages/airflow/example_dags/example_complex.py
[2023-12-06T11:40:50.274+0700] {logging_mixin.py:137} INFO - [2023-12-06T11:40:50.273+0700] {dag.py:2676} INFO - Sync 1 DAGs
[2023-12-06T11:40:50.291+0700] {logging_mixin.py:137} INFO - [2023-12-06T11:40:50.291+0700] {dag.py:3423} INFO - Setting next_dagrun for example_complex to None, run_after=None
[2023-12-06T11:40:50.311+0700] {processor.py:175} INFO - Processing /opt/anaconda3/lib/python3.8/site-packages/airflow/example_dags/example_complex.py took 1.820 seconds
[2023-12-06T11:47:27.478+0700] {processor.py:153} INFO - Started process (PID=48020) to work on /opt/anaconda3/lib/python3.8/site-packages/airflow/example_dags/example_complex.py
[2023-12-06T11:47:27.480+0700] {processor.py:743} INFO - Processing file /opt/anaconda3/lib/python3.8/site-packages/airflow/example_dags/example_complex.py for tasks to queue
[2023-12-06T11:47:27.481+0700] {logging_mixin.py:137} INFO - [2023-12-06T11:47:27.480+0700] {dagbag.py:538} INFO - Filling up the DagBag from /opt/anaconda3/lib/python3.8/site-packages/airflow/example_dags/example_complex.py
[2023-12-06T11:47:27.514+0700] {logging_mixin.py:137} INFO - [2023-12-06T11:47:27.514+0700] {taskmixin.py:205} WARNING - Dependency <Task(BashOperator): create_entry_group>, delete_entry_group already registered for DAG: example_complex
[2023-12-06T11:47:27.515+0700] {logging_mixin.py:137} INFO - [2023-12-06T11:47:27.515+0700] {taskmixin.py:205} WARNING - Dependency <Task(BashOperator): delete_entry_group>, create_entry_group already registered for DAG: example_complex
[2023-12-06T11:47:27.515+0700] {logging_mixin.py:137} INFO - [2023-12-06T11:47:27.515+0700] {taskmixin.py:205} WARNING - Dependency <Task(BashOperator): create_entry_gcs>, delete_entry already registered for DAG: example_complex
[2023-12-06T11:47:27.515+0700] {logging_mixin.py:137} INFO - [2023-12-06T11:47:27.515+0700] {taskmixin.py:205} WARNING - Dependency <Task(BashOperator): delete_entry>, create_entry_gcs already registered for DAG: example_complex
[2023-12-06T11:47:27.516+0700] {logging_mixin.py:137} INFO - [2023-12-06T11:47:27.515+0700] {taskmixin.py:205} WARNING - Dependency <Task(BashOperator): create_tag>, delete_tag already registered for DAG: example_complex
[2023-12-06T11:47:27.516+0700] {logging_mixin.py:137} INFO - [2023-12-06T11:47:27.516+0700] {taskmixin.py:205} WARNING - Dependency <Task(BashOperator): delete_tag>, create_tag already registered for DAG: example_complex
[2023-12-06T11:47:27.527+0700] {processor.py:753} INFO - DAG(s) dict_keys(['example_complex']) retrieved from /opt/anaconda3/lib/python3.8/site-packages/airflow/example_dags/example_complex.py
[2023-12-06T11:47:28.517+0700] {logging_mixin.py:137} INFO - [2023-12-06T11:47:28.516+0700] {dag.py:2676} INFO - Sync 1 DAGs
[2023-12-06T11:47:28.537+0700] {logging_mixin.py:137} INFO - [2023-12-06T11:47:28.537+0700] {dag.py:3423} INFO - Setting next_dagrun for example_complex to None, run_after=None
[2023-12-06T11:47:28.562+0700] {processor.py:175} INFO - Processing /opt/anaconda3/lib/python3.8/site-packages/airflow/example_dags/example_complex.py took 1.084 seconds
[2023-12-06T11:53:23.819+0700] {processor.py:153} INFO - Started process (PID=51780) to work on /opt/anaconda3/lib/python3.8/site-packages/airflow/example_dags/example_complex.py
[2023-12-06T11:53:23.820+0700] {processor.py:743} INFO - Processing file /opt/anaconda3/lib/python3.8/site-packages/airflow/example_dags/example_complex.py for tasks to queue
[2023-12-06T11:53:23.821+0700] {logging_mixin.py:137} INFO - [2023-12-06T11:53:23.821+0700] {dagbag.py:538} INFO - Filling up the DagBag from /opt/anaconda3/lib/python3.8/site-packages/airflow/example_dags/example_complex.py
[2023-12-06T11:53:23.854+0700] {logging_mixin.py:137} INFO - [2023-12-06T11:53:23.854+0700] {taskmixin.py:205} WARNING - Dependency <Task(BashOperator): create_entry_group>, delete_entry_group already registered for DAG: example_complex
[2023-12-06T11:53:23.854+0700] {logging_mixin.py:137} INFO - [2023-12-06T11:53:23.854+0700] {taskmixin.py:205} WARNING - Dependency <Task(BashOperator): delete_entry_group>, create_entry_group already registered for DAG: example_complex
[2023-12-06T11:53:23.855+0700] {logging_mixin.py:137} INFO - [2023-12-06T11:53:23.855+0700] {taskmixin.py:205} WARNING - Dependency <Task(BashOperator): create_entry_gcs>, delete_entry already registered for DAG: example_complex
[2023-12-06T11:53:23.855+0700] {logging_mixin.py:137} INFO - [2023-12-06T11:53:23.855+0700] {taskmixin.py:205} WARNING - Dependency <Task(BashOperator): delete_entry>, create_entry_gcs already registered for DAG: example_complex
[2023-12-06T11:53:23.855+0700] {logging_mixin.py:137} INFO - [2023-12-06T11:53:23.855+0700] {taskmixin.py:205} WARNING - Dependency <Task(BashOperator): create_tag>, delete_tag already registered for DAG: example_complex
[2023-12-06T11:53:23.855+0700] {logging_mixin.py:137} INFO - [2023-12-06T11:53:23.855+0700] {taskmixin.py:205} WARNING - Dependency <Task(BashOperator): delete_tag>, create_tag already registered for DAG: example_complex
[2023-12-06T11:53:23.865+0700] {processor.py:753} INFO - DAG(s) dict_keys(['example_complex']) retrieved from /opt/anaconda3/lib/python3.8/site-packages/airflow/example_dags/example_complex.py
[2023-12-06T11:53:24.735+0700] {logging_mixin.py:137} INFO - [2023-12-06T11:53:24.735+0700] {dag.py:2676} INFO - Sync 1 DAGs
[2023-12-06T11:53:24.755+0700] {logging_mixin.py:137} INFO - [2023-12-06T11:53:24.755+0700] {dag.py:3423} INFO - Setting next_dagrun for example_complex to None, run_after=None
[2023-12-06T11:53:24.778+0700] {processor.py:175} INFO - Processing /opt/anaconda3/lib/python3.8/site-packages/airflow/example_dags/example_complex.py took 0.960 seconds
[2023-12-06T11:58:10.386+0700] {processor.py:153} INFO - Started process (PID=54841) to work on /opt/anaconda3/lib/python3.8/site-packages/airflow/example_dags/example_complex.py
[2023-12-06T11:58:10.388+0700] {processor.py:743} INFO - Processing file /opt/anaconda3/lib/python3.8/site-packages/airflow/example_dags/example_complex.py for tasks to queue
[2023-12-06T11:58:10.389+0700] {logging_mixin.py:137} INFO - [2023-12-06T11:58:10.389+0700] {dagbag.py:538} INFO - Filling up the DagBag from /opt/anaconda3/lib/python3.8/site-packages/airflow/example_dags/example_complex.py
[2023-12-06T11:58:10.424+0700] {logging_mixin.py:137} INFO - [2023-12-06T11:58:10.424+0700] {taskmixin.py:205} WARNING - Dependency <Task(BashOperator): create_entry_group>, delete_entry_group already registered for DAG: example_complex
[2023-12-06T11:58:10.424+0700] {logging_mixin.py:137} INFO - [2023-12-06T11:58:10.424+0700] {taskmixin.py:205} WARNING - Dependency <Task(BashOperator): delete_entry_group>, create_entry_group already registered for DAG: example_complex
[2023-12-06T11:58:10.425+0700] {logging_mixin.py:137} INFO - [2023-12-06T11:58:10.425+0700] {taskmixin.py:205} WARNING - Dependency <Task(BashOperator): create_entry_gcs>, delete_entry already registered for DAG: example_complex
[2023-12-06T11:58:10.425+0700] {logging_mixin.py:137} INFO - [2023-12-06T11:58:10.425+0700] {taskmixin.py:205} WARNING - Dependency <Task(BashOperator): delete_entry>, create_entry_gcs already registered for DAG: example_complex
[2023-12-06T11:58:10.425+0700] {logging_mixin.py:137} INFO - [2023-12-06T11:58:10.425+0700] {taskmixin.py:205} WARNING - Dependency <Task(BashOperator): create_tag>, delete_tag already registered for DAG: example_complex
[2023-12-06T11:58:10.425+0700] {logging_mixin.py:137} INFO - [2023-12-06T11:58:10.425+0700] {taskmixin.py:205} WARNING - Dependency <Task(BashOperator): delete_tag>, create_tag already registered for DAG: example_complex
[2023-12-06T11:58:10.434+0700] {processor.py:753} INFO - DAG(s) dict_keys(['example_complex']) retrieved from /opt/anaconda3/lib/python3.8/site-packages/airflow/example_dags/example_complex.py
[2023-12-06T11:58:11.260+0700] {logging_mixin.py:137} INFO - [2023-12-06T11:58:11.259+0700] {dag.py:2676} INFO - Sync 1 DAGs
[2023-12-06T11:58:11.278+0700] {logging_mixin.py:137} INFO - [2023-12-06T11:58:11.278+0700] {dag.py:3423} INFO - Setting next_dagrun for example_complex to None, run_after=None
[2023-12-06T11:58:11.308+0700] {processor.py:175} INFO - Processing /opt/anaconda3/lib/python3.8/site-packages/airflow/example_dags/example_complex.py took 0.923 seconds
[2023-12-06T12:03:00.089+0700] {processor.py:153} INFO - Started process (PID=58013) to work on /opt/anaconda3/lib/python3.8/site-packages/airflow/example_dags/example_complex.py
[2023-12-06T12:03:00.090+0700] {processor.py:743} INFO - Processing file /opt/anaconda3/lib/python3.8/site-packages/airflow/example_dags/example_complex.py for tasks to queue
[2023-12-06T12:03:00.091+0700] {logging_mixin.py:137} INFO - [2023-12-06T12:03:00.091+0700] {dagbag.py:538} INFO - Filling up the DagBag from /opt/anaconda3/lib/python3.8/site-packages/airflow/example_dags/example_complex.py
[2023-12-06T12:03:00.122+0700] {logging_mixin.py:137} INFO - [2023-12-06T12:03:00.121+0700] {taskmixin.py:205} WARNING - Dependency <Task(BashOperator): create_entry_group>, delete_entry_group already registered for DAG: example_complex
[2023-12-06T12:03:00.122+0700] {logging_mixin.py:137} INFO - [2023-12-06T12:03:00.122+0700] {taskmixin.py:205} WARNING - Dependency <Task(BashOperator): delete_entry_group>, create_entry_group already registered for DAG: example_complex
[2023-12-06T12:03:00.122+0700] {logging_mixin.py:137} INFO - [2023-12-06T12:03:00.122+0700] {taskmixin.py:205} WARNING - Dependency <Task(BashOperator): create_entry_gcs>, delete_entry already registered for DAG: example_complex
[2023-12-06T12:03:00.122+0700] {logging_mixin.py:137} INFO - [2023-12-06T12:03:00.122+0700] {taskmixin.py:205} WARNING - Dependency <Task(BashOperator): delete_entry>, create_entry_gcs already registered for DAG: example_complex
[2023-12-06T12:03:00.123+0700] {logging_mixin.py:137} INFO - [2023-12-06T12:03:00.123+0700] {taskmixin.py:205} WARNING - Dependency <Task(BashOperator): create_tag>, delete_tag already registered for DAG: example_complex
[2023-12-06T12:03:00.123+0700] {logging_mixin.py:137} INFO - [2023-12-06T12:03:00.123+0700] {taskmixin.py:205} WARNING - Dependency <Task(BashOperator): delete_tag>, create_tag already registered for DAG: example_complex
[2023-12-06T12:03:00.133+0700] {processor.py:753} INFO - DAG(s) dict_keys(['example_complex']) retrieved from /opt/anaconda3/lib/python3.8/site-packages/airflow/example_dags/example_complex.py
[2023-12-06T12:03:01.415+0700] {logging_mixin.py:137} INFO - [2023-12-06T12:03:01.415+0700] {dag.py:2676} INFO - Sync 1 DAGs
[2023-12-06T12:03:01.434+0700] {logging_mixin.py:137} INFO - [2023-12-06T12:03:01.434+0700] {dag.py:3423} INFO - Setting next_dagrun for example_complex to None, run_after=None
[2023-12-06T12:03:01.460+0700] {processor.py:175} INFO - Processing /opt/anaconda3/lib/python3.8/site-packages/airflow/example_dags/example_complex.py took 1.372 seconds
[2023-12-06T15:16:54.479+0700] {processor.py:153} INFO - Started process (PID=62501) to work on /opt/anaconda3/lib/python3.8/site-packages/airflow/example_dags/example_complex.py
[2023-12-06T15:16:54.481+0700] {processor.py:743} INFO - Processing file /opt/anaconda3/lib/python3.8/site-packages/airflow/example_dags/example_complex.py for tasks to queue
[2023-12-06T15:16:54.482+0700] {logging_mixin.py:137} INFO - [2023-12-06T15:16:54.482+0700] {dagbag.py:538} INFO - Filling up the DagBag from /opt/anaconda3/lib/python3.8/site-packages/airflow/example_dags/example_complex.py
[2023-12-06T15:16:54.525+0700] {logging_mixin.py:137} INFO - [2023-12-06T15:16:54.525+0700] {taskmixin.py:205} WARNING - Dependency <Task(BashOperator): create_entry_group>, delete_entry_group already registered for DAG: example_complex
[2023-12-06T15:16:54.525+0700] {logging_mixin.py:137} INFO - [2023-12-06T15:16:54.525+0700] {taskmixin.py:205} WARNING - Dependency <Task(BashOperator): delete_entry_group>, create_entry_group already registered for DAG: example_complex
[2023-12-06T15:16:54.526+0700] {logging_mixin.py:137} INFO - [2023-12-06T15:16:54.526+0700] {taskmixin.py:205} WARNING - Dependency <Task(BashOperator): create_entry_gcs>, delete_entry already registered for DAG: example_complex
[2023-12-06T15:16:54.526+0700] {logging_mixin.py:137} INFO - [2023-12-06T15:16:54.526+0700] {taskmixin.py:205} WARNING - Dependency <Task(BashOperator): delete_entry>, create_entry_gcs already registered for DAG: example_complex
[2023-12-06T15:16:54.527+0700] {logging_mixin.py:137} INFO - [2023-12-06T15:16:54.526+0700] {taskmixin.py:205} WARNING - Dependency <Task(BashOperator): create_tag>, delete_tag already registered for DAG: example_complex
[2023-12-06T15:16:54.527+0700] {logging_mixin.py:137} INFO - [2023-12-06T15:16:54.527+0700] {taskmixin.py:205} WARNING - Dependency <Task(BashOperator): delete_tag>, create_tag already registered for DAG: example_complex
[2023-12-06T15:16:54.540+0700] {processor.py:753} INFO - DAG(s) dict_keys(['example_complex']) retrieved from /opt/anaconda3/lib/python3.8/site-packages/airflow/example_dags/example_complex.py
[2023-12-06T15:16:55.399+0700] {logging_mixin.py:137} INFO - [2023-12-06T15:16:55.398+0700] {dag.py:2676} INFO - Sync 1 DAGs
[2023-12-06T15:16:55.417+0700] {logging_mixin.py:137} INFO - [2023-12-06T15:16:55.417+0700] {dag.py:3423} INFO - Setting next_dagrun for example_complex to None, run_after=None
[2023-12-06T15:16:55.437+0700] {processor.py:175} INFO - Processing /opt/anaconda3/lib/python3.8/site-packages/airflow/example_dags/example_complex.py took 0.961 seconds
[2023-12-06T15:21:37.805+0700] {processor.py:153} INFO - Started process (PID=65567) to work on /opt/anaconda3/lib/python3.8/site-packages/airflow/example_dags/example_complex.py
[2023-12-06T15:21:37.806+0700] {processor.py:743} INFO - Processing file /opt/anaconda3/lib/python3.8/site-packages/airflow/example_dags/example_complex.py for tasks to queue
[2023-12-06T15:21:37.807+0700] {logging_mixin.py:137} INFO - [2023-12-06T15:21:37.807+0700] {dagbag.py:538} INFO - Filling up the DagBag from /opt/anaconda3/lib/python3.8/site-packages/airflow/example_dags/example_complex.py
[2023-12-06T15:21:37.842+0700] {logging_mixin.py:137} INFO - [2023-12-06T15:21:37.842+0700] {taskmixin.py:205} WARNING - Dependency <Task(BashOperator): create_entry_group>, delete_entry_group already registered for DAG: example_complex
[2023-12-06T15:21:37.842+0700] {logging_mixin.py:137} INFO - [2023-12-06T15:21:37.842+0700] {taskmixin.py:205} WARNING - Dependency <Task(BashOperator): delete_entry_group>, create_entry_group already registered for DAG: example_complex
[2023-12-06T15:21:37.843+0700] {logging_mixin.py:137} INFO - [2023-12-06T15:21:37.842+0700] {taskmixin.py:205} WARNING - Dependency <Task(BashOperator): create_entry_gcs>, delete_entry already registered for DAG: example_complex
[2023-12-06T15:21:37.846+0700] {logging_mixin.py:137} INFO - [2023-12-06T15:21:37.845+0700] {taskmixin.py:205} WARNING - Dependency <Task(BashOperator): delete_entry>, create_entry_gcs already registered for DAG: example_complex
[2023-12-06T15:21:37.849+0700] {logging_mixin.py:137} INFO - [2023-12-06T15:21:37.848+0700] {taskmixin.py:205} WARNING - Dependency <Task(BashOperator): create_tag>, delete_tag already registered for DAG: example_complex
[2023-12-06T15:21:37.849+0700] {logging_mixin.py:137} INFO - [2023-12-06T15:21:37.849+0700] {taskmixin.py:205} WARNING - Dependency <Task(BashOperator): delete_tag>, create_tag already registered for DAG: example_complex
[2023-12-06T15:21:37.876+0700] {processor.py:753} INFO - DAG(s) dict_keys(['example_complex']) retrieved from /opt/anaconda3/lib/python3.8/site-packages/airflow/example_dags/example_complex.py
[2023-12-06T15:21:38.732+0700] {logging_mixin.py:137} INFO - [2023-12-06T15:21:38.731+0700] {dag.py:2676} INFO - Sync 1 DAGs
[2023-12-06T15:21:38.748+0700] {logging_mixin.py:137} INFO - [2023-12-06T15:21:38.748+0700] {dag.py:3423} INFO - Setting next_dagrun for example_complex to None, run_after=None
[2023-12-06T15:21:38.768+0700] {processor.py:175} INFO - Processing /opt/anaconda3/lib/python3.8/site-packages/airflow/example_dags/example_complex.py took 0.964 seconds
[2023-12-06T15:26:29.805+0700] {processor.py:153} INFO - Started process (PID=68629) to work on /opt/anaconda3/lib/python3.8/site-packages/airflow/example_dags/example_complex.py
[2023-12-06T15:26:29.807+0700] {processor.py:743} INFO - Processing file /opt/anaconda3/lib/python3.8/site-packages/airflow/example_dags/example_complex.py for tasks to queue
[2023-12-06T15:26:29.808+0700] {logging_mixin.py:137} INFO - [2023-12-06T15:26:29.808+0700] {dagbag.py:538} INFO - Filling up the DagBag from /opt/anaconda3/lib/python3.8/site-packages/airflow/example_dags/example_complex.py
[2023-12-06T15:26:29.837+0700] {logging_mixin.py:137} INFO - [2023-12-06T15:26:29.836+0700] {taskmixin.py:205} WARNING - Dependency <Task(BashOperator): create_entry_group>, delete_entry_group already registered for DAG: example_complex
[2023-12-06T15:26:29.837+0700] {logging_mixin.py:137} INFO - [2023-12-06T15:26:29.837+0700] {taskmixin.py:205} WARNING - Dependency <Task(BashOperator): delete_entry_group>, create_entry_group already registered for DAG: example_complex
[2023-12-06T15:26:29.837+0700] {logging_mixin.py:137} INFO - [2023-12-06T15:26:29.837+0700] {taskmixin.py:205} WARNING - Dependency <Task(BashOperator): create_entry_gcs>, delete_entry already registered for DAG: example_complex
[2023-12-06T15:26:29.837+0700] {logging_mixin.py:137} INFO - [2023-12-06T15:26:29.837+0700] {taskmixin.py:205} WARNING - Dependency <Task(BashOperator): delete_entry>, create_entry_gcs already registered for DAG: example_complex
[2023-12-06T15:26:29.838+0700] {logging_mixin.py:137} INFO - [2023-12-06T15:26:29.838+0700] {taskmixin.py:205} WARNING - Dependency <Task(BashOperator): create_tag>, delete_tag already registered for DAG: example_complex
[2023-12-06T15:26:29.838+0700] {logging_mixin.py:137} INFO - [2023-12-06T15:26:29.838+0700] {taskmixin.py:205} WARNING - Dependency <Task(BashOperator): delete_tag>, create_tag already registered for DAG: example_complex
[2023-12-06T15:26:29.847+0700] {processor.py:753} INFO - DAG(s) dict_keys(['example_complex']) retrieved from /opt/anaconda3/lib/python3.8/site-packages/airflow/example_dags/example_complex.py
[2023-12-06T15:26:30.847+0700] {logging_mixin.py:137} INFO - [2023-12-06T15:26:30.847+0700] {dag.py:2676} INFO - Sync 1 DAGs
[2023-12-06T15:26:30.874+0700] {logging_mixin.py:137} INFO - [2023-12-06T15:26:30.874+0700] {dag.py:3423} INFO - Setting next_dagrun for example_complex to None, run_after=None
[2023-12-06T15:26:30.897+0700] {processor.py:175} INFO - Processing /opt/anaconda3/lib/python3.8/site-packages/airflow/example_dags/example_complex.py took 1.092 seconds
[2023-12-06T15:31:17.087+0700] {processor.py:153} INFO - Started process (PID=71691) to work on /opt/anaconda3/lib/python3.8/site-packages/airflow/example_dags/example_complex.py
[2023-12-06T15:31:17.089+0700] {processor.py:743} INFO - Processing file /opt/anaconda3/lib/python3.8/site-packages/airflow/example_dags/example_complex.py for tasks to queue
[2023-12-06T15:31:17.090+0700] {logging_mixin.py:137} INFO - [2023-12-06T15:31:17.090+0700] {dagbag.py:538} INFO - Filling up the DagBag from /opt/anaconda3/lib/python3.8/site-packages/airflow/example_dags/example_complex.py
[2023-12-06T15:31:17.124+0700] {logging_mixin.py:137} INFO - [2023-12-06T15:31:17.124+0700] {taskmixin.py:205} WARNING - Dependency <Task(BashOperator): create_entry_group>, delete_entry_group already registered for DAG: example_complex
[2023-12-06T15:31:17.125+0700] {logging_mixin.py:137} INFO - [2023-12-06T15:31:17.124+0700] {taskmixin.py:205} WARNING - Dependency <Task(BashOperator): delete_entry_group>, create_entry_group already registered for DAG: example_complex
[2023-12-06T15:31:17.125+0700] {logging_mixin.py:137} INFO - [2023-12-06T15:31:17.125+0700] {taskmixin.py:205} WARNING - Dependency <Task(BashOperator): create_entry_gcs>, delete_entry already registered for DAG: example_complex
[2023-12-06T15:31:17.125+0700] {logging_mixin.py:137} INFO - [2023-12-06T15:31:17.125+0700] {taskmixin.py:205} WARNING - Dependency <Task(BashOperator): delete_entry>, create_entry_gcs already registered for DAG: example_complex
[2023-12-06T15:31:17.125+0700] {logging_mixin.py:137} INFO - [2023-12-06T15:31:17.125+0700] {taskmixin.py:205} WARNING - Dependency <Task(BashOperator): create_tag>, delete_tag already registered for DAG: example_complex
[2023-12-06T15:31:17.126+0700] {logging_mixin.py:137} INFO - [2023-12-06T15:31:17.126+0700] {taskmixin.py:205} WARNING - Dependency <Task(BashOperator): delete_tag>, create_tag already registered for DAG: example_complex
[2023-12-06T15:31:17.138+0700] {processor.py:753} INFO - DAG(s) dict_keys(['example_complex']) retrieved from /opt/anaconda3/lib/python3.8/site-packages/airflow/example_dags/example_complex.py
[2023-12-06T15:31:18.317+0700] {logging_mixin.py:137} INFO - [2023-12-06T15:31:18.317+0700] {dag.py:2676} INFO - Sync 1 DAGs
[2023-12-06T15:31:18.339+0700] {logging_mixin.py:137} INFO - [2023-12-06T15:31:18.339+0700] {dag.py:3423} INFO - Setting next_dagrun for example_complex to None, run_after=None
[2023-12-06T15:31:18.370+0700] {processor.py:175} INFO - Processing /opt/anaconda3/lib/python3.8/site-packages/airflow/example_dags/example_complex.py took 1.284 seconds
[2023-12-06T15:36:11.460+0700] {processor.py:153} INFO - Started process (PID=74908) to work on /opt/anaconda3/lib/python3.8/site-packages/airflow/example_dags/example_complex.py
[2023-12-06T15:36:11.461+0700] {processor.py:743} INFO - Processing file /opt/anaconda3/lib/python3.8/site-packages/airflow/example_dags/example_complex.py for tasks to queue
[2023-12-06T15:36:11.462+0700] {logging_mixin.py:137} INFO - [2023-12-06T15:36:11.462+0700] {dagbag.py:538} INFO - Filling up the DagBag from /opt/anaconda3/lib/python3.8/site-packages/airflow/example_dags/example_complex.py
[2023-12-06T15:36:11.495+0700] {logging_mixin.py:137} INFO - [2023-12-06T15:36:11.494+0700] {taskmixin.py:205} WARNING - Dependency <Task(BashOperator): create_entry_group>, delete_entry_group already registered for DAG: example_complex
[2023-12-06T15:36:11.495+0700] {logging_mixin.py:137} INFO - [2023-12-06T15:36:11.495+0700] {taskmixin.py:205} WARNING - Dependency <Task(BashOperator): delete_entry_group>, create_entry_group already registered for DAG: example_complex
[2023-12-06T15:36:11.495+0700] {logging_mixin.py:137} INFO - [2023-12-06T15:36:11.495+0700] {taskmixin.py:205} WARNING - Dependency <Task(BashOperator): create_entry_gcs>, delete_entry already registered for DAG: example_complex
[2023-12-06T15:36:11.495+0700] {logging_mixin.py:137} INFO - [2023-12-06T15:36:11.495+0700] {taskmixin.py:205} WARNING - Dependency <Task(BashOperator): delete_entry>, create_entry_gcs already registered for DAG: example_complex
[2023-12-06T15:36:11.496+0700] {logging_mixin.py:137} INFO - [2023-12-06T15:36:11.496+0700] {taskmixin.py:205} WARNING - Dependency <Task(BashOperator): create_tag>, delete_tag already registered for DAG: example_complex
[2023-12-06T15:36:11.496+0700] {logging_mixin.py:137} INFO - [2023-12-06T15:36:11.496+0700] {taskmixin.py:205} WARNING - Dependency <Task(BashOperator): delete_tag>, create_tag already registered for DAG: example_complex
[2023-12-06T15:36:11.505+0700] {processor.py:753} INFO - DAG(s) dict_keys(['example_complex']) retrieved from /opt/anaconda3/lib/python3.8/site-packages/airflow/example_dags/example_complex.py
[2023-12-06T15:36:12.409+0700] {logging_mixin.py:137} INFO - [2023-12-06T15:36:12.409+0700] {dag.py:2676} INFO - Sync 1 DAGs
[2023-12-06T15:36:12.427+0700] {logging_mixin.py:137} INFO - [2023-12-06T15:36:12.427+0700] {dag.py:3423} INFO - Setting next_dagrun for example_complex to None, run_after=None
[2023-12-06T15:36:12.449+0700] {processor.py:175} INFO - Processing /opt/anaconda3/lib/python3.8/site-packages/airflow/example_dags/example_complex.py took 0.990 seconds
