[2023-12-06T10:17:15.128+0700] {processor.py:153} INFO - Started process (PID=91340) to work on /opt/anaconda3/lib/python3.8/site-packages/airflow/example_dags/example_short_circuit_operator.py
[2023-12-06T10:17:15.129+0700] {processor.py:743} INFO - Processing file /opt/anaconda3/lib/python3.8/site-packages/airflow/example_dags/example_short_circuit_operator.py for tasks to queue
[2023-12-06T10:17:15.129+0700] {logging_mixin.py:137} INFO - [2023-12-06T10:17:15.129+0700] {dagbag.py:538} INFO - Filling up the DagBag from /opt/anaconda3/lib/python3.8/site-packages/airflow/example_dags/example_short_circuit_operator.py
[2023-12-06T10:17:15.177+0700] {processor.py:753} INFO - DAG(s) dict_keys(['example_short_circuit_operator']) retrieved from /opt/anaconda3/lib/python3.8/site-packages/airflow/example_dags/example_short_circuit_operator.py
[2023-12-06T10:17:16.106+0700] {logging_mixin.py:137} INFO - [2023-12-06T10:17:16.105+0700] {dag.py:2676} INFO - Sync 1 DAGs
[2023-12-06T10:17:16.134+0700] {logging_mixin.py:137} INFO - [2023-12-06T10:17:16.134+0700] {dag.py:3423} INFO - Setting next_dagrun for example_short_circuit_operator to 2023-12-05T03:17:16.133908+00:00, run_after=2023-12-06T03:17:16.133908+00:00
[2023-12-06T10:17:16.158+0700] {processor.py:175} INFO - Processing /opt/anaconda3/lib/python3.8/site-packages/airflow/example_dags/example_short_circuit_operator.py took 1.030 seconds
[2023-12-06T10:20:50.806+0700] {processor.py:153} INFO - Started process (PID=93679) to work on /opt/anaconda3/lib/python3.8/site-packages/airflow/example_dags/example_short_circuit_operator.py
[2023-12-06T10:20:50.808+0700] {processor.py:743} INFO - Processing file /opt/anaconda3/lib/python3.8/site-packages/airflow/example_dags/example_short_circuit_operator.py for tasks to queue
[2023-12-06T10:20:50.809+0700] {logging_mixin.py:137} INFO - [2023-12-06T10:20:50.809+0700] {dagbag.py:538} INFO - Filling up the DagBag from /opt/anaconda3/lib/python3.8/site-packages/airflow/example_dags/example_short_circuit_operator.py
[2023-12-06T10:20:50.875+0700] {processor.py:753} INFO - DAG(s) dict_keys(['example_short_circuit_operator']) retrieved from /opt/anaconda3/lib/python3.8/site-packages/airflow/example_dags/example_short_circuit_operator.py
[2023-12-06T10:20:51.991+0700] {logging_mixin.py:137} INFO - [2023-12-06T10:20:51.990+0700] {dag.py:2676} INFO - Sync 1 DAGs
[2023-12-06T10:20:52.025+0700] {logging_mixin.py:137} INFO - [2023-12-06T10:20:52.024+0700] {dag.py:3423} INFO - Setting next_dagrun for example_short_circuit_operator to 2023-12-05T03:20:52.024148+00:00, run_after=2023-12-06T03:20:52.024148+00:00
[2023-12-06T10:20:52.132+0700] {processor.py:175} INFO - Processing /opt/anaconda3/lib/python3.8/site-packages/airflow/example_dags/example_short_circuit_operator.py took 1.326 seconds
[2023-12-06T10:25:36.496+0700] {processor.py:153} INFO - Started process (PID=96890) to work on /opt/anaconda3/lib/python3.8/site-packages/airflow/example_dags/example_short_circuit_operator.py
[2023-12-06T10:25:36.498+0700] {processor.py:743} INFO - Processing file /opt/anaconda3/lib/python3.8/site-packages/airflow/example_dags/example_short_circuit_operator.py for tasks to queue
[2023-12-06T10:25:36.499+0700] {logging_mixin.py:137} INFO - [2023-12-06T10:25:36.499+0700] {dagbag.py:538} INFO - Filling up the DagBag from /opt/anaconda3/lib/python3.8/site-packages/airflow/example_dags/example_short_circuit_operator.py
[2023-12-06T10:25:36.543+0700] {processor.py:753} INFO - DAG(s) dict_keys(['example_short_circuit_operator']) retrieved from /opt/anaconda3/lib/python3.8/site-packages/airflow/example_dags/example_short_circuit_operator.py
[2023-12-06T10:25:37.369+0700] {logging_mixin.py:137} INFO - [2023-12-06T10:25:37.368+0700] {dag.py:2676} INFO - Sync 1 DAGs
[2023-12-06T10:25:37.388+0700] {logging_mixin.py:137} INFO - [2023-12-06T10:25:37.387+0700] {dag.py:3423} INFO - Setting next_dagrun for example_short_circuit_operator to 2023-12-05T03:25:37.387725+00:00, run_after=2023-12-06T03:25:37.387725+00:00
[2023-12-06T10:25:37.409+0700] {processor.py:175} INFO - Processing /opt/anaconda3/lib/python3.8/site-packages/airflow/example_dags/example_short_circuit_operator.py took 0.913 seconds
[2023-12-06T10:27:49.009+0700] {processor.py:153} INFO - Started process (PID=98441) to work on /opt/anaconda3/lib/python3.8/site-packages/airflow/example_dags/example_short_circuit_operator.py
[2023-12-06T10:27:49.011+0700] {processor.py:743} INFO - Processing file /opt/anaconda3/lib/python3.8/site-packages/airflow/example_dags/example_short_circuit_operator.py for tasks to queue
[2023-12-06T10:27:49.012+0700] {logging_mixin.py:137} INFO - [2023-12-06T10:27:49.012+0700] {dagbag.py:538} INFO - Filling up the DagBag from /opt/anaconda3/lib/python3.8/site-packages/airflow/example_dags/example_short_circuit_operator.py
[2023-12-06T10:27:49.104+0700] {processor.py:753} INFO - DAG(s) dict_keys(['example_short_circuit_operator']) retrieved from /opt/anaconda3/lib/python3.8/site-packages/airflow/example_dags/example_short_circuit_operator.py
[2023-12-06T10:27:49.879+0700] {logging_mixin.py:137} INFO - [2023-12-06T10:27:49.879+0700] {dag.py:2676} INFO - Sync 1 DAGs
[2023-12-06T10:27:49.896+0700] {logging_mixin.py:137} INFO - [2023-12-06T10:27:49.896+0700] {dag.py:3423} INFO - Setting next_dagrun for example_short_circuit_operator to 2023-12-05T03:27:49.896087+00:00, run_after=2023-12-06T03:27:49.896087+00:00
[2023-12-06T10:27:49.914+0700] {processor.py:175} INFO - Processing /opt/anaconda3/lib/python3.8/site-packages/airflow/example_dags/example_short_circuit_operator.py took 0.906 seconds
[2023-12-06T10:43:42.776+0700] {processor.py:153} INFO - Started process (PID=6695) to work on /opt/anaconda3/lib/python3.8/site-packages/airflow/example_dags/example_short_circuit_operator.py
[2023-12-06T10:43:42.777+0700] {processor.py:743} INFO - Processing file /opt/anaconda3/lib/python3.8/site-packages/airflow/example_dags/example_short_circuit_operator.py for tasks to queue
[2023-12-06T10:43:42.778+0700] {logging_mixin.py:137} INFO - [2023-12-06T10:43:42.777+0700] {dagbag.py:538} INFO - Filling up the DagBag from /opt/anaconda3/lib/python3.8/site-packages/airflow/example_dags/example_short_circuit_operator.py
[2023-12-06T10:43:42.865+0700] {processor.py:753} INFO - DAG(s) dict_keys(['example_short_circuit_operator']) retrieved from /opt/anaconda3/lib/python3.8/site-packages/airflow/example_dags/example_short_circuit_operator.py
[2023-12-06T10:43:43.904+0700] {logging_mixin.py:137} INFO - [2023-12-06T10:43:43.903+0700] {dag.py:2676} INFO - Sync 1 DAGs
[2023-12-06T10:43:43.925+0700] {logging_mixin.py:137} INFO - [2023-12-06T10:43:43.925+0700] {dag.py:3423} INFO - Setting next_dagrun for example_short_circuit_operator to 2023-12-05T03:43:43.925348+00:00, run_after=2023-12-06T03:43:43.925348+00:00
[2023-12-06T10:43:43.949+0700] {processor.py:175} INFO - Processing /opt/anaconda3/lib/python3.8/site-packages/airflow/example_dags/example_short_circuit_operator.py took 1.174 seconds
[2023-12-06T10:47:08.574+0700] {processor.py:153} INFO - Started process (PID=8951) to work on /opt/anaconda3/lib/python3.8/site-packages/airflow/example_dags/example_short_circuit_operator.py
[2023-12-06T10:47:08.575+0700] {processor.py:743} INFO - Processing file /opt/anaconda3/lib/python3.8/site-packages/airflow/example_dags/example_short_circuit_operator.py for tasks to queue
[2023-12-06T10:47:08.576+0700] {logging_mixin.py:137} INFO - [2023-12-06T10:47:08.576+0700] {dagbag.py:538} INFO - Filling up the DagBag from /opt/anaconda3/lib/python3.8/site-packages/airflow/example_dags/example_short_circuit_operator.py
[2023-12-06T10:47:08.631+0700] {processor.py:753} INFO - DAG(s) dict_keys(['example_short_circuit_operator']) retrieved from /opt/anaconda3/lib/python3.8/site-packages/airflow/example_dags/example_short_circuit_operator.py
[2023-12-06T10:47:09.615+0700] {logging_mixin.py:137} INFO - [2023-12-06T10:47:09.614+0700] {dag.py:2676} INFO - Sync 1 DAGs
[2023-12-06T10:47:09.636+0700] {logging_mixin.py:137} INFO - [2023-12-06T10:47:09.636+0700] {dag.py:3423} INFO - Setting next_dagrun for example_short_circuit_operator to 2023-12-05T03:47:09.635843+00:00, run_after=2023-12-06T03:47:09.635843+00:00
[2023-12-06T10:47:09.663+0700] {processor.py:175} INFO - Processing /opt/anaconda3/lib/python3.8/site-packages/airflow/example_dags/example_short_circuit_operator.py took 1.091 seconds
[2023-12-06T10:51:52.539+0700] {processor.py:153} INFO - Started process (PID=12099) to work on /opt/anaconda3/lib/python3.8/site-packages/airflow/example_dags/example_short_circuit_operator.py
[2023-12-06T10:51:52.542+0700] {processor.py:743} INFO - Processing file /opt/anaconda3/lib/python3.8/site-packages/airflow/example_dags/example_short_circuit_operator.py for tasks to queue
[2023-12-06T10:51:52.542+0700] {logging_mixin.py:137} INFO - [2023-12-06T10:51:52.542+0700] {dagbag.py:538} INFO - Filling up the DagBag from /opt/anaconda3/lib/python3.8/site-packages/airflow/example_dags/example_short_circuit_operator.py
[2023-12-06T10:51:52.594+0700] {processor.py:753} INFO - DAG(s) dict_keys(['example_short_circuit_operator']) retrieved from /opt/anaconda3/lib/python3.8/site-packages/airflow/example_dags/example_short_circuit_operator.py
[2023-12-06T10:51:53.524+0700] {logging_mixin.py:137} INFO - [2023-12-06T10:51:53.524+0700] {dag.py:2676} INFO - Sync 1 DAGs
[2023-12-06T10:51:53.545+0700] {logging_mixin.py:137} INFO - [2023-12-06T10:51:53.544+0700] {dag.py:3423} INFO - Setting next_dagrun for example_short_circuit_operator to 2023-12-05T03:51:53.544634+00:00, run_after=2023-12-06T03:51:53.544634+00:00
[2023-12-06T10:51:53.577+0700] {processor.py:175} INFO - Processing /opt/anaconda3/lib/python3.8/site-packages/airflow/example_dags/example_short_circuit_operator.py took 1.039 seconds
[2023-12-06T10:54:36.281+0700] {processor.py:153} INFO - Started process (PID=13931) to work on /opt/anaconda3/lib/python3.8/site-packages/airflow/example_dags/example_short_circuit_operator.py
[2023-12-06T10:54:36.283+0700] {processor.py:743} INFO - Processing file /opt/anaconda3/lib/python3.8/site-packages/airflow/example_dags/example_short_circuit_operator.py for tasks to queue
[2023-12-06T10:54:36.285+0700] {logging_mixin.py:137} INFO - [2023-12-06T10:54:36.285+0700] {dagbag.py:538} INFO - Filling up the DagBag from /opt/anaconda3/lib/python3.8/site-packages/airflow/example_dags/example_short_circuit_operator.py
[2023-12-06T10:54:36.346+0700] {processor.py:753} INFO - DAG(s) dict_keys(['example_short_circuit_operator']) retrieved from /opt/anaconda3/lib/python3.8/site-packages/airflow/example_dags/example_short_circuit_operator.py
[2023-12-06T10:54:37.397+0700] {logging_mixin.py:137} INFO - [2023-12-06T10:54:37.396+0700] {dag.py:2676} INFO - Sync 1 DAGs
[2023-12-06T10:54:37.422+0700] {logging_mixin.py:137} INFO - [2023-12-06T10:54:37.422+0700] {dag.py:3423} INFO - Setting next_dagrun for example_short_circuit_operator to 2023-12-05T03:54:37.421971+00:00, run_after=2023-12-06T03:54:37.421971+00:00
[2023-12-06T10:54:37.448+0700] {processor.py:175} INFO - Processing /opt/anaconda3/lib/python3.8/site-packages/airflow/example_dags/example_short_circuit_operator.py took 1.168 seconds
[2023-12-06T10:57:47.074+0700] {processor.py:153} INFO - Started process (PID=15955) to work on /opt/anaconda3/lib/python3.8/site-packages/airflow/example_dags/example_short_circuit_operator.py
[2023-12-06T10:57:47.076+0700] {processor.py:743} INFO - Processing file /opt/anaconda3/lib/python3.8/site-packages/airflow/example_dags/example_short_circuit_operator.py for tasks to queue
[2023-12-06T10:57:47.077+0700] {logging_mixin.py:137} INFO - [2023-12-06T10:57:47.077+0700] {dagbag.py:538} INFO - Filling up the DagBag from /opt/anaconda3/lib/python3.8/site-packages/airflow/example_dags/example_short_circuit_operator.py
[2023-12-06T10:57:47.128+0700] {processor.py:753} INFO - DAG(s) dict_keys(['example_short_circuit_operator']) retrieved from /opt/anaconda3/lib/python3.8/site-packages/airflow/example_dags/example_short_circuit_operator.py
[2023-12-06T10:57:48.216+0700] {logging_mixin.py:137} INFO - [2023-12-06T10:57:48.216+0700] {dag.py:2676} INFO - Sync 1 DAGs
[2023-12-06T10:57:48.241+0700] {logging_mixin.py:137} INFO - [2023-12-06T10:57:48.240+0700] {dag.py:3423} INFO - Setting next_dagrun for example_short_circuit_operator to 2023-12-05T03:57:48.240775+00:00, run_after=2023-12-06T03:57:48.240775+00:00
[2023-12-06T10:57:48.269+0700] {processor.py:175} INFO - Processing /opt/anaconda3/lib/python3.8/site-packages/airflow/example_dags/example_short_circuit_operator.py took 1.196 seconds
[2023-12-06T11:03:30.616+0700] {processor.py:153} INFO - Started process (PID=19605) to work on /opt/anaconda3/lib/python3.8/site-packages/airflow/example_dags/example_short_circuit_operator.py
[2023-12-06T11:03:30.617+0700] {processor.py:743} INFO - Processing file /opt/anaconda3/lib/python3.8/site-packages/airflow/example_dags/example_short_circuit_operator.py for tasks to queue
[2023-12-06T11:03:30.618+0700] {logging_mixin.py:137} INFO - [2023-12-06T11:03:30.618+0700] {dagbag.py:538} INFO - Filling up the DagBag from /opt/anaconda3/lib/python3.8/site-packages/airflow/example_dags/example_short_circuit_operator.py
[2023-12-06T11:03:30.677+0700] {processor.py:753} INFO - DAG(s) dict_keys(['example_short_circuit_operator']) retrieved from /opt/anaconda3/lib/python3.8/site-packages/airflow/example_dags/example_short_circuit_operator.py
[2023-12-06T11:03:31.740+0700] {logging_mixin.py:137} INFO - [2023-12-06T11:03:31.739+0700] {dag.py:2676} INFO - Sync 1 DAGs
[2023-12-06T11:03:31.761+0700] {logging_mixin.py:137} INFO - [2023-12-06T11:03:31.761+0700] {dag.py:3423} INFO - Setting next_dagrun for example_short_circuit_operator to 2023-12-05T04:03:31.760872+00:00, run_after=2023-12-06T04:03:31.760872+00:00
[2023-12-06T11:03:31.786+0700] {processor.py:175} INFO - Processing /opt/anaconda3/lib/python3.8/site-packages/airflow/example_dags/example_short_circuit_operator.py took 1.172 seconds
[2023-12-06T11:06:56.946+0700] {processor.py:153} INFO - Started process (PID=21837) to work on /opt/anaconda3/lib/python3.8/site-packages/airflow/example_dags/example_short_circuit_operator.py
[2023-12-06T11:06:56.951+0700] {processor.py:743} INFO - Processing file /opt/anaconda3/lib/python3.8/site-packages/airflow/example_dags/example_short_circuit_operator.py for tasks to queue
[2023-12-06T11:06:56.951+0700] {logging_mixin.py:137} INFO - [2023-12-06T11:06:56.951+0700] {dagbag.py:538} INFO - Filling up the DagBag from /opt/anaconda3/lib/python3.8/site-packages/airflow/example_dags/example_short_circuit_operator.py
[2023-12-06T11:06:57.062+0700] {processor.py:753} INFO - DAG(s) dict_keys(['example_short_circuit_operator']) retrieved from /opt/anaconda3/lib/python3.8/site-packages/airflow/example_dags/example_short_circuit_operator.py
[2023-12-06T11:06:58.316+0700] {logging_mixin.py:137} INFO - [2023-12-06T11:06:58.316+0700] {dag.py:2676} INFO - Sync 1 DAGs
[2023-12-06T11:06:58.340+0700] {logging_mixin.py:137} INFO - [2023-12-06T11:06:58.340+0700] {dag.py:3423} INFO - Setting next_dagrun for example_short_circuit_operator to 2023-12-05T04:06:58.339892+00:00, run_after=2023-12-06T04:06:58.339892+00:00
[2023-12-06T11:06:58.364+0700] {processor.py:175} INFO - Processing /opt/anaconda3/lib/python3.8/site-packages/airflow/example_dags/example_short_circuit_operator.py took 1.419 seconds
[2023-12-06T11:10:18.082+0700] {processor.py:153} INFO - Started process (PID=24144) to work on /opt/anaconda3/lib/python3.8/site-packages/airflow/example_dags/example_short_circuit_operator.py
[2023-12-06T11:10:18.084+0700] {processor.py:743} INFO - Processing file /opt/anaconda3/lib/python3.8/site-packages/airflow/example_dags/example_short_circuit_operator.py for tasks to queue
[2023-12-06T11:10:18.085+0700] {logging_mixin.py:137} INFO - [2023-12-06T11:10:18.084+0700] {dagbag.py:538} INFO - Filling up the DagBag from /opt/anaconda3/lib/python3.8/site-packages/airflow/example_dags/example_short_circuit_operator.py
[2023-12-06T11:10:18.155+0700] {processor.py:753} INFO - DAG(s) dict_keys(['example_short_circuit_operator']) retrieved from /opt/anaconda3/lib/python3.8/site-packages/airflow/example_dags/example_short_circuit_operator.py
[2023-12-06T11:10:19.616+0700] {logging_mixin.py:137} INFO - [2023-12-06T11:10:19.616+0700] {dag.py:2676} INFO - Sync 1 DAGs
[2023-12-06T11:10:19.649+0700] {logging_mixin.py:137} INFO - [2023-12-06T11:10:19.648+0700] {dag.py:3423} INFO - Setting next_dagrun for example_short_circuit_operator to 2023-12-05T04:10:19.648674+00:00, run_after=2023-12-06T04:10:19.648674+00:00
[2023-12-06T11:10:19.742+0700] {processor.py:175} INFO - Processing /opt/anaconda3/lib/python3.8/site-packages/airflow/example_dags/example_short_circuit_operator.py took 1.662 seconds
[2023-12-06T11:14:45.042+0700] {processor.py:153} INFO - Started process (PID=26994) to work on /opt/anaconda3/lib/python3.8/site-packages/airflow/example_dags/example_short_circuit_operator.py
[2023-12-06T11:14:45.044+0700] {processor.py:743} INFO - Processing file /opt/anaconda3/lib/python3.8/site-packages/airflow/example_dags/example_short_circuit_operator.py for tasks to queue
[2023-12-06T11:14:45.045+0700] {logging_mixin.py:137} INFO - [2023-12-06T11:14:45.045+0700] {dagbag.py:538} INFO - Filling up the DagBag from /opt/anaconda3/lib/python3.8/site-packages/airflow/example_dags/example_short_circuit_operator.py
[2023-12-06T11:14:45.102+0700] {processor.py:753} INFO - DAG(s) dict_keys(['example_short_circuit_operator']) retrieved from /opt/anaconda3/lib/python3.8/site-packages/airflow/example_dags/example_short_circuit_operator.py
[2023-12-06T11:14:46.081+0700] {logging_mixin.py:137} INFO - [2023-12-06T11:14:46.081+0700] {dag.py:2676} INFO - Sync 1 DAGs
[2023-12-06T11:14:46.106+0700] {logging_mixin.py:137} INFO - [2023-12-06T11:14:46.106+0700] {dag.py:3423} INFO - Setting next_dagrun for example_short_circuit_operator to 2023-12-05T04:14:46.105828+00:00, run_after=2023-12-06T04:14:46.105828+00:00
[2023-12-06T11:14:46.136+0700] {processor.py:175} INFO - Processing /opt/anaconda3/lib/python3.8/site-packages/airflow/example_dags/example_short_circuit_operator.py took 1.094 seconds
[2023-12-06T11:18:24.709+0700] {processor.py:153} INFO - Started process (PID=29373) to work on /opt/anaconda3/lib/python3.8/site-packages/airflow/example_dags/example_short_circuit_operator.py
[2023-12-06T11:18:24.714+0700] {processor.py:743} INFO - Processing file /opt/anaconda3/lib/python3.8/site-packages/airflow/example_dags/example_short_circuit_operator.py for tasks to queue
[2023-12-06T11:18:24.716+0700] {logging_mixin.py:137} INFO - [2023-12-06T11:18:24.716+0700] {dagbag.py:538} INFO - Filling up the DagBag from /opt/anaconda3/lib/python3.8/site-packages/airflow/example_dags/example_short_circuit_operator.py
[2023-12-06T11:18:24.793+0700] {processor.py:753} INFO - DAG(s) dict_keys(['example_short_circuit_operator']) retrieved from /opt/anaconda3/lib/python3.8/site-packages/airflow/example_dags/example_short_circuit_operator.py
[2023-12-06T11:18:25.884+0700] {logging_mixin.py:137} INFO - [2023-12-06T11:18:25.884+0700] {dag.py:2676} INFO - Sync 1 DAGs
[2023-12-06T11:18:25.905+0700] {logging_mixin.py:137} INFO - [2023-12-06T11:18:25.905+0700] {dag.py:3423} INFO - Setting next_dagrun for example_short_circuit_operator to 2023-12-05T04:18:25.905172+00:00, run_after=2023-12-06T04:18:25.905172+00:00
[2023-12-06T11:18:25.926+0700] {processor.py:175} INFO - Processing /opt/anaconda3/lib/python3.8/site-packages/airflow/example_dags/example_short_circuit_operator.py took 1.218 seconds
[2023-12-06T11:21:26.458+0700] {processor.py:153} INFO - Started process (PID=31308) to work on /opt/anaconda3/lib/python3.8/site-packages/airflow/example_dags/example_short_circuit_operator.py
[2023-12-06T11:21:26.460+0700] {processor.py:743} INFO - Processing file /opt/anaconda3/lib/python3.8/site-packages/airflow/example_dags/example_short_circuit_operator.py for tasks to queue
[2023-12-06T11:21:26.461+0700] {logging_mixin.py:137} INFO - [2023-12-06T11:21:26.461+0700] {dagbag.py:538} INFO - Filling up the DagBag from /opt/anaconda3/lib/python3.8/site-packages/airflow/example_dags/example_short_circuit_operator.py
[2023-12-06T11:21:26.516+0700] {processor.py:753} INFO - DAG(s) dict_keys(['example_short_circuit_operator']) retrieved from /opt/anaconda3/lib/python3.8/site-packages/airflow/example_dags/example_short_circuit_operator.py
[2023-12-06T11:21:27.588+0700] {logging_mixin.py:137} INFO - [2023-12-06T11:21:27.587+0700] {dag.py:2676} INFO - Sync 1 DAGs
[2023-12-06T11:21:27.611+0700] {logging_mixin.py:137} INFO - [2023-12-06T11:21:27.611+0700] {dag.py:3423} INFO - Setting next_dagrun for example_short_circuit_operator to 2023-12-05T04:21:27.611281+00:00, run_after=2023-12-06T04:21:27.611281+00:00
[2023-12-06T11:21:27.635+0700] {processor.py:175} INFO - Processing /opt/anaconda3/lib/python3.8/site-packages/airflow/example_dags/example_short_circuit_operator.py took 1.177 seconds
[2023-12-06T11:24:27.633+0700] {processor.py:153} INFO - Started process (PID=33242) to work on /opt/anaconda3/lib/python3.8/site-packages/airflow/example_dags/example_short_circuit_operator.py
[2023-12-06T11:24:27.634+0700] {processor.py:743} INFO - Processing file /opt/anaconda3/lib/python3.8/site-packages/airflow/example_dags/example_short_circuit_operator.py for tasks to queue
[2023-12-06T11:24:27.634+0700] {logging_mixin.py:137} INFO - [2023-12-06T11:24:27.634+0700] {dagbag.py:538} INFO - Filling up the DagBag from /opt/anaconda3/lib/python3.8/site-packages/airflow/example_dags/example_short_circuit_operator.py
[2023-12-06T11:24:27.687+0700] {processor.py:753} INFO - DAG(s) dict_keys(['example_short_circuit_operator']) retrieved from /opt/anaconda3/lib/python3.8/site-packages/airflow/example_dags/example_short_circuit_operator.py
[2023-12-06T11:24:30.851+0700] {logging_mixin.py:137} INFO - [2023-12-06T11:24:30.849+0700] {dag.py:2676} INFO - Sync 1 DAGs
[2023-12-06T11:24:30.951+0700] {logging_mixin.py:137} INFO - [2023-12-06T11:24:30.951+0700] {dag.py:3423} INFO - Setting next_dagrun for example_short_circuit_operator to 2023-12-05T04:24:30.942832+00:00, run_after=2023-12-06T04:24:30.942832+00:00
[2023-12-06T11:24:31.092+0700] {processor.py:175} INFO - Processing /opt/anaconda3/lib/python3.8/site-packages/airflow/example_dags/example_short_circuit_operator.py took 3.459 seconds
[2023-12-06T11:27:12.856+0700] {processor.py:153} INFO - Started process (PID=34936) to work on /opt/anaconda3/lib/python3.8/site-packages/airflow/example_dags/example_short_circuit_operator.py
[2023-12-06T11:27:12.857+0700] {processor.py:743} INFO - Processing file /opt/anaconda3/lib/python3.8/site-packages/airflow/example_dags/example_short_circuit_operator.py for tasks to queue
[2023-12-06T11:27:12.858+0700] {logging_mixin.py:137} INFO - [2023-12-06T11:27:12.858+0700] {dagbag.py:538} INFO - Filling up the DagBag from /opt/anaconda3/lib/python3.8/site-packages/airflow/example_dags/example_short_circuit_operator.py
[2023-12-06T11:27:12.912+0700] {processor.py:753} INFO - DAG(s) dict_keys(['example_short_circuit_operator']) retrieved from /opt/anaconda3/lib/python3.8/site-packages/airflow/example_dags/example_short_circuit_operator.py
[2023-12-06T11:27:13.907+0700] {logging_mixin.py:137} INFO - [2023-12-06T11:27:13.907+0700] {dag.py:2676} INFO - Sync 1 DAGs
[2023-12-06T11:27:13.927+0700] {logging_mixin.py:137} INFO - [2023-12-06T11:27:13.927+0700] {dag.py:3423} INFO - Setting next_dagrun for example_short_circuit_operator to 2023-12-05T04:27:13.927489+00:00, run_after=2023-12-06T04:27:13.927489+00:00
[2023-12-06T11:27:13.953+0700] {processor.py:175} INFO - Processing /opt/anaconda3/lib/python3.8/site-packages/airflow/example_dags/example_short_circuit_operator.py took 1.098 seconds
[2023-12-06T11:30:18.763+0700] {processor.py:153} INFO - Started process (PID=36976) to work on /opt/anaconda3/lib/python3.8/site-packages/airflow/example_dags/example_short_circuit_operator.py
[2023-12-06T11:30:18.765+0700] {processor.py:743} INFO - Processing file /opt/anaconda3/lib/python3.8/site-packages/airflow/example_dags/example_short_circuit_operator.py for tasks to queue
[2023-12-06T11:30:18.767+0700] {logging_mixin.py:137} INFO - [2023-12-06T11:30:18.766+0700] {dagbag.py:538} INFO - Filling up the DagBag from /opt/anaconda3/lib/python3.8/site-packages/airflow/example_dags/example_short_circuit_operator.py
[2023-12-06T11:30:18.830+0700] {processor.py:753} INFO - DAG(s) dict_keys(['example_short_circuit_operator']) retrieved from /opt/anaconda3/lib/python3.8/site-packages/airflow/example_dags/example_short_circuit_operator.py
[2023-12-06T11:30:19.836+0700] {logging_mixin.py:137} INFO - [2023-12-06T11:30:19.835+0700] {dag.py:2676} INFO - Sync 1 DAGs
[2023-12-06T11:30:19.864+0700] {logging_mixin.py:137} INFO - [2023-12-06T11:30:19.864+0700] {dag.py:3423} INFO - Setting next_dagrun for example_short_circuit_operator to 2023-12-05T04:30:19.863950+00:00, run_after=2023-12-06T04:30:19.863950+00:00
[2023-12-06T11:30:19.891+0700] {processor.py:175} INFO - Processing /opt/anaconda3/lib/python3.8/site-packages/airflow/example_dags/example_short_circuit_operator.py took 1.129 seconds
[2023-12-06T11:33:56.986+0700] {processor.py:153} INFO - Started process (PID=39255) to work on /opt/anaconda3/lib/python3.8/site-packages/airflow/example_dags/example_short_circuit_operator.py
[2023-12-06T11:33:56.988+0700] {processor.py:743} INFO - Processing file /opt/anaconda3/lib/python3.8/site-packages/airflow/example_dags/example_short_circuit_operator.py for tasks to queue
[2023-12-06T11:33:56.989+0700] {logging_mixin.py:137} INFO - [2023-12-06T11:33:56.989+0700] {dagbag.py:538} INFO - Filling up the DagBag from /opt/anaconda3/lib/python3.8/site-packages/airflow/example_dags/example_short_circuit_operator.py
[2023-12-06T11:33:57.170+0700] {processor.py:753} INFO - DAG(s) dict_keys(['example_short_circuit_operator']) retrieved from /opt/anaconda3/lib/python3.8/site-packages/airflow/example_dags/example_short_circuit_operator.py
[2023-12-06T11:34:00.628+0700] {logging_mixin.py:137} INFO - [2023-12-06T11:34:00.627+0700] {dag.py:2676} INFO - Sync 1 DAGs
[2023-12-06T11:34:00.672+0700] {logging_mixin.py:137} INFO - [2023-12-06T11:34:00.672+0700] {dag.py:3423} INFO - Setting next_dagrun for example_short_circuit_operator to 2023-12-05T04:34:00.672198+00:00, run_after=2023-12-06T04:34:00.672198+00:00
[2023-12-06T11:34:00.721+0700] {processor.py:175} INFO - Processing /opt/anaconda3/lib/python3.8/site-packages/airflow/example_dags/example_short_circuit_operator.py took 3.737 seconds
[2023-12-06T11:39:29.096+0700] {processor.py:153} INFO - Started process (PID=42876) to work on /opt/anaconda3/lib/python3.8/site-packages/airflow/example_dags/example_short_circuit_operator.py
[2023-12-06T11:39:29.098+0700] {processor.py:743} INFO - Processing file /opt/anaconda3/lib/python3.8/site-packages/airflow/example_dags/example_short_circuit_operator.py for tasks to queue
[2023-12-06T11:39:29.099+0700] {logging_mixin.py:137} INFO - [2023-12-06T11:39:29.098+0700] {dagbag.py:538} INFO - Filling up the DagBag from /opt/anaconda3/lib/python3.8/site-packages/airflow/example_dags/example_short_circuit_operator.py
[2023-12-06T11:39:29.162+0700] {processor.py:753} INFO - DAG(s) dict_keys(['example_short_circuit_operator']) retrieved from /opt/anaconda3/lib/python3.8/site-packages/airflow/example_dags/example_short_circuit_operator.py
[2023-12-06T11:39:30.338+0700] {logging_mixin.py:137} INFO - [2023-12-06T11:39:30.337+0700] {dag.py:2676} INFO - Sync 1 DAGs
[2023-12-06T11:39:30.360+0700] {logging_mixin.py:137} INFO - [2023-12-06T11:39:30.359+0700] {dag.py:3423} INFO - Setting next_dagrun for example_short_circuit_operator to 2023-12-05T04:39:30.359355+00:00, run_after=2023-12-06T04:39:30.359355+00:00
[2023-12-06T11:39:30.383+0700] {processor.py:175} INFO - Processing /opt/anaconda3/lib/python3.8/site-packages/airflow/example_dags/example_short_circuit_operator.py took 1.288 seconds
[2023-12-06T11:42:41.762+0700] {processor.py:153} INFO - Started process (PID=44914) to work on /opt/anaconda3/lib/python3.8/site-packages/airflow/example_dags/example_short_circuit_operator.py
[2023-12-06T11:42:41.764+0700] {processor.py:743} INFO - Processing file /opt/anaconda3/lib/python3.8/site-packages/airflow/example_dags/example_short_circuit_operator.py for tasks to queue
[2023-12-06T11:42:41.765+0700] {logging_mixin.py:137} INFO - [2023-12-06T11:42:41.765+0700] {dagbag.py:538} INFO - Filling up the DagBag from /opt/anaconda3/lib/python3.8/site-packages/airflow/example_dags/example_short_circuit_operator.py
[2023-12-06T11:42:41.824+0700] {processor.py:753} INFO - DAG(s) dict_keys(['example_short_circuit_operator']) retrieved from /opt/anaconda3/lib/python3.8/site-packages/airflow/example_dags/example_short_circuit_operator.py
[2023-12-06T11:42:42.793+0700] {logging_mixin.py:137} INFO - [2023-12-06T11:42:42.793+0700] {dag.py:2676} INFO - Sync 1 DAGs
[2023-12-06T11:42:42.814+0700] {logging_mixin.py:137} INFO - [2023-12-06T11:42:42.814+0700] {dag.py:3423} INFO - Setting next_dagrun for example_short_circuit_operator to 2023-12-05T04:42:42.814161+00:00, run_after=2023-12-06T04:42:42.814161+00:00
[2023-12-06T11:42:42.840+0700] {processor.py:175} INFO - Processing /opt/anaconda3/lib/python3.8/site-packages/airflow/example_dags/example_short_circuit_operator.py took 1.079 seconds
[2023-12-06T11:46:01.318+0700] {processor.py:153} INFO - Started process (PID=47041) to work on /opt/anaconda3/lib/python3.8/site-packages/airflow/example_dags/example_short_circuit_operator.py
[2023-12-06T11:46:01.319+0700] {processor.py:743} INFO - Processing file /opt/anaconda3/lib/python3.8/site-packages/airflow/example_dags/example_short_circuit_operator.py for tasks to queue
[2023-12-06T11:46:01.321+0700] {logging_mixin.py:137} INFO - [2023-12-06T11:46:01.321+0700] {dagbag.py:538} INFO - Filling up the DagBag from /opt/anaconda3/lib/python3.8/site-packages/airflow/example_dags/example_short_circuit_operator.py
[2023-12-06T11:46:01.516+0700] {processor.py:753} INFO - DAG(s) dict_keys(['example_short_circuit_operator']) retrieved from /opt/anaconda3/lib/python3.8/site-packages/airflow/example_dags/example_short_circuit_operator.py
[2023-12-06T11:46:04.822+0700] {logging_mixin.py:137} INFO - [2023-12-06T11:46:04.822+0700] {dag.py:2676} INFO - Sync 1 DAGs
[2023-12-06T11:46:04.847+0700] {logging_mixin.py:137} INFO - [2023-12-06T11:46:04.847+0700] {dag.py:3423} INFO - Setting next_dagrun for example_short_circuit_operator to 2023-12-05T04:46:04.847142+00:00, run_after=2023-12-06T04:46:04.847142+00:00
[2023-12-06T11:46:04.879+0700] {processor.py:175} INFO - Processing /opt/anaconda3/lib/python3.8/site-packages/airflow/example_dags/example_short_circuit_operator.py took 3.566 seconds
[2023-12-06T11:49:26.194+0700] {processor.py:153} INFO - Started process (PID=49293) to work on /opt/anaconda3/lib/python3.8/site-packages/airflow/example_dags/example_short_circuit_operator.py
[2023-12-06T11:49:26.196+0700] {processor.py:743} INFO - Processing file /opt/anaconda3/lib/python3.8/site-packages/airflow/example_dags/example_short_circuit_operator.py for tasks to queue
[2023-12-06T11:49:26.197+0700] {logging_mixin.py:137} INFO - [2023-12-06T11:49:26.197+0700] {dagbag.py:538} INFO - Filling up the DagBag from /opt/anaconda3/lib/python3.8/site-packages/airflow/example_dags/example_short_circuit_operator.py
[2023-12-06T11:49:26.244+0700] {processor.py:753} INFO - DAG(s) dict_keys(['example_short_circuit_operator']) retrieved from /opt/anaconda3/lib/python3.8/site-packages/airflow/example_dags/example_short_circuit_operator.py
[2023-12-06T11:49:27.265+0700] {logging_mixin.py:137} INFO - [2023-12-06T11:49:27.265+0700] {dag.py:2676} INFO - Sync 1 DAGs
[2023-12-06T11:49:27.295+0700] {logging_mixin.py:137} INFO - [2023-12-06T11:49:27.295+0700] {dag.py:3423} INFO - Setting next_dagrun for example_short_circuit_operator to 2023-12-05T04:49:27.295605+00:00, run_after=2023-12-06T04:49:27.295605+00:00
[2023-12-06T11:49:27.353+0700] {processor.py:175} INFO - Processing /opt/anaconda3/lib/python3.8/site-packages/airflow/example_dags/example_short_circuit_operator.py took 1.159 seconds
[2023-12-06T11:52:29.024+0700] {processor.py:153} INFO - Started process (PID=51210) to work on /opt/anaconda3/lib/python3.8/site-packages/airflow/example_dags/example_short_circuit_operator.py
[2023-12-06T11:52:29.025+0700] {processor.py:743} INFO - Processing file /opt/anaconda3/lib/python3.8/site-packages/airflow/example_dags/example_short_circuit_operator.py for tasks to queue
[2023-12-06T11:52:29.026+0700] {logging_mixin.py:137} INFO - [2023-12-06T11:52:29.025+0700] {dagbag.py:538} INFO - Filling up the DagBag from /opt/anaconda3/lib/python3.8/site-packages/airflow/example_dags/example_short_circuit_operator.py
[2023-12-06T11:52:29.074+0700] {processor.py:753} INFO - DAG(s) dict_keys(['example_short_circuit_operator']) retrieved from /opt/anaconda3/lib/python3.8/site-packages/airflow/example_dags/example_short_circuit_operator.py
[2023-12-06T11:52:30.035+0700] {logging_mixin.py:137} INFO - [2023-12-06T11:52:30.035+0700] {dag.py:2676} INFO - Sync 1 DAGs
[2023-12-06T11:52:30.059+0700] {logging_mixin.py:137} INFO - [2023-12-06T11:52:30.058+0700] {dag.py:3423} INFO - Setting next_dagrun for example_short_circuit_operator to 2023-12-05T04:52:30.058666+00:00, run_after=2023-12-06T04:52:30.058666+00:00
[2023-12-06T11:52:30.082+0700] {processor.py:175} INFO - Processing /opt/anaconda3/lib/python3.8/site-packages/airflow/example_dags/example_short_circuit_operator.py took 1.059 seconds
[2023-12-06T11:54:57.168+0700] {processor.py:153} INFO - Started process (PID=52795) to work on /opt/anaconda3/lib/python3.8/site-packages/airflow/example_dags/example_short_circuit_operator.py
[2023-12-06T11:54:57.170+0700] {processor.py:743} INFO - Processing file /opt/anaconda3/lib/python3.8/site-packages/airflow/example_dags/example_short_circuit_operator.py for tasks to queue
[2023-12-06T11:54:57.171+0700] {logging_mixin.py:137} INFO - [2023-12-06T11:54:57.170+0700] {dagbag.py:538} INFO - Filling up the DagBag from /opt/anaconda3/lib/python3.8/site-packages/airflow/example_dags/example_short_circuit_operator.py
[2023-12-06T11:54:57.219+0700] {processor.py:753} INFO - DAG(s) dict_keys(['example_short_circuit_operator']) retrieved from /opt/anaconda3/lib/python3.8/site-packages/airflow/example_dags/example_short_circuit_operator.py
[2023-12-06T11:54:58.085+0700] {logging_mixin.py:137} INFO - [2023-12-06T11:54:58.085+0700] {dag.py:2676} INFO - Sync 1 DAGs
[2023-12-06T11:54:58.105+0700] {logging_mixin.py:137} INFO - [2023-12-06T11:54:58.105+0700] {dag.py:3423} INFO - Setting next_dagrun for example_short_circuit_operator to 2023-12-05T04:54:58.104942+00:00, run_after=2023-12-06T04:54:58.104942+00:00
[2023-12-06T11:54:58.172+0700] {processor.py:175} INFO - Processing /opt/anaconda3/lib/python3.8/site-packages/airflow/example_dags/example_short_circuit_operator.py took 1.004 seconds
[2023-12-06T11:57:20.134+0700] {processor.py:153} INFO - Started process (PID=54382) to work on /opt/anaconda3/lib/python3.8/site-packages/airflow/example_dags/example_short_circuit_operator.py
[2023-12-06T11:57:20.136+0700] {processor.py:743} INFO - Processing file /opt/anaconda3/lib/python3.8/site-packages/airflow/example_dags/example_short_circuit_operator.py for tasks to queue
[2023-12-06T11:57:20.138+0700] {logging_mixin.py:137} INFO - [2023-12-06T11:57:20.137+0700] {dagbag.py:538} INFO - Filling up the DagBag from /opt/anaconda3/lib/python3.8/site-packages/airflow/example_dags/example_short_circuit_operator.py
[2023-12-06T11:57:20.202+0700] {processor.py:753} INFO - DAG(s) dict_keys(['example_short_circuit_operator']) retrieved from /opt/anaconda3/lib/python3.8/site-packages/airflow/example_dags/example_short_circuit_operator.py
[2023-12-06T11:57:21.319+0700] {logging_mixin.py:137} INFO - [2023-12-06T11:57:21.318+0700] {dag.py:2676} INFO - Sync 1 DAGs
[2023-12-06T11:57:21.336+0700] {logging_mixin.py:137} INFO - [2023-12-06T11:57:21.336+0700] {dag.py:3423} INFO - Setting next_dagrun for example_short_circuit_operator to 2023-12-05T04:57:21.336323+00:00, run_after=2023-12-06T04:57:21.336323+00:00
[2023-12-06T11:57:21.356+0700] {processor.py:175} INFO - Processing /opt/anaconda3/lib/python3.8/site-packages/airflow/example_dags/example_short_circuit_operator.py took 1.223 seconds
[2023-12-06T11:59:45.437+0700] {processor.py:153} INFO - Started process (PID=55858) to work on /opt/anaconda3/lib/python3.8/site-packages/airflow/example_dags/example_short_circuit_operator.py
[2023-12-06T11:59:45.439+0700] {processor.py:743} INFO - Processing file /opt/anaconda3/lib/python3.8/site-packages/airflow/example_dags/example_short_circuit_operator.py for tasks to queue
[2023-12-06T11:59:45.441+0700] {logging_mixin.py:137} INFO - [2023-12-06T11:59:45.441+0700] {dagbag.py:538} INFO - Filling up the DagBag from /opt/anaconda3/lib/python3.8/site-packages/airflow/example_dags/example_short_circuit_operator.py
[2023-12-06T11:59:45.562+0700] {processor.py:753} INFO - DAG(s) dict_keys(['example_short_circuit_operator']) retrieved from /opt/anaconda3/lib/python3.8/site-packages/airflow/example_dags/example_short_circuit_operator.py
[2023-12-06T11:59:47.674+0700] {logging_mixin.py:137} INFO - [2023-12-06T11:59:47.673+0700] {dag.py:2676} INFO - Sync 1 DAGs
[2023-12-06T11:59:47.696+0700] {logging_mixin.py:137} INFO - [2023-12-06T11:59:47.696+0700] {dag.py:3423} INFO - Setting next_dagrun for example_short_circuit_operator to 2023-12-05T04:59:47.696371+00:00, run_after=2023-12-06T04:59:47.696371+00:00
[2023-12-06T11:59:47.733+0700] {processor.py:175} INFO - Processing /opt/anaconda3/lib/python3.8/site-packages/airflow/example_dags/example_short_circuit_operator.py took 2.297 seconds
[2023-12-06T12:02:15.125+0700] {processor.py:153} INFO - Started process (PID=57559) to work on /opt/anaconda3/lib/python3.8/site-packages/airflow/example_dags/example_short_circuit_operator.py
[2023-12-06T12:02:15.131+0700] {processor.py:743} INFO - Processing file /opt/anaconda3/lib/python3.8/site-packages/airflow/example_dags/example_short_circuit_operator.py for tasks to queue
[2023-12-06T12:02:15.132+0700] {logging_mixin.py:137} INFO - [2023-12-06T12:02:15.132+0700] {dagbag.py:538} INFO - Filling up the DagBag from /opt/anaconda3/lib/python3.8/site-packages/airflow/example_dags/example_short_circuit_operator.py
[2023-12-06T12:02:15.192+0700] {processor.py:753} INFO - DAG(s) dict_keys(['example_short_circuit_operator']) retrieved from /opt/anaconda3/lib/python3.8/site-packages/airflow/example_dags/example_short_circuit_operator.py
[2023-12-06T12:02:16.872+0700] {logging_mixin.py:137} INFO - [2023-12-06T12:02:16.871+0700] {dag.py:2676} INFO - Sync 1 DAGs
[2023-12-06T12:02:16.949+0700] {logging_mixin.py:137} INFO - [2023-12-06T12:02:16.949+0700] {dag.py:3423} INFO - Setting next_dagrun for example_short_circuit_operator to 2023-12-05T05:02:16.949077+00:00, run_after=2023-12-06T05:02:16.949077+00:00
[2023-12-06T12:02:17.013+0700] {processor.py:175} INFO - Processing /opt/anaconda3/lib/python3.8/site-packages/airflow/example_dags/example_short_circuit_operator.py took 1.890 seconds
[2023-12-06T15:13:16.068+0700] {processor.py:153} INFO - Started process (PID=60111) to work on /opt/anaconda3/lib/python3.8/site-packages/airflow/example_dags/example_short_circuit_operator.py
[2023-12-06T15:13:16.069+0700] {processor.py:743} INFO - Processing file /opt/anaconda3/lib/python3.8/site-packages/airflow/example_dags/example_short_circuit_operator.py for tasks to queue
[2023-12-06T15:13:16.070+0700] {logging_mixin.py:137} INFO - [2023-12-06T15:13:16.069+0700] {dagbag.py:538} INFO - Filling up the DagBag from /opt/anaconda3/lib/python3.8/site-packages/airflow/example_dags/example_short_circuit_operator.py
[2023-12-06T15:13:16.167+0700] {processor.py:753} INFO - DAG(s) dict_keys(['example_short_circuit_operator']) retrieved from /opt/anaconda3/lib/python3.8/site-packages/airflow/example_dags/example_short_circuit_operator.py
[2023-12-06T15:13:18.313+0700] {logging_mixin.py:137} INFO - [2023-12-06T15:13:18.313+0700] {dag.py:2676} INFO - Sync 1 DAGs
[2023-12-06T15:13:18.357+0700] {logging_mixin.py:137} INFO - [2023-12-06T15:13:18.357+0700] {dag.py:3423} INFO - Setting next_dagrun for example_short_circuit_operator to 2023-12-05T08:13:18.356879+00:00, run_after=2023-12-06T08:13:18.356879+00:00
[2023-12-06T15:13:18.401+0700] {processor.py:175} INFO - Processing /opt/anaconda3/lib/python3.8/site-packages/airflow/example_dags/example_short_circuit_operator.py took 2.334 seconds
[2023-12-06T15:16:08.738+0700] {processor.py:153} INFO - Started process (PID=62040) to work on /opt/anaconda3/lib/python3.8/site-packages/airflow/example_dags/example_short_circuit_operator.py
[2023-12-06T15:16:08.740+0700] {processor.py:743} INFO - Processing file /opt/anaconda3/lib/python3.8/site-packages/airflow/example_dags/example_short_circuit_operator.py for tasks to queue
[2023-12-06T15:16:08.741+0700] {logging_mixin.py:137} INFO - [2023-12-06T15:16:08.741+0700] {dagbag.py:538} INFO - Filling up the DagBag from /opt/anaconda3/lib/python3.8/site-packages/airflow/example_dags/example_short_circuit_operator.py
[2023-12-06T15:16:08.782+0700] {processor.py:753} INFO - DAG(s) dict_keys(['example_short_circuit_operator']) retrieved from /opt/anaconda3/lib/python3.8/site-packages/airflow/example_dags/example_short_circuit_operator.py
[2023-12-06T15:16:09.949+0700] {logging_mixin.py:137} INFO - [2023-12-06T15:16:09.949+0700] {dag.py:2676} INFO - Sync 1 DAGs
[2023-12-06T15:16:09.965+0700] {logging_mixin.py:137} INFO - [2023-12-06T15:16:09.964+0700] {dag.py:3423} INFO - Setting next_dagrun for example_short_circuit_operator to 2023-12-05T08:16:09.964805+00:00, run_after=2023-12-06T08:16:09.964805+00:00
[2023-12-06T15:16:09.985+0700] {processor.py:175} INFO - Processing /opt/anaconda3/lib/python3.8/site-packages/airflow/example_dags/example_short_circuit_operator.py took 1.248 seconds
[2023-12-06T15:18:27.781+0700] {processor.py:153} INFO - Started process (PID=63520) to work on /opt/anaconda3/lib/python3.8/site-packages/airflow/example_dags/example_short_circuit_operator.py
[2023-12-06T15:18:27.783+0700] {processor.py:743} INFO - Processing file /opt/anaconda3/lib/python3.8/site-packages/airflow/example_dags/example_short_circuit_operator.py for tasks to queue
[2023-12-06T15:18:27.784+0700] {logging_mixin.py:137} INFO - [2023-12-06T15:18:27.784+0700] {dagbag.py:538} INFO - Filling up the DagBag from /opt/anaconda3/lib/python3.8/site-packages/airflow/example_dags/example_short_circuit_operator.py
[2023-12-06T15:18:27.830+0700] {processor.py:753} INFO - DAG(s) dict_keys(['example_short_circuit_operator']) retrieved from /opt/anaconda3/lib/python3.8/site-packages/airflow/example_dags/example_short_circuit_operator.py
[2023-12-06T15:18:28.588+0700] {logging_mixin.py:137} INFO - [2023-12-06T15:18:28.588+0700] {dag.py:2676} INFO - Sync 1 DAGs
[2023-12-06T15:18:28.605+0700] {logging_mixin.py:137} INFO - [2023-12-06T15:18:28.604+0700] {dag.py:3423} INFO - Setting next_dagrun for example_short_circuit_operator to 2023-12-05T08:18:28.604823+00:00, run_after=2023-12-06T08:18:28.604823+00:00
[2023-12-06T15:18:28.624+0700] {processor.py:175} INFO - Processing /opt/anaconda3/lib/python3.8/site-packages/airflow/example_dags/example_short_circuit_operator.py took 0.844 seconds
[2023-12-06T15:20:44.261+0700] {processor.py:153} INFO - Started process (PID=64994) to work on /opt/anaconda3/lib/python3.8/site-packages/airflow/example_dags/example_short_circuit_operator.py
[2023-12-06T15:20:44.262+0700] {processor.py:743} INFO - Processing file /opt/anaconda3/lib/python3.8/site-packages/airflow/example_dags/example_short_circuit_operator.py for tasks to queue
[2023-12-06T15:20:44.262+0700] {logging_mixin.py:137} INFO - [2023-12-06T15:20:44.262+0700] {dagbag.py:538} INFO - Filling up the DagBag from /opt/anaconda3/lib/python3.8/site-packages/airflow/example_dags/example_short_circuit_operator.py
[2023-12-06T15:20:44.299+0700] {processor.py:753} INFO - DAG(s) dict_keys(['example_short_circuit_operator']) retrieved from /opt/anaconda3/lib/python3.8/site-packages/airflow/example_dags/example_short_circuit_operator.py
[2023-12-06T15:20:45.046+0700] {logging_mixin.py:137} INFO - [2023-12-06T15:20:45.045+0700] {dag.py:2676} INFO - Sync 1 DAGs
[2023-12-06T15:20:45.062+0700] {logging_mixin.py:137} INFO - [2023-12-06T15:20:45.062+0700] {dag.py:3423} INFO - Setting next_dagrun for example_short_circuit_operator to 2023-12-05T08:20:45.061907+00:00, run_after=2023-12-06T08:20:45.061907+00:00
[2023-12-06T15:20:45.082+0700] {processor.py:175} INFO - Processing /opt/anaconda3/lib/python3.8/site-packages/airflow/example_dags/example_short_circuit_operator.py took 0.822 seconds
[2023-12-06T15:23:13.686+0700] {processor.py:153} INFO - Started process (PID=66586) to work on /opt/anaconda3/lib/python3.8/site-packages/airflow/example_dags/example_short_circuit_operator.py
[2023-12-06T15:23:13.688+0700] {processor.py:743} INFO - Processing file /opt/anaconda3/lib/python3.8/site-packages/airflow/example_dags/example_short_circuit_operator.py for tasks to queue
[2023-12-06T15:23:13.689+0700] {logging_mixin.py:137} INFO - [2023-12-06T15:23:13.689+0700] {dagbag.py:538} INFO - Filling up the DagBag from /opt/anaconda3/lib/python3.8/site-packages/airflow/example_dags/example_short_circuit_operator.py
[2023-12-06T15:23:13.732+0700] {processor.py:753} INFO - DAG(s) dict_keys(['example_short_circuit_operator']) retrieved from /opt/anaconda3/lib/python3.8/site-packages/airflow/example_dags/example_short_circuit_operator.py
[2023-12-06T15:23:14.504+0700] {logging_mixin.py:137} INFO - [2023-12-06T15:23:14.503+0700] {dag.py:2676} INFO - Sync 1 DAGs
[2023-12-06T15:23:14.521+0700] {logging_mixin.py:137} INFO - [2023-12-06T15:23:14.521+0700] {dag.py:3423} INFO - Setting next_dagrun for example_short_circuit_operator to 2023-12-05T08:23:14.520942+00:00, run_after=2023-12-06T08:23:14.520942+00:00
[2023-12-06T15:23:14.542+0700] {processor.py:175} INFO - Processing /opt/anaconda3/lib/python3.8/site-packages/airflow/example_dags/example_short_circuit_operator.py took 0.856 seconds
[2023-12-06T15:25:40.180+0700] {processor.py:153} INFO - Started process (PID=68171) to work on /opt/anaconda3/lib/python3.8/site-packages/airflow/example_dags/example_short_circuit_operator.py
[2023-12-06T15:25:40.182+0700] {processor.py:743} INFO - Processing file /opt/anaconda3/lib/python3.8/site-packages/airflow/example_dags/example_short_circuit_operator.py for tasks to queue
[2023-12-06T15:25:40.182+0700] {logging_mixin.py:137} INFO - [2023-12-06T15:25:40.182+0700] {dagbag.py:538} INFO - Filling up the DagBag from /opt/anaconda3/lib/python3.8/site-packages/airflow/example_dags/example_short_circuit_operator.py
[2023-12-06T15:25:40.246+0700] {processor.py:753} INFO - DAG(s) dict_keys(['example_short_circuit_operator']) retrieved from /opt/anaconda3/lib/python3.8/site-packages/airflow/example_dags/example_short_circuit_operator.py
[2023-12-06T15:25:41.229+0700] {logging_mixin.py:137} INFO - [2023-12-06T15:25:41.229+0700] {dag.py:2676} INFO - Sync 1 DAGs
[2023-12-06T15:25:41.253+0700] {logging_mixin.py:137} INFO - [2023-12-06T15:25:41.253+0700] {dag.py:3423} INFO - Setting next_dagrun for example_short_circuit_operator to 2023-12-05T08:25:41.253212+00:00, run_after=2023-12-06T08:25:41.253212+00:00
[2023-12-06T15:25:41.301+0700] {processor.py:175} INFO - Processing /opt/anaconda3/lib/python3.8/site-packages/airflow/example_dags/example_short_circuit_operator.py took 1.123 seconds
[2023-12-06T15:28:03.781+0700] {processor.py:153} INFO - Started process (PID=69648) to work on /opt/anaconda3/lib/python3.8/site-packages/airflow/example_dags/example_short_circuit_operator.py
[2023-12-06T15:28:03.782+0700] {processor.py:743} INFO - Processing file /opt/anaconda3/lib/python3.8/site-packages/airflow/example_dags/example_short_circuit_operator.py for tasks to queue
[2023-12-06T15:28:03.783+0700] {logging_mixin.py:137} INFO - [2023-12-06T15:28:03.783+0700] {dagbag.py:538} INFO - Filling up the DagBag from /opt/anaconda3/lib/python3.8/site-packages/airflow/example_dags/example_short_circuit_operator.py
[2023-12-06T15:28:03.825+0700] {processor.py:753} INFO - DAG(s) dict_keys(['example_short_circuit_operator']) retrieved from /opt/anaconda3/lib/python3.8/site-packages/airflow/example_dags/example_short_circuit_operator.py
[2023-12-06T15:28:05.045+0700] {logging_mixin.py:137} INFO - [2023-12-06T15:28:05.044+0700] {dag.py:2676} INFO - Sync 1 DAGs
[2023-12-06T15:28:05.081+0700] {logging_mixin.py:137} INFO - [2023-12-06T15:28:05.080+0700] {dag.py:3423} INFO - Setting next_dagrun for example_short_circuit_operator to 2023-12-05T08:28:05.080758+00:00, run_after=2023-12-06T08:28:05.080758+00:00
[2023-12-06T15:28:05.111+0700] {processor.py:175} INFO - Processing /opt/anaconda3/lib/python3.8/site-packages/airflow/example_dags/example_short_circuit_operator.py took 1.331 seconds
[2023-12-06T15:30:23.769+0700] {processor.py:153} INFO - Started process (PID=71127) to work on /opt/anaconda3/lib/python3.8/site-packages/airflow/example_dags/example_short_circuit_operator.py
[2023-12-06T15:30:23.771+0700] {processor.py:743} INFO - Processing file /opt/anaconda3/lib/python3.8/site-packages/airflow/example_dags/example_short_circuit_operator.py for tasks to queue
[2023-12-06T15:30:23.772+0700] {logging_mixin.py:137} INFO - [2023-12-06T15:30:23.772+0700] {dagbag.py:538} INFO - Filling up the DagBag from /opt/anaconda3/lib/python3.8/site-packages/airflow/example_dags/example_short_circuit_operator.py
[2023-12-06T15:30:23.813+0700] {processor.py:753} INFO - DAG(s) dict_keys(['example_short_circuit_operator']) retrieved from /opt/anaconda3/lib/python3.8/site-packages/airflow/example_dags/example_short_circuit_operator.py
[2023-12-06T15:30:24.562+0700] {logging_mixin.py:137} INFO - [2023-12-06T15:30:24.561+0700] {dag.py:2676} INFO - Sync 1 DAGs
[2023-12-06T15:30:24.579+0700] {logging_mixin.py:137} INFO - [2023-12-06T15:30:24.579+0700] {dag.py:3423} INFO - Setting next_dagrun for example_short_circuit_operator to 2023-12-05T08:30:24.578980+00:00, run_after=2023-12-06T08:30:24.578980+00:00
[2023-12-06T15:30:24.601+0700] {processor.py:175} INFO - Processing /opt/anaconda3/lib/python3.8/site-packages/airflow/example_dags/example_short_circuit_operator.py took 0.833 seconds
[2023-12-06T15:33:00.093+0700] {processor.py:153} INFO - Started process (PID=72843) to work on /opt/anaconda3/lib/python3.8/site-packages/airflow/example_dags/example_short_circuit_operator.py
[2023-12-06T15:33:00.094+0700] {processor.py:743} INFO - Processing file /opt/anaconda3/lib/python3.8/site-packages/airflow/example_dags/example_short_circuit_operator.py for tasks to queue
[2023-12-06T15:33:00.095+0700] {logging_mixin.py:137} INFO - [2023-12-06T15:33:00.095+0700] {dagbag.py:538} INFO - Filling up the DagBag from /opt/anaconda3/lib/python3.8/site-packages/airflow/example_dags/example_short_circuit_operator.py
[2023-12-06T15:33:00.152+0700] {processor.py:753} INFO - DAG(s) dict_keys(['example_short_circuit_operator']) retrieved from /opt/anaconda3/lib/python3.8/site-packages/airflow/example_dags/example_short_circuit_operator.py
[2023-12-06T15:33:01.220+0700] {logging_mixin.py:137} INFO - [2023-12-06T15:33:01.219+0700] {dag.py:2676} INFO - Sync 1 DAGs
[2023-12-06T15:33:01.250+0700] {logging_mixin.py:137} INFO - [2023-12-06T15:33:01.249+0700] {dag.py:3423} INFO - Setting next_dagrun for example_short_circuit_operator to 2023-12-05T08:33:01.249728+00:00, run_after=2023-12-06T08:33:01.249728+00:00
[2023-12-06T15:33:01.277+0700] {processor.py:175} INFO - Processing /opt/anaconda3/lib/python3.8/site-packages/airflow/example_dags/example_short_circuit_operator.py took 1.185 seconds
[2023-12-06T15:35:19.484+0700] {processor.py:153} INFO - Started process (PID=74326) to work on /opt/anaconda3/lib/python3.8/site-packages/airflow/example_dags/example_short_circuit_operator.py
[2023-12-06T15:35:19.486+0700] {processor.py:743} INFO - Processing file /opt/anaconda3/lib/python3.8/site-packages/airflow/example_dags/example_short_circuit_operator.py for tasks to queue
[2023-12-06T15:35:19.487+0700] {logging_mixin.py:137} INFO - [2023-12-06T15:35:19.486+0700] {dagbag.py:538} INFO - Filling up the DagBag from /opt/anaconda3/lib/python3.8/site-packages/airflow/example_dags/example_short_circuit_operator.py
[2023-12-06T15:35:19.531+0700] {processor.py:753} INFO - DAG(s) dict_keys(['example_short_circuit_operator']) retrieved from /opt/anaconda3/lib/python3.8/site-packages/airflow/example_dags/example_short_circuit_operator.py
[2023-12-06T15:35:20.403+0700] {logging_mixin.py:137} INFO - [2023-12-06T15:35:20.403+0700] {dag.py:2676} INFO - Sync 1 DAGs
[2023-12-06T15:35:20.421+0700] {logging_mixin.py:137} INFO - [2023-12-06T15:35:20.421+0700] {dag.py:3423} INFO - Setting next_dagrun for example_short_circuit_operator to 2023-12-05T08:35:20.421372+00:00, run_after=2023-12-06T08:35:20.421372+00:00
[2023-12-06T15:35:20.441+0700] {processor.py:175} INFO - Processing /opt/anaconda3/lib/python3.8/site-packages/airflow/example_dags/example_short_circuit_operator.py took 0.958 seconds
[2023-12-06T15:37:40.420+0700] {processor.py:153} INFO - Started process (PID=75921) to work on /opt/anaconda3/lib/python3.8/site-packages/airflow/example_dags/example_short_circuit_operator.py
[2023-12-06T15:37:40.421+0700] {processor.py:743} INFO - Processing file /opt/anaconda3/lib/python3.8/site-packages/airflow/example_dags/example_short_circuit_operator.py for tasks to queue
[2023-12-06T15:37:40.422+0700] {logging_mixin.py:137} INFO - [2023-12-06T15:37:40.422+0700] {dagbag.py:538} INFO - Filling up the DagBag from /opt/anaconda3/lib/python3.8/site-packages/airflow/example_dags/example_short_circuit_operator.py
[2023-12-06T15:37:40.468+0700] {processor.py:753} INFO - DAG(s) dict_keys(['example_short_circuit_operator']) retrieved from /opt/anaconda3/lib/python3.8/site-packages/airflow/example_dags/example_short_circuit_operator.py
[2023-12-06T15:37:41.820+0700] {logging_mixin.py:137} INFO - [2023-12-06T15:37:41.820+0700] {dag.py:2676} INFO - Sync 1 DAGs
[2023-12-06T15:37:41.843+0700] {logging_mixin.py:137} INFO - [2023-12-06T15:37:41.842+0700] {dag.py:3423} INFO - Setting next_dagrun for example_short_circuit_operator to 2023-12-05T08:37:41.842688+00:00, run_after=2023-12-06T08:37:41.842688+00:00
[2023-12-06T15:37:41.872+0700] {processor.py:175} INFO - Processing /opt/anaconda3/lib/python3.8/site-packages/airflow/example_dags/example_short_circuit_operator.py took 1.453 seconds
[2023-12-06T15:40:02.778+0700] {processor.py:153} INFO - Started process (PID=77398) to work on /opt/anaconda3/lib/python3.8/site-packages/airflow/example_dags/example_short_circuit_operator.py
[2023-12-06T15:40:02.779+0700] {processor.py:743} INFO - Processing file /opt/anaconda3/lib/python3.8/site-packages/airflow/example_dags/example_short_circuit_operator.py for tasks to queue
[2023-12-06T15:40:02.780+0700] {logging_mixin.py:137} INFO - [2023-12-06T15:40:02.780+0700] {dagbag.py:538} INFO - Filling up the DagBag from /opt/anaconda3/lib/python3.8/site-packages/airflow/example_dags/example_short_circuit_operator.py
[2023-12-06T15:40:02.821+0700] {processor.py:753} INFO - DAG(s) dict_keys(['example_short_circuit_operator']) retrieved from /opt/anaconda3/lib/python3.8/site-packages/airflow/example_dags/example_short_circuit_operator.py
[2023-12-06T15:40:03.643+0700] {logging_mixin.py:137} INFO - [2023-12-06T15:40:03.643+0700] {dag.py:2676} INFO - Sync 1 DAGs
[2023-12-06T15:40:03.664+0700] {logging_mixin.py:137} INFO - [2023-12-06T15:40:03.664+0700] {dag.py:3423} INFO - Setting next_dagrun for example_short_circuit_operator to 2023-12-05T08:40:03.663916+00:00, run_after=2023-12-06T08:40:03.663916+00:00
[2023-12-06T15:40:03.684+0700] {processor.py:175} INFO - Processing /opt/anaconda3/lib/python3.8/site-packages/airflow/example_dags/example_short_circuit_operator.py took 0.907 seconds
