[2023-12-06T10:17:02.679+0700] {processor.py:153} INFO - Started process (PID=91192) to work on /opt/anaconda3/lib/python3.8/site-packages/airflow/example_dags/example_subdag_operator.py
[2023-12-06T10:17:02.679+0700] {processor.py:743} INFO - Processing file /opt/anaconda3/lib/python3.8/site-packages/airflow/example_dags/example_subdag_operator.py for tasks to queue
[2023-12-06T10:17:02.680+0700] {logging_mixin.py:137} INFO - [2023-12-06T10:17:02.679+0700] {dagbag.py:538} INFO - Filling up the DagBag from /opt/anaconda3/lib/python3.8/site-packages/airflow/example_dags/example_subdag_operator.py
[2023-12-06T10:17:03.556+0700] {processor.py:753} INFO - DAG(s) dict_keys(['example_subdag_operator.section-1', 'example_subdag_operator.section-2', 'example_subdag_operator']) retrieved from /opt/anaconda3/lib/python3.8/site-packages/airflow/example_dags/example_subdag_operator.py
[2023-12-06T10:17:04.232+0700] {logging_mixin.py:137} INFO - [2023-12-06T10:17:04.232+0700] {dag.py:2676} INFO - Sync 3 DAGs
[2023-12-06T10:17:04.251+0700] {logging_mixin.py:137} INFO - [2023-12-06T10:17:04.251+0700] {dag.py:3423} INFO - Setting next_dagrun for example_subdag_operator to 2022-01-01T00:00:00+00:00, run_after=2022-01-01T00:00:00+00:00
[2023-12-06T10:17:04.254+0700] {logging_mixin.py:137} INFO - [2023-12-06T10:17:04.254+0700] {dag.py:3423} INFO - Setting next_dagrun for example_subdag_operator.section-1 to None, run_after=None
[2023-12-06T10:17:04.255+0700] {logging_mixin.py:137} INFO - [2023-12-06T10:17:04.255+0700] {dag.py:3423} INFO - Setting next_dagrun for example_subdag_operator.section-2 to None, run_after=None
[2023-12-06T10:17:04.262+0700] {logging_mixin.py:137} INFO - [2023-12-06T10:17:04.262+0700] {dag.py:2676} INFO - Sync 2 DAGs
[2023-12-06T10:17:04.266+0700] {logging_mixin.py:137} INFO - [2023-12-06T10:17:04.266+0700] {dag.py:3423} INFO - Setting next_dagrun for example_subdag_operator.section-1 to None, run_after=None
[2023-12-06T10:17:04.267+0700] {logging_mixin.py:137} INFO - [2023-12-06T10:17:04.267+0700] {dag.py:3423} INFO - Setting next_dagrun for example_subdag_operator.section-2 to None, run_after=None
[2023-12-06T10:17:04.281+0700] {processor.py:175} INFO - Processing /opt/anaconda3/lib/python3.8/site-packages/airflow/example_dags/example_subdag_operator.py took 1.603 seconds
[2023-12-06T10:20:27.909+0700] {processor.py:153} INFO - Started process (PID=93446) to work on /opt/anaconda3/lib/python3.8/site-packages/airflow/example_dags/example_subdag_operator.py
[2023-12-06T10:20:27.911+0700] {processor.py:743} INFO - Processing file /opt/anaconda3/lib/python3.8/site-packages/airflow/example_dags/example_subdag_operator.py for tasks to queue
[2023-12-06T10:20:27.930+0700] {logging_mixin.py:137} INFO - [2023-12-06T10:20:27.930+0700] {dagbag.py:538} INFO - Filling up the DagBag from /opt/anaconda3/lib/python3.8/site-packages/airflow/example_dags/example_subdag_operator.py
[2023-12-06T10:20:29.993+0700] {processor.py:753} INFO - DAG(s) dict_keys(['example_subdag_operator.section-1', 'example_subdag_operator.section-2', 'example_subdag_operator']) retrieved from /opt/anaconda3/lib/python3.8/site-packages/airflow/example_dags/example_subdag_operator.py
[2023-12-06T10:20:30.797+0700] {logging_mixin.py:137} INFO - [2023-12-06T10:20:30.797+0700] {dag.py:2676} INFO - Sync 3 DAGs
[2023-12-06T10:20:30.817+0700] {logging_mixin.py:137} INFO - [2023-12-06T10:20:30.817+0700] {dag.py:3423} INFO - Setting next_dagrun for example_subdag_operator to 2022-01-01T00:00:00+00:00, run_after=2022-01-01T00:00:00+00:00
[2023-12-06T10:20:30.820+0700] {logging_mixin.py:137} INFO - [2023-12-06T10:20:30.820+0700] {dag.py:3423} INFO - Setting next_dagrun for example_subdag_operator.section-1 to None, run_after=None
[2023-12-06T10:20:30.821+0700] {logging_mixin.py:137} INFO - [2023-12-06T10:20:30.821+0700] {dag.py:3423} INFO - Setting next_dagrun for example_subdag_operator.section-2 to None, run_after=None
[2023-12-06T10:20:30.831+0700] {logging_mixin.py:137} INFO - [2023-12-06T10:20:30.831+0700] {dag.py:2676} INFO - Sync 2 DAGs
[2023-12-06T10:20:30.839+0700] {logging_mixin.py:137} INFO - [2023-12-06T10:20:30.839+0700] {dag.py:3423} INFO - Setting next_dagrun for example_subdag_operator.section-1 to None, run_after=None
[2023-12-06T10:20:30.839+0700] {logging_mixin.py:137} INFO - [2023-12-06T10:20:30.839+0700] {dag.py:3423} INFO - Setting next_dagrun for example_subdag_operator.section-2 to None, run_after=None
[2023-12-06T10:20:30.854+0700] {processor.py:175} INFO - Processing /opt/anaconda3/lib/python3.8/site-packages/airflow/example_dags/example_subdag_operator.py took 2.947 seconds
[2023-12-06T10:25:23.198+0700] {processor.py:153} INFO - Started process (PID=96773) to work on /opt/anaconda3/lib/python3.8/site-packages/airflow/example_dags/example_subdag_operator.py
[2023-12-06T10:25:23.200+0700] {processor.py:743} INFO - Processing file /opt/anaconda3/lib/python3.8/site-packages/airflow/example_dags/example_subdag_operator.py for tasks to queue
[2023-12-06T10:25:23.200+0700] {logging_mixin.py:137} INFO - [2023-12-06T10:25:23.200+0700] {dagbag.py:538} INFO - Filling up the DagBag from /opt/anaconda3/lib/python3.8/site-packages/airflow/example_dags/example_subdag_operator.py
[2023-12-06T10:25:24.648+0700] {processor.py:753} INFO - DAG(s) dict_keys(['example_subdag_operator.section-1', 'example_subdag_operator.section-2', 'example_subdag_operator']) retrieved from /opt/anaconda3/lib/python3.8/site-packages/airflow/example_dags/example_subdag_operator.py
[2023-12-06T10:25:25.249+0700] {logging_mixin.py:137} INFO - [2023-12-06T10:25:25.249+0700] {dag.py:2676} INFO - Sync 3 DAGs
[2023-12-06T10:25:25.266+0700] {logging_mixin.py:137} INFO - [2023-12-06T10:25:25.266+0700] {dag.py:3423} INFO - Setting next_dagrun for example_subdag_operator to 2022-01-01T00:00:00+00:00, run_after=2022-01-01T00:00:00+00:00
[2023-12-06T10:25:25.268+0700] {logging_mixin.py:137} INFO - [2023-12-06T10:25:25.268+0700] {dag.py:3423} INFO - Setting next_dagrun for example_subdag_operator.section-1 to None, run_after=None
[2023-12-06T10:25:25.269+0700] {logging_mixin.py:137} INFO - [2023-12-06T10:25:25.269+0700] {dag.py:3423} INFO - Setting next_dagrun for example_subdag_operator.section-2 to None, run_after=None
[2023-12-06T10:25:25.275+0700] {logging_mixin.py:137} INFO - [2023-12-06T10:25:25.275+0700] {dag.py:2676} INFO - Sync 2 DAGs
[2023-12-06T10:25:25.279+0700] {logging_mixin.py:137} INFO - [2023-12-06T10:25:25.279+0700] {dag.py:3423} INFO - Setting next_dagrun for example_subdag_operator.section-1 to None, run_after=None
[2023-12-06T10:25:25.279+0700] {logging_mixin.py:137} INFO - [2023-12-06T10:25:25.279+0700] {dag.py:3423} INFO - Setting next_dagrun for example_subdag_operator.section-2 to None, run_after=None
[2023-12-06T10:25:25.291+0700] {processor.py:175} INFO - Processing /opt/anaconda3/lib/python3.8/site-packages/airflow/example_dags/example_subdag_operator.py took 2.094 seconds
[2023-12-06T10:27:35.684+0700] {processor.py:153} INFO - Started process (PID=98217) to work on /opt/anaconda3/lib/python3.8/site-packages/airflow/example_dags/example_subdag_operator.py
[2023-12-06T10:27:35.686+0700] {processor.py:743} INFO - Processing file /opt/anaconda3/lib/python3.8/site-packages/airflow/example_dags/example_subdag_operator.py for tasks to queue
[2023-12-06T10:27:35.687+0700] {logging_mixin.py:137} INFO - [2023-12-06T10:27:35.686+0700] {dagbag.py:538} INFO - Filling up the DagBag from /opt/anaconda3/lib/python3.8/site-packages/airflow/example_dags/example_subdag_operator.py
[2023-12-06T10:27:36.636+0700] {processor.py:753} INFO - DAG(s) dict_keys(['example_subdag_operator.section-1', 'example_subdag_operator.section-2', 'example_subdag_operator']) retrieved from /opt/anaconda3/lib/python3.8/site-packages/airflow/example_dags/example_subdag_operator.py
[2023-12-06T10:27:36.866+0700] {logging_mixin.py:137} INFO - [2023-12-06T10:27:36.866+0700] {dag.py:2676} INFO - Sync 3 DAGs
[2023-12-06T10:27:36.884+0700] {logging_mixin.py:137} INFO - [2023-12-06T10:27:36.884+0700] {dag.py:3423} INFO - Setting next_dagrun for example_subdag_operator to 2022-01-01T00:00:00+00:00, run_after=2022-01-01T00:00:00+00:00
[2023-12-06T10:27:36.887+0700] {logging_mixin.py:137} INFO - [2023-12-06T10:27:36.887+0700] {dag.py:3423} INFO - Setting next_dagrun for example_subdag_operator.section-1 to None, run_after=None
[2023-12-06T10:27:36.888+0700] {logging_mixin.py:137} INFO - [2023-12-06T10:27:36.888+0700] {dag.py:3423} INFO - Setting next_dagrun for example_subdag_operator.section-2 to None, run_after=None
[2023-12-06T10:27:36.895+0700] {logging_mixin.py:137} INFO - [2023-12-06T10:27:36.895+0700] {dag.py:2676} INFO - Sync 2 DAGs
[2023-12-06T10:27:36.900+0700] {logging_mixin.py:137} INFO - [2023-12-06T10:27:36.899+0700] {dag.py:3423} INFO - Setting next_dagrun for example_subdag_operator.section-1 to None, run_after=None
[2023-12-06T10:27:36.900+0700] {logging_mixin.py:137} INFO - [2023-12-06T10:27:36.900+0700] {dag.py:3423} INFO - Setting next_dagrun for example_subdag_operator.section-2 to None, run_after=None
[2023-12-06T10:27:36.915+0700] {processor.py:175} INFO - Processing /opt/anaconda3/lib/python3.8/site-packages/airflow/example_dags/example_subdag_operator.py took 1.231 seconds
[2023-12-06T10:43:21.674+0700] {processor.py:153} INFO - Started process (PID=6442) to work on /opt/anaconda3/lib/python3.8/site-packages/airflow/example_dags/example_subdag_operator.py
[2023-12-06T10:43:21.675+0700] {processor.py:743} INFO - Processing file /opt/anaconda3/lib/python3.8/site-packages/airflow/example_dags/example_subdag_operator.py for tasks to queue
[2023-12-06T10:43:21.676+0700] {logging_mixin.py:137} INFO - [2023-12-06T10:43:21.676+0700] {dagbag.py:538} INFO - Filling up the DagBag from /opt/anaconda3/lib/python3.8/site-packages/airflow/example_dags/example_subdag_operator.py
[2023-12-06T10:43:22.645+0700] {processor.py:753} INFO - DAG(s) dict_keys(['example_subdag_operator.section-1', 'example_subdag_operator.section-2', 'example_subdag_operator']) retrieved from /opt/anaconda3/lib/python3.8/site-packages/airflow/example_dags/example_subdag_operator.py
[2023-12-06T10:43:23.260+0700] {logging_mixin.py:137} INFO - [2023-12-06T10:43:23.260+0700] {dag.py:2676} INFO - Sync 3 DAGs
[2023-12-06T10:43:23.281+0700] {logging_mixin.py:137} INFO - [2023-12-06T10:43:23.281+0700] {dag.py:3423} INFO - Setting next_dagrun for example_subdag_operator to 2022-01-01T00:00:00+00:00, run_after=2022-01-01T00:00:00+00:00
[2023-12-06T10:43:23.284+0700] {logging_mixin.py:137} INFO - [2023-12-06T10:43:23.284+0700] {dag.py:3423} INFO - Setting next_dagrun for example_subdag_operator.section-1 to None, run_after=None
[2023-12-06T10:43:23.285+0700] {logging_mixin.py:137} INFO - [2023-12-06T10:43:23.285+0700] {dag.py:3423} INFO - Setting next_dagrun for example_subdag_operator.section-2 to None, run_after=None
[2023-12-06T10:43:23.301+0700] {logging_mixin.py:137} INFO - [2023-12-06T10:43:23.296+0700] {dag.py:2676} INFO - Sync 2 DAGs
[2023-12-06T10:43:23.312+0700] {logging_mixin.py:137} INFO - [2023-12-06T10:43:23.311+0700] {dag.py:3423} INFO - Setting next_dagrun for example_subdag_operator.section-1 to None, run_after=None
[2023-12-06T10:43:23.313+0700] {logging_mixin.py:137} INFO - [2023-12-06T10:43:23.312+0700] {dag.py:3423} INFO - Setting next_dagrun for example_subdag_operator.section-2 to None, run_after=None
[2023-12-06T10:43:23.341+0700] {processor.py:175} INFO - Processing /opt/anaconda3/lib/python3.8/site-packages/airflow/example_dags/example_subdag_operator.py took 1.668 seconds
[2023-12-06T10:46:53.958+0700] {processor.py:153} INFO - Started process (PID=8761) to work on /opt/anaconda3/lib/python3.8/site-packages/airflow/example_dags/example_subdag_operator.py
[2023-12-06T10:46:53.960+0700] {processor.py:743} INFO - Processing file /opt/anaconda3/lib/python3.8/site-packages/airflow/example_dags/example_subdag_operator.py for tasks to queue
[2023-12-06T10:46:53.961+0700] {logging_mixin.py:137} INFO - [2023-12-06T10:46:53.961+0700] {dagbag.py:538} INFO - Filling up the DagBag from /opt/anaconda3/lib/python3.8/site-packages/airflow/example_dags/example_subdag_operator.py
[2023-12-06T10:46:55.055+0700] {processor.py:753} INFO - DAG(s) dict_keys(['example_subdag_operator.section-1', 'example_subdag_operator.section-2', 'example_subdag_operator']) retrieved from /opt/anaconda3/lib/python3.8/site-packages/airflow/example_dags/example_subdag_operator.py
[2023-12-06T10:46:55.418+0700] {logging_mixin.py:137} INFO - [2023-12-06T10:46:55.418+0700] {dag.py:2676} INFO - Sync 3 DAGs
[2023-12-06T10:46:55.438+0700] {logging_mixin.py:137} INFO - [2023-12-06T10:46:55.438+0700] {dag.py:3423} INFO - Setting next_dagrun for example_subdag_operator to 2022-01-01T00:00:00+00:00, run_after=2022-01-01T00:00:00+00:00
[2023-12-06T10:46:55.441+0700] {logging_mixin.py:137} INFO - [2023-12-06T10:46:55.441+0700] {dag.py:3423} INFO - Setting next_dagrun for example_subdag_operator.section-1 to None, run_after=None
[2023-12-06T10:46:55.442+0700] {logging_mixin.py:137} INFO - [2023-12-06T10:46:55.442+0700] {dag.py:3423} INFO - Setting next_dagrun for example_subdag_operator.section-2 to None, run_after=None
[2023-12-06T10:46:55.451+0700] {logging_mixin.py:137} INFO - [2023-12-06T10:46:55.451+0700] {dag.py:2676} INFO - Sync 2 DAGs
[2023-12-06T10:46:55.458+0700] {logging_mixin.py:137} INFO - [2023-12-06T10:46:55.458+0700] {dag.py:3423} INFO - Setting next_dagrun for example_subdag_operator.section-1 to None, run_after=None
[2023-12-06T10:46:55.459+0700] {logging_mixin.py:137} INFO - [2023-12-06T10:46:55.459+0700] {dag.py:3423} INFO - Setting next_dagrun for example_subdag_operator.section-2 to None, run_after=None
[2023-12-06T10:46:55.475+0700] {processor.py:175} INFO - Processing /opt/anaconda3/lib/python3.8/site-packages/airflow/example_dags/example_subdag_operator.py took 1.518 seconds
[2023-12-06T10:51:37.893+0700] {processor.py:153} INFO - Started process (PID=11985) to work on /opt/anaconda3/lib/python3.8/site-packages/airflow/example_dags/example_subdag_operator.py
[2023-12-06T10:51:37.894+0700] {processor.py:743} INFO - Processing file /opt/anaconda3/lib/python3.8/site-packages/airflow/example_dags/example_subdag_operator.py for tasks to queue
[2023-12-06T10:51:37.895+0700] {logging_mixin.py:137} INFO - [2023-12-06T10:51:37.895+0700] {dagbag.py:538} INFO - Filling up the DagBag from /opt/anaconda3/lib/python3.8/site-packages/airflow/example_dags/example_subdag_operator.py
[2023-12-06T10:51:38.870+0700] {processor.py:753} INFO - DAG(s) dict_keys(['example_subdag_operator.section-1', 'example_subdag_operator.section-2', 'example_subdag_operator']) retrieved from /opt/anaconda3/lib/python3.8/site-packages/airflow/example_dags/example_subdag_operator.py
[2023-12-06T10:51:39.565+0700] {logging_mixin.py:137} INFO - [2023-12-06T10:51:39.564+0700] {dag.py:2676} INFO - Sync 3 DAGs
[2023-12-06T10:51:39.587+0700] {logging_mixin.py:137} INFO - [2023-12-06T10:51:39.587+0700] {dag.py:3423} INFO - Setting next_dagrun for example_subdag_operator to 2022-01-01T00:00:00+00:00, run_after=2022-01-01T00:00:00+00:00
[2023-12-06T10:51:39.591+0700] {logging_mixin.py:137} INFO - [2023-12-06T10:51:39.590+0700] {dag.py:3423} INFO - Setting next_dagrun for example_subdag_operator.section-1 to None, run_after=None
[2023-12-06T10:51:39.593+0700] {logging_mixin.py:137} INFO - [2023-12-06T10:51:39.592+0700] {dag.py:3423} INFO - Setting next_dagrun for example_subdag_operator.section-2 to None, run_after=None
[2023-12-06T10:51:39.602+0700] {logging_mixin.py:137} INFO - [2023-12-06T10:51:39.601+0700] {dag.py:2676} INFO - Sync 2 DAGs
[2023-12-06T10:51:39.610+0700] {logging_mixin.py:137} INFO - [2023-12-06T10:51:39.609+0700] {dag.py:3423} INFO - Setting next_dagrun for example_subdag_operator.section-1 to None, run_after=None
[2023-12-06T10:51:39.611+0700] {logging_mixin.py:137} INFO - [2023-12-06T10:51:39.611+0700] {dag.py:3423} INFO - Setting next_dagrun for example_subdag_operator.section-2 to None, run_after=None
[2023-12-06T10:51:39.628+0700] {processor.py:175} INFO - Processing /opt/anaconda3/lib/python3.8/site-packages/airflow/example_dags/example_subdag_operator.py took 1.736 seconds
[2023-12-06T10:54:15.899+0700] {processor.py:153} INFO - Started process (PID=13674) to work on /opt/anaconda3/lib/python3.8/site-packages/airflow/example_dags/example_subdag_operator.py
[2023-12-06T10:54:15.907+0700] {processor.py:743} INFO - Processing file /opt/anaconda3/lib/python3.8/site-packages/airflow/example_dags/example_subdag_operator.py for tasks to queue
[2023-12-06T10:54:15.911+0700] {logging_mixin.py:137} INFO - [2023-12-06T10:54:15.909+0700] {dagbag.py:538} INFO - Filling up the DagBag from /opt/anaconda3/lib/python3.8/site-packages/airflow/example_dags/example_subdag_operator.py
[2023-12-06T10:54:17.452+0700] {processor.py:753} INFO - DAG(s) dict_keys(['example_subdag_operator.section-1', 'example_subdag_operator.section-2', 'example_subdag_operator']) retrieved from /opt/anaconda3/lib/python3.8/site-packages/airflow/example_dags/example_subdag_operator.py
[2023-12-06T10:54:18.424+0700] {logging_mixin.py:137} INFO - [2023-12-06T10:54:18.423+0700] {dag.py:2676} INFO - Sync 3 DAGs
[2023-12-06T10:54:18.456+0700] {logging_mixin.py:137} INFO - [2023-12-06T10:54:18.456+0700] {dag.py:3423} INFO - Setting next_dagrun for example_subdag_operator to 2022-01-01T00:00:00+00:00, run_after=2022-01-01T00:00:00+00:00
[2023-12-06T10:54:18.462+0700] {logging_mixin.py:137} INFO - [2023-12-06T10:54:18.462+0700] {dag.py:3423} INFO - Setting next_dagrun for example_subdag_operator.section-1 to None, run_after=None
[2023-12-06T10:54:18.464+0700] {logging_mixin.py:137} INFO - [2023-12-06T10:54:18.464+0700] {dag.py:3423} INFO - Setting next_dagrun for example_subdag_operator.section-2 to None, run_after=None
[2023-12-06T10:54:18.478+0700] {logging_mixin.py:137} INFO - [2023-12-06T10:54:18.477+0700] {dag.py:2676} INFO - Sync 2 DAGs
[2023-12-06T10:54:18.491+0700] {logging_mixin.py:137} INFO - [2023-12-06T10:54:18.490+0700] {dag.py:3423} INFO - Setting next_dagrun for example_subdag_operator.section-1 to None, run_after=None
[2023-12-06T10:54:18.491+0700] {logging_mixin.py:137} INFO - [2023-12-06T10:54:18.491+0700] {dag.py:3423} INFO - Setting next_dagrun for example_subdag_operator.section-2 to None, run_after=None
[2023-12-06T10:54:18.534+0700] {processor.py:175} INFO - Processing /opt/anaconda3/lib/python3.8/site-packages/airflow/example_dags/example_subdag_operator.py took 2.636 seconds
[2023-12-06T10:57:29.283+0700] {processor.py:153} INFO - Started process (PID=15735) to work on /opt/anaconda3/lib/python3.8/site-packages/airflow/example_dags/example_subdag_operator.py
[2023-12-06T10:57:29.284+0700] {processor.py:743} INFO - Processing file /opt/anaconda3/lib/python3.8/site-packages/airflow/example_dags/example_subdag_operator.py for tasks to queue
[2023-12-06T10:57:29.285+0700] {logging_mixin.py:137} INFO - [2023-12-06T10:57:29.285+0700] {dagbag.py:538} INFO - Filling up the DagBag from /opt/anaconda3/lib/python3.8/site-packages/airflow/example_dags/example_subdag_operator.py
[2023-12-06T10:57:31.148+0700] {processor.py:753} INFO - DAG(s) dict_keys(['example_subdag_operator.section-1', 'example_subdag_operator.section-2', 'example_subdag_operator']) retrieved from /opt/anaconda3/lib/python3.8/site-packages/airflow/example_dags/example_subdag_operator.py
[2023-12-06T10:57:32.111+0700] {logging_mixin.py:137} INFO - [2023-12-06T10:57:32.110+0700] {dag.py:2676} INFO - Sync 3 DAGs
[2023-12-06T10:57:32.154+0700] {logging_mixin.py:137} INFO - [2023-12-06T10:57:32.154+0700] {dag.py:3423} INFO - Setting next_dagrun for example_subdag_operator to 2022-01-01T00:00:00+00:00, run_after=2022-01-01T00:00:00+00:00
[2023-12-06T10:57:32.161+0700] {logging_mixin.py:137} INFO - [2023-12-06T10:57:32.160+0700] {dag.py:3423} INFO - Setting next_dagrun for example_subdag_operator.section-1 to None, run_after=None
[2023-12-06T10:57:32.163+0700] {logging_mixin.py:137} INFO - [2023-12-06T10:57:32.163+0700] {dag.py:3423} INFO - Setting next_dagrun for example_subdag_operator.section-2 to None, run_after=None
[2023-12-06T10:57:32.180+0700] {logging_mixin.py:137} INFO - [2023-12-06T10:57:32.179+0700] {dag.py:2676} INFO - Sync 2 DAGs
[2023-12-06T10:57:32.190+0700] {logging_mixin.py:137} INFO - [2023-12-06T10:57:32.190+0700] {dag.py:3423} INFO - Setting next_dagrun for example_subdag_operator.section-1 to None, run_after=None
[2023-12-06T10:57:32.191+0700] {logging_mixin.py:137} INFO - [2023-12-06T10:57:32.191+0700] {dag.py:3423} INFO - Setting next_dagrun for example_subdag_operator.section-2 to None, run_after=None
[2023-12-06T10:57:32.235+0700] {processor.py:175} INFO - Processing /opt/anaconda3/lib/python3.8/site-packages/airflow/example_dags/example_subdag_operator.py took 2.953 seconds
[2023-12-06T11:02:48.203+0700] {processor.py:153} INFO - Started process (PID=19145) to work on /opt/anaconda3/lib/python3.8/site-packages/airflow/example_dags/example_subdag_operator.py
[2023-12-06T11:02:48.204+0700] {processor.py:743} INFO - Processing file /opt/anaconda3/lib/python3.8/site-packages/airflow/example_dags/example_subdag_operator.py for tasks to queue
[2023-12-06T11:02:48.205+0700] {logging_mixin.py:137} INFO - [2023-12-06T11:02:48.205+0700] {dagbag.py:538} INFO - Filling up the DagBag from /opt/anaconda3/lib/python3.8/site-packages/airflow/example_dags/example_subdag_operator.py
[2023-12-06T11:02:49.216+0700] {processor.py:753} INFO - DAG(s) dict_keys(['example_subdag_operator.section-1', 'example_subdag_operator.section-2', 'example_subdag_operator']) retrieved from /opt/anaconda3/lib/python3.8/site-packages/airflow/example_dags/example_subdag_operator.py
[2023-12-06T11:02:49.500+0700] {logging_mixin.py:137} INFO - [2023-12-06T11:02:49.500+0700] {dag.py:2676} INFO - Sync 3 DAGs
[2023-12-06T11:02:49.526+0700] {logging_mixin.py:137} INFO - [2023-12-06T11:02:49.525+0700] {dag.py:3423} INFO - Setting next_dagrun for example_subdag_operator to 2022-01-01T00:00:00+00:00, run_after=2022-01-01T00:00:00+00:00
[2023-12-06T11:02:49.528+0700] {logging_mixin.py:137} INFO - [2023-12-06T11:02:49.528+0700] {dag.py:3423} INFO - Setting next_dagrun for example_subdag_operator.section-1 to None, run_after=None
[2023-12-06T11:02:49.529+0700] {logging_mixin.py:137} INFO - [2023-12-06T11:02:49.529+0700] {dag.py:3423} INFO - Setting next_dagrun for example_subdag_operator.section-2 to None, run_after=None
[2023-12-06T11:02:49.537+0700] {logging_mixin.py:137} INFO - [2023-12-06T11:02:49.536+0700] {dag.py:2676} INFO - Sync 2 DAGs
[2023-12-06T11:02:49.542+0700] {logging_mixin.py:137} INFO - [2023-12-06T11:02:49.542+0700] {dag.py:3423} INFO - Setting next_dagrun for example_subdag_operator.section-1 to None, run_after=None
[2023-12-06T11:02:49.543+0700] {logging_mixin.py:137} INFO - [2023-12-06T11:02:49.542+0700] {dag.py:3423} INFO - Setting next_dagrun for example_subdag_operator.section-2 to None, run_after=None
[2023-12-06T11:02:49.559+0700] {processor.py:175} INFO - Processing /opt/anaconda3/lib/python3.8/site-packages/airflow/example_dags/example_subdag_operator.py took 1.357 seconds
[2023-12-06T11:06:39.523+0700] {processor.py:153} INFO - Started process (PID=21651) to work on /opt/anaconda3/lib/python3.8/site-packages/airflow/example_dags/example_subdag_operator.py
[2023-12-06T11:06:39.525+0700] {processor.py:743} INFO - Processing file /opt/anaconda3/lib/python3.8/site-packages/airflow/example_dags/example_subdag_operator.py for tasks to queue
[2023-12-06T11:06:39.526+0700] {logging_mixin.py:137} INFO - [2023-12-06T11:06:39.526+0700] {dagbag.py:538} INFO - Filling up the DagBag from /opt/anaconda3/lib/python3.8/site-packages/airflow/example_dags/example_subdag_operator.py
[2023-12-06T11:06:40.660+0700] {processor.py:753} INFO - DAG(s) dict_keys(['example_subdag_operator.section-1', 'example_subdag_operator.section-2', 'example_subdag_operator']) retrieved from /opt/anaconda3/lib/python3.8/site-packages/airflow/example_dags/example_subdag_operator.py
[2023-12-06T11:06:40.963+0700] {logging_mixin.py:137} INFO - [2023-12-06T11:06:40.963+0700] {dag.py:2676} INFO - Sync 3 DAGs
[2023-12-06T11:06:40.990+0700] {logging_mixin.py:137} INFO - [2023-12-06T11:06:40.990+0700] {dag.py:3423} INFO - Setting next_dagrun for example_subdag_operator to 2022-01-01T00:00:00+00:00, run_after=2022-01-01T00:00:00+00:00
[2023-12-06T11:06:40.993+0700] {logging_mixin.py:137} INFO - [2023-12-06T11:06:40.993+0700] {dag.py:3423} INFO - Setting next_dagrun for example_subdag_operator.section-1 to None, run_after=None
[2023-12-06T11:06:40.994+0700] {logging_mixin.py:137} INFO - [2023-12-06T11:06:40.994+0700] {dag.py:3423} INFO - Setting next_dagrun for example_subdag_operator.section-2 to None, run_after=None
[2023-12-06T11:06:41.004+0700] {logging_mixin.py:137} INFO - [2023-12-06T11:06:41.003+0700] {dag.py:2676} INFO - Sync 2 DAGs
[2023-12-06T11:06:41.008+0700] {logging_mixin.py:137} INFO - [2023-12-06T11:06:41.008+0700] {dag.py:3423} INFO - Setting next_dagrun for example_subdag_operator.section-1 to None, run_after=None
[2023-12-06T11:06:41.009+0700] {logging_mixin.py:137} INFO - [2023-12-06T11:06:41.008+0700] {dag.py:3423} INFO - Setting next_dagrun for example_subdag_operator.section-2 to None, run_after=None
[2023-12-06T11:06:41.029+0700] {processor.py:175} INFO - Processing /opt/anaconda3/lib/python3.8/site-packages/airflow/example_dags/example_subdag_operator.py took 1.507 seconds
[2023-12-06T11:10:01.770+0700] {processor.py:153} INFO - Started process (PID=23901) to work on /opt/anaconda3/lib/python3.8/site-packages/airflow/example_dags/example_subdag_operator.py
[2023-12-06T11:10:01.772+0700] {processor.py:743} INFO - Processing file /opt/anaconda3/lib/python3.8/site-packages/airflow/example_dags/example_subdag_operator.py for tasks to queue
[2023-12-06T11:10:01.773+0700] {logging_mixin.py:137} INFO - [2023-12-06T11:10:01.773+0700] {dagbag.py:538} INFO - Filling up the DagBag from /opt/anaconda3/lib/python3.8/site-packages/airflow/example_dags/example_subdag_operator.py
[2023-12-06T11:10:02.983+0700] {processor.py:753} INFO - DAG(s) dict_keys(['example_subdag_operator.section-1', 'example_subdag_operator.section-2', 'example_subdag_operator']) retrieved from /opt/anaconda3/lib/python3.8/site-packages/airflow/example_dags/example_subdag_operator.py
[2023-12-06T11:10:03.550+0700] {logging_mixin.py:137} INFO - [2023-12-06T11:10:03.550+0700] {dag.py:2676} INFO - Sync 3 DAGs
[2023-12-06T11:10:03.584+0700] {logging_mixin.py:137} INFO - [2023-12-06T11:10:03.584+0700] {dag.py:3423} INFO - Setting next_dagrun for example_subdag_operator to 2022-01-01T00:00:00+00:00, run_after=2022-01-01T00:00:00+00:00
[2023-12-06T11:10:03.588+0700] {logging_mixin.py:137} INFO - [2023-12-06T11:10:03.587+0700] {dag.py:3423} INFO - Setting next_dagrun for example_subdag_operator.section-1 to None, run_after=None
[2023-12-06T11:10:03.589+0700] {logging_mixin.py:137} INFO - [2023-12-06T11:10:03.589+0700] {dag.py:3423} INFO - Setting next_dagrun for example_subdag_operator.section-2 to None, run_after=None
[2023-12-06T11:10:03.600+0700] {logging_mixin.py:137} INFO - [2023-12-06T11:10:03.599+0700] {dag.py:2676} INFO - Sync 2 DAGs
[2023-12-06T11:10:03.605+0700] {logging_mixin.py:137} INFO - [2023-12-06T11:10:03.605+0700] {dag.py:3423} INFO - Setting next_dagrun for example_subdag_operator.section-1 to None, run_after=None
[2023-12-06T11:10:03.605+0700] {logging_mixin.py:137} INFO - [2023-12-06T11:10:03.605+0700] {dag.py:3423} INFO - Setting next_dagrun for example_subdag_operator.section-2 to None, run_after=None
[2023-12-06T11:10:03.634+0700] {processor.py:175} INFO - Processing /opt/anaconda3/lib/python3.8/site-packages/airflow/example_dags/example_subdag_operator.py took 1.864 seconds
[2023-12-06T11:14:06.629+0700] {processor.py:153} INFO - Started process (PID=26550) to work on /opt/anaconda3/lib/python3.8/site-packages/airflow/example_dags/example_subdag_operator.py
[2023-12-06T11:14:06.633+0700] {processor.py:743} INFO - Processing file /opt/anaconda3/lib/python3.8/site-packages/airflow/example_dags/example_subdag_operator.py for tasks to queue
[2023-12-06T11:14:06.635+0700] {logging_mixin.py:137} INFO - [2023-12-06T11:14:06.634+0700] {dagbag.py:538} INFO - Filling up the DagBag from /opt/anaconda3/lib/python3.8/site-packages/airflow/example_dags/example_subdag_operator.py
[2023-12-06T11:14:07.719+0700] {processor.py:753} INFO - DAG(s) dict_keys(['example_subdag_operator.section-1', 'example_subdag_operator.section-2', 'example_subdag_operator']) retrieved from /opt/anaconda3/lib/python3.8/site-packages/airflow/example_dags/example_subdag_operator.py
[2023-12-06T11:14:08.114+0700] {logging_mixin.py:137} INFO - [2023-12-06T11:14:08.114+0700] {dag.py:2676} INFO - Sync 3 DAGs
[2023-12-06T11:14:08.141+0700] {logging_mixin.py:137} INFO - [2023-12-06T11:14:08.141+0700] {dag.py:3423} INFO - Setting next_dagrun for example_subdag_operator to 2022-01-01T00:00:00+00:00, run_after=2022-01-01T00:00:00+00:00
[2023-12-06T11:14:08.145+0700] {logging_mixin.py:137} INFO - [2023-12-06T11:14:08.145+0700] {dag.py:3423} INFO - Setting next_dagrun for example_subdag_operator.section-1 to None, run_after=None
[2023-12-06T11:14:08.146+0700] {logging_mixin.py:137} INFO - [2023-12-06T11:14:08.146+0700] {dag.py:3423} INFO - Setting next_dagrun for example_subdag_operator.section-2 to None, run_after=None
[2023-12-06T11:14:08.153+0700] {logging_mixin.py:137} INFO - [2023-12-06T11:14:08.153+0700] {dag.py:2676} INFO - Sync 2 DAGs
[2023-12-06T11:14:08.158+0700] {logging_mixin.py:137} INFO - [2023-12-06T11:14:08.158+0700] {dag.py:3423} INFO - Setting next_dagrun for example_subdag_operator.section-1 to None, run_after=None
[2023-12-06T11:14:08.158+0700] {logging_mixin.py:137} INFO - [2023-12-06T11:14:08.158+0700] {dag.py:3423} INFO - Setting next_dagrun for example_subdag_operator.section-2 to None, run_after=None
[2023-12-06T11:14:08.176+0700] {processor.py:175} INFO - Processing /opt/anaconda3/lib/python3.8/site-packages/airflow/example_dags/example_subdag_operator.py took 1.550 seconds
[2023-12-06T11:18:09.263+0700] {processor.py:153} INFO - Started process (PID=29152) to work on /opt/anaconda3/lib/python3.8/site-packages/airflow/example_dags/example_subdag_operator.py
[2023-12-06T11:18:09.264+0700] {processor.py:743} INFO - Processing file /opt/anaconda3/lib/python3.8/site-packages/airflow/example_dags/example_subdag_operator.py for tasks to queue
[2023-12-06T11:18:09.265+0700] {logging_mixin.py:137} INFO - [2023-12-06T11:18:09.265+0700] {dagbag.py:538} INFO - Filling up the DagBag from /opt/anaconda3/lib/python3.8/site-packages/airflow/example_dags/example_subdag_operator.py
[2023-12-06T11:18:10.651+0700] {processor.py:753} INFO - DAG(s) dict_keys(['example_subdag_operator.section-1', 'example_subdag_operator.section-2', 'example_subdag_operator']) retrieved from /opt/anaconda3/lib/python3.8/site-packages/airflow/example_dags/example_subdag_operator.py
[2023-12-06T11:18:11.285+0700] {logging_mixin.py:137} INFO - [2023-12-06T11:18:11.285+0700] {dag.py:2676} INFO - Sync 3 DAGs
[2023-12-06T11:18:11.304+0700] {logging_mixin.py:137} INFO - [2023-12-06T11:18:11.304+0700] {dag.py:3423} INFO - Setting next_dagrun for example_subdag_operator to 2022-01-01T00:00:00+00:00, run_after=2022-01-01T00:00:00+00:00
[2023-12-06T11:18:11.307+0700] {logging_mixin.py:137} INFO - [2023-12-06T11:18:11.306+0700] {dag.py:3423} INFO - Setting next_dagrun for example_subdag_operator.section-1 to None, run_after=None
[2023-12-06T11:18:11.307+0700] {logging_mixin.py:137} INFO - [2023-12-06T11:18:11.307+0700] {dag.py:3423} INFO - Setting next_dagrun for example_subdag_operator.section-2 to None, run_after=None
[2023-12-06T11:18:11.314+0700] {logging_mixin.py:137} INFO - [2023-12-06T11:18:11.314+0700] {dag.py:2676} INFO - Sync 2 DAGs
[2023-12-06T11:18:11.318+0700] {logging_mixin.py:137} INFO - [2023-12-06T11:18:11.318+0700] {dag.py:3423} INFO - Setting next_dagrun for example_subdag_operator.section-1 to None, run_after=None
[2023-12-06T11:18:11.319+0700] {logging_mixin.py:137} INFO - [2023-12-06T11:18:11.319+0700] {dag.py:3423} INFO - Setting next_dagrun for example_subdag_operator.section-2 to None, run_after=None
[2023-12-06T11:18:11.336+0700] {processor.py:175} INFO - Processing /opt/anaconda3/lib/python3.8/site-packages/airflow/example_dags/example_subdag_operator.py took 2.074 seconds
[2023-12-06T11:21:05.746+0700] {processor.py:153} INFO - Started process (PID=31084) to work on /opt/anaconda3/lib/python3.8/site-packages/airflow/example_dags/example_subdag_operator.py
[2023-12-06T11:21:05.748+0700] {processor.py:743} INFO - Processing file /opt/anaconda3/lib/python3.8/site-packages/airflow/example_dags/example_subdag_operator.py for tasks to queue
[2023-12-06T11:21:05.749+0700] {logging_mixin.py:137} INFO - [2023-12-06T11:21:05.748+0700] {dagbag.py:538} INFO - Filling up the DagBag from /opt/anaconda3/lib/python3.8/site-packages/airflow/example_dags/example_subdag_operator.py
[2023-12-06T11:21:08.417+0700] {processor.py:753} INFO - DAG(s) dict_keys(['example_subdag_operator.section-1', 'example_subdag_operator.section-2', 'example_subdag_operator']) retrieved from /opt/anaconda3/lib/python3.8/site-packages/airflow/example_dags/example_subdag_operator.py
[2023-12-06T11:21:09.490+0700] {logging_mixin.py:137} INFO - [2023-12-06T11:21:09.489+0700] {dag.py:2676} INFO - Sync 3 DAGs
[2023-12-06T11:21:09.533+0700] {logging_mixin.py:137} INFO - [2023-12-06T11:21:09.532+0700] {dag.py:3423} INFO - Setting next_dagrun for example_subdag_operator to 2022-01-01T00:00:00+00:00, run_after=2022-01-01T00:00:00+00:00
[2023-12-06T11:21:09.553+0700] {logging_mixin.py:137} INFO - [2023-12-06T11:21:09.553+0700] {dag.py:3423} INFO - Setting next_dagrun for example_subdag_operator.section-1 to None, run_after=None
[2023-12-06T11:21:09.555+0700] {logging_mixin.py:137} INFO - [2023-12-06T11:21:09.555+0700] {dag.py:3423} INFO - Setting next_dagrun for example_subdag_operator.section-2 to None, run_after=None
[2023-12-06T11:21:09.575+0700] {logging_mixin.py:137} INFO - [2023-12-06T11:21:09.575+0700] {dag.py:2676} INFO - Sync 2 DAGs
[2023-12-06T11:21:09.586+0700] {logging_mixin.py:137} INFO - [2023-12-06T11:21:09.586+0700] {dag.py:3423} INFO - Setting next_dagrun for example_subdag_operator.section-1 to None, run_after=None
[2023-12-06T11:21:09.591+0700] {logging_mixin.py:137} INFO - [2023-12-06T11:21:09.591+0700] {dag.py:3423} INFO - Setting next_dagrun for example_subdag_operator.section-2 to None, run_after=None
[2023-12-06T11:21:09.645+0700] {processor.py:175} INFO - Processing /opt/anaconda3/lib/python3.8/site-packages/airflow/example_dags/example_subdag_operator.py took 3.900 seconds
[2023-12-06T11:24:05.180+0700] {processor.py:153} INFO - Started process (PID=33016) to work on /opt/anaconda3/lib/python3.8/site-packages/airflow/example_dags/example_subdag_operator.py
[2023-12-06T11:24:05.182+0700] {processor.py:743} INFO - Processing file /opt/anaconda3/lib/python3.8/site-packages/airflow/example_dags/example_subdag_operator.py for tasks to queue
[2023-12-06T11:24:05.183+0700] {logging_mixin.py:137} INFO - [2023-12-06T11:24:05.183+0700] {dagbag.py:538} INFO - Filling up the DagBag from /opt/anaconda3/lib/python3.8/site-packages/airflow/example_dags/example_subdag_operator.py
[2023-12-06T11:24:06.181+0700] {processor.py:753} INFO - DAG(s) dict_keys(['example_subdag_operator.section-1', 'example_subdag_operator.section-2', 'example_subdag_operator']) retrieved from /opt/anaconda3/lib/python3.8/site-packages/airflow/example_dags/example_subdag_operator.py
[2023-12-06T11:24:06.476+0700] {logging_mixin.py:137} INFO - [2023-12-06T11:24:06.476+0700] {dag.py:2676} INFO - Sync 3 DAGs
[2023-12-06T11:24:06.499+0700] {logging_mixin.py:137} INFO - [2023-12-06T11:24:06.499+0700] {dag.py:3423} INFO - Setting next_dagrun for example_subdag_operator to 2022-01-01T00:00:00+00:00, run_after=2022-01-01T00:00:00+00:00
[2023-12-06T11:24:06.502+0700] {logging_mixin.py:137} INFO - [2023-12-06T11:24:06.502+0700] {dag.py:3423} INFO - Setting next_dagrun for example_subdag_operator.section-1 to None, run_after=None
[2023-12-06T11:24:06.504+0700] {logging_mixin.py:137} INFO - [2023-12-06T11:24:06.504+0700] {dag.py:3423} INFO - Setting next_dagrun for example_subdag_operator.section-2 to None, run_after=None
[2023-12-06T11:24:06.512+0700] {logging_mixin.py:137} INFO - [2023-12-06T11:24:06.512+0700] {dag.py:2676} INFO - Sync 2 DAGs
[2023-12-06T11:24:06.518+0700] {logging_mixin.py:137} INFO - [2023-12-06T11:24:06.517+0700] {dag.py:3423} INFO - Setting next_dagrun for example_subdag_operator.section-1 to None, run_after=None
[2023-12-06T11:24:06.519+0700] {logging_mixin.py:137} INFO - [2023-12-06T11:24:06.518+0700] {dag.py:3423} INFO - Setting next_dagrun for example_subdag_operator.section-2 to None, run_after=None
[2023-12-06T11:24:06.544+0700] {processor.py:175} INFO - Processing /opt/anaconda3/lib/python3.8/site-packages/airflow/example_dags/example_subdag_operator.py took 1.364 seconds
[2023-12-06T11:26:56.676+0700] {processor.py:153} INFO - Started process (PID=34819) to work on /opt/anaconda3/lib/python3.8/site-packages/airflow/example_dags/example_subdag_operator.py
[2023-12-06T11:26:56.678+0700] {processor.py:743} INFO - Processing file /opt/anaconda3/lib/python3.8/site-packages/airflow/example_dags/example_subdag_operator.py for tasks to queue
[2023-12-06T11:26:56.680+0700] {logging_mixin.py:137} INFO - [2023-12-06T11:26:56.680+0700] {dagbag.py:538} INFO - Filling up the DagBag from /opt/anaconda3/lib/python3.8/site-packages/airflow/example_dags/example_subdag_operator.py
[2023-12-06T11:26:57.683+0700] {processor.py:753} INFO - DAG(s) dict_keys(['example_subdag_operator.section-1', 'example_subdag_operator.section-2', 'example_subdag_operator']) retrieved from /opt/anaconda3/lib/python3.8/site-packages/airflow/example_dags/example_subdag_operator.py
[2023-12-06T11:26:58.571+0700] {logging_mixin.py:137} INFO - [2023-12-06T11:26:58.571+0700] {dag.py:2676} INFO - Sync 3 DAGs
[2023-12-06T11:26:58.592+0700] {logging_mixin.py:137} INFO - [2023-12-06T11:26:58.592+0700] {dag.py:3423} INFO - Setting next_dagrun for example_subdag_operator to 2022-01-01T00:00:00+00:00, run_after=2022-01-01T00:00:00+00:00
[2023-12-06T11:26:58.595+0700] {logging_mixin.py:137} INFO - [2023-12-06T11:26:58.595+0700] {dag.py:3423} INFO - Setting next_dagrun for example_subdag_operator.section-1 to None, run_after=None
[2023-12-06T11:26:58.596+0700] {logging_mixin.py:137} INFO - [2023-12-06T11:26:58.596+0700] {dag.py:3423} INFO - Setting next_dagrun for example_subdag_operator.section-2 to None, run_after=None
[2023-12-06T11:26:58.604+0700] {logging_mixin.py:137} INFO - [2023-12-06T11:26:58.603+0700] {dag.py:2676} INFO - Sync 2 DAGs
[2023-12-06T11:26:58.608+0700] {logging_mixin.py:137} INFO - [2023-12-06T11:26:58.608+0700] {dag.py:3423} INFO - Setting next_dagrun for example_subdag_operator.section-1 to None, run_after=None
[2023-12-06T11:26:58.608+0700] {logging_mixin.py:137} INFO - [2023-12-06T11:26:58.608+0700] {dag.py:3423} INFO - Setting next_dagrun for example_subdag_operator.section-2 to None, run_after=None
[2023-12-06T11:26:58.620+0700] {processor.py:175} INFO - Processing /opt/anaconda3/lib/python3.8/site-packages/airflow/example_dags/example_subdag_operator.py took 1.945 seconds
[2023-12-06T11:30:00.458+0700] {processor.py:153} INFO - Started process (PID=36748) to work on /opt/anaconda3/lib/python3.8/site-packages/airflow/example_dags/example_subdag_operator.py
[2023-12-06T11:30:00.460+0700] {processor.py:743} INFO - Processing file /opt/anaconda3/lib/python3.8/site-packages/airflow/example_dags/example_subdag_operator.py for tasks to queue
[2023-12-06T11:30:00.461+0700] {logging_mixin.py:137} INFO - [2023-12-06T11:30:00.461+0700] {dagbag.py:538} INFO - Filling up the DagBag from /opt/anaconda3/lib/python3.8/site-packages/airflow/example_dags/example_subdag_operator.py
[2023-12-06T11:30:01.607+0700] {processor.py:753} INFO - DAG(s) dict_keys(['example_subdag_operator.section-1', 'example_subdag_operator.section-2', 'example_subdag_operator']) retrieved from /opt/anaconda3/lib/python3.8/site-packages/airflow/example_dags/example_subdag_operator.py
[2023-12-06T11:30:02.034+0700] {logging_mixin.py:137} INFO - [2023-12-06T11:30:02.034+0700] {dag.py:2676} INFO - Sync 3 DAGs
[2023-12-06T11:30:02.057+0700] {logging_mixin.py:137} INFO - [2023-12-06T11:30:02.057+0700] {dag.py:3423} INFO - Setting next_dagrun for example_subdag_operator to 2022-01-01T00:00:00+00:00, run_after=2022-01-01T00:00:00+00:00
[2023-12-06T11:30:02.059+0700] {logging_mixin.py:137} INFO - [2023-12-06T11:30:02.059+0700] {dag.py:3423} INFO - Setting next_dagrun for example_subdag_operator.section-1 to None, run_after=None
[2023-12-06T11:30:02.060+0700] {logging_mixin.py:137} INFO - [2023-12-06T11:30:02.060+0700] {dag.py:3423} INFO - Setting next_dagrun for example_subdag_operator.section-2 to None, run_after=None
[2023-12-06T11:30:02.068+0700] {logging_mixin.py:137} INFO - [2023-12-06T11:30:02.068+0700] {dag.py:2676} INFO - Sync 2 DAGs
[2023-12-06T11:30:02.073+0700] {logging_mixin.py:137} INFO - [2023-12-06T11:30:02.073+0700] {dag.py:3423} INFO - Setting next_dagrun for example_subdag_operator.section-1 to None, run_after=None
[2023-12-06T11:30:02.073+0700] {logging_mixin.py:137} INFO - [2023-12-06T11:30:02.073+0700] {dag.py:3423} INFO - Setting next_dagrun for example_subdag_operator.section-2 to None, run_after=None
[2023-12-06T11:30:02.089+0700] {processor.py:175} INFO - Processing /opt/anaconda3/lib/python3.8/site-packages/airflow/example_dags/example_subdag_operator.py took 1.634 seconds
[2023-12-06T11:33:23.174+0700] {processor.py:153} INFO - Started process (PID=38895) to work on /opt/anaconda3/lib/python3.8/site-packages/airflow/example_dags/example_subdag_operator.py
[2023-12-06T11:33:23.176+0700] {processor.py:743} INFO - Processing file /opt/anaconda3/lib/python3.8/site-packages/airflow/example_dags/example_subdag_operator.py for tasks to queue
[2023-12-06T11:33:23.177+0700] {logging_mixin.py:137} INFO - [2023-12-06T11:33:23.177+0700] {dagbag.py:538} INFO - Filling up the DagBag from /opt/anaconda3/lib/python3.8/site-packages/airflow/example_dags/example_subdag_operator.py
[2023-12-06T11:33:24.350+0700] {processor.py:753} INFO - DAG(s) dict_keys(['example_subdag_operator.section-1', 'example_subdag_operator.section-2', 'example_subdag_operator']) retrieved from /opt/anaconda3/lib/python3.8/site-packages/airflow/example_dags/example_subdag_operator.py
[2023-12-06T11:33:24.713+0700] {logging_mixin.py:137} INFO - [2023-12-06T11:33:24.713+0700] {dag.py:2676} INFO - Sync 3 DAGs
[2023-12-06T11:33:24.742+0700] {logging_mixin.py:137} INFO - [2023-12-06T11:33:24.741+0700] {dag.py:3423} INFO - Setting next_dagrun for example_subdag_operator to 2022-01-01T00:00:00+00:00, run_after=2022-01-01T00:00:00+00:00
[2023-12-06T11:33:24.747+0700] {logging_mixin.py:137} INFO - [2023-12-06T11:33:24.747+0700] {dag.py:3423} INFO - Setting next_dagrun for example_subdag_operator.section-1 to None, run_after=None
[2023-12-06T11:33:24.749+0700] {logging_mixin.py:137} INFO - [2023-12-06T11:33:24.749+0700] {dag.py:3423} INFO - Setting next_dagrun for example_subdag_operator.section-2 to None, run_after=None
[2023-12-06T11:33:24.759+0700] {logging_mixin.py:137} INFO - [2023-12-06T11:33:24.759+0700] {dag.py:2676} INFO - Sync 2 DAGs
[2023-12-06T11:33:24.764+0700] {logging_mixin.py:137} INFO - [2023-12-06T11:33:24.764+0700] {dag.py:3423} INFO - Setting next_dagrun for example_subdag_operator.section-1 to None, run_after=None
[2023-12-06T11:33:24.765+0700] {logging_mixin.py:137} INFO - [2023-12-06T11:33:24.764+0700] {dag.py:3423} INFO - Setting next_dagrun for example_subdag_operator.section-2 to None, run_after=None
[2023-12-06T11:33:24.782+0700] {processor.py:175} INFO - Processing /opt/anaconda3/lib/python3.8/site-packages/airflow/example_dags/example_subdag_operator.py took 1.609 seconds
[2023-12-06T11:39:04.831+0700] {processor.py:153} INFO - Started process (PID=42636) to work on /opt/anaconda3/lib/python3.8/site-packages/airflow/example_dags/example_subdag_operator.py
[2023-12-06T11:39:04.832+0700] {processor.py:743} INFO - Processing file /opt/anaconda3/lib/python3.8/site-packages/airflow/example_dags/example_subdag_operator.py for tasks to queue
[2023-12-06T11:39:04.834+0700] {logging_mixin.py:137} INFO - [2023-12-06T11:39:04.833+0700] {dagbag.py:538} INFO - Filling up the DagBag from /opt/anaconda3/lib/python3.8/site-packages/airflow/example_dags/example_subdag_operator.py
[2023-12-06T11:39:08.749+0700] {processor.py:753} INFO - DAG(s) dict_keys(['example_subdag_operator.section-1', 'example_subdag_operator.section-2', 'example_subdag_operator']) retrieved from /opt/anaconda3/lib/python3.8/site-packages/airflow/example_dags/example_subdag_operator.py
[2023-12-06T11:39:11.400+0700] {logging_mixin.py:137} INFO - [2023-12-06T11:39:11.399+0700] {dag.py:2676} INFO - Sync 3 DAGs
[2023-12-06T11:39:11.430+0700] {logging_mixin.py:137} INFO - [2023-12-06T11:39:11.429+0700] {dag.py:3423} INFO - Setting next_dagrun for example_subdag_operator to 2022-01-01T00:00:00+00:00, run_after=2022-01-01T00:00:00+00:00
[2023-12-06T11:39:11.435+0700] {logging_mixin.py:137} INFO - [2023-12-06T11:39:11.435+0700] {dag.py:3423} INFO - Setting next_dagrun for example_subdag_operator.section-1 to None, run_after=None
[2023-12-06T11:39:11.436+0700] {logging_mixin.py:137} INFO - [2023-12-06T11:39:11.436+0700] {dag.py:3423} INFO - Setting next_dagrun for example_subdag_operator.section-2 to None, run_after=None
[2023-12-06T11:39:11.445+0700] {logging_mixin.py:137} INFO - [2023-12-06T11:39:11.445+0700] {dag.py:2676} INFO - Sync 2 DAGs
[2023-12-06T11:39:11.454+0700] {logging_mixin.py:137} INFO - [2023-12-06T11:39:11.454+0700] {dag.py:3423} INFO - Setting next_dagrun for example_subdag_operator.section-1 to None, run_after=None
[2023-12-06T11:39:11.455+0700] {logging_mixin.py:137} INFO - [2023-12-06T11:39:11.455+0700] {dag.py:3423} INFO - Setting next_dagrun for example_subdag_operator.section-2 to None, run_after=None
[2023-12-06T11:39:11.473+0700] {processor.py:175} INFO - Processing /opt/anaconda3/lib/python3.8/site-packages/airflow/example_dags/example_subdag_operator.py took 6.643 seconds
[2023-12-06T11:42:26.878+0700] {processor.py:153} INFO - Started process (PID=44793) to work on /opt/anaconda3/lib/python3.8/site-packages/airflow/example_dags/example_subdag_operator.py
[2023-12-06T11:42:26.880+0700] {processor.py:743} INFO - Processing file /opt/anaconda3/lib/python3.8/site-packages/airflow/example_dags/example_subdag_operator.py for tasks to queue
[2023-12-06T11:42:26.881+0700] {logging_mixin.py:137} INFO - [2023-12-06T11:42:26.881+0700] {dagbag.py:538} INFO - Filling up the DagBag from /opt/anaconda3/lib/python3.8/site-packages/airflow/example_dags/example_subdag_operator.py
[2023-12-06T11:42:28.024+0700] {processor.py:753} INFO - DAG(s) dict_keys(['example_subdag_operator.section-1', 'example_subdag_operator.section-2', 'example_subdag_operator']) retrieved from /opt/anaconda3/lib/python3.8/site-packages/airflow/example_dags/example_subdag_operator.py
[2023-12-06T11:42:29.306+0700] {logging_mixin.py:137} INFO - [2023-12-06T11:42:29.305+0700] {dag.py:2676} INFO - Sync 3 DAGs
[2023-12-06T11:42:29.343+0700] {logging_mixin.py:137} INFO - [2023-12-06T11:42:29.342+0700] {dag.py:3423} INFO - Setting next_dagrun for example_subdag_operator to 2022-01-01T00:00:00+00:00, run_after=2022-01-01T00:00:00+00:00
[2023-12-06T11:42:29.349+0700] {logging_mixin.py:137} INFO - [2023-12-06T11:42:29.349+0700] {dag.py:3423} INFO - Setting next_dagrun for example_subdag_operator.section-1 to None, run_after=None
[2023-12-06T11:42:29.351+0700] {logging_mixin.py:137} INFO - [2023-12-06T11:42:29.351+0700] {dag.py:3423} INFO - Setting next_dagrun for example_subdag_operator.section-2 to None, run_after=None
[2023-12-06T11:42:29.363+0700] {logging_mixin.py:137} INFO - [2023-12-06T11:42:29.363+0700] {dag.py:2676} INFO - Sync 2 DAGs
[2023-12-06T11:42:29.369+0700] {logging_mixin.py:137} INFO - [2023-12-06T11:42:29.369+0700] {dag.py:3423} INFO - Setting next_dagrun for example_subdag_operator.section-1 to None, run_after=None
[2023-12-06T11:42:29.370+0700] {logging_mixin.py:137} INFO - [2023-12-06T11:42:29.370+0700] {dag.py:3423} INFO - Setting next_dagrun for example_subdag_operator.section-2 to None, run_after=None
[2023-12-06T11:42:29.390+0700] {processor.py:175} INFO - Processing /opt/anaconda3/lib/python3.8/site-packages/airflow/example_dags/example_subdag_operator.py took 2.512 seconds
[2023-12-06T11:45:45.543+0700] {processor.py:153} INFO - Started process (PID=46927) to work on /opt/anaconda3/lib/python3.8/site-packages/airflow/example_dags/example_subdag_operator.py
[2023-12-06T11:45:45.545+0700] {processor.py:743} INFO - Processing file /opt/anaconda3/lib/python3.8/site-packages/airflow/example_dags/example_subdag_operator.py for tasks to queue
[2023-12-06T11:45:45.546+0700] {logging_mixin.py:137} INFO - [2023-12-06T11:45:45.546+0700] {dagbag.py:538} INFO - Filling up the DagBag from /opt/anaconda3/lib/python3.8/site-packages/airflow/example_dags/example_subdag_operator.py
[2023-12-06T11:45:46.448+0700] {processor.py:753} INFO - DAG(s) dict_keys(['example_subdag_operator.section-1', 'example_subdag_operator.section-2', 'example_subdag_operator']) retrieved from /opt/anaconda3/lib/python3.8/site-packages/airflow/example_dags/example_subdag_operator.py
[2023-12-06T11:45:47.105+0700] {logging_mixin.py:137} INFO - [2023-12-06T11:45:47.104+0700] {dag.py:2676} INFO - Sync 3 DAGs
[2023-12-06T11:45:47.128+0700] {logging_mixin.py:137} INFO - [2023-12-06T11:45:47.128+0700] {dag.py:3423} INFO - Setting next_dagrun for example_subdag_operator to 2022-01-01T00:00:00+00:00, run_after=2022-01-01T00:00:00+00:00
[2023-12-06T11:45:47.132+0700] {logging_mixin.py:137} INFO - [2023-12-06T11:45:47.132+0700] {dag.py:3423} INFO - Setting next_dagrun for example_subdag_operator.section-1 to None, run_after=None
[2023-12-06T11:45:47.134+0700] {logging_mixin.py:137} INFO - [2023-12-06T11:45:47.134+0700] {dag.py:3423} INFO - Setting next_dagrun for example_subdag_operator.section-2 to None, run_after=None
[2023-12-06T11:45:47.144+0700] {logging_mixin.py:137} INFO - [2023-12-06T11:45:47.143+0700] {dag.py:2676} INFO - Sync 2 DAGs
[2023-12-06T11:45:47.150+0700] {logging_mixin.py:137} INFO - [2023-12-06T11:45:47.149+0700] {dag.py:3423} INFO - Setting next_dagrun for example_subdag_operator.section-1 to None, run_after=None
[2023-12-06T11:45:47.150+0700] {logging_mixin.py:137} INFO - [2023-12-06T11:45:47.150+0700] {dag.py:3423} INFO - Setting next_dagrun for example_subdag_operator.section-2 to None, run_after=None
[2023-12-06T11:45:47.166+0700] {processor.py:175} INFO - Processing /opt/anaconda3/lib/python3.8/site-packages/airflow/example_dags/example_subdag_operator.py took 1.624 seconds
[2023-12-06T11:49:09.470+0700] {processor.py:153} INFO - Started process (PID=49068) to work on /opt/anaconda3/lib/python3.8/site-packages/airflow/example_dags/example_subdag_operator.py
[2023-12-06T11:49:09.472+0700] {processor.py:743} INFO - Processing file /opt/anaconda3/lib/python3.8/site-packages/airflow/example_dags/example_subdag_operator.py for tasks to queue
[2023-12-06T11:49:09.473+0700] {logging_mixin.py:137} INFO - [2023-12-06T11:49:09.472+0700] {dagbag.py:538} INFO - Filling up the DagBag from /opt/anaconda3/lib/python3.8/site-packages/airflow/example_dags/example_subdag_operator.py
[2023-12-06T11:49:10.466+0700] {processor.py:753} INFO - DAG(s) dict_keys(['example_subdag_operator.section-1', 'example_subdag_operator.section-2', 'example_subdag_operator']) retrieved from /opt/anaconda3/lib/python3.8/site-packages/airflow/example_dags/example_subdag_operator.py
[2023-12-06T11:49:11.095+0700] {logging_mixin.py:137} INFO - [2023-12-06T11:49:11.095+0700] {dag.py:2676} INFO - Sync 3 DAGs
[2023-12-06T11:49:11.118+0700] {logging_mixin.py:137} INFO - [2023-12-06T11:49:11.118+0700] {dag.py:3423} INFO - Setting next_dagrun for example_subdag_operator to 2022-01-01T00:00:00+00:00, run_after=2022-01-01T00:00:00+00:00
[2023-12-06T11:49:11.122+0700] {logging_mixin.py:137} INFO - [2023-12-06T11:49:11.121+0700] {dag.py:3423} INFO - Setting next_dagrun for example_subdag_operator.section-1 to None, run_after=None
[2023-12-06T11:49:11.123+0700] {logging_mixin.py:137} INFO - [2023-12-06T11:49:11.123+0700] {dag.py:3423} INFO - Setting next_dagrun for example_subdag_operator.section-2 to None, run_after=None
[2023-12-06T11:49:11.131+0700] {logging_mixin.py:137} INFO - [2023-12-06T11:49:11.131+0700] {dag.py:2676} INFO - Sync 2 DAGs
[2023-12-06T11:49:11.136+0700] {logging_mixin.py:137} INFO - [2023-12-06T11:49:11.135+0700] {dag.py:3423} INFO - Setting next_dagrun for example_subdag_operator.section-1 to None, run_after=None
[2023-12-06T11:49:11.136+0700] {logging_mixin.py:137} INFO - [2023-12-06T11:49:11.136+0700] {dag.py:3423} INFO - Setting next_dagrun for example_subdag_operator.section-2 to None, run_after=None
[2023-12-06T11:49:11.153+0700] {processor.py:175} INFO - Processing /opt/anaconda3/lib/python3.8/site-packages/airflow/example_dags/example_subdag_operator.py took 1.683 seconds
[2023-12-06T11:52:14.679+0700] {processor.py:153} INFO - Started process (PID=51095) to work on /opt/anaconda3/lib/python3.8/site-packages/airflow/example_dags/example_subdag_operator.py
[2023-12-06T11:52:14.681+0700] {processor.py:743} INFO - Processing file /opt/anaconda3/lib/python3.8/site-packages/airflow/example_dags/example_subdag_operator.py for tasks to queue
[2023-12-06T11:52:14.682+0700] {logging_mixin.py:137} INFO - [2023-12-06T11:52:14.682+0700] {dagbag.py:538} INFO - Filling up the DagBag from /opt/anaconda3/lib/python3.8/site-packages/airflow/example_dags/example_subdag_operator.py
[2023-12-06T11:52:16.109+0700] {processor.py:753} INFO - DAG(s) dict_keys(['example_subdag_operator.section-1', 'example_subdag_operator.section-2', 'example_subdag_operator']) retrieved from /opt/anaconda3/lib/python3.8/site-packages/airflow/example_dags/example_subdag_operator.py
[2023-12-06T11:52:16.750+0700] {logging_mixin.py:137} INFO - [2023-12-06T11:52:16.749+0700] {dag.py:2676} INFO - Sync 3 DAGs
[2023-12-06T11:52:16.771+0700] {logging_mixin.py:137} INFO - [2023-12-06T11:52:16.771+0700] {dag.py:3423} INFO - Setting next_dagrun for example_subdag_operator to 2022-01-01T00:00:00+00:00, run_after=2022-01-01T00:00:00+00:00
[2023-12-06T11:52:16.773+0700] {logging_mixin.py:137} INFO - [2023-12-06T11:52:16.773+0700] {dag.py:3423} INFO - Setting next_dagrun for example_subdag_operator.section-1 to None, run_after=None
[2023-12-06T11:52:16.774+0700] {logging_mixin.py:137} INFO - [2023-12-06T11:52:16.774+0700] {dag.py:3423} INFO - Setting next_dagrun for example_subdag_operator.section-2 to None, run_after=None
[2023-12-06T11:52:16.783+0700] {logging_mixin.py:137} INFO - [2023-12-06T11:52:16.783+0700] {dag.py:2676} INFO - Sync 2 DAGs
[2023-12-06T11:52:16.787+0700] {logging_mixin.py:137} INFO - [2023-12-06T11:52:16.787+0700] {dag.py:3423} INFO - Setting next_dagrun for example_subdag_operator.section-1 to None, run_after=None
[2023-12-06T11:52:16.787+0700] {logging_mixin.py:137} INFO - [2023-12-06T11:52:16.787+0700] {dag.py:3423} INFO - Setting next_dagrun for example_subdag_operator.section-2 to None, run_after=None
[2023-12-06T11:52:16.806+0700] {processor.py:175} INFO - Processing /opt/anaconda3/lib/python3.8/site-packages/airflow/example_dags/example_subdag_operator.py took 2.127 seconds
[2023-12-06T11:54:42.940+0700] {processor.py:153} INFO - Started process (PID=52679) to work on /opt/anaconda3/lib/python3.8/site-packages/airflow/example_dags/example_subdag_operator.py
[2023-12-06T11:54:42.942+0700] {processor.py:743} INFO - Processing file /opt/anaconda3/lib/python3.8/site-packages/airflow/example_dags/example_subdag_operator.py for tasks to queue
[2023-12-06T11:54:42.943+0700] {logging_mixin.py:137} INFO - [2023-12-06T11:54:42.943+0700] {dagbag.py:538} INFO - Filling up the DagBag from /opt/anaconda3/lib/python3.8/site-packages/airflow/example_dags/example_subdag_operator.py
[2023-12-06T11:54:44.246+0700] {processor.py:753} INFO - DAG(s) dict_keys(['example_subdag_operator.section-1', 'example_subdag_operator.section-2', 'example_subdag_operator']) retrieved from /opt/anaconda3/lib/python3.8/site-packages/airflow/example_dags/example_subdag_operator.py
[2023-12-06T11:54:44.917+0700] {logging_mixin.py:137} INFO - [2023-12-06T11:54:44.917+0700] {dag.py:2676} INFO - Sync 3 DAGs
[2023-12-06T11:54:44.934+0700] {logging_mixin.py:137} INFO - [2023-12-06T11:54:44.934+0700] {dag.py:3423} INFO - Setting next_dagrun for example_subdag_operator to 2022-01-01T00:00:00+00:00, run_after=2022-01-01T00:00:00+00:00
[2023-12-06T11:54:44.937+0700] {logging_mixin.py:137} INFO - [2023-12-06T11:54:44.937+0700] {dag.py:3423} INFO - Setting next_dagrun for example_subdag_operator.section-1 to None, run_after=None
[2023-12-06T11:54:44.939+0700] {logging_mixin.py:137} INFO - [2023-12-06T11:54:44.938+0700] {dag.py:3423} INFO - Setting next_dagrun for example_subdag_operator.section-2 to None, run_after=None
[2023-12-06T11:54:44.945+0700] {logging_mixin.py:137} INFO - [2023-12-06T11:54:44.945+0700] {dag.py:2676} INFO - Sync 2 DAGs
[2023-12-06T11:54:44.952+0700] {logging_mixin.py:137} INFO - [2023-12-06T11:54:44.952+0700] {dag.py:3423} INFO - Setting next_dagrun for example_subdag_operator.section-1 to None, run_after=None
[2023-12-06T11:54:44.952+0700] {logging_mixin.py:137} INFO - [2023-12-06T11:54:44.952+0700] {dag.py:3423} INFO - Setting next_dagrun for example_subdag_operator.section-2 to None, run_after=None
[2023-12-06T11:54:44.966+0700] {processor.py:175} INFO - Processing /opt/anaconda3/lib/python3.8/site-packages/airflow/example_dags/example_subdag_operator.py took 2.026 seconds
[2023-12-06T11:57:05.068+0700] {processor.py:153} INFO - Started process (PID=54157) to work on /opt/anaconda3/lib/python3.8/site-packages/airflow/example_dags/example_subdag_operator.py
[2023-12-06T11:57:05.070+0700] {processor.py:743} INFO - Processing file /opt/anaconda3/lib/python3.8/site-packages/airflow/example_dags/example_subdag_operator.py for tasks to queue
[2023-12-06T11:57:05.070+0700] {logging_mixin.py:137} INFO - [2023-12-06T11:57:05.070+0700] {dagbag.py:538} INFO - Filling up the DagBag from /opt/anaconda3/lib/python3.8/site-packages/airflow/example_dags/example_subdag_operator.py
[2023-12-06T11:57:06.376+0700] {processor.py:753} INFO - DAG(s) dict_keys(['example_subdag_operator.section-1', 'example_subdag_operator.section-2', 'example_subdag_operator']) retrieved from /opt/anaconda3/lib/python3.8/site-packages/airflow/example_dags/example_subdag_operator.py
[2023-12-06T11:57:07.358+0700] {logging_mixin.py:137} INFO - [2023-12-06T11:57:07.358+0700] {dag.py:2676} INFO - Sync 3 DAGs
[2023-12-06T11:57:07.380+0700] {logging_mixin.py:137} INFO - [2023-12-06T11:57:07.380+0700] {dag.py:3423} INFO - Setting next_dagrun for example_subdag_operator to 2022-01-01T00:00:00+00:00, run_after=2022-01-01T00:00:00+00:00
[2023-12-06T11:57:07.384+0700] {logging_mixin.py:137} INFO - [2023-12-06T11:57:07.383+0700] {dag.py:3423} INFO - Setting next_dagrun for example_subdag_operator.section-1 to None, run_after=None
[2023-12-06T11:57:07.385+0700] {logging_mixin.py:137} INFO - [2023-12-06T11:57:07.385+0700] {dag.py:3423} INFO - Setting next_dagrun for example_subdag_operator.section-2 to None, run_after=None
[2023-12-06T11:57:07.393+0700] {logging_mixin.py:137} INFO - [2023-12-06T11:57:07.393+0700] {dag.py:2676} INFO - Sync 2 DAGs
[2023-12-06T11:57:07.399+0700] {logging_mixin.py:137} INFO - [2023-12-06T11:57:07.399+0700] {dag.py:3423} INFO - Setting next_dagrun for example_subdag_operator.section-1 to None, run_after=None
[2023-12-06T11:57:07.400+0700] {logging_mixin.py:137} INFO - [2023-12-06T11:57:07.399+0700] {dag.py:3423} INFO - Setting next_dagrun for example_subdag_operator.section-2 to None, run_after=None
[2023-12-06T11:57:07.417+0700] {processor.py:175} INFO - Processing /opt/anaconda3/lib/python3.8/site-packages/airflow/example_dags/example_subdag_operator.py took 2.349 seconds
[2023-12-06T11:59:29.025+0700] {processor.py:153} INFO - Started process (PID=55744) to work on /opt/anaconda3/lib/python3.8/site-packages/airflow/example_dags/example_subdag_operator.py
[2023-12-06T11:59:29.027+0700] {processor.py:743} INFO - Processing file /opt/anaconda3/lib/python3.8/site-packages/airflow/example_dags/example_subdag_operator.py for tasks to queue
[2023-12-06T11:59:29.028+0700] {logging_mixin.py:137} INFO - [2023-12-06T11:59:29.027+0700] {dagbag.py:538} INFO - Filling up the DagBag from /opt/anaconda3/lib/python3.8/site-packages/airflow/example_dags/example_subdag_operator.py
[2023-12-06T11:59:29.781+0700] {processor.py:753} INFO - DAG(s) dict_keys(['example_subdag_operator.section-1', 'example_subdag_operator.section-2', 'example_subdag_operator']) retrieved from /opt/anaconda3/lib/python3.8/site-packages/airflow/example_dags/example_subdag_operator.py
[2023-12-06T11:59:30.011+0700] {logging_mixin.py:137} INFO - [2023-12-06T11:59:30.011+0700] {dag.py:2676} INFO - Sync 3 DAGs
[2023-12-06T11:59:30.028+0700] {logging_mixin.py:137} INFO - [2023-12-06T11:59:30.028+0700] {dag.py:3423} INFO - Setting next_dagrun for example_subdag_operator to 2022-01-01T00:00:00+00:00, run_after=2022-01-01T00:00:00+00:00
[2023-12-06T11:59:30.030+0700] {logging_mixin.py:137} INFO - [2023-12-06T11:59:30.030+0700] {dag.py:3423} INFO - Setting next_dagrun for example_subdag_operator.section-1 to None, run_after=None
[2023-12-06T11:59:30.031+0700] {logging_mixin.py:137} INFO - [2023-12-06T11:59:30.031+0700] {dag.py:3423} INFO - Setting next_dagrun for example_subdag_operator.section-2 to None, run_after=None
[2023-12-06T11:59:30.038+0700] {logging_mixin.py:137} INFO - [2023-12-06T11:59:30.037+0700] {dag.py:2676} INFO - Sync 2 DAGs
[2023-12-06T11:59:30.042+0700] {logging_mixin.py:137} INFO - [2023-12-06T11:59:30.041+0700] {dag.py:3423} INFO - Setting next_dagrun for example_subdag_operator.section-1 to None, run_after=None
[2023-12-06T11:59:30.042+0700] {logging_mixin.py:137} INFO - [2023-12-06T11:59:30.042+0700] {dag.py:3423} INFO - Setting next_dagrun for example_subdag_operator.section-2 to None, run_after=None
[2023-12-06T11:59:30.060+0700] {processor.py:175} INFO - Processing /opt/anaconda3/lib/python3.8/site-packages/airflow/example_dags/example_subdag_operator.py took 1.035 seconds
[2023-12-06T12:02:01.632+0700] {processor.py:153} INFO - Started process (PID=57340) to work on /opt/anaconda3/lib/python3.8/site-packages/airflow/example_dags/example_subdag_operator.py
[2023-12-06T12:02:01.634+0700] {processor.py:743} INFO - Processing file /opt/anaconda3/lib/python3.8/site-packages/airflow/example_dags/example_subdag_operator.py for tasks to queue
[2023-12-06T12:02:01.634+0700] {logging_mixin.py:137} INFO - [2023-12-06T12:02:01.634+0700] {dagbag.py:538} INFO - Filling up the DagBag from /opt/anaconda3/lib/python3.8/site-packages/airflow/example_dags/example_subdag_operator.py
[2023-12-06T12:02:02.667+0700] {processor.py:753} INFO - DAG(s) dict_keys(['example_subdag_operator.section-1', 'example_subdag_operator.section-2', 'example_subdag_operator']) retrieved from /opt/anaconda3/lib/python3.8/site-packages/airflow/example_dags/example_subdag_operator.py
[2023-12-06T12:02:02.953+0700] {logging_mixin.py:137} INFO - [2023-12-06T12:02:02.952+0700] {dag.py:2676} INFO - Sync 3 DAGs
[2023-12-06T12:02:02.970+0700] {logging_mixin.py:137} INFO - [2023-12-06T12:02:02.970+0700] {dag.py:3423} INFO - Setting next_dagrun for example_subdag_operator to 2022-01-01T00:00:00+00:00, run_after=2022-01-01T00:00:00+00:00
[2023-12-06T12:02:02.972+0700] {logging_mixin.py:137} INFO - [2023-12-06T12:02:02.972+0700] {dag.py:3423} INFO - Setting next_dagrun for example_subdag_operator.section-1 to None, run_after=None
[2023-12-06T12:02:02.973+0700] {logging_mixin.py:137} INFO - [2023-12-06T12:02:02.973+0700] {dag.py:3423} INFO - Setting next_dagrun for example_subdag_operator.section-2 to None, run_after=None
[2023-12-06T12:02:02.980+0700] {logging_mixin.py:137} INFO - [2023-12-06T12:02:02.980+0700] {dag.py:2676} INFO - Sync 2 DAGs
[2023-12-06T12:02:02.985+0700] {logging_mixin.py:137} INFO - [2023-12-06T12:02:02.984+0700] {dag.py:3423} INFO - Setting next_dagrun for example_subdag_operator.section-1 to None, run_after=None
[2023-12-06T12:02:02.985+0700] {logging_mixin.py:137} INFO - [2023-12-06T12:02:02.985+0700] {dag.py:3423} INFO - Setting next_dagrun for example_subdag_operator.section-2 to None, run_after=None
[2023-12-06T12:02:03.000+0700] {processor.py:175} INFO - Processing /opt/anaconda3/lib/python3.8/site-packages/airflow/example_dags/example_subdag_operator.py took 1.370 seconds
[2023-12-06T13:52:12.011+0700] {processor.py:153} INFO - Started process (PID=59288) to work on /opt/anaconda3/lib/python3.8/site-packages/airflow/example_dags/example_subdag_operator.py
[2023-12-06T13:52:12.014+0700] {processor.py:743} INFO - Processing file /opt/anaconda3/lib/python3.8/site-packages/airflow/example_dags/example_subdag_operator.py for tasks to queue
[2023-12-06T13:52:12.015+0700] {logging_mixin.py:137} INFO - [2023-12-06T13:52:12.015+0700] {dagbag.py:538} INFO - Filling up the DagBag from /opt/anaconda3/lib/python3.8/site-packages/airflow/example_dags/example_subdag_operator.py
[2023-12-06T14:46:09.035+0700] {processor.py:753} INFO - DAG(s) dict_keys(['example_subdag_operator.section-1', 'example_subdag_operator.section-2', 'example_subdag_operator']) retrieved from /opt/anaconda3/lib/python3.8/site-packages/airflow/example_dags/example_subdag_operator.py
[2023-12-06T14:46:10.247+0700] {logging_mixin.py:137} INFO - [2023-12-06T14:46:10.246+0700] {dag.py:2676} INFO - Sync 3 DAGs
[2023-12-06T14:46:10.285+0700] {logging_mixin.py:137} INFO - [2023-12-06T14:46:10.284+0700] {dag.py:3423} INFO - Setting next_dagrun for example_subdag_operator to 2022-01-01T00:00:00+00:00, run_after=2022-01-01T00:00:00+00:00
[2023-12-06T14:46:10.291+0700] {logging_mixin.py:137} INFO - [2023-12-06T14:46:10.290+0700] {dag.py:3423} INFO - Setting next_dagrun for example_subdag_operator.section-1 to None, run_after=None
[2023-12-06T14:46:10.294+0700] {logging_mixin.py:137} INFO - [2023-12-06T14:46:10.293+0700] {dag.py:3423} INFO - Setting next_dagrun for example_subdag_operator.section-2 to None, run_after=None
[2023-12-06T14:46:10.320+0700] {logging_mixin.py:137} INFO - [2023-12-06T14:46:10.320+0700] {dag.py:2676} INFO - Sync 2 DAGs
[2023-12-06T14:46:10.333+0700] {logging_mixin.py:137} INFO - [2023-12-06T14:46:10.333+0700] {dag.py:3423} INFO - Setting next_dagrun for example_subdag_operator.section-1 to None, run_after=None
[2023-12-06T14:46:10.334+0700] {logging_mixin.py:137} INFO - [2023-12-06T14:46:10.334+0700] {dag.py:3423} INFO - Setting next_dagrun for example_subdag_operator.section-2 to None, run_after=None
[2023-12-06T14:46:10.364+0700] {processor.py:175} INFO - Processing /opt/anaconda3/lib/python3.8/site-packages/airflow/example_dags/example_subdag_operator.py took 16.507 seconds
[2023-12-06T15:15:57.021+0700] {processor.py:153} INFO - Started process (PID=61820) to work on /opt/anaconda3/lib/python3.8/site-packages/airflow/example_dags/example_subdag_operator.py
[2023-12-06T15:15:57.023+0700] {processor.py:743} INFO - Processing file /opt/anaconda3/lib/python3.8/site-packages/airflow/example_dags/example_subdag_operator.py for tasks to queue
[2023-12-06T15:15:57.023+0700] {logging_mixin.py:137} INFO - [2023-12-06T15:15:57.023+0700] {dagbag.py:538} INFO - Filling up the DagBag from /opt/anaconda3/lib/python3.8/site-packages/airflow/example_dags/example_subdag_operator.py
[2023-12-06T15:15:57.822+0700] {processor.py:753} INFO - DAG(s) dict_keys(['example_subdag_operator.section-1', 'example_subdag_operator.section-2', 'example_subdag_operator']) retrieved from /opt/anaconda3/lib/python3.8/site-packages/airflow/example_dags/example_subdag_operator.py
[2023-12-06T15:15:58.055+0700] {logging_mixin.py:137} INFO - [2023-12-06T15:15:58.055+0700] {dag.py:2676} INFO - Sync 3 DAGs
[2023-12-06T15:15:58.073+0700] {logging_mixin.py:137} INFO - [2023-12-06T15:15:58.072+0700] {dag.py:3423} INFO - Setting next_dagrun for example_subdag_operator to 2022-01-01T00:00:00+00:00, run_after=2022-01-01T00:00:00+00:00
[2023-12-06T15:15:58.076+0700] {logging_mixin.py:137} INFO - [2023-12-06T15:15:58.075+0700] {dag.py:3423} INFO - Setting next_dagrun for example_subdag_operator.section-1 to None, run_after=None
[2023-12-06T15:15:58.077+0700] {logging_mixin.py:137} INFO - [2023-12-06T15:15:58.077+0700] {dag.py:3423} INFO - Setting next_dagrun for example_subdag_operator.section-2 to None, run_after=None
[2023-12-06T15:15:58.083+0700] {logging_mixin.py:137} INFO - [2023-12-06T15:15:58.083+0700] {dag.py:2676} INFO - Sync 2 DAGs
[2023-12-06T15:15:58.087+0700] {logging_mixin.py:137} INFO - [2023-12-06T15:15:58.087+0700] {dag.py:3423} INFO - Setting next_dagrun for example_subdag_operator.section-1 to None, run_after=None
[2023-12-06T15:15:58.088+0700] {logging_mixin.py:137} INFO - [2023-12-06T15:15:58.087+0700] {dag.py:3423} INFO - Setting next_dagrun for example_subdag_operator.section-2 to None, run_after=None
[2023-12-06T15:15:58.102+0700] {processor.py:175} INFO - Processing /opt/anaconda3/lib/python3.8/site-packages/airflow/example_dags/example_subdag_operator.py took 1.082 seconds
[2023-12-06T15:18:13.547+0700] {processor.py:153} INFO - Started process (PID=63300) to work on /opt/anaconda3/lib/python3.8/site-packages/airflow/example_dags/example_subdag_operator.py
[2023-12-06T15:18:13.549+0700] {processor.py:743} INFO - Processing file /opt/anaconda3/lib/python3.8/site-packages/airflow/example_dags/example_subdag_operator.py for tasks to queue
[2023-12-06T15:18:13.550+0700] {logging_mixin.py:137} INFO - [2023-12-06T15:18:13.550+0700] {dagbag.py:538} INFO - Filling up the DagBag from /opt/anaconda3/lib/python3.8/site-packages/airflow/example_dags/example_subdag_operator.py
[2023-12-06T15:18:14.294+0700] {processor.py:753} INFO - DAG(s) dict_keys(['example_subdag_operator.section-1', 'example_subdag_operator.section-2', 'example_subdag_operator']) retrieved from /opt/anaconda3/lib/python3.8/site-packages/airflow/example_dags/example_subdag_operator.py
[2023-12-06T15:18:14.515+0700] {logging_mixin.py:137} INFO - [2023-12-06T15:18:14.515+0700] {dag.py:2676} INFO - Sync 3 DAGs
[2023-12-06T15:18:14.531+0700] {logging_mixin.py:137} INFO - [2023-12-06T15:18:14.531+0700] {dag.py:3423} INFO - Setting next_dagrun for example_subdag_operator to 2022-01-01T00:00:00+00:00, run_after=2022-01-01T00:00:00+00:00
[2023-12-06T15:18:14.533+0700] {logging_mixin.py:137} INFO - [2023-12-06T15:18:14.533+0700] {dag.py:3423} INFO - Setting next_dagrun for example_subdag_operator.section-1 to None, run_after=None
[2023-12-06T15:18:14.534+0700] {logging_mixin.py:137} INFO - [2023-12-06T15:18:14.534+0700] {dag.py:3423} INFO - Setting next_dagrun for example_subdag_operator.section-2 to None, run_after=None
[2023-12-06T15:18:14.541+0700] {logging_mixin.py:137} INFO - [2023-12-06T15:18:14.540+0700] {dag.py:2676} INFO - Sync 2 DAGs
[2023-12-06T15:18:14.545+0700] {logging_mixin.py:137} INFO - [2023-12-06T15:18:14.545+0700] {dag.py:3423} INFO - Setting next_dagrun for example_subdag_operator.section-1 to None, run_after=None
[2023-12-06T15:18:14.545+0700] {logging_mixin.py:137} INFO - [2023-12-06T15:18:14.545+0700] {dag.py:3423} INFO - Setting next_dagrun for example_subdag_operator.section-2 to None, run_after=None
[2023-12-06T15:18:14.563+0700] {processor.py:175} INFO - Processing /opt/anaconda3/lib/python3.8/site-packages/airflow/example_dags/example_subdag_operator.py took 1.017 seconds
[2023-12-06T15:20:31.528+0700] {processor.py:153} INFO - Started process (PID=64774) to work on /opt/anaconda3/lib/python3.8/site-packages/airflow/example_dags/example_subdag_operator.py
[2023-12-06T15:20:31.529+0700] {processor.py:743} INFO - Processing file /opt/anaconda3/lib/python3.8/site-packages/airflow/example_dags/example_subdag_operator.py for tasks to queue
[2023-12-06T15:20:31.530+0700] {logging_mixin.py:137} INFO - [2023-12-06T15:20:31.529+0700] {dagbag.py:538} INFO - Filling up the DagBag from /opt/anaconda3/lib/python3.8/site-packages/airflow/example_dags/example_subdag_operator.py
[2023-12-06T15:20:32.328+0700] {processor.py:753} INFO - DAG(s) dict_keys(['example_subdag_operator.section-1', 'example_subdag_operator.section-2', 'example_subdag_operator']) retrieved from /opt/anaconda3/lib/python3.8/site-packages/airflow/example_dags/example_subdag_operator.py
[2023-12-06T15:20:32.743+0700] {logging_mixin.py:137} INFO - [2023-12-06T15:20:32.742+0700] {dag.py:2676} INFO - Sync 3 DAGs
[2023-12-06T15:20:32.767+0700] {logging_mixin.py:137} INFO - [2023-12-06T15:20:32.767+0700] {dag.py:3423} INFO - Setting next_dagrun for example_subdag_operator to 2022-01-01T00:00:00+00:00, run_after=2022-01-01T00:00:00+00:00
[2023-12-06T15:20:32.770+0700] {logging_mixin.py:137} INFO - [2023-12-06T15:20:32.770+0700] {dag.py:3423} INFO - Setting next_dagrun for example_subdag_operator.section-1 to None, run_after=None
[2023-12-06T15:20:32.772+0700] {logging_mixin.py:137} INFO - [2023-12-06T15:20:32.772+0700] {dag.py:3423} INFO - Setting next_dagrun for example_subdag_operator.section-2 to None, run_after=None
[2023-12-06T15:20:32.781+0700] {logging_mixin.py:137} INFO - [2023-12-06T15:20:32.781+0700] {dag.py:2676} INFO - Sync 2 DAGs
[2023-12-06T15:20:32.796+0700] {logging_mixin.py:137} INFO - [2023-12-06T15:20:32.795+0700] {dag.py:3423} INFO - Setting next_dagrun for example_subdag_operator.section-1 to None, run_after=None
[2023-12-06T15:20:32.796+0700] {logging_mixin.py:137} INFO - [2023-12-06T15:20:32.796+0700] {dag.py:3423} INFO - Setting next_dagrun for example_subdag_operator.section-2 to None, run_after=None
[2023-12-06T15:20:32.817+0700] {processor.py:175} INFO - Processing /opt/anaconda3/lib/python3.8/site-packages/airflow/example_dags/example_subdag_operator.py took 1.289 seconds
[2023-12-06T15:22:58.785+0700] {processor.py:153} INFO - Started process (PID=66365) to work on /opt/anaconda3/lib/python3.8/site-packages/airflow/example_dags/example_subdag_operator.py
[2023-12-06T15:22:58.787+0700] {processor.py:743} INFO - Processing file /opt/anaconda3/lib/python3.8/site-packages/airflow/example_dags/example_subdag_operator.py for tasks to queue
[2023-12-06T15:22:58.788+0700] {logging_mixin.py:137} INFO - [2023-12-06T15:22:58.788+0700] {dagbag.py:538} INFO - Filling up the DagBag from /opt/anaconda3/lib/python3.8/site-packages/airflow/example_dags/example_subdag_operator.py
[2023-12-06T15:22:59.871+0700] {processor.py:753} INFO - DAG(s) dict_keys(['example_subdag_operator.section-1', 'example_subdag_operator.section-2', 'example_subdag_operator']) retrieved from /opt/anaconda3/lib/python3.8/site-packages/airflow/example_dags/example_subdag_operator.py
[2023-12-06T15:23:00.185+0700] {logging_mixin.py:137} INFO - [2023-12-06T15:23:00.185+0700] {dag.py:2676} INFO - Sync 3 DAGs
[2023-12-06T15:23:00.209+0700] {logging_mixin.py:137} INFO - [2023-12-06T15:23:00.209+0700] {dag.py:3423} INFO - Setting next_dagrun for example_subdag_operator to 2022-01-01T00:00:00+00:00, run_after=2022-01-01T00:00:00+00:00
[2023-12-06T15:23:00.212+0700] {logging_mixin.py:137} INFO - [2023-12-06T15:23:00.212+0700] {dag.py:3423} INFO - Setting next_dagrun for example_subdag_operator.section-1 to None, run_after=None
[2023-12-06T15:23:00.213+0700] {logging_mixin.py:137} INFO - [2023-12-06T15:23:00.213+0700] {dag.py:3423} INFO - Setting next_dagrun for example_subdag_operator.section-2 to None, run_after=None
[2023-12-06T15:23:00.221+0700] {logging_mixin.py:137} INFO - [2023-12-06T15:23:00.221+0700] {dag.py:2676} INFO - Sync 2 DAGs
[2023-12-06T15:23:00.225+0700] {logging_mixin.py:137} INFO - [2023-12-06T15:23:00.225+0700] {dag.py:3423} INFO - Setting next_dagrun for example_subdag_operator.section-1 to None, run_after=None
[2023-12-06T15:23:00.226+0700] {logging_mixin.py:137} INFO - [2023-12-06T15:23:00.226+0700] {dag.py:3423} INFO - Setting next_dagrun for example_subdag_operator.section-2 to None, run_after=None
[2023-12-06T15:23:00.241+0700] {processor.py:175} INFO - Processing /opt/anaconda3/lib/python3.8/site-packages/airflow/example_dags/example_subdag_operator.py took 1.457 seconds
[2023-12-06T15:25:20.099+0700] {processor.py:153} INFO - Started process (PID=67947) to work on /opt/anaconda3/lib/python3.8/site-packages/airflow/example_dags/example_subdag_operator.py
[2023-12-06T15:25:20.100+0700] {processor.py:743} INFO - Processing file /opt/anaconda3/lib/python3.8/site-packages/airflow/example_dags/example_subdag_operator.py for tasks to queue
[2023-12-06T15:25:20.101+0700] {logging_mixin.py:137} INFO - [2023-12-06T15:25:20.101+0700] {dagbag.py:538} INFO - Filling up the DagBag from /opt/anaconda3/lib/python3.8/site-packages/airflow/example_dags/example_subdag_operator.py
[2023-12-06T15:25:21.342+0700] {processor.py:753} INFO - DAG(s) dict_keys(['example_subdag_operator.section-1', 'example_subdag_operator.section-2', 'example_subdag_operator']) retrieved from /opt/anaconda3/lib/python3.8/site-packages/airflow/example_dags/example_subdag_operator.py
[2023-12-06T15:25:21.581+0700] {logging_mixin.py:137} INFO - [2023-12-06T15:25:21.581+0700] {dag.py:2676} INFO - Sync 3 DAGs
[2023-12-06T15:25:21.599+0700] {logging_mixin.py:137} INFO - [2023-12-06T15:25:21.598+0700] {dag.py:3423} INFO - Setting next_dagrun for example_subdag_operator to 2022-01-01T00:00:00+00:00, run_after=2022-01-01T00:00:00+00:00
[2023-12-06T15:25:21.601+0700] {logging_mixin.py:137} INFO - [2023-12-06T15:25:21.601+0700] {dag.py:3423} INFO - Setting next_dagrun for example_subdag_operator.section-1 to None, run_after=None
[2023-12-06T15:25:21.602+0700] {logging_mixin.py:137} INFO - [2023-12-06T15:25:21.602+0700] {dag.py:3423} INFO - Setting next_dagrun for example_subdag_operator.section-2 to None, run_after=None
[2023-12-06T15:25:21.608+0700] {logging_mixin.py:137} INFO - [2023-12-06T15:25:21.608+0700] {dag.py:2676} INFO - Sync 2 DAGs
[2023-12-06T15:25:21.613+0700] {logging_mixin.py:137} INFO - [2023-12-06T15:25:21.613+0700] {dag.py:3423} INFO - Setting next_dagrun for example_subdag_operator.section-1 to None, run_after=None
[2023-12-06T15:25:21.613+0700] {logging_mixin.py:137} INFO - [2023-12-06T15:25:21.613+0700] {dag.py:3423} INFO - Setting next_dagrun for example_subdag_operator.section-2 to None, run_after=None
[2023-12-06T15:25:21.627+0700] {processor.py:175} INFO - Processing /opt/anaconda3/lib/python3.8/site-packages/airflow/example_dags/example_subdag_operator.py took 1.529 seconds
[2023-12-06T15:27:51.086+0700] {processor.py:153} INFO - Started process (PID=69533) to work on /opt/anaconda3/lib/python3.8/site-packages/airflow/example_dags/example_subdag_operator.py
[2023-12-06T15:27:51.088+0700] {processor.py:743} INFO - Processing file /opt/anaconda3/lib/python3.8/site-packages/airflow/example_dags/example_subdag_operator.py for tasks to queue
[2023-12-06T15:27:51.089+0700] {logging_mixin.py:137} INFO - [2023-12-06T15:27:51.089+0700] {dagbag.py:538} INFO - Filling up the DagBag from /opt/anaconda3/lib/python3.8/site-packages/airflow/example_dags/example_subdag_operator.py
[2023-12-06T15:27:51.946+0700] {processor.py:753} INFO - DAG(s) dict_keys(['example_subdag_operator.section-1', 'example_subdag_operator.section-2', 'example_subdag_operator']) retrieved from /opt/anaconda3/lib/python3.8/site-packages/airflow/example_dags/example_subdag_operator.py
[2023-12-06T15:27:52.191+0700] {logging_mixin.py:137} INFO - [2023-12-06T15:27:52.191+0700] {dag.py:2676} INFO - Sync 3 DAGs
[2023-12-06T15:27:52.209+0700] {logging_mixin.py:137} INFO - [2023-12-06T15:27:52.209+0700] {dag.py:3423} INFO - Setting next_dagrun for example_subdag_operator to 2022-01-01T00:00:00+00:00, run_after=2022-01-01T00:00:00+00:00
[2023-12-06T15:27:52.212+0700] {logging_mixin.py:137} INFO - [2023-12-06T15:27:52.212+0700] {dag.py:3423} INFO - Setting next_dagrun for example_subdag_operator.section-1 to None, run_after=None
[2023-12-06T15:27:52.213+0700] {logging_mixin.py:137} INFO - [2023-12-06T15:27:52.213+0700] {dag.py:3423} INFO - Setting next_dagrun for example_subdag_operator.section-2 to None, run_after=None
[2023-12-06T15:27:52.219+0700] {logging_mixin.py:137} INFO - [2023-12-06T15:27:52.219+0700] {dag.py:2676} INFO - Sync 2 DAGs
[2023-12-06T15:27:52.224+0700] {logging_mixin.py:137} INFO - [2023-12-06T15:27:52.223+0700] {dag.py:3423} INFO - Setting next_dagrun for example_subdag_operator.section-1 to None, run_after=None
[2023-12-06T15:27:52.224+0700] {logging_mixin.py:137} INFO - [2023-12-06T15:27:52.224+0700] {dag.py:3423} INFO - Setting next_dagrun for example_subdag_operator.section-2 to None, run_after=None
[2023-12-06T15:27:52.238+0700] {processor.py:175} INFO - Processing /opt/anaconda3/lib/python3.8/site-packages/airflow/example_dags/example_subdag_operator.py took 1.152 seconds
[2023-12-06T15:30:10.919+0700] {processor.py:153} INFO - Started process (PID=71010) to work on /opt/anaconda3/lib/python3.8/site-packages/airflow/example_dags/example_subdag_operator.py
[2023-12-06T15:30:10.920+0700] {processor.py:743} INFO - Processing file /opt/anaconda3/lib/python3.8/site-packages/airflow/example_dags/example_subdag_operator.py for tasks to queue
[2023-12-06T15:30:10.921+0700] {logging_mixin.py:137} INFO - [2023-12-06T15:30:10.921+0700] {dagbag.py:538} INFO - Filling up the DagBag from /opt/anaconda3/lib/python3.8/site-packages/airflow/example_dags/example_subdag_operator.py
[2023-12-06T15:30:12.156+0700] {processor.py:753} INFO - DAG(s) dict_keys(['example_subdag_operator.section-1', 'example_subdag_operator.section-2', 'example_subdag_operator']) retrieved from /opt/anaconda3/lib/python3.8/site-packages/airflow/example_dags/example_subdag_operator.py
[2023-12-06T15:30:13.081+0700] {logging_mixin.py:137} INFO - [2023-12-06T15:30:13.080+0700] {dag.py:2676} INFO - Sync 3 DAGs
[2023-12-06T15:30:13.107+0700] {logging_mixin.py:137} INFO - [2023-12-06T15:30:13.106+0700] {dag.py:3423} INFO - Setting next_dagrun for example_subdag_operator to 2022-01-01T00:00:00+00:00, run_after=2022-01-01T00:00:00+00:00
[2023-12-06T15:30:13.112+0700] {logging_mixin.py:137} INFO - [2023-12-06T15:30:13.112+0700] {dag.py:3423} INFO - Setting next_dagrun for example_subdag_operator.section-1 to None, run_after=None
[2023-12-06T15:30:13.113+0700] {logging_mixin.py:137} INFO - [2023-12-06T15:30:13.113+0700] {dag.py:3423} INFO - Setting next_dagrun for example_subdag_operator.section-2 to None, run_after=None
[2023-12-06T15:30:13.124+0700] {logging_mixin.py:137} INFO - [2023-12-06T15:30:13.124+0700] {dag.py:2676} INFO - Sync 2 DAGs
[2023-12-06T15:30:13.132+0700] {logging_mixin.py:137} INFO - [2023-12-06T15:30:13.132+0700] {dag.py:3423} INFO - Setting next_dagrun for example_subdag_operator.section-1 to None, run_after=None
[2023-12-06T15:30:13.132+0700] {logging_mixin.py:137} INFO - [2023-12-06T15:30:13.132+0700] {dag.py:3423} INFO - Setting next_dagrun for example_subdag_operator.section-2 to None, run_after=None
[2023-12-06T15:30:13.153+0700] {processor.py:175} INFO - Processing /opt/anaconda3/lib/python3.8/site-packages/airflow/example_dags/example_subdag_operator.py took 2.236 seconds
[2023-12-06T15:32:46.470+0700] {processor.py:153} INFO - Started process (PID=72727) to work on /opt/anaconda3/lib/python3.8/site-packages/airflow/example_dags/example_subdag_operator.py
[2023-12-06T15:32:46.472+0700] {processor.py:743} INFO - Processing file /opt/anaconda3/lib/python3.8/site-packages/airflow/example_dags/example_subdag_operator.py for tasks to queue
[2023-12-06T15:32:46.473+0700] {logging_mixin.py:137} INFO - [2023-12-06T15:32:46.473+0700] {dagbag.py:538} INFO - Filling up the DagBag from /opt/anaconda3/lib/python3.8/site-packages/airflow/example_dags/example_subdag_operator.py
[2023-12-06T15:32:47.628+0700] {processor.py:753} INFO - DAG(s) dict_keys(['example_subdag_operator.section-1', 'example_subdag_operator.section-2', 'example_subdag_operator']) retrieved from /opt/anaconda3/lib/python3.8/site-packages/airflow/example_dags/example_subdag_operator.py
[2023-12-06T15:32:48.065+0700] {logging_mixin.py:137} INFO - [2023-12-06T15:32:48.065+0700] {dag.py:2676} INFO - Sync 3 DAGs
[2023-12-06T15:32:48.082+0700] {logging_mixin.py:137} INFO - [2023-12-06T15:32:48.082+0700] {dag.py:3423} INFO - Setting next_dagrun for example_subdag_operator to 2022-01-01T00:00:00+00:00, run_after=2022-01-01T00:00:00+00:00
[2023-12-06T15:32:48.085+0700] {logging_mixin.py:137} INFO - [2023-12-06T15:32:48.084+0700] {dag.py:3423} INFO - Setting next_dagrun for example_subdag_operator.section-1 to None, run_after=None
[2023-12-06T15:32:48.086+0700] {logging_mixin.py:137} INFO - [2023-12-06T15:32:48.085+0700] {dag.py:3423} INFO - Setting next_dagrun for example_subdag_operator.section-2 to None, run_after=None
[2023-12-06T15:32:48.092+0700] {logging_mixin.py:137} INFO - [2023-12-06T15:32:48.092+0700] {dag.py:2676} INFO - Sync 2 DAGs
[2023-12-06T15:32:48.096+0700] {logging_mixin.py:137} INFO - [2023-12-06T15:32:48.096+0700] {dag.py:3423} INFO - Setting next_dagrun for example_subdag_operator.section-1 to None, run_after=None
[2023-12-06T15:32:48.097+0700] {logging_mixin.py:137} INFO - [2023-12-06T15:32:48.097+0700] {dag.py:3423} INFO - Setting next_dagrun for example_subdag_operator.section-2 to None, run_after=None
[2023-12-06T15:32:48.109+0700] {processor.py:175} INFO - Processing /opt/anaconda3/lib/python3.8/site-packages/airflow/example_dags/example_subdag_operator.py took 1.640 seconds
[2023-12-06T15:35:05.583+0700] {processor.py:153} INFO - Started process (PID=74212) to work on /opt/anaconda3/lib/python3.8/site-packages/airflow/example_dags/example_subdag_operator.py
[2023-12-06T15:35:05.584+0700] {processor.py:743} INFO - Processing file /opt/anaconda3/lib/python3.8/site-packages/airflow/example_dags/example_subdag_operator.py for tasks to queue
[2023-12-06T15:35:05.585+0700] {logging_mixin.py:137} INFO - [2023-12-06T15:35:05.585+0700] {dagbag.py:538} INFO - Filling up the DagBag from /opt/anaconda3/lib/python3.8/site-packages/airflow/example_dags/example_subdag_operator.py
[2023-12-06T15:35:06.385+0700] {processor.py:753} INFO - DAG(s) dict_keys(['example_subdag_operator.section-1', 'example_subdag_operator.section-2', 'example_subdag_operator']) retrieved from /opt/anaconda3/lib/python3.8/site-packages/airflow/example_dags/example_subdag_operator.py
[2023-12-06T15:35:07.118+0700] {logging_mixin.py:137} INFO - [2023-12-06T15:35:07.118+0700] {dag.py:2676} INFO - Sync 3 DAGs
[2023-12-06T15:35:07.135+0700] {logging_mixin.py:137} INFO - [2023-12-06T15:35:07.135+0700] {dag.py:3423} INFO - Setting next_dagrun for example_subdag_operator to 2022-01-01T00:00:00+00:00, run_after=2022-01-01T00:00:00+00:00
[2023-12-06T15:35:07.137+0700] {logging_mixin.py:137} INFO - [2023-12-06T15:35:07.137+0700] {dag.py:3423} INFO - Setting next_dagrun for example_subdag_operator.section-1 to None, run_after=None
[2023-12-06T15:35:07.138+0700] {logging_mixin.py:137} INFO - [2023-12-06T15:35:07.138+0700] {dag.py:3423} INFO - Setting next_dagrun for example_subdag_operator.section-2 to None, run_after=None
[2023-12-06T15:35:07.149+0700] {logging_mixin.py:137} INFO - [2023-12-06T15:35:07.149+0700] {dag.py:2676} INFO - Sync 2 DAGs
[2023-12-06T15:35:07.153+0700] {logging_mixin.py:137} INFO - [2023-12-06T15:35:07.153+0700] {dag.py:3423} INFO - Setting next_dagrun for example_subdag_operator.section-1 to None, run_after=None
[2023-12-06T15:35:07.153+0700] {logging_mixin.py:137} INFO - [2023-12-06T15:35:07.153+0700] {dag.py:3423} INFO - Setting next_dagrun for example_subdag_operator.section-2 to None, run_after=None
[2023-12-06T15:35:07.169+0700] {processor.py:175} INFO - Processing /opt/anaconda3/lib/python3.8/site-packages/airflow/example_dags/example_subdag_operator.py took 1.587 seconds
[2023-12-06T15:37:28.602+0700] {processor.py:153} INFO - Started process (PID=75807) to work on /opt/anaconda3/lib/python3.8/site-packages/airflow/example_dags/example_subdag_operator.py
[2023-12-06T15:37:28.604+0700] {processor.py:743} INFO - Processing file /opt/anaconda3/lib/python3.8/site-packages/airflow/example_dags/example_subdag_operator.py for tasks to queue
[2023-12-06T15:37:28.605+0700] {logging_mixin.py:137} INFO - [2023-12-06T15:37:28.605+0700] {dagbag.py:538} INFO - Filling up the DagBag from /opt/anaconda3/lib/python3.8/site-packages/airflow/example_dags/example_subdag_operator.py
[2023-12-06T15:37:29.395+0700] {processor.py:753} INFO - DAG(s) dict_keys(['example_subdag_operator.section-1', 'example_subdag_operator.section-2', 'example_subdag_operator']) retrieved from /opt/anaconda3/lib/python3.8/site-packages/airflow/example_dags/example_subdag_operator.py
[2023-12-06T15:37:29.624+0700] {logging_mixin.py:137} INFO - [2023-12-06T15:37:29.624+0700] {dag.py:2676} INFO - Sync 3 DAGs
[2023-12-06T15:37:29.642+0700] {logging_mixin.py:137} INFO - [2023-12-06T15:37:29.642+0700] {dag.py:3423} INFO - Setting next_dagrun for example_subdag_operator to 2022-01-01T00:00:00+00:00, run_after=2022-01-01T00:00:00+00:00
[2023-12-06T15:37:29.645+0700] {logging_mixin.py:137} INFO - [2023-12-06T15:37:29.645+0700] {dag.py:3423} INFO - Setting next_dagrun for example_subdag_operator.section-1 to None, run_after=None
[2023-12-06T15:37:29.646+0700] {logging_mixin.py:137} INFO - [2023-12-06T15:37:29.646+0700] {dag.py:3423} INFO - Setting next_dagrun for example_subdag_operator.section-2 to None, run_after=None
[2023-12-06T15:37:29.652+0700] {logging_mixin.py:137} INFO - [2023-12-06T15:37:29.652+0700] {dag.py:2676} INFO - Sync 2 DAGs
[2023-12-06T15:37:29.657+0700] {logging_mixin.py:137} INFO - [2023-12-06T15:37:29.657+0700] {dag.py:3423} INFO - Setting next_dagrun for example_subdag_operator.section-1 to None, run_after=None
[2023-12-06T15:37:29.657+0700] {logging_mixin.py:137} INFO - [2023-12-06T15:37:29.657+0700] {dag.py:3423} INFO - Setting next_dagrun for example_subdag_operator.section-2 to None, run_after=None
[2023-12-06T15:37:29.675+0700] {processor.py:175} INFO - Processing /opt/anaconda3/lib/python3.8/site-packages/airflow/example_dags/example_subdag_operator.py took 1.074 seconds
[2023-12-06T15:39:49.616+0700] {processor.py:153} INFO - Started process (PID=77282) to work on /opt/anaconda3/lib/python3.8/site-packages/airflow/example_dags/example_subdag_operator.py
[2023-12-06T15:39:49.617+0700] {processor.py:743} INFO - Processing file /opt/anaconda3/lib/python3.8/site-packages/airflow/example_dags/example_subdag_operator.py for tasks to queue
[2023-12-06T15:39:49.618+0700] {logging_mixin.py:137} INFO - [2023-12-06T15:39:49.618+0700] {dagbag.py:538} INFO - Filling up the DagBag from /opt/anaconda3/lib/python3.8/site-packages/airflow/example_dags/example_subdag_operator.py
[2023-12-06T15:39:50.577+0700] {processor.py:753} INFO - DAG(s) dict_keys(['example_subdag_operator.section-1', 'example_subdag_operator.section-2', 'example_subdag_operator']) retrieved from /opt/anaconda3/lib/python3.8/site-packages/airflow/example_dags/example_subdag_operator.py
[2023-12-06T15:39:51.261+0700] {logging_mixin.py:137} INFO - [2023-12-06T15:39:51.261+0700] {dag.py:2676} INFO - Sync 3 DAGs
[2023-12-06T15:39:51.279+0700] {logging_mixin.py:137} INFO - [2023-12-06T15:39:51.279+0700] {dag.py:3423} INFO - Setting next_dagrun for example_subdag_operator to 2022-01-01T00:00:00+00:00, run_after=2022-01-01T00:00:00+00:00
[2023-12-06T15:39:51.282+0700] {logging_mixin.py:137} INFO - [2023-12-06T15:39:51.282+0700] {dag.py:3423} INFO - Setting next_dagrun for example_subdag_operator.section-1 to None, run_after=None
[2023-12-06T15:39:51.283+0700] {logging_mixin.py:137} INFO - [2023-12-06T15:39:51.283+0700] {dag.py:3423} INFO - Setting next_dagrun for example_subdag_operator.section-2 to None, run_after=None
[2023-12-06T15:39:51.290+0700] {logging_mixin.py:137} INFO - [2023-12-06T15:39:51.289+0700] {dag.py:2676} INFO - Sync 2 DAGs
[2023-12-06T15:39:51.293+0700] {logging_mixin.py:137} INFO - [2023-12-06T15:39:51.293+0700] {dag.py:3423} INFO - Setting next_dagrun for example_subdag_operator.section-1 to None, run_after=None
[2023-12-06T15:39:51.294+0700] {logging_mixin.py:137} INFO - [2023-12-06T15:39:51.294+0700] {dag.py:3423} INFO - Setting next_dagrun for example_subdag_operator.section-2 to None, run_after=None
[2023-12-06T15:39:51.306+0700] {processor.py:175} INFO - Processing /opt/anaconda3/lib/python3.8/site-packages/airflow/example_dags/example_subdag_operator.py took 1.691 seconds
