[2023-12-06T10:16:33.068+0700] {processor.py:153} INFO - Started process (PID=90844) to work on /opt/anaconda3/lib/python3.8/site-packages/airflow/example_dags/example_xcom.py
[2023-12-06T10:16:33.069+0700] {processor.py:743} INFO - Processing file /opt/anaconda3/lib/python3.8/site-packages/airflow/example_dags/example_xcom.py for tasks to queue
[2023-12-06T10:16:33.069+0700] {logging_mixin.py:137} INFO - [2023-12-06T10:16:33.069+0700] {dagbag.py:538} INFO - Filling up the DagBag from /opt/anaconda3/lib/python3.8/site-packages/airflow/example_dags/example_xcom.py
[2023-12-06T10:16:33.158+0700] {processor.py:753} INFO - DAG(s) dict_keys(['example_xcom']) retrieved from /opt/anaconda3/lib/python3.8/site-packages/airflow/example_dags/example_xcom.py
[2023-12-06T10:16:33.946+0700] {logging_mixin.py:137} INFO - [2023-12-06T10:16:33.946+0700] {dag.py:2676} INFO - Sync 1 DAGs
[2023-12-06T10:16:33.973+0700] {logging_mixin.py:137} INFO - [2023-12-06T10:16:33.973+0700] {dag.py:3423} INFO - Setting next_dagrun for example_xcom to 2021-01-01T00:00:00+00:00, run_after=2021-01-01T00:00:00+00:00
[2023-12-06T10:16:33.996+0700] {processor.py:175} INFO - Processing /opt/anaconda3/lib/python3.8/site-packages/airflow/example_dags/example_xcom.py took 0.929 seconds
[2023-12-06T10:19:48.688+0700] {processor.py:153} INFO - Started process (PID=92993) to work on /opt/anaconda3/lib/python3.8/site-packages/airflow/example_dags/example_xcom.py
[2023-12-06T10:19:48.691+0700] {processor.py:743} INFO - Processing file /opt/anaconda3/lib/python3.8/site-packages/airflow/example_dags/example_xcom.py for tasks to queue
[2023-12-06T10:19:48.691+0700] {logging_mixin.py:137} INFO - [2023-12-06T10:19:48.691+0700] {dagbag.py:538} INFO - Filling up the DagBag from /opt/anaconda3/lib/python3.8/site-packages/airflow/example_dags/example_xcom.py
[2023-12-06T10:19:48.771+0700] {processor.py:753} INFO - DAG(s) dict_keys(['example_xcom']) retrieved from /opt/anaconda3/lib/python3.8/site-packages/airflow/example_dags/example_xcom.py
[2023-12-06T10:19:50.034+0700] {logging_mixin.py:137} INFO - [2023-12-06T10:19:50.033+0700] {dag.py:2676} INFO - Sync 1 DAGs
[2023-12-06T10:19:50.121+0700] {logging_mixin.py:137} INFO - [2023-12-06T10:19:50.121+0700] {dag.py:3423} INFO - Setting next_dagrun for example_xcom to 2021-01-01T00:00:00+00:00, run_after=2021-01-01T00:00:00+00:00
[2023-12-06T10:19:50.173+0700] {processor.py:175} INFO - Processing /opt/anaconda3/lib/python3.8/site-packages/airflow/example_dags/example_xcom.py took 1.485 seconds
[2023-12-06T10:22:44.149+0700] {processor.py:153} INFO - Started process (PID=94935) to work on /opt/anaconda3/lib/python3.8/site-packages/airflow/example_dags/example_xcom.py
[2023-12-06T10:22:44.151+0700] {processor.py:743} INFO - Processing file /opt/anaconda3/lib/python3.8/site-packages/airflow/example_dags/example_xcom.py for tasks to queue
[2023-12-06T10:22:44.152+0700] {logging_mixin.py:137} INFO - [2023-12-06T10:22:44.152+0700] {dagbag.py:538} INFO - Filling up the DagBag from /opt/anaconda3/lib/python3.8/site-packages/airflow/example_dags/example_xcom.py
[2023-12-06T10:22:44.217+0700] {processor.py:753} INFO - DAG(s) dict_keys(['example_xcom']) retrieved from /opt/anaconda3/lib/python3.8/site-packages/airflow/example_dags/example_xcom.py
[2023-12-06T10:22:45.617+0700] {logging_mixin.py:137} INFO - [2023-12-06T10:22:45.616+0700] {dag.py:2676} INFO - Sync 1 DAGs
[2023-12-06T10:22:45.654+0700] {logging_mixin.py:137} INFO - [2023-12-06T10:22:45.654+0700] {dag.py:3423} INFO - Setting next_dagrun for example_xcom to 2021-01-01T00:00:00+00:00, run_after=2021-01-01T00:00:00+00:00
[2023-12-06T10:22:45.689+0700] {processor.py:175} INFO - Processing /opt/anaconda3/lib/python3.8/site-packages/airflow/example_dags/example_xcom.py took 1.540 seconds
[2023-12-06T10:24:57.360+0700] {processor.py:153} INFO - Started process (PID=96409) to work on /opt/anaconda3/lib/python3.8/site-packages/airflow/example_dags/example_xcom.py
[2023-12-06T10:24:57.361+0700] {processor.py:743} INFO - Processing file /opt/anaconda3/lib/python3.8/site-packages/airflow/example_dags/example_xcom.py for tasks to queue
[2023-12-06T10:24:57.362+0700] {logging_mixin.py:137} INFO - [2023-12-06T10:24:57.362+0700] {dagbag.py:538} INFO - Filling up the DagBag from /opt/anaconda3/lib/python3.8/site-packages/airflow/example_dags/example_xcom.py
[2023-12-06T10:24:57.419+0700] {processor.py:753} INFO - DAG(s) dict_keys(['example_xcom']) retrieved from /opt/anaconda3/lib/python3.8/site-packages/airflow/example_dags/example_xcom.py
[2023-12-06T10:24:58.208+0700] {logging_mixin.py:137} INFO - [2023-12-06T10:24:58.208+0700] {dag.py:2676} INFO - Sync 1 DAGs
[2023-12-06T10:24:58.225+0700] {logging_mixin.py:137} INFO - [2023-12-06T10:24:58.225+0700] {dag.py:3423} INFO - Setting next_dagrun for example_xcom to 2021-01-01T00:00:00+00:00, run_after=2021-01-01T00:00:00+00:00
[2023-12-06T10:24:58.248+0700] {processor.py:175} INFO - Processing /opt/anaconda3/lib/python3.8/site-packages/airflow/example_dags/example_xcom.py took 0.889 seconds
[2023-12-06T10:27:10.393+0700] {processor.py:153} INFO - Started process (PID=97986) to work on /opt/anaconda3/lib/python3.8/site-packages/airflow/example_dags/example_xcom.py
[2023-12-06T10:27:10.394+0700] {processor.py:743} INFO - Processing file /opt/anaconda3/lib/python3.8/site-packages/airflow/example_dags/example_xcom.py for tasks to queue
[2023-12-06T10:27:10.395+0700] {logging_mixin.py:137} INFO - [2023-12-06T10:27:10.395+0700] {dagbag.py:538} INFO - Filling up the DagBag from /opt/anaconda3/lib/python3.8/site-packages/airflow/example_dags/example_xcom.py
[2023-12-06T10:27:10.448+0700] {processor.py:753} INFO - DAG(s) dict_keys(['example_xcom']) retrieved from /opt/anaconda3/lib/python3.8/site-packages/airflow/example_dags/example_xcom.py
[2023-12-06T10:27:11.233+0700] {logging_mixin.py:137} INFO - [2023-12-06T10:27:11.233+0700] {dag.py:2676} INFO - Sync 1 DAGs
[2023-12-06T10:27:11.250+0700] {logging_mixin.py:137} INFO - [2023-12-06T10:27:11.250+0700] {dag.py:3423} INFO - Setting next_dagrun for example_xcom to 2021-01-01T00:00:00+00:00, run_after=2021-01-01T00:00:00+00:00
[2023-12-06T10:27:11.272+0700] {processor.py:175} INFO - Processing /opt/anaconda3/lib/python3.8/site-packages/airflow/example_dags/example_xcom.py took 0.880 seconds
[2023-12-06T10:42:46.465+0700] {processor.py:153} INFO - Started process (PID=6104) to work on /opt/anaconda3/lib/python3.8/site-packages/airflow/example_dags/example_xcom.py
[2023-12-06T10:42:46.467+0700] {processor.py:743} INFO - Processing file /opt/anaconda3/lib/python3.8/site-packages/airflow/example_dags/example_xcom.py for tasks to queue
[2023-12-06T10:42:46.468+0700] {logging_mixin.py:137} INFO - [2023-12-06T10:42:46.468+0700] {dagbag.py:538} INFO - Filling up the DagBag from /opt/anaconda3/lib/python3.8/site-packages/airflow/example_dags/example_xcom.py
[2023-12-06T10:42:46.551+0700] {processor.py:753} INFO - DAG(s) dict_keys(['example_xcom']) retrieved from /opt/anaconda3/lib/python3.8/site-packages/airflow/example_dags/example_xcom.py
[2023-12-06T10:42:48.116+0700] {logging_mixin.py:137} INFO - [2023-12-06T10:42:48.115+0700] {dag.py:2676} INFO - Sync 1 DAGs
[2023-12-06T10:42:48.151+0700] {logging_mixin.py:137} INFO - [2023-12-06T10:42:48.151+0700] {dag.py:3423} INFO - Setting next_dagrun for example_xcom to 2021-01-01T00:00:00+00:00, run_after=2021-01-01T00:00:00+00:00
[2023-12-06T10:42:48.205+0700] {processor.py:175} INFO - Processing /opt/anaconda3/lib/python3.8/site-packages/airflow/example_dags/example_xcom.py took 1.741 seconds
[2023-12-06T10:46:25.707+0700] {processor.py:153} INFO - Started process (PID=8518) to work on /opt/anaconda3/lib/python3.8/site-packages/airflow/example_dags/example_xcom.py
[2023-12-06T10:46:25.708+0700] {processor.py:743} INFO - Processing file /opt/anaconda3/lib/python3.8/site-packages/airflow/example_dags/example_xcom.py for tasks to queue
[2023-12-06T10:46:25.709+0700] {logging_mixin.py:137} INFO - [2023-12-06T10:46:25.709+0700] {dagbag.py:538} INFO - Filling up the DagBag from /opt/anaconda3/lib/python3.8/site-packages/airflow/example_dags/example_xcom.py
[2023-12-06T10:46:25.832+0700] {processor.py:753} INFO - DAG(s) dict_keys(['example_xcom']) retrieved from /opt/anaconda3/lib/python3.8/site-packages/airflow/example_dags/example_xcom.py
[2023-12-06T10:46:26.768+0700] {logging_mixin.py:137} INFO - [2023-12-06T10:46:26.768+0700] {dag.py:2676} INFO - Sync 1 DAGs
[2023-12-06T10:46:26.788+0700] {logging_mixin.py:137} INFO - [2023-12-06T10:46:26.788+0700] {dag.py:3423} INFO - Setting next_dagrun for example_xcom to 2021-01-01T00:00:00+00:00, run_after=2021-01-01T00:00:00+00:00
[2023-12-06T10:46:26.816+0700] {processor.py:175} INFO - Processing /opt/anaconda3/lib/python3.8/site-packages/airflow/example_dags/example_xcom.py took 1.110 seconds
[2023-12-06T10:50:54.020+0700] {processor.py:153} INFO - Started process (PID=11488) to work on /opt/anaconda3/lib/python3.8/site-packages/airflow/example_dags/example_xcom.py
[2023-12-06T10:50:54.022+0700] {processor.py:743} INFO - Processing file /opt/anaconda3/lib/python3.8/site-packages/airflow/example_dags/example_xcom.py for tasks to queue
[2023-12-06T10:50:54.023+0700] {logging_mixin.py:137} INFO - [2023-12-06T10:50:54.022+0700] {dagbag.py:538} INFO - Filling up the DagBag from /opt/anaconda3/lib/python3.8/site-packages/airflow/example_dags/example_xcom.py
[2023-12-06T10:50:54.203+0700] {processor.py:753} INFO - DAG(s) dict_keys(['example_xcom']) retrieved from /opt/anaconda3/lib/python3.8/site-packages/airflow/example_dags/example_xcom.py
[2023-12-06T10:50:57.165+0700] {logging_mixin.py:137} INFO - [2023-12-06T10:50:57.165+0700] {dag.py:2676} INFO - Sync 1 DAGs
[2023-12-06T10:50:57.199+0700] {logging_mixin.py:137} INFO - [2023-12-06T10:50:57.199+0700] {dag.py:3423} INFO - Setting next_dagrun for example_xcom to 2021-01-01T00:00:00+00:00, run_after=2021-01-01T00:00:00+00:00
[2023-12-06T10:50:57.272+0700] {processor.py:175} INFO - Processing /opt/anaconda3/lib/python3.8/site-packages/airflow/example_dags/example_xcom.py took 3.253 seconds
[2023-12-06T10:53:46.054+0700] {processor.py:153} INFO - Started process (PID=13339) to work on /opt/anaconda3/lib/python3.8/site-packages/airflow/example_dags/example_xcom.py
[2023-12-06T10:53:46.055+0700] {processor.py:743} INFO - Processing file /opt/anaconda3/lib/python3.8/site-packages/airflow/example_dags/example_xcom.py for tasks to queue
[2023-12-06T10:53:46.056+0700] {logging_mixin.py:137} INFO - [2023-12-06T10:53:46.056+0700] {dagbag.py:538} INFO - Filling up the DagBag from /opt/anaconda3/lib/python3.8/site-packages/airflow/example_dags/example_xcom.py
[2023-12-06T10:53:46.122+0700] {processor.py:753} INFO - DAG(s) dict_keys(['example_xcom']) retrieved from /opt/anaconda3/lib/python3.8/site-packages/airflow/example_dags/example_xcom.py
[2023-12-06T10:53:47.177+0700] {logging_mixin.py:137} INFO - [2023-12-06T10:53:47.177+0700] {dag.py:2676} INFO - Sync 1 DAGs
[2023-12-06T10:53:47.209+0700] {logging_mixin.py:137} INFO - [2023-12-06T10:53:47.209+0700] {dag.py:3423} INFO - Setting next_dagrun for example_xcom to 2021-01-01T00:00:00+00:00, run_after=2021-01-01T00:00:00+00:00
[2023-12-06T10:53:47.236+0700] {processor.py:175} INFO - Processing /opt/anaconda3/lib/python3.8/site-packages/airflow/example_dags/example_xcom.py took 1.183 seconds
[2023-12-06T10:56:42.877+0700] {processor.py:153} INFO - Started process (PID=15284) to work on /opt/anaconda3/lib/python3.8/site-packages/airflow/example_dags/example_xcom.py
[2023-12-06T10:56:42.880+0700] {processor.py:743} INFO - Processing file /opt/anaconda3/lib/python3.8/site-packages/airflow/example_dags/example_xcom.py for tasks to queue
[2023-12-06T10:56:42.881+0700] {logging_mixin.py:137} INFO - [2023-12-06T10:56:42.880+0700] {dagbag.py:538} INFO - Filling up the DagBag from /opt/anaconda3/lib/python3.8/site-packages/airflow/example_dags/example_xcom.py
[2023-12-06T10:56:42.973+0700] {processor.py:753} INFO - DAG(s) dict_keys(['example_xcom']) retrieved from /opt/anaconda3/lib/python3.8/site-packages/airflow/example_dags/example_xcom.py
[2023-12-06T10:56:44.237+0700] {logging_mixin.py:137} INFO - [2023-12-06T10:56:44.236+0700] {dag.py:2676} INFO - Sync 1 DAGs
[2023-12-06T10:56:44.277+0700] {logging_mixin.py:137} INFO - [2023-12-06T10:56:44.277+0700] {dag.py:3423} INFO - Setting next_dagrun for example_xcom to 2021-01-01T00:00:00+00:00, run_after=2021-01-01T00:00:00+00:00
[2023-12-06T10:56:44.303+0700] {processor.py:175} INFO - Processing /opt/anaconda3/lib/python3.8/site-packages/airflow/example_dags/example_xcom.py took 1.427 seconds
[2023-12-06T11:01:08.580+0700] {processor.py:153} INFO - Started process (PID=18111) to work on /opt/anaconda3/lib/python3.8/site-packages/airflow/example_dags/example_xcom.py
[2023-12-06T11:01:08.585+0700] {processor.py:743} INFO - Processing file /opt/anaconda3/lib/python3.8/site-packages/airflow/example_dags/example_xcom.py for tasks to queue
[2023-12-06T11:01:08.585+0700] {logging_mixin.py:137} INFO - [2023-12-06T11:01:08.585+0700] {dagbag.py:538} INFO - Filling up the DagBag from /opt/anaconda3/lib/python3.8/site-packages/airflow/example_dags/example_xcom.py
[2023-12-06T11:01:08.720+0700] {processor.py:753} INFO - DAG(s) dict_keys(['example_xcom']) retrieved from /opt/anaconda3/lib/python3.8/site-packages/airflow/example_dags/example_xcom.py
[2023-12-06T11:01:10.788+0700] {logging_mixin.py:137} INFO - [2023-12-06T11:01:10.788+0700] {dag.py:2676} INFO - Sync 1 DAGs
[2023-12-06T11:01:10.823+0700] {logging_mixin.py:137} INFO - [2023-12-06T11:01:10.823+0700] {dag.py:3423} INFO - Setting next_dagrun for example_xcom to 2021-01-01T00:00:00+00:00, run_after=2021-01-01T00:00:00+00:00
[2023-12-06T11:01:10.876+0700] {processor.py:175} INFO - Processing /opt/anaconda3/lib/python3.8/site-packages/airflow/example_dags/example_xcom.py took 2.297 seconds
[2023-12-06T11:06:10.011+0700] {processor.py:153} INFO - Started process (PID=21313) to work on /opt/anaconda3/lib/python3.8/site-packages/airflow/example_dags/example_xcom.py
[2023-12-06T11:06:10.013+0700] {processor.py:743} INFO - Processing file /opt/anaconda3/lib/python3.8/site-packages/airflow/example_dags/example_xcom.py for tasks to queue
[2023-12-06T11:06:10.014+0700] {logging_mixin.py:137} INFO - [2023-12-06T11:06:10.014+0700] {dagbag.py:538} INFO - Filling up the DagBag from /opt/anaconda3/lib/python3.8/site-packages/airflow/example_dags/example_xcom.py
[2023-12-06T11:06:10.080+0700] {processor.py:753} INFO - DAG(s) dict_keys(['example_xcom']) retrieved from /opt/anaconda3/lib/python3.8/site-packages/airflow/example_dags/example_xcom.py
[2023-12-06T11:06:11.431+0700] {logging_mixin.py:137} INFO - [2023-12-06T11:06:11.430+0700] {dag.py:2676} INFO - Sync 1 DAGs
[2023-12-06T11:06:11.480+0700] {logging_mixin.py:137} INFO - [2023-12-06T11:06:11.480+0700] {dag.py:3423} INFO - Setting next_dagrun for example_xcom to 2021-01-01T00:00:00+00:00, run_after=2021-01-01T00:00:00+00:00
[2023-12-06T11:06:11.533+0700] {processor.py:175} INFO - Processing /opt/anaconda3/lib/python3.8/site-packages/airflow/example_dags/example_xcom.py took 1.523 seconds
[2023-12-06T11:09:32.004+0700] {processor.py:153} INFO - Started process (PID=23555) to work on /opt/anaconda3/lib/python3.8/site-packages/airflow/example_dags/example_xcom.py
[2023-12-06T11:09:32.005+0700] {processor.py:743} INFO - Processing file /opt/anaconda3/lib/python3.8/site-packages/airflow/example_dags/example_xcom.py for tasks to queue
[2023-12-06T11:09:32.006+0700] {logging_mixin.py:137} INFO - [2023-12-06T11:09:32.006+0700] {dagbag.py:538} INFO - Filling up the DagBag from /opt/anaconda3/lib/python3.8/site-packages/airflow/example_dags/example_xcom.py
[2023-12-06T11:09:32.120+0700] {processor.py:753} INFO - DAG(s) dict_keys(['example_xcom']) retrieved from /opt/anaconda3/lib/python3.8/site-packages/airflow/example_dags/example_xcom.py
[2023-12-06T11:09:33.262+0700] {logging_mixin.py:137} INFO - [2023-12-06T11:09:33.262+0700] {dag.py:2676} INFO - Sync 1 DAGs
[2023-12-06T11:09:33.288+0700] {logging_mixin.py:137} INFO - [2023-12-06T11:09:33.288+0700] {dag.py:3423} INFO - Setting next_dagrun for example_xcom to 2021-01-01T00:00:00+00:00, run_after=2021-01-01T00:00:00+00:00
[2023-12-06T11:09:33.333+0700] {processor.py:175} INFO - Processing /opt/anaconda3/lib/python3.8/site-packages/airflow/example_dags/example_xcom.py took 1.329 seconds
[2023-12-06T11:13:01.156+0700] {processor.py:153} INFO - Started process (PID=25874) to work on /opt/anaconda3/lib/python3.8/site-packages/airflow/example_dags/example_xcom.py
[2023-12-06T11:13:01.157+0700] {processor.py:743} INFO - Processing file /opt/anaconda3/lib/python3.8/site-packages/airflow/example_dags/example_xcom.py for tasks to queue
[2023-12-06T11:13:01.158+0700] {logging_mixin.py:137} INFO - [2023-12-06T11:13:01.158+0700] {dagbag.py:538} INFO - Filling up the DagBag from /opt/anaconda3/lib/python3.8/site-packages/airflow/example_dags/example_xcom.py
[2023-12-06T11:13:01.230+0700] {processor.py:753} INFO - DAG(s) dict_keys(['example_xcom']) retrieved from /opt/anaconda3/lib/python3.8/site-packages/airflow/example_dags/example_xcom.py
[2023-12-06T11:13:02.290+0700] {logging_mixin.py:137} INFO - [2023-12-06T11:13:02.290+0700] {dag.py:2676} INFO - Sync 1 DAGs
[2023-12-06T11:13:02.311+0700] {logging_mixin.py:137} INFO - [2023-12-06T11:13:02.311+0700] {dag.py:3423} INFO - Setting next_dagrun for example_xcom to 2021-01-01T00:00:00+00:00, run_after=2021-01-01T00:00:00+00:00
[2023-12-06T11:13:02.339+0700] {processor.py:175} INFO - Processing /opt/anaconda3/lib/python3.8/site-packages/airflow/example_dags/example_xcom.py took 1.184 seconds
[2023-12-06T11:17:36.666+0700] {processor.py:153} INFO - Started process (PID=28816) to work on /opt/anaconda3/lib/python3.8/site-packages/airflow/example_dags/example_xcom.py
[2023-12-06T11:17:36.667+0700] {processor.py:743} INFO - Processing file /opt/anaconda3/lib/python3.8/site-packages/airflow/example_dags/example_xcom.py for tasks to queue
[2023-12-06T11:17:36.668+0700] {logging_mixin.py:137} INFO - [2023-12-06T11:17:36.668+0700] {dagbag.py:538} INFO - Filling up the DagBag from /opt/anaconda3/lib/python3.8/site-packages/airflow/example_dags/example_xcom.py
[2023-12-06T11:17:36.748+0700] {processor.py:753} INFO - DAG(s) dict_keys(['example_xcom']) retrieved from /opt/anaconda3/lib/python3.8/site-packages/airflow/example_dags/example_xcom.py
[2023-12-06T11:17:37.890+0700] {logging_mixin.py:137} INFO - [2023-12-06T11:17:37.889+0700] {dag.py:2676} INFO - Sync 1 DAGs
[2023-12-06T11:17:37.912+0700] {logging_mixin.py:137} INFO - [2023-12-06T11:17:37.912+0700] {dag.py:3423} INFO - Setting next_dagrun for example_xcom to 2021-01-01T00:00:00+00:00, run_after=2021-01-01T00:00:00+00:00
[2023-12-06T11:17:37.938+0700] {processor.py:175} INFO - Processing /opt/anaconda3/lib/python3.8/site-packages/airflow/example_dags/example_xcom.py took 1.273 seconds
[2023-12-06T11:20:31.577+0700] {processor.py:153} INFO - Started process (PID=30737) to work on /opt/anaconda3/lib/python3.8/site-packages/airflow/example_dags/example_xcom.py
[2023-12-06T11:20:31.578+0700] {processor.py:743} INFO - Processing file /opt/anaconda3/lib/python3.8/site-packages/airflow/example_dags/example_xcom.py for tasks to queue
[2023-12-06T11:20:31.579+0700] {logging_mixin.py:137} INFO - [2023-12-06T11:20:31.579+0700] {dagbag.py:538} INFO - Filling up the DagBag from /opt/anaconda3/lib/python3.8/site-packages/airflow/example_dags/example_xcom.py
[2023-12-06T11:20:31.642+0700] {processor.py:753} INFO - DAG(s) dict_keys(['example_xcom']) retrieved from /opt/anaconda3/lib/python3.8/site-packages/airflow/example_dags/example_xcom.py
[2023-12-06T11:20:32.934+0700] {logging_mixin.py:137} INFO - [2023-12-06T11:20:32.934+0700] {dag.py:2676} INFO - Sync 1 DAGs
[2023-12-06T11:20:32.973+0700] {logging_mixin.py:137} INFO - [2023-12-06T11:20:32.973+0700] {dag.py:3423} INFO - Setting next_dagrun for example_xcom to 2021-01-01T00:00:00+00:00, run_after=2021-01-01T00:00:00+00:00
[2023-12-06T11:20:33.006+0700] {processor.py:175} INFO - Processing /opt/anaconda3/lib/python3.8/site-packages/airflow/example_dags/example_xcom.py took 1.430 seconds
[2023-12-06T11:23:23.064+0700] {processor.py:153} INFO - Started process (PID=32569) to work on /opt/anaconda3/lib/python3.8/site-packages/airflow/example_dags/example_xcom.py
[2023-12-06T11:23:23.080+0700] {processor.py:743} INFO - Processing file /opt/anaconda3/lib/python3.8/site-packages/airflow/example_dags/example_xcom.py for tasks to queue
[2023-12-06T11:23:23.082+0700] {logging_mixin.py:137} INFO - [2023-12-06T11:23:23.081+0700] {dagbag.py:538} INFO - Filling up the DagBag from /opt/anaconda3/lib/python3.8/site-packages/airflow/example_dags/example_xcom.py
[2023-12-06T11:23:23.149+0700] {processor.py:753} INFO - DAG(s) dict_keys(['example_xcom']) retrieved from /opt/anaconda3/lib/python3.8/site-packages/airflow/example_dags/example_xcom.py
[2023-12-06T11:23:24.007+0700] {logging_mixin.py:137} INFO - [2023-12-06T11:23:24.007+0700] {dag.py:2676} INFO - Sync 1 DAGs
[2023-12-06T11:23:24.037+0700] {logging_mixin.py:137} INFO - [2023-12-06T11:23:24.036+0700] {dag.py:3423} INFO - Setting next_dagrun for example_xcom to 2021-01-01T00:00:00+00:00, run_after=2021-01-01T00:00:00+00:00
[2023-12-06T11:23:24.062+0700] {processor.py:175} INFO - Processing /opt/anaconda3/lib/python3.8/site-packages/airflow/example_dags/example_xcom.py took 0.998 seconds
[2023-12-06T11:26:24.638+0700] {processor.py:153} INFO - Started process (PID=34482) to work on /opt/anaconda3/lib/python3.8/site-packages/airflow/example_dags/example_xcom.py
[2023-12-06T11:26:24.639+0700] {processor.py:743} INFO - Processing file /opt/anaconda3/lib/python3.8/site-packages/airflow/example_dags/example_xcom.py for tasks to queue
[2023-12-06T11:26:24.640+0700] {logging_mixin.py:137} INFO - [2023-12-06T11:26:24.640+0700] {dagbag.py:538} INFO - Filling up the DagBag from /opt/anaconda3/lib/python3.8/site-packages/airflow/example_dags/example_xcom.py
[2023-12-06T11:26:24.709+0700] {processor.py:753} INFO - DAG(s) dict_keys(['example_xcom']) retrieved from /opt/anaconda3/lib/python3.8/site-packages/airflow/example_dags/example_xcom.py
[2023-12-06T11:26:25.657+0700] {logging_mixin.py:137} INFO - [2023-12-06T11:26:25.657+0700] {dag.py:2676} INFO - Sync 1 DAGs
[2023-12-06T11:26:25.678+0700] {logging_mixin.py:137} INFO - [2023-12-06T11:26:25.678+0700] {dag.py:3423} INFO - Setting next_dagrun for example_xcom to 2021-01-01T00:00:00+00:00, run_after=2021-01-01T00:00:00+00:00
[2023-12-06T11:26:25.705+0700] {processor.py:175} INFO - Processing /opt/anaconda3/lib/python3.8/site-packages/airflow/example_dags/example_xcom.py took 1.067 seconds
[2023-12-06T11:29:22.410+0700] {processor.py:153} INFO - Started process (PID=36388) to work on /opt/anaconda3/lib/python3.8/site-packages/airflow/example_dags/example_xcom.py
[2023-12-06T11:29:22.413+0700] {processor.py:743} INFO - Processing file /opt/anaconda3/lib/python3.8/site-packages/airflow/example_dags/example_xcom.py for tasks to queue
[2023-12-06T11:29:22.415+0700] {logging_mixin.py:137} INFO - [2023-12-06T11:29:22.415+0700] {dagbag.py:538} INFO - Filling up the DagBag from /opt/anaconda3/lib/python3.8/site-packages/airflow/example_dags/example_xcom.py
[2023-12-06T11:29:22.680+0700] {processor.py:753} INFO - DAG(s) dict_keys(['example_xcom']) retrieved from /opt/anaconda3/lib/python3.8/site-packages/airflow/example_dags/example_xcom.py
[2023-12-06T11:29:23.953+0700] {logging_mixin.py:137} INFO - [2023-12-06T11:29:23.953+0700] {dag.py:2676} INFO - Sync 1 DAGs
[2023-12-06T11:29:23.979+0700] {logging_mixin.py:137} INFO - [2023-12-06T11:29:23.979+0700] {dag.py:3423} INFO - Setting next_dagrun for example_xcom to 2021-01-01T00:00:00+00:00, run_after=2021-01-01T00:00:00+00:00
[2023-12-06T11:29:24.013+0700] {processor.py:175} INFO - Processing /opt/anaconda3/lib/python3.8/site-packages/airflow/example_dags/example_xcom.py took 1.606 seconds
[2023-12-06T11:32:44.658+0700] {processor.py:153} INFO - Started process (PID=38450) to work on /opt/anaconda3/lib/python3.8/site-packages/airflow/example_dags/example_xcom.py
[2023-12-06T11:32:44.660+0700] {processor.py:743} INFO - Processing file /opt/anaconda3/lib/python3.8/site-packages/airflow/example_dags/example_xcom.py for tasks to queue
[2023-12-06T11:32:44.661+0700] {logging_mixin.py:137} INFO - [2023-12-06T11:32:44.661+0700] {dagbag.py:538} INFO - Filling up the DagBag from /opt/anaconda3/lib/python3.8/site-packages/airflow/example_dags/example_xcom.py
[2023-12-06T11:32:44.748+0700] {processor.py:753} INFO - DAG(s) dict_keys(['example_xcom']) retrieved from /opt/anaconda3/lib/python3.8/site-packages/airflow/example_dags/example_xcom.py
[2023-12-06T11:32:46.272+0700] {logging_mixin.py:137} INFO - [2023-12-06T11:32:46.271+0700] {dag.py:2676} INFO - Sync 1 DAGs
[2023-12-06T11:32:46.326+0700] {logging_mixin.py:137} INFO - [2023-12-06T11:32:46.325+0700] {dag.py:3423} INFO - Setting next_dagrun for example_xcom to 2021-01-01T00:00:00+00:00, run_after=2021-01-01T00:00:00+00:00
[2023-12-06T11:32:46.378+0700] {processor.py:175} INFO - Processing /opt/anaconda3/lib/python3.8/site-packages/airflow/example_dags/example_xcom.py took 1.721 seconds
[2023-12-06T11:38:15.509+0700] {processor.py:153} INFO - Started process (PID=41969) to work on /opt/anaconda3/lib/python3.8/site-packages/airflow/example_dags/example_xcom.py
[2023-12-06T11:38:15.516+0700] {processor.py:743} INFO - Processing file /opt/anaconda3/lib/python3.8/site-packages/airflow/example_dags/example_xcom.py for tasks to queue
[2023-12-06T11:38:15.518+0700] {logging_mixin.py:137} INFO - [2023-12-06T11:38:15.518+0700] {dagbag.py:538} INFO - Filling up the DagBag from /opt/anaconda3/lib/python3.8/site-packages/airflow/example_dags/example_xcom.py
[2023-12-06T11:38:15.769+0700] {processor.py:753} INFO - DAG(s) dict_keys(['example_xcom']) retrieved from /opt/anaconda3/lib/python3.8/site-packages/airflow/example_dags/example_xcom.py
[2023-12-06T11:38:18.482+0700] {logging_mixin.py:137} INFO - [2023-12-06T11:38:18.481+0700] {dag.py:2676} INFO - Sync 1 DAGs
[2023-12-06T11:38:18.510+0700] {logging_mixin.py:137} INFO - [2023-12-06T11:38:18.510+0700] {dag.py:3423} INFO - Setting next_dagrun for example_xcom to 2021-01-01T00:00:00+00:00, run_after=2021-01-01T00:00:00+00:00
[2023-12-06T11:38:18.535+0700] {processor.py:175} INFO - Processing /opt/anaconda3/lib/python3.8/site-packages/airflow/example_dags/example_xcom.py took 3.037 seconds
[2023-12-06T11:41:52.425+0700] {processor.py:153} INFO - Started process (PID=44457) to work on /opt/anaconda3/lib/python3.8/site-packages/airflow/example_dags/example_xcom.py
[2023-12-06T11:41:52.427+0700] {processor.py:743} INFO - Processing file /opt/anaconda3/lib/python3.8/site-packages/airflow/example_dags/example_xcom.py for tasks to queue
[2023-12-06T11:41:52.429+0700] {logging_mixin.py:137} INFO - [2023-12-06T11:41:52.428+0700] {dagbag.py:538} INFO - Filling up the DagBag from /opt/anaconda3/lib/python3.8/site-packages/airflow/example_dags/example_xcom.py
[2023-12-06T11:41:52.612+0700] {processor.py:753} INFO - DAG(s) dict_keys(['example_xcom']) retrieved from /opt/anaconda3/lib/python3.8/site-packages/airflow/example_dags/example_xcom.py
[2023-12-06T11:41:53.767+0700] {logging_mixin.py:137} INFO - [2023-12-06T11:41:53.766+0700] {dag.py:2676} INFO - Sync 1 DAGs
[2023-12-06T11:41:53.785+0700] {logging_mixin.py:137} INFO - [2023-12-06T11:41:53.785+0700] {dag.py:3423} INFO - Setting next_dagrun for example_xcom to 2021-01-01T00:00:00+00:00, run_after=2021-01-01T00:00:00+00:00
[2023-12-06T11:41:53.806+0700] {processor.py:175} INFO - Processing /opt/anaconda3/lib/python3.8/site-packages/airflow/example_dags/example_xcom.py took 1.382 seconds
[2023-12-06T11:45:03.192+0700] {processor.py:153} INFO - Started process (PID=46406) to work on /opt/anaconda3/lib/python3.8/site-packages/airflow/example_dags/example_xcom.py
[2023-12-06T11:45:03.194+0700] {processor.py:743} INFO - Processing file /opt/anaconda3/lib/python3.8/site-packages/airflow/example_dags/example_xcom.py for tasks to queue
[2023-12-06T11:45:03.195+0700] {logging_mixin.py:137} INFO - [2023-12-06T11:45:03.195+0700] {dagbag.py:538} INFO - Filling up the DagBag from /opt/anaconda3/lib/python3.8/site-packages/airflow/example_dags/example_xcom.py
[2023-12-06T11:45:03.281+0700] {processor.py:753} INFO - DAG(s) dict_keys(['example_xcom']) retrieved from /opt/anaconda3/lib/python3.8/site-packages/airflow/example_dags/example_xcom.py
[2023-12-06T11:45:05.905+0700] {logging_mixin.py:137} INFO - [2023-12-06T11:45:05.905+0700] {dag.py:2676} INFO - Sync 1 DAGs
[2023-12-06T11:45:05.935+0700] {logging_mixin.py:137} INFO - [2023-12-06T11:45:05.935+0700] {dag.py:3423} INFO - Setting next_dagrun for example_xcom to 2021-01-01T00:00:00+00:00, run_after=2021-01-01T00:00:00+00:00
[2023-12-06T11:45:05.963+0700] {processor.py:175} INFO - Processing /opt/anaconda3/lib/python3.8/site-packages/airflow/example_dags/example_xcom.py took 2.772 seconds
[2023-12-06T11:48:31.997+0700] {processor.py:153} INFO - Started process (PID=48729) to work on /opt/anaconda3/lib/python3.8/site-packages/airflow/example_dags/example_xcom.py
[2023-12-06T11:48:32.003+0700] {processor.py:743} INFO - Processing file /opt/anaconda3/lib/python3.8/site-packages/airflow/example_dags/example_xcom.py for tasks to queue
[2023-12-06T11:48:32.004+0700] {logging_mixin.py:137} INFO - [2023-12-06T11:48:32.004+0700] {dagbag.py:538} INFO - Filling up the DagBag from /opt/anaconda3/lib/python3.8/site-packages/airflow/example_dags/example_xcom.py
[2023-12-06T11:48:32.206+0700] {processor.py:753} INFO - DAG(s) dict_keys(['example_xcom']) retrieved from /opt/anaconda3/lib/python3.8/site-packages/airflow/example_dags/example_xcom.py
[2023-12-06T11:48:33.712+0700] {logging_mixin.py:137} INFO - [2023-12-06T11:48:33.711+0700] {dag.py:2676} INFO - Sync 1 DAGs
[2023-12-06T11:48:33.765+0700] {logging_mixin.py:137} INFO - [2023-12-06T11:48:33.765+0700] {dag.py:3423} INFO - Setting next_dagrun for example_xcom to 2021-01-01T00:00:00+00:00, run_after=2021-01-01T00:00:00+00:00
[2023-12-06T11:48:33.815+0700] {processor.py:175} INFO - Processing /opt/anaconda3/lib/python3.8/site-packages/airflow/example_dags/example_xcom.py took 1.828 seconds
[2023-12-06T11:51:45.508+0700] {processor.py:153} INFO - Started process (PID=50759) to work on /opt/anaconda3/lib/python3.8/site-packages/airflow/example_dags/example_xcom.py
[2023-12-06T11:51:45.510+0700] {processor.py:743} INFO - Processing file /opt/anaconda3/lib/python3.8/site-packages/airflow/example_dags/example_xcom.py for tasks to queue
[2023-12-06T11:51:45.511+0700] {logging_mixin.py:137} INFO - [2023-12-06T11:51:45.510+0700] {dagbag.py:538} INFO - Filling up the DagBag from /opt/anaconda3/lib/python3.8/site-packages/airflow/example_dags/example_xcom.py
[2023-12-06T11:51:45.572+0700] {processor.py:753} INFO - DAG(s) dict_keys(['example_xcom']) retrieved from /opt/anaconda3/lib/python3.8/site-packages/airflow/example_dags/example_xcom.py
[2023-12-06T11:51:46.643+0700] {logging_mixin.py:137} INFO - [2023-12-06T11:51:46.642+0700] {dag.py:2676} INFO - Sync 1 DAGs
[2023-12-06T11:51:46.667+0700] {logging_mixin.py:137} INFO - [2023-12-06T11:51:46.667+0700] {dag.py:3423} INFO - Setting next_dagrun for example_xcom to 2021-01-01T00:00:00+00:00, run_after=2021-01-01T00:00:00+00:00
[2023-12-06T11:51:46.695+0700] {processor.py:175} INFO - Processing /opt/anaconda3/lib/python3.8/site-packages/airflow/example_dags/example_xcom.py took 1.188 seconds
[2023-12-06T11:54:16.745+0700] {processor.py:153} INFO - Started process (PID=52345) to work on /opt/anaconda3/lib/python3.8/site-packages/airflow/example_dags/example_xcom.py
[2023-12-06T11:54:16.746+0700] {processor.py:743} INFO - Processing file /opt/anaconda3/lib/python3.8/site-packages/airflow/example_dags/example_xcom.py for tasks to queue
[2023-12-06T11:54:16.747+0700] {logging_mixin.py:137} INFO - [2023-12-06T11:54:16.747+0700] {dagbag.py:538} INFO - Filling up the DagBag from /opt/anaconda3/lib/python3.8/site-packages/airflow/example_dags/example_xcom.py
[2023-12-06T11:54:16.809+0700] {processor.py:753} INFO - DAG(s) dict_keys(['example_xcom']) retrieved from /opt/anaconda3/lib/python3.8/site-packages/airflow/example_dags/example_xcom.py
[2023-12-06T11:54:17.831+0700] {logging_mixin.py:137} INFO - [2023-12-06T11:54:17.830+0700] {dag.py:2676} INFO - Sync 1 DAGs
[2023-12-06T11:54:17.857+0700] {logging_mixin.py:137} INFO - [2023-12-06T11:54:17.857+0700] {dag.py:3423} INFO - Setting next_dagrun for example_xcom to 2021-01-01T00:00:00+00:00, run_after=2021-01-01T00:00:00+00:00
[2023-12-06T11:54:17.887+0700] {processor.py:175} INFO - Processing /opt/anaconda3/lib/python3.8/site-packages/airflow/example_dags/example_xcom.py took 1.143 seconds
[2023-12-06T11:56:38.369+0700] {processor.py:153} INFO - Started process (PID=53928) to work on /opt/anaconda3/lib/python3.8/site-packages/airflow/example_dags/example_xcom.py
[2023-12-06T11:56:38.371+0700] {processor.py:743} INFO - Processing file /opt/anaconda3/lib/python3.8/site-packages/airflow/example_dags/example_xcom.py for tasks to queue
[2023-12-06T11:56:38.372+0700] {logging_mixin.py:137} INFO - [2023-12-06T11:56:38.372+0700] {dagbag.py:538} INFO - Filling up the DagBag from /opt/anaconda3/lib/python3.8/site-packages/airflow/example_dags/example_xcom.py
[2023-12-06T11:56:38.429+0700] {processor.py:753} INFO - DAG(s) dict_keys(['example_xcom']) retrieved from /opt/anaconda3/lib/python3.8/site-packages/airflow/example_dags/example_xcom.py
[2023-12-06T11:56:39.324+0700] {logging_mixin.py:137} INFO - [2023-12-06T11:56:39.323+0700] {dag.py:2676} INFO - Sync 1 DAGs
[2023-12-06T11:56:39.343+0700] {logging_mixin.py:137} INFO - [2023-12-06T11:56:39.343+0700] {dag.py:3423} INFO - Setting next_dagrun for example_xcom to 2021-01-01T00:00:00+00:00, run_after=2021-01-01T00:00:00+00:00
[2023-12-06T11:56:39.365+0700] {processor.py:175} INFO - Processing /opt/anaconda3/lib/python3.8/site-packages/airflow/example_dags/example_xcom.py took 0.996 seconds
[2023-12-06T11:59:02.839+0700] {processor.py:153} INFO - Started process (PID=55408) to work on /opt/anaconda3/lib/python3.8/site-packages/airflow/example_dags/example_xcom.py
[2023-12-06T11:59:02.840+0700] {processor.py:743} INFO - Processing file /opt/anaconda3/lib/python3.8/site-packages/airflow/example_dags/example_xcom.py for tasks to queue
[2023-12-06T11:59:02.842+0700] {logging_mixin.py:137} INFO - [2023-12-06T11:59:02.841+0700] {dagbag.py:538} INFO - Filling up the DagBag from /opt/anaconda3/lib/python3.8/site-packages/airflow/example_dags/example_xcom.py
[2023-12-06T11:59:02.918+0700] {processor.py:753} INFO - DAG(s) dict_keys(['example_xcom']) retrieved from /opt/anaconda3/lib/python3.8/site-packages/airflow/example_dags/example_xcom.py
[2023-12-06T11:59:03.962+0700] {logging_mixin.py:137} INFO - [2023-12-06T11:59:03.962+0700] {dag.py:2676} INFO - Sync 1 DAGs
[2023-12-06T11:59:03.979+0700] {logging_mixin.py:137} INFO - [2023-12-06T11:59:03.979+0700] {dag.py:3423} INFO - Setting next_dagrun for example_xcom to 2021-01-01T00:00:00+00:00, run_after=2021-01-01T00:00:00+00:00
[2023-12-06T11:59:03.999+0700] {processor.py:175} INFO - Processing /opt/anaconda3/lib/python3.8/site-packages/airflow/example_dags/example_xcom.py took 1.162 seconds
[2023-12-06T12:01:33.144+0700] {processor.py:153} INFO - Started process (PID=57109) to work on /opt/anaconda3/lib/python3.8/site-packages/airflow/example_dags/example_xcom.py
[2023-12-06T12:01:33.147+0700] {processor.py:743} INFO - Processing file /opt/anaconda3/lib/python3.8/site-packages/airflow/example_dags/example_xcom.py for tasks to queue
[2023-12-06T12:01:33.149+0700] {logging_mixin.py:137} INFO - [2023-12-06T12:01:33.148+0700] {dagbag.py:538} INFO - Filling up the DagBag from /opt/anaconda3/lib/python3.8/site-packages/airflow/example_dags/example_xcom.py
[2023-12-06T12:01:33.276+0700] {processor.py:753} INFO - DAG(s) dict_keys(['example_xcom']) retrieved from /opt/anaconda3/lib/python3.8/site-packages/airflow/example_dags/example_xcom.py
[2023-12-06T12:01:34.307+0700] {logging_mixin.py:137} INFO - [2023-12-06T12:01:34.307+0700] {dag.py:2676} INFO - Sync 1 DAGs
[2023-12-06T12:01:34.335+0700] {logging_mixin.py:137} INFO - [2023-12-06T12:01:34.335+0700] {dag.py:3423} INFO - Setting next_dagrun for example_xcom to 2021-01-01T00:00:00+00:00, run_after=2021-01-01T00:00:00+00:00
[2023-12-06T12:01:34.370+0700] {processor.py:175} INFO - Processing /opt/anaconda3/lib/python3.8/site-packages/airflow/example_dags/example_xcom.py took 1.227 seconds
[2023-12-06T12:04:05.388+0700] {processor.py:153} INFO - Started process (PID=58698) to work on /opt/anaconda3/lib/python3.8/site-packages/airflow/example_dags/example_xcom.py
[2023-12-06T12:04:05.389+0700] {processor.py:743} INFO - Processing file /opt/anaconda3/lib/python3.8/site-packages/airflow/example_dags/example_xcom.py for tasks to queue
[2023-12-06T12:04:05.390+0700] {logging_mixin.py:137} INFO - [2023-12-06T12:04:05.389+0700] {dagbag.py:538} INFO - Filling up the DagBag from /opt/anaconda3/lib/python3.8/site-packages/airflow/example_dags/example_xcom.py
[2023-12-06T12:04:05.470+0700] {processor.py:753} INFO - DAG(s) dict_keys(['example_xcom']) retrieved from /opt/anaconda3/lib/python3.8/site-packages/airflow/example_dags/example_xcom.py
[2023-12-06T12:04:06.780+0700] {logging_mixin.py:137} INFO - [2023-12-06T12:04:06.780+0700] {dag.py:2676} INFO - Sync 1 DAGs
[2023-12-06T12:04:06.803+0700] {logging_mixin.py:137} INFO - [2023-12-06T12:04:06.803+0700] {dag.py:3423} INFO - Setting next_dagrun for example_xcom to 2021-01-01T00:00:00+00:00, run_after=2021-01-01T00:00:00+00:00
[2023-12-06T12:04:06.825+0700] {processor.py:175} INFO - Processing /opt/anaconda3/lib/python3.8/site-packages/airflow/example_dags/example_xcom.py took 1.439 seconds
[2023-12-06T15:15:32.733+0700] {processor.py:153} INFO - Started process (PID=61591) to work on /opt/anaconda3/lib/python3.8/site-packages/airflow/example_dags/example_xcom.py
[2023-12-06T15:15:32.735+0700] {processor.py:743} INFO - Processing file /opt/anaconda3/lib/python3.8/site-packages/airflow/example_dags/example_xcom.py for tasks to queue
[2023-12-06T15:15:32.735+0700] {logging_mixin.py:137} INFO - [2023-12-06T15:15:32.735+0700] {dagbag.py:538} INFO - Filling up the DagBag from /opt/anaconda3/lib/python3.8/site-packages/airflow/example_dags/example_xcom.py
[2023-12-06T15:15:32.788+0700] {processor.py:753} INFO - DAG(s) dict_keys(['example_xcom']) retrieved from /opt/anaconda3/lib/python3.8/site-packages/airflow/example_dags/example_xcom.py
[2023-12-06T15:15:33.619+0700] {logging_mixin.py:137} INFO - [2023-12-06T15:15:33.619+0700] {dag.py:2676} INFO - Sync 1 DAGs
[2023-12-06T15:15:33.636+0700] {logging_mixin.py:137} INFO - [2023-12-06T15:15:33.636+0700] {dag.py:3423} INFO - Setting next_dagrun for example_xcom to 2021-01-01T00:00:00+00:00, run_after=2021-01-01T00:00:00+00:00
[2023-12-06T15:15:33.659+0700] {processor.py:175} INFO - Processing /opt/anaconda3/lib/python3.8/site-packages/airflow/example_dags/example_xcom.py took 0.927 seconds
[2023-12-06T15:17:48.218+0700] {processor.py:153} INFO - Started process (PID=63068) to work on /opt/anaconda3/lib/python3.8/site-packages/airflow/example_dags/example_xcom.py
[2023-12-06T15:17:48.220+0700] {processor.py:743} INFO - Processing file /opt/anaconda3/lib/python3.8/site-packages/airflow/example_dags/example_xcom.py for tasks to queue
[2023-12-06T15:17:48.221+0700] {logging_mixin.py:137} INFO - [2023-12-06T15:17:48.220+0700] {dagbag.py:538} INFO - Filling up the DagBag from /opt/anaconda3/lib/python3.8/site-packages/airflow/example_dags/example_xcom.py
[2023-12-06T15:17:48.276+0700] {processor.py:753} INFO - DAG(s) dict_keys(['example_xcom']) retrieved from /opt/anaconda3/lib/python3.8/site-packages/airflow/example_dags/example_xcom.py
[2023-12-06T15:17:49.075+0700] {logging_mixin.py:137} INFO - [2023-12-06T15:17:49.075+0700] {dag.py:2676} INFO - Sync 1 DAGs
[2023-12-06T15:17:49.092+0700] {logging_mixin.py:137} INFO - [2023-12-06T15:17:49.091+0700] {dag.py:3423} INFO - Setting next_dagrun for example_xcom to 2021-01-01T00:00:00+00:00, run_after=2021-01-01T00:00:00+00:00
[2023-12-06T15:17:49.117+0700] {processor.py:175} INFO - Processing /opt/anaconda3/lib/python3.8/site-packages/airflow/example_dags/example_xcom.py took 0.899 seconds
[2023-12-06T15:20:05.779+0700] {processor.py:153} INFO - Started process (PID=64543) to work on /opt/anaconda3/lib/python3.8/site-packages/airflow/example_dags/example_xcom.py
[2023-12-06T15:20:05.779+0700] {processor.py:743} INFO - Processing file /opt/anaconda3/lib/python3.8/site-packages/airflow/example_dags/example_xcom.py for tasks to queue
[2023-12-06T15:20:05.780+0700] {logging_mixin.py:137} INFO - [2023-12-06T15:20:05.780+0700] {dagbag.py:538} INFO - Filling up the DagBag from /opt/anaconda3/lib/python3.8/site-packages/airflow/example_dags/example_xcom.py
[2023-12-06T15:20:05.829+0700] {processor.py:753} INFO - DAG(s) dict_keys(['example_xcom']) retrieved from /opt/anaconda3/lib/python3.8/site-packages/airflow/example_dags/example_xcom.py
[2023-12-06T15:20:07.106+0700] {logging_mixin.py:137} INFO - [2023-12-06T15:20:07.106+0700] {dag.py:2676} INFO - Sync 1 DAGs
[2023-12-06T15:20:07.137+0700] {logging_mixin.py:137} INFO - [2023-12-06T15:20:07.137+0700] {dag.py:3423} INFO - Setting next_dagrun for example_xcom to 2021-01-01T00:00:00+00:00, run_after=2021-01-01T00:00:00+00:00
[2023-12-06T15:20:07.179+0700] {processor.py:175} INFO - Processing /opt/anaconda3/lib/python3.8/site-packages/airflow/example_dags/example_xcom.py took 1.401 seconds
[2023-12-06T15:22:32.115+0700] {processor.py:153} INFO - Started process (PID=66132) to work on /opt/anaconda3/lib/python3.8/site-packages/airflow/example_dags/example_xcom.py
[2023-12-06T15:22:32.116+0700] {processor.py:743} INFO - Processing file /opt/anaconda3/lib/python3.8/site-packages/airflow/example_dags/example_xcom.py for tasks to queue
[2023-12-06T15:22:32.117+0700] {logging_mixin.py:137} INFO - [2023-12-06T15:22:32.117+0700] {dagbag.py:538} INFO - Filling up the DagBag from /opt/anaconda3/lib/python3.8/site-packages/airflow/example_dags/example_xcom.py
[2023-12-06T15:22:32.175+0700] {processor.py:753} INFO - DAG(s) dict_keys(['example_xcom']) retrieved from /opt/anaconda3/lib/python3.8/site-packages/airflow/example_dags/example_xcom.py
[2023-12-06T15:22:33.115+0700] {logging_mixin.py:137} INFO - [2023-12-06T15:22:33.114+0700] {dag.py:2676} INFO - Sync 1 DAGs
[2023-12-06T15:22:33.133+0700] {logging_mixin.py:137} INFO - [2023-12-06T15:22:33.132+0700] {dag.py:3423} INFO - Setting next_dagrun for example_xcom to 2021-01-01T00:00:00+00:00, run_after=2021-01-01T00:00:00+00:00
[2023-12-06T15:22:33.155+0700] {processor.py:175} INFO - Processing /opt/anaconda3/lib/python3.8/site-packages/airflow/example_dags/example_xcom.py took 1.040 seconds
[2023-12-06T15:24:52.853+0700] {processor.py:153} INFO - Started process (PID=67609) to work on /opt/anaconda3/lib/python3.8/site-packages/airflow/example_dags/example_xcom.py
[2023-12-06T15:24:52.854+0700] {processor.py:743} INFO - Processing file /opt/anaconda3/lib/python3.8/site-packages/airflow/example_dags/example_xcom.py for tasks to queue
[2023-12-06T15:24:52.855+0700] {logging_mixin.py:137} INFO - [2023-12-06T15:24:52.855+0700] {dagbag.py:538} INFO - Filling up the DagBag from /opt/anaconda3/lib/python3.8/site-packages/airflow/example_dags/example_xcom.py
[2023-12-06T15:24:52.916+0700] {processor.py:753} INFO - DAG(s) dict_keys(['example_xcom']) retrieved from /opt/anaconda3/lib/python3.8/site-packages/airflow/example_dags/example_xcom.py
[2023-12-06T15:24:53.912+0700] {logging_mixin.py:137} INFO - [2023-12-06T15:24:53.912+0700] {dag.py:2676} INFO - Sync 1 DAGs
[2023-12-06T15:24:53.934+0700] {logging_mixin.py:137} INFO - [2023-12-06T15:24:53.934+0700] {dag.py:3423} INFO - Setting next_dagrun for example_xcom to 2021-01-01T00:00:00+00:00, run_after=2021-01-01T00:00:00+00:00
[2023-12-06T15:24:53.960+0700] {processor.py:175} INFO - Processing /opt/anaconda3/lib/python3.8/site-packages/airflow/example_dags/example_xcom.py took 1.109 seconds
[2023-12-06T15:27:24.711+0700] {processor.py:153} INFO - Started process (PID=69303) to work on /opt/anaconda3/lib/python3.8/site-packages/airflow/example_dags/example_xcom.py
[2023-12-06T15:27:24.713+0700] {processor.py:743} INFO - Processing file /opt/anaconda3/lib/python3.8/site-packages/airflow/example_dags/example_xcom.py for tasks to queue
[2023-12-06T15:27:24.714+0700] {logging_mixin.py:137} INFO - [2023-12-06T15:27:24.713+0700] {dagbag.py:538} INFO - Filling up the DagBag from /opt/anaconda3/lib/python3.8/site-packages/airflow/example_dags/example_xcom.py
[2023-12-06T15:27:24.770+0700] {processor.py:753} INFO - DAG(s) dict_keys(['example_xcom']) retrieved from /opt/anaconda3/lib/python3.8/site-packages/airflow/example_dags/example_xcom.py
[2023-12-06T15:27:25.587+0700] {logging_mixin.py:137} INFO - [2023-12-06T15:27:25.587+0700] {dag.py:2676} INFO - Sync 1 DAGs
[2023-12-06T15:27:25.606+0700] {logging_mixin.py:137} INFO - [2023-12-06T15:27:25.606+0700] {dag.py:3423} INFO - Setting next_dagrun for example_xcom to 2021-01-01T00:00:00+00:00, run_after=2021-01-01T00:00:00+00:00
[2023-12-06T15:27:25.631+0700] {processor.py:175} INFO - Processing /opt/anaconda3/lib/python3.8/site-packages/airflow/example_dags/example_xcom.py took 0.920 seconds
[2023-12-06T15:29:42.096+0700] {processor.py:153} INFO - Started process (PID=70671) to work on /opt/anaconda3/lib/python3.8/site-packages/airflow/example_dags/example_xcom.py
[2023-12-06T15:29:42.097+0700] {processor.py:743} INFO - Processing file /opt/anaconda3/lib/python3.8/site-packages/airflow/example_dags/example_xcom.py for tasks to queue
[2023-12-06T15:29:42.097+0700] {logging_mixin.py:137} INFO - [2023-12-06T15:29:42.097+0700] {dagbag.py:538} INFO - Filling up the DagBag from /opt/anaconda3/lib/python3.8/site-packages/airflow/example_dags/example_xcom.py
[2023-12-06T15:29:42.174+0700] {processor.py:753} INFO - DAG(s) dict_keys(['example_xcom']) retrieved from /opt/anaconda3/lib/python3.8/site-packages/airflow/example_dags/example_xcom.py
[2023-12-06T15:29:43.051+0700] {logging_mixin.py:137} INFO - [2023-12-06T15:29:43.051+0700] {dag.py:2676} INFO - Sync 1 DAGs
[2023-12-06T15:29:43.073+0700] {logging_mixin.py:137} INFO - [2023-12-06T15:29:43.073+0700] {dag.py:3423} INFO - Setting next_dagrun for example_xcom to 2021-01-01T00:00:00+00:00, run_after=2021-01-01T00:00:00+00:00
[2023-12-06T15:29:43.096+0700] {processor.py:175} INFO - Processing /opt/anaconda3/lib/python3.8/site-packages/airflow/example_dags/example_xcom.py took 1.001 seconds
[2023-12-06T15:32:20.767+0700] {processor.py:153} INFO - Started process (PID=72427) to work on /opt/anaconda3/lib/python3.8/site-packages/airflow/example_dags/example_xcom.py
[2023-12-06T15:32:20.769+0700] {processor.py:743} INFO - Processing file /opt/anaconda3/lib/python3.8/site-packages/airflow/example_dags/example_xcom.py for tasks to queue
[2023-12-06T15:32:20.769+0700] {logging_mixin.py:137} INFO - [2023-12-06T15:32:20.769+0700] {dagbag.py:538} INFO - Filling up the DagBag from /opt/anaconda3/lib/python3.8/site-packages/airflow/example_dags/example_xcom.py
[2023-12-06T15:32:20.823+0700] {processor.py:753} INFO - DAG(s) dict_keys(['example_xcom']) retrieved from /opt/anaconda3/lib/python3.8/site-packages/airflow/example_dags/example_xcom.py
[2023-12-06T15:32:21.571+0700] {logging_mixin.py:137} INFO - [2023-12-06T15:32:21.571+0700] {dag.py:2676} INFO - Sync 1 DAGs
[2023-12-06T15:32:21.587+0700] {logging_mixin.py:137} INFO - [2023-12-06T15:32:21.587+0700] {dag.py:3423} INFO - Setting next_dagrun for example_xcom to 2021-01-01T00:00:00+00:00, run_after=2021-01-01T00:00:00+00:00
[2023-12-06T15:32:21.608+0700] {processor.py:175} INFO - Processing /opt/anaconda3/lib/python3.8/site-packages/airflow/example_dags/example_xcom.py took 0.842 seconds
[2023-12-06T15:34:38.534+0700] {processor.py:153} INFO - Started process (PID=73981) to work on /opt/anaconda3/lib/python3.8/site-packages/airflow/example_dags/example_xcom.py
[2023-12-06T15:34:38.536+0700] {processor.py:743} INFO - Processing file /opt/anaconda3/lib/python3.8/site-packages/airflow/example_dags/example_xcom.py for tasks to queue
[2023-12-06T15:34:38.537+0700] {logging_mixin.py:137} INFO - [2023-12-06T15:34:38.537+0700] {dagbag.py:538} INFO - Filling up the DagBag from /opt/anaconda3/lib/python3.8/site-packages/airflow/example_dags/example_xcom.py
[2023-12-06T15:34:38.590+0700] {processor.py:753} INFO - DAG(s) dict_keys(['example_xcom']) retrieved from /opt/anaconda3/lib/python3.8/site-packages/airflow/example_dags/example_xcom.py
[2023-12-06T15:34:39.346+0700] {logging_mixin.py:137} INFO - [2023-12-06T15:34:39.345+0700] {dag.py:2676} INFO - Sync 1 DAGs
[2023-12-06T15:34:39.362+0700] {logging_mixin.py:137} INFO - [2023-12-06T15:34:39.362+0700] {dag.py:3423} INFO - Setting next_dagrun for example_xcom to 2021-01-01T00:00:00+00:00, run_after=2021-01-01T00:00:00+00:00
[2023-12-06T15:34:39.381+0700] {processor.py:175} INFO - Processing /opt/anaconda3/lib/python3.8/site-packages/airflow/example_dags/example_xcom.py took 0.848 seconds
[2023-12-06T15:37:03.364+0700] {processor.py:153} INFO - Started process (PID=75473) to work on /opt/anaconda3/lib/python3.8/site-packages/airflow/example_dags/example_xcom.py
[2023-12-06T15:37:03.365+0700] {processor.py:743} INFO - Processing file /opt/anaconda3/lib/python3.8/site-packages/airflow/example_dags/example_xcom.py for tasks to queue
[2023-12-06T15:37:03.365+0700] {logging_mixin.py:137} INFO - [2023-12-06T15:37:03.365+0700] {dagbag.py:538} INFO - Filling up the DagBag from /opt/anaconda3/lib/python3.8/site-packages/airflow/example_dags/example_xcom.py
[2023-12-06T15:37:03.415+0700] {processor.py:753} INFO - DAG(s) dict_keys(['example_xcom']) retrieved from /opt/anaconda3/lib/python3.8/site-packages/airflow/example_dags/example_xcom.py
[2023-12-06T15:37:04.148+0700] {logging_mixin.py:137} INFO - [2023-12-06T15:37:04.148+0700] {dag.py:2676} INFO - Sync 1 DAGs
[2023-12-06T15:37:04.165+0700] {logging_mixin.py:137} INFO - [2023-12-06T15:37:04.165+0700] {dag.py:3423} INFO - Setting next_dagrun for example_xcom to 2021-01-01T00:00:00+00:00, run_after=2021-01-01T00:00:00+00:00
[2023-12-06T15:37:04.185+0700] {processor.py:175} INFO - Processing /opt/anaconda3/lib/python3.8/site-packages/airflow/example_dags/example_xcom.py took 0.822 seconds
[2023-12-06T15:39:22.851+0700] {processor.py:153} INFO - Started process (PID=76947) to work on /opt/anaconda3/lib/python3.8/site-packages/airflow/example_dags/example_xcom.py
[2023-12-06T15:39:22.853+0700] {processor.py:743} INFO - Processing file /opt/anaconda3/lib/python3.8/site-packages/airflow/example_dags/example_xcom.py for tasks to queue
[2023-12-06T15:39:22.854+0700] {logging_mixin.py:137} INFO - [2023-12-06T15:39:22.854+0700] {dagbag.py:538} INFO - Filling up the DagBag from /opt/anaconda3/lib/python3.8/site-packages/airflow/example_dags/example_xcom.py
[2023-12-06T15:39:22.912+0700] {processor.py:753} INFO - DAG(s) dict_keys(['example_xcom']) retrieved from /opt/anaconda3/lib/python3.8/site-packages/airflow/example_dags/example_xcom.py
[2023-12-06T15:39:23.677+0700] {logging_mixin.py:137} INFO - [2023-12-06T15:39:23.677+0700] {dag.py:2676} INFO - Sync 1 DAGs
[2023-12-06T15:39:23.693+0700] {logging_mixin.py:137} INFO - [2023-12-06T15:39:23.693+0700] {dag.py:3423} INFO - Setting next_dagrun for example_xcom to 2021-01-01T00:00:00+00:00, run_after=2021-01-01T00:00:00+00:00
[2023-12-06T15:39:23.715+0700] {processor.py:175} INFO - Processing /opt/anaconda3/lib/python3.8/site-packages/airflow/example_dags/example_xcom.py took 0.864 seconds
